Clearnesse Ironshore Violetley Westvale Courtcastle Valhaven Woodice Corbank Ironriver Goldwyvern Esterfall Foxvale Morwald Oakmere Dellwyn Oldmoor Eriwall Courtwall Buttermead Newby Butterbush Morwall Foxhaven Marbleiron Freyview Clearnesse
25
Marbleiron Marbleiron
Courtcastle Courtcastle
Ironriver Ironriver
Courtwall Courtwall
Morwald Morwald
Clearnesse Clearnesse
Valhaven Valhaven
Buttermead Buttermead
Violetley Violetley
Westvale Westvale
Woodice Woodice
Esterfall Esterfall
Eriwall Eriwall
Goldwyvern Goldwyvern
Newby Newby
Foxvale Foxvale
Morwall Morwall
Oakmere Oakmere
Foxhaven Foxhaven
Freyview Freyview
Ironshore Ironshore
Oldmoor Oldmoor
Dellwyn Dellwyn
Butterbush Butterbush
Corbank Corbank
