Shoreburn Mallowway Woodice Eastcastle Courtedge Coldville Windbridge Janholt Marbleiron Wooddell Oldmoor Verthedge Northriver Foxvale Buttermead Starryhill Ostwynne Fairice Wellmage Esterfall Silverlea Orbarrow Butterbush Morwald Clearland Courtwall Seamoor Butterway Esterash Newley Lochmage Butterhill Rosegate Fairsage Strongfall Stonefair Brightrock Highmont Southwheat Wellbank Valhaven Ironshore Courtcastle Silverbarrow Westvale Flowermill Redwell Erilyn Blackbush Clearnesse Bushgate Westerlight Bluewyn Violetley Springfox Freymere Northwynne Eriwall Wolflea Flowerfield Summermage Newby Irondeer Freyview Snowsage Goldwyvern Southpine Greenshore Bluedell Corbank Greensummer Oakmere Orfort Bluedale Ironriver Redlake Bluelake Mallowness Greyice Fieldedge Brightmere Snowshore Fogland Wildemarsh Deephedge Mistshore Dellwyn Stoneglass Newmill Icenesse Rosemill Foxhaven Goldcrest Lightmere Mallowbridge Silverwitch Westmill Applecastle Violetfay Morwall Shoreburn
100
Marbleiron Marbleiron
Courtcastle Courtcastle
Ironriver Ironriver
Courtwall Courtwall
Morwald Morwald
Clearnesse Clearnesse
Valhaven Valhaven
Buttermead Buttermead
Violetley Violetley
Westvale Westvale
Woodice Woodice
Esterfall Esterfall
Eriwall Eriwall
Goldwyvern Goldwyvern
Newby Newby
Foxvale Foxvale
Morwall Morwall
Oakmere Oakmere
Foxhaven Foxhaven
Freyview Freyview
Ironshore Ironshore
Oldmoor Oldmoor
Dellwyn Dellwyn
Butterbush Butterbush
Corbank Corbank
Esterash Esterash
Stonefair Stonefair
Westerlight Westerlight
Clearland Clearland
Bushgate Bushgate
Brightmere Brightmere
Stoneglass Stoneglass
Wildemarsh Wildemarsh
Wellmage Wellmage
Snowshore Snowshore
Irondeer Irondeer
Lightmere Lightmere
Southwheat Southwheat
Westmill Westmill
Lochmage Lochmage
Shoreburn Shoreburn
Erilyn Erilyn
Eastcastle Eastcastle
Rosemill Rosemill
Wolflea Wolflea
Greenshore Greenshore
Bluedell Bluedell
Newley Newley
Fairsage Fairsage
Greyice Greyice
Greensummer Greensummer
Southpine Southpine
Ostwynne Ostwynne
Violetfay Violetfay
Northwynne Northwynne
Redlake Redlake
Butterway Butterway
Brightrock Brightrock
Fogland Fogland
Silverwitch Silverwitch
Butterhill Butterhill
Deephedge Deephedge
Flowerfield Flowerfield
Coldville Coldville
Mallowbridge Mallowbridge
Blackbush Blackbush
Bluewyn Bluewyn
Silverbarrow Silverbarrow
Rosegate Rosegate
Freymere Freymere
Newmill Newmill
Icenesse Icenesse
Mallowness Mallowness
Fieldedge Fieldedge
Verthedge Verthedge
Highmont Highmont
Mistshore Mistshore
Applecastle Applecastle
Bluedale Bluedale
Orbarrow Orbarrow
Strongfall Strongfall
Silverlea Silverlea
Mallowway Mallowway
Flowermill Flowermill
Seamoor Seamoor
Northriver Northriver
Starryhill Starryhill
Wooddell Wooddell
Wellbank Wellbank
Janholt Janholt
Bluelake Bluelake
Orfort Orfort
Redwell Redwell
Springfox Springfox
Summermage Summermage
Goldcrest Goldcrest
Courtedge Courtedge
Fairice Fairice
Snowsage Snowsage
Windbridge Windbridge
