129 99 145 171 49 162 119 64 71 90 3 40 165 27 94 139 45 22 10 28 5 148 153 151 21 72 79 112 61 31 88 115 197 51 34 109 184 85 133 106 181 8 142 122 69 167 130 6 43 19 7 96 118 13 92 179 76 97 101 170 73 170 121 192 175 127 74 160 37 196 154 110 157 4 2 46 25 16 137 129
56
2 55
4 4
7 7
10 100 10
13 13
16 16
19 19
21 67 190
22 22
25 25
28 28
31 31
34 34
37 37
40 40
43 43
46 46
49 49
61 61
64 64
73 136 73
76 76
79 79
85 85
88 1 88
90 91
92 124
94 94
96 70
97 97
101 52
106 178 106
109 109
112 112
115 115
118 166 118
119 163
121 121
127 127
130 130
133 133
139 139
142 142
145 172 145
148 148
151 151
154 193 154
157 157
160 160
170 58
175 175
181 169 187 181
184 184
192 103
196 196
197 82
