FacultyClub Etcheverry HearstGym BioscienceLibrary Investigative Library OBrien PacificFilmArchive LawrenceofScience Mulford Morrison BrainImagingCenter StudentUnion EarthquakeLibrary FPF UniversityHouse SutardjaDai Durham MartinezCommons SproulPlaza Cheit Hilgard Manville Pimentel Wheeler CareerCenter Unit3 Spieker FacultyClub
25
FacultyClub FacultyClub
BioscienceLibrary BioscienceLibrary
SutardjaDai SutardjaDai
Etcheverry Etcheverry
SproulPlaza SproulPlaza
Hilgard Hilgard
StudentUnion StudentUnion
EarthquakeLibrary EarthquakeLibrary
UniversityHouse UniversityHouse
LawrenceofScience LawrenceofScience
Pimentel Pimentel
Mulford Mulford
CareerCenter CareerCenter
HearstGym HearstGym
Durham Durham
OBrien OBrien
Library Library
Spieker Spieker
FPF FPF
PacificFilmArchive PacificFilmArchive
BrainImagingCenter BrainImagingCenter
Morrison Morrison
Wheeler Wheeler
Cheit Cheit
Manville Manville
