1 15 2 164 94 52 82 11 88 44 59 33 85 60 157 10 8 99 74 50 17 58 161 38 61 93 9 71 39 179 101 167 67 41 56 72 41 16 21 53 95 42 95 53 6 100 18 176 96 5 13 23 104 165 78 57 35 65 54 51 12 141 79 76 68 69 13 81 4 25 77 139 198 187 47 186 28 84 172 62 92 97 24 37 114 26 48 89 14 22 63 90 66 70 80 20 45 166 98 140 168 32 87 27 36 150 31 7 1
90
2 2
4 4
5 5
6 6
7 7
8 8
9 9
10 10
11 11
12 12
13 13
14 14
15 15
16 16
17 17
18 18
20 20
21 21
22 22
23 23
24 24
25 25
26 26
27 27
28 28
31 31
32 32
33 29 33
35 35
36 36
37 37
38 38
39 39
41 41
42 64 42
44 40 44
45 45
47 47
48 48
50 50
51 51
52 52
53 55 53
54 54
56 56
57 57
58 58
59 59
60 60
61 61
62 62
63 63
65 75 65
66 43 66
67 67
68 68
69 30 69
70 70
71 71
72 72
74 74
76 76
77 49 77
78 3 78
79 79
80 80
81 81
82 82
84 84
85 85
87 87
88 34 88
89 89
90 90
92 92
93 93
94 94
95 95
96 96
97 97
98 98
99 99
100 100
101 101
104 73
157 91
161 19
164 86
166 46
167 83
