159 77 159 109 180 193 53 137 127 61 188 85 137 101 147 157 71 15 167 8 189 59 100 181 23 149 140 14 97 126 172 119 67 162 96 56 156 52 6 197 106 13 63 121 166 27 173 133 17 36 66 10 171 69 138 25 45 72 7 117 48 182 47 148 51 65 93 154 93 65 165 184 76 149 4 44 107 134 107 130 192 46 37 75 108 50 29 88 160 79 32 164 81 30 11 104 20 41 129 74 158 92 114 31 156 64 177 111 177 5 102 5 159
80
4 4
6 6
7 7
8 178
10 200 10
11 11
13 13
14 14
15 15
17 17
20 87
23 21
27 169 145
31 31
32 32
36 36
37 37
41 41
44 60
45 45
46 46
47 47
48 48
51 51
52 52
53 53
59 59
61 61
63 63
64 64
65 98 26 65
69 155
71 71
72 72
74 185 74
76 76
77 190 77
79 3 79
81 28
85 85
88 88
92 116
93 93
96 96
97 97
100 139 199 100
101 132 101
102 123 82 102
106 106
107 107
108 38
109 109
111 128 34 111
114 35 114
119 86
121 121
126 126
127 146
133 133
134 120 134
137 137
138 138
140 140
147 40
148 148
154 2 154
156 156
157 157
158 99 158
159 22
162 191
164 43
165 165
167 167
172 172
177 174
180 122 180
181 181
192 192
193 24 193
