Home141 Home109 Home20 Home149 Home88 Home11 Home49 Home4 Home101 Home170 Home101 Home94 Home166 Home100 Home138 Home43 Home32 Home125 Home48 Home29 Home37 Home13 Home84 Home92 Home157 Home3 Home89 Home119 Home55 Home114 Home73 Home161 Home97 Home2 Home134 Home62 Home127 Home7 Home36 Home150 Home76 Home105 Home52 Home66 Home91 Home115 Home120 Home135 Home87 Home64 Home28 Home35 Home143 Home82 Home145 Home144 Home78 Home5 Home86 Home174 Home53 Home174 Home173 Home34 Home111 Home27 Home83 Home40 Home172 Home31 Home140 Home12 Home74 Home25 Home81 Home75 Home156 Home163 Home6 Home128 Home112 Home16 Home60 Home136 Home147 Home51 Home30 Home44 Home96 Home29 Home154 Home141
72
Home2 Home132
Home3 Home3
Home4 Home4
Home5 Home63 Home167 Home124 Home5
Home7 Home7
Home11 Home11
Home13 Home13
Home16 Home131 Home16
Home20 Home126 Home20
Home25 Home25
Home27 Home27
Home28 Home1
Home31 Home31
Home32 Home32
Home34 Home176 Home34
Home35 Home35
Home36 Home103 Home36
Home37 Home37
Home40 Home110
Home43 Home43
Home44 Home44
Home48 Home48
Home49 Home47
Home51 Home51
Home53 Home164 Home53
Home55 Home55
Home60 Home60
Home62 Home152 Home62
Home64 Home64
Home66 Home66
Home73 Home106
Home74 Home74
Home75 Home75
Home76 Home76
Home81 Home81
Home82 Home26 Home177 Home82
Home83 Home83
Home86 Home86
Home87 Home87
Home88 Home88
Home89 Home89
Home91 Home91
Home92 Home92
Home96 Home96
Home97 Home97
Home100 Home67 Home100
Home105 Home105
Home111 Home111
Home112 Home112
Home114 Home114
Home120 Home69 Home120
Home125 Home125
Home127 Home127
Home128 Home128
Home134 Home134
Home135 Home135
Home136 Home136
Home140 Home50
Home141 Home15
Home143 Home122 Home143
Home144 Home144
Home145 Home171
Home147 Home147
Home149 Home149
Home154 Home154
Home156 Home156
Home157 Home157
Home161 Home161
Home166 Home45
Home170 Home165 Home170
Home172 Home172
Home173 Home173
