lllIl1I 11IIII1 lIIlII1 II11l1l lIl111I lIllIll lll1I1l 1I1lllI ll111ll I11I111 1I1IIIl III1llI l1IllI1 1llI111 I1ll1II l1lllll lI1l111 1l1lIlI lll1111 1lIl11I l1I111I 1I1I1lI l1l11l1 1111I11 111lI1I llI1lII I1lIlII Ill11II I1llll1 IIl1l1I 1I1I1l1 II1Il1I IIlI1lI lIIl11l I11I11l l1l1l1l llIIII1 I111I1I IIlIllI Il1Il1I lI11III IlI1II1 Ill1I11 III111I 1l11lII 11lI11I lII111l I1Ill1I I1llII1 l1lll11 l1Ill11 IlI1Il1 l1IIl1l 1I1l1Il 11111lI lI1Ill1 I11111l lllIl1I
48
l1IIl1l l1IIl1l
11lI11I 11lI11I
IlI1II1 IlI1II1
ll111ll ll111ll
1I1I1l1 1I1I1l1
lI1l111 1I11Ill lI1l111
l1lll11 l1lll11
II1Il1I II1Il1I
II11l1l II11l1l
I1ll1II I1ll1II
11IIII1 11IIII1
lIllIll lIllIll
Il1Il1I Il1Il1I
1I1l1Il 1I1l1Il
l1lllll 1IlIl1I l1lllll
1llI111 1llI111
Ill1I11 Ill1I11
IIlIllI IIlIllI
Ill11II Ill11II
III111I III111I
lIIl11l lIIl11l
l1IllI1 l1IllI1
IlI1Il1 IlI1Il1
1l11lII 1l11lII
I1llII1 I1llII1
lIl111I lIl111I
l1Ill11 l1Ill11
I11I11l I11I11l
IIl1l1I IIl1l1I
1lIl11I 1lIl11I
I11I111 I11I111
I11111l I11111l
lll1I1l lll1I1l
11111lI 11111lI
III1llI III1llI
l1I111I l1I111I
I111I1I I111I1I
1I1I1lI 1I1I1lI
1I1lllI 1I1lllI
lII111l lII111l
llIIII1 llIIII1
llI1lII llI1lII
lI11III lI11III
1l1lIlI 1l1lIlI
I1llll1 I1llll1
l1l11l1 l1l11l1
lIIlII1 lIIlII1
111lI1I 111lI1I
