IIII1I1 lll1lII lII1I11 I1I111I IIlIlI1 1IlII1I lIIIllI IlllI11 llI1IlI l1IlIII III1lII IIII1ll 11IIl1I II111I1 1IIlIIl 11I1lll lI11l1l 1lI11l1 lII1lll l1IlIl1 11lI11I IIlIIII lI1l1II IIIlI1l 11I1Ill II1I1Il I1I1111 IIII1I1
24
lll1lII I11IIlI
11I1Ill 11I1Ill
IIII1ll IIII1ll
lI11l1l lI11l1l
IIIlI1l lIlllll
III1lII III1lII
1IlII1I 1IlII1I
11IIl1I 11IIl1I
l1IlIII l1IlIII
1lI11l1 1lI11l1
11I1lll 11I1lll
lIIIllI lIIIllI
IlllI11 IlllI11
IIlIIII IIlIIII
l1IlIl1 l1IlIl1
I1I111I I1I111I
I1I1111 IIllIl1 I1I1111
11lI11I 11lI11I
II111I1 II111I1
lI1l1II lI1l1II
IIlIlI1 IIlIlI1
lII1I11 lII1I11
II1I1Il II1I1Il
1IIlIIl 1IIlIIl
