Satish R6VBAVZ0B PTWCQ ZY9VPYMXA PZMGYZL 4INC2D8SDN ER2YSPML1C Z6H98 NSBI BBFYA9B OXWYDF PTL1QU OK29GJ UVP4WIKK 399VM5PU6 BVNZ FS1RWBVR7 9XFF ICTGXV TBFPZEBP KSHB2KG WZ1MC3189 ZRYV5F YXBMACC 1BZLEM VFRT26 92R432 KRM4B PYD9SISJI Satish
25
VFRT26 VFRT26
ICTGXV ICTGXV
Z6H98 Z6H98
KSHB2KG KSHB2KG
9XFF 9XFF
1BZLEM 1BZLEM
4INC2D8SDN 4INC2D8SDN
YXBMACC YXBMACC
UVP4WIKK UVP4WIKK
BBFYA9B BBFYA9B
ER2YSPML1C ER2YSPML1C
ZRYV5F ZRYV5F
PYD9SISJI PYD9SISJI
399VM5PU6 399VM5PU6
NSBI NSBI
PTL1QU PTL1QU
ZY9VPYMXA ZY9VPYMXA
WZ1MC3189 WZ1MC3189
PTWCQ PTWCQ
92R432 92R432
FS1RWBVR7 FS1RWBVR7
PZMGYZL PZMGYZL
KRM4B KRM4B
R6VBAVZ0B R6VBAVZ0B
OXWYDF OXWYDF
