Satish CXLQGGJ746 PQ09CSX V4R09 0I7Y F3YJ JOBN3N 5HGKBK QJ0LM8 M6CD1Y QHH48VD7JJ 07XQDCJI 2FB0FS3KWX OJ27JN021 JNTKTNY5D0 O2N6HBZK8 7CRTCJA VNYZ5QVO77 AO31B76 SKLZM PL0UHK F1G8HC 6WSDW IEYK8 5N65HLXKU B0H9VDIK IQXEPH9QO K936 S657MFMG 19LN RX6VI SUC1CH EG23K QL51A0KUT FPB1OLF3 ITHI7K6W1B QAL7Z5UN EHS8A 6HNG 59E13RE U0LMCHUU JSSS9HX QU5Y0N2LQ VNCFO ODSGN281 V7T5SI QEAJAFMPY XGYWBMTWT R2POU4T WQM0D4 AETBJC N26J6EU Satish
50
S657MFMG S657MFMG
ODSGN281 ODSGN281
FPB1OLF3 FPB1OLF3
SKLZM SKLZM
CXLQGGJ746 CXLQGGJ746
QL51A0KUT QL51A0KUT
B0H9VDIK B0H9VDIK
RX6VI RX6VI
XGYWBMTWT XGYWBMTWT
IEYK8 IEYK8
QAL7Z5UN QAL7Z5UN
6HNG 6HNG
VNYZ5QVO77 VNYZ5QVO77
M6CD1Y M6CD1Y
PL0UHK PL0UHK
59E13RE 59E13RE
V4R09 V4R09
QU5Y0N2LQ QU5Y0N2LQ
IQXEPH9QO IQXEPH9QO
5N65HLXKU 5N65HLXKU
7CRTCJA 7CRTCJA
WQM0D4 WQM0D4
QEAJAFMPY QEAJAFMPY
O2N6HBZK8 O2N6HBZK8
JOBN3N JOBN3N
EHS8A EHS8A
07XQDCJI 07XQDCJI
19LN 19LN
K936 K936
5HGKBK 5HGKBK
JSSS9HX JSSS9HX
QHH48VD7JJ QHH48VD7JJ
V7T5SI V7T5SI
EG23K EG23K
ITHI7K6W1B ITHI7K6W1B
6WSDW 6WSDW
OJ27JN021 OJ27JN021
AETBJC AETBJC
2FB0FS3KWX 2FB0FS3KWX
U0LMCHUU U0LMCHUU
AO31B76 AO31B76
R2POU4T R2POU4T
PQ09CSX PQ09CSX
N26J6EU N26J6EU
F3YJ F3YJ
F1G8HC F1G8HC
QJ0LM8 QJ0LM8
VNCFO VNCFO
SUC1CH SUC1CH
0I7Y 0I7Y
