129 44 168 183 47 58 86 174 5 40 88 149 87 33 2 175 45 103 141 158 81 4 11 50 13 180 107 109 98 32 29 157 195 85 6 51 56 99 156 95 59 25 196 140 151 114 108 125 42 21 73 39 178 26 128 190 64 191 63 96 76 97 123 57 17 8 48 189 144 121 150 171 53 49 155 181 91 61 188 16 54 152 79 65 177 28 15 145 0 160 27 126 69 14 55 31 10 110 194 23 192 105 100 122 66 30 111 101 84 80 161 9 92 197 137 89 130 36 83 129
98
0 82 0
2 2
4 4
5 5
6 6
8 8
9 9
11 11
13 13
14 14
15 15
16 16
17 17
21 21
23 23
25 25
26 163 26
29 29
30 184
33 33
36 36
39 39
40 40
44 44
47 62
48 48
49 49
50 50
51 51
53 53
55 55
56 56
57 57
58 58
59 59
61 61
63 63
64 64
65 65
66 66
76 76
81 81
84 84
85 85
87 87
88 88
89 89
91 91
92 92
95 95
96 96
97 97
98 98
99 99
100 100
101 101
103 103
105 105
107 107
108 108
109 109
110 110
111 142
114 114
121 121
122 122
123 123
125 125
126 126
128 128
130 130
137 137
145 145
150 150
151 151
152 152
155 155
156 156
157 157
158 158
160 160
161 161
171 171
174 174
175 175
177 177
178 178
180 180
183 183
188 188
189 189
190 190
191 191
192 192
194 194
195 195
196 196
197 197
