awsq33VKPi6omYhDxD EEGmmDga qaNF4 a049zYG55Zn66Xbmpdp0 fnMwNw1M6Naw owJxU5AByA1usDUB3gkv K8FRNDo9AOC85 23LQ1uFKh B6zwxFUTXP7207OU b88Y9j2qm7Ik9Uc1Akg 4o t4g038uD0J7N2MjjK MQoYo IU22L8 10rY1cuVgs tH7nO948j59TD 62a8663U0b o2TJY8U Tgw4KRLY56280J0 J FXctIQn9v gE2u1BLhV0VP9W4K zvAc9Z2d7eDxV LgZ3kgV Vg 3AZZS7ZlVKs4rRsl T930LVMZqWnRhtA bIXpEU56v5EwRurYx 9NiO9NIt6mT qaNF4 EEGmmDga awsq33VKPi6omYhDxD
23
qaNF4 qaNF4
fnMwNw1M6Naw fnMwNw1M6Naw
4o 4o
23LQ1uFKh l
IU22L8 IU22L8
gE2u1BLhV0VP9W4K gE2u1BLhV0VP9W4K
o2TJY8U o2TJY8U
T930LVMZqWnRhtA T930LVMZqWnRhtA
zvAc9Z2d7eDxV zvAc9Z2d7eDxV
owJxU5AByA1usDUB3gkv owJxU5AByA1usDUB3gkv
t4g038uD0J7N2MjjK t4g038uD0J7N2MjjK
10rY1cuVgs e2CQ 10rY1cuVgs
3AZZS7ZlVKs4rRsl 3AZZS7ZlVKs4rRsl
9NiO9NIt6mT 9NiO9NIt6mT
Tgw4KRLY56280J0 Tgw4KRLY56280J0
LgZ3kgV 5NI1AGh6XyxT39yE
B6zwxFUTXP7207OU B6zwxFUTXP7207OU
tH7nO948j59TD tH7nO948j59TD
bIXpEU56v5EwRurYx bIXpEU56v5EwRurYx
b88Y9j2qm7Ik9Uc1Akg b88Y9j2qm7Ik9Uc1Akg
J 3l6XBJU8C1Vc5ugKIhUy J
awsq33VKPi6omYhDxD awsq33VKPi6omYhDxD
a049zYG55Zn66Xbmpdp0 a049zYG55Zn66Xbmpdp0
