AyBBdkPvTTt19wqt 9jWI53P36dh95 KIOJyBXM922ydZA5 7DmqFE ymzG1qC7YsJFFmeog T8C17MZ6g69gmQ FKWv88jkw79me jxDm QE9dXn5y6j2YYh eZEbm MJ2l1N0ojTC EL5n1KQ3kn 2qbTYSv3J 98E9ia5 89ukpivGhdck21Krrh40 Rf0x16WtfDv T4EKg4Vc FR3SCSFtuk055ORI QqvW51K9Cm aCCE yd7324WTF MEv16358FQ L7Mfs3034VwaB7kd3Z Ja l hG8udpL53V 360B15fOiy1XBl 1utCvCS3yEzt0HBbKt I4640OD b6DdFnSk8qdk45 6nB9xzJ7b5115Qu5 b19692 8Qe2lSUyQa RYtkT5 Q2PY 3 3z4E IEtn6zEV03H3 r9qUrqog71Fz9gx nw566uv 1CYyNxk8m7fToc6XLW7T mmF 1wF6 1MHxxU P 1MHxxU 920ucA0jXEv o88qO93T 2T6osNpb4 6qc68848myvIqoZWw 2l90gxx61rTb0CbF CDuc4XdY7zp TMULg iT7 9o4t O73Lh6 Han188Ox DqfU93360y3I66U0 Tk46 XMV256fk 5nYY46YfUGovj q7Ehaiz LK1h2AhdhXWb7Czrr v 8kQ991Y80Dy 4B5uWNh7Dl3lRP khC 2Et5UN6ZJ19iz c2m39UUoMb w22P6su70O6jf3FJ EL5n1KQ3kn Ut7hqt9A 7xf20x1m1od50iPHUtr 0 WD8QxBAx49P Q 336P8 J68F52raS3n1L6ZYK x60I798qq0Sq6Xdc9s0 MjwmiyLlZn O7W5C8z8H93l Ru0A1pKIpZYWG A 8w6aRuq AcC1Sh8w37Px0m JbMQX8p9 36Y155M7F1ZG8 wC12hFFKGF dUdv 0Lw86e I6 6v326555i1Io5Z IEtn6zEV03H3 pwvBbQ870l3Io2K iFF184 2YlhGrefFhV6JLtw 5tQKcAo3 q 5tQKcAo3 o A6gMJKsUfUSuEI76 6c1qFsEg9xI 2mk9O8P6 SdP9W8WRSw kg8257p31rTQvRWjGF NU7gnWcAs4nq66FS E76twn5gNBei01uh2PkH MEv16358FQ Fe5xMwq0a8 2P201UD8Q Nstvw8dF9rhja lP84Whn Le6BO3R b817BTo6GdPc96ig2 AyBBdkPvTTt19wqt
82
5nYY46YfUGovj 5nYY46YfUGovj
Fe5xMwq0a8 XQxkrBxnI
TMULg TMULg
aCCE aCCE
P JBYT6heC6yE4 P
6v326555i1Io5Z 6v326555i1Io5Z
6c1qFsEg9xI 6c1qFsEg9xI
A 1e90fR0FtB7Ev156y
2l90gxx61rTb0CbF 2l90gxx61rTb0CbF
IEtn6zEV03H3 e1M0JsNJ5 IEtn6zEV03H3
kg8257p31rTQvRWjGF kg8257p31rTQvRWjGF
2P201UD8Q c3x9Cmq8W5oa57mjASv 2P201UD8Q
RYtkT5 usTG0We6G9WDs7Dk RYtkT5
b817BTo6GdPc96ig2 ywj3aNhyxUH b817BTo6GdPc96ig2
Tk46 Tk46
4B5uWNh7Dl3lRP 4B5uWNh7Dl3lRP
6nB9xzJ7b5115Qu5 PELS5
1MHxxU TByQ7zH089
2T6osNpb4 2T6osNpb4
E76twn5gNBei01uh2PkH E76twn5gNBei01uh2PkH
jxDm 4932 vRH6pA1I75N1 jxDm
FR3SCSFtuk055ORI FR3SCSFtuk055ORI
9jWI53P36dh95 3505 9jWI53P36dh95
eZEbm eZEbm
2qbTYSv3J 659Cx
Le6BO3R d Le6BO3R
khC khC
o 7d2Q05crlPi
2Et5UN6ZJ19iz 2Et5UN6ZJ19iz
NU7gnWcAs4nq66FS NU7gnWcAs4nq66FS
Rf0x16WtfDv Rf0x16WtfDv
8w6aRuq 8w6aRuq
KIOJyBXM922ydZA5 KIOJyBXM922ydZA5
1wF6 1wF6
MEv16358FQ MEv16358FQ
Ut7hqt9A p772t3OLqj Ut7hqt9A
q7Ehaiz q7Ehaiz
v v
hG8udpL53V hG8udpL53V
A6gMJKsUfUSuEI76 A6gMJKsUfUSuEI76
dUdv dUdv
920ucA0jXEv 920ucA0jXEv
J68F52raS3n1L6ZYK J68F52raS3n1L6ZYK
MjwmiyLlZn 68ZC6T1G2o9Q95CKs thypPB22BchO3Od9 MjwmiyLlZn
DqfU93360y3I66U0 9q06155efQSN
0Lw86e uF131buM7L27
1utCvCS3yEzt0HBbKt 1utCvCS3yEzt0HBbKt
r9qUrqog71Fz9gx d5P0NXv8 r9qUrqog71Fz9gx
9o4t 9o4t
XMV256fk XMV256fk
7DmqFE 7DmqFE
98E9ia5 gv3T5z4
L7Mfs3034VwaB7kd3Z L7Mfs3034VwaB7kd3Z
b19692 b19692
I6 o83v2nI1sQs I6
FKWv88jkw79me FKWv88jkw79me
lP84Whn qGr382CkPK997QVHAL
Q P6C89a32 Q
89ukpivGhdck21Krrh40 89ukpivGhdck21Krrh40
b6DdFnSk8qdk45 b6DdFnSk8qdk45
6qc68848myvIqoZWw 6qc68848myvIqoZWw
MJ2l1N0ojTC MJ2l1N0ojTC
Nstvw8dF9rhja nOMN589D7t0QjhnBj3wn
2YlhGrefFhV6JLtw 2YlhGrefFhV6JLtw
q 8tvL5MpO9J735t q
o88qO93T 85682ijoufq1DW
3 3
Han188Ox EnmWLiDA9NE89oNUTbx Han188Ox
SdP9W8WRSw SdP9W8WRSw
iFF184 iFF184
O7W5C8z8H93l O7W5C8z8H93l
ymzG1qC7YsJFFmeog ymzG1qC7YsJFFmeog
I4640OD L46h8MG90TBpA8v9 I4640OD
8Qe2lSUyQa 8Qe2lSUyQa
yd7324WTF yd7324WTF
3z4E 3z4E
nw566uv nw566uv
Q2PY Q2PY
QqvW51K9Cm QqvW51K9Cm
36Y155M7F1ZG8 36Y155M7F1ZG8
T8C17MZ6g69gmQ T8C17MZ6g69gmQ
pwvBbQ870l3Io2K pwvBbQ870l3Io2K
