0 137 0 90 79 138 89 73 99 82 18 57 1 196 168 100 35 184 40 49 121 11 75 85 87 125 175 167 153 12 3 65 61 14 29 150 96 51 30 103 169 25 32 143 154 199 142 116 19 105 7 33 2 36 56 174 81 107 22 46 41 28 72 33 17 92 124 93 124 163 34 76 106 20 53 128 8 67 71 191 112 50 9 64 141 31 109 5 13 17 21 122 10 42 145 95 147 97 84 130 55 63 24 54 108 26 89 23 197 16 139 77 118 68 58 6 198 60 140 0
82
0 15 43 59 62 86 0
1 1
2 27 78 2
3 3
5 5
6 6
7 7
8 8
9 80 9
10 10
11 11
12 12
13 13
14 14
16 16
17 17
18 18
19 19
20 20
21 21
22 22
23 23
24 24
25 25
26 26
28 28
29 29
30 30
31 31
32 32
33 74 33
34 34
35 35
36 36
40 40
41 41
42 48 42
46 46
49 49
50 50
51 47 51
53 53
54 98 54
55 55
56 56
57 57
58 58
60 60
61 70 61
63 63
64 64
65 65
67 67
68 68
71 94 71
72 83 72
73 73
75 75
76 76
77 77
79 4 79
81 81
82 82
84 84
85 85
87 87
89 89
90 90
92 92
93 38 93
95 95
96 96
97 97
99 99
100 44
128 45
137 52 37
153 66
175 91
184 69
198 88
199 39
