69 56 25 158 128 30 1 59 46 87 1 118 64 1 113 51 0 195 12 197 163 100 149 31 53 194 77 150 83 2 132 192 5 121 33 191 82 52 4 186 44 4 134 37 190 110 3 171 58 185 198 3 97 147 146 11 112 165 74 72 106 63 166 80 81 71 14 99 148 16 90 24 119 26 117 27 135 36 7 101 127 115 131 69
75
0 188 162 193
1 1
2 160 2
3 50 133
5 5
11 104 11
14 14
16 16
24 24
25 25
26 26
27 27
30 30
31 31
33 33
36 36
37 37
44 44
46 46
51 51
52 52
53 53
56 56
58 58
59 59
63 63
64 64
71 71
72 72
74 74
77 77
80 80
81 81
82 82
83 83
87 87
90 90
97 97
99 99
100 100
101 101
106 106
110 110
112 112
113 113
115 115
117 117
118 118
119 119
121 121
127 127
128 128
131 131
132 132
134 134
135 135
146 146
147 147
148 148
149 149
150 150
158 158
163 163
165 165
166 166
171 171
185 185
186 186
190 190
191 191
192 192
194 194
195 195
197 197
198 198
