74 123 109 161 139 138 116 120 198 143 171 165 176 178 37 152 16 140 11 99 137 97 100 134 112 107 44 25 183 108 33 76 21 31 86 146 8 115 148 192 13 121 6 89 76 166 131 91 65 170 172 95 147 103 27 32 39 14 59 60 35 188 88 113 198 47 127 193 4 168 179 54 133 199 51 190 155 52 34 94 163 129 141 8 42 142 181 20 96 184 136 194 57 63 66 50 125 73 64 17 187 43 58 28 130 151 135 56 80 7 34 18 110 72 100 173 132 30 167 81 123 74
88
4 4
11 11
14 118 14
16 16
17 17
18 18
20 20
25 23
27 27
31 31
32 32
39 39
42 42
43 158
44 44
47 47
50 50
51 77 51
52 52
54 54
56 56
58 58
59 59
60 60
63 174 63
64 90
66 66
72 72
73 73
76 154 76
80 80
81 81
86 128 86
88 88
89 89
91 91
94 94
95 95
96 96
97 97
99 99
100 100
103 103
107 107
108 108
109 109
112 114 112
113 113
115 115
116 116
120 120
121 111
123 123
125 98 157 83 125
127 127
129 129
130 130
131 200 53
132 132
133 133
134 134
135 135
136 136
138 138
139 139
140 140
141 61
142 142
143 143
146 45 146
148 105
152 152
155 155
161 161
163 163
165 165
167 167
171 171
172 5 12
173 173
178 178
179 179
184 184
190 190
192 192
193 193
198 198
199 199
