MASA01 MASA07 MASA06 MASA03 MASA06 MASA07 MASA08 MASA09 MASA10 MASA11 MASB02 MASB03 MASB06 MASB07 MASB08 MASB09 MASB10 MASB11 MASC07 MASC06 MASC03 MASC06 MASC07 MASC08 MASC09 MASC10 MASC11 MBSA01 MBSA07 MBSA06 MBSA03 MBSA06 MBSA07 MBSA08 MBSA09 MBSA10 MBSA11 MBSB02 MBSB03 MBSB06 MBSB07 MBSB08 MBSB09 MBSB10 MBSB11 MBSC07 MBSC06 MBSC03 MBSC06 MBSC07 MBSC08 MBSC09 MBSC10 MBSC11 MBSC10 MBSC09 MBSC08 MBSC07 MBSB11 MBSB10 MBSB09 MBSB08 MBSB07 MBSA11 MBSA10 MBSA09 MBSA08 MBSA07 MBSA01 MASC11 MASC10 MASC09 MASC08 MASC07 MASB11 MASB10 MASB09 MASB08 MASB07 MASA11 MASA10 MASA09 MASA08 MASA07 MASA01
32
MASA03 MASA05 MASA04 MASA02
MASA08 MASA08
MASA09 MASA09
MASA10 MASA10
MASA11 MASA12 MASA11
MASB02 MASB02
MASB03 MASB05 MASB04
MASB08 MASB08
MASB09 MASB09
MASB10 MASB10
MASB11 MASB12 MASB11
MASC03 MASC05 MASC04 MASC02
MASC08 MASC08
MASC09 MASC09
MASC10 MASC10
MASC11 MASC12 MASC11
MBSA03 MBSA05 MBSA04 MBSA02
MBSA08 MBSA08
MBSA09 MBSA09
MBSA10 MBSA10
MBSA11 MBSA12 MBSA11
MBSB02 MBSB02
MBSB03 MBSB05 MBSB04
MBSB08 MBSB08
MBSB09 MBSB09
MBSB10 MBSB10
MBSB11 MBSB12 MBSB11
MBSC03 MBSC05 MBSC04 MBSC02
MBSC08 MBSC08
MBSC09 MBSC09
MBSC10 MBSC10
MBSC11 MBSC12 MBSC11
