LAMASA01 LAMASA07 LAMASA06 LAMASA03 LAMASA06 LAMASA07 LAMASA08 LAMASA09 LAMASA10 LAMASA11 LAMASB02 LAMASB03 LAMASB06 LAMASB07 LAMASB08 LAMASB09 LAMASB10 LAMASB11 LAMASC07 LAMASC06 LAMASC03 LAMASC06 LAMASC07 LAMASC08 LAMASC09 LAMASC10 LAMASC11 LAMBSA01 LAMBSA07 LAMBSA06 LAMBSA03 LAMBSA06 LAMBSA07 LAMBSA08 LAMBSA09 LAMBSA10 LAMBSA11 LAMBSB02 LAMBSB03 LAMBSB06 LAMBSB07 LAMBSB08 LAMBSB09 LAMBSB10 LAMBSB11 LAMBSC07 LAMBSC06 LAMBSC03 LAMBSC06 LAMBSC07 LAMBSC08 LAMBSC09 LAMBSC10 LAMBSC11 LBMASA01 LBMASA07 LBMASA06 LBMASA03 LBMASA06 LBMASA07 LBMASA08 LBMASA09 LBMASA10 LBMASA11 LBMASB02 LBMASB03 LBMASB06 LBMASB07 LBMASB08 LBMASB09 LBMASB10 LBMASB11 LBMASC07 LBMASC06 LBMASC03 LBMASC06 LBMASC07 LBMASC08 LBMASC09 LBMASC10 LBMASC11 LBMBSA01 LBMBSA07 LBMBSA06 LBMBSA03 LBMBSA06 LBMBSA07 LBMBSA08 LBMBSA09 LBMBSA10 LBMBSA11 LBMBSB02 LBMBSB03 LBMBSB06 LBMBSB07 LBMBSB08 LBMBSB09 LBMBSB10 LBMBSB11 LBMBSC07 LBMBSC06 LBMBSC03 LBMBSC06 LBMBSC07 LBMBSC08 LBMBSC09 LBMBSC10 LBMBSC11 LBMBSC10 LBMBSC09 LBMBSC08 LBMBSC07 LBMBSB11 LBMBSB10 LBMBSB09 LBMBSB08 LBMBSB07 LBMBSA11 LBMBSA10 LBMBSA09 LBMBSA08 LBMBSA07 LBMBSA01 LBMASC11 LBMASC10 LBMASC09 LBMASC08 LBMASC07 LBMASB11 LBMASB10 LBMASB09 LBMASB08 LBMASB07 LBMASA11 LBMASA10 LBMASA09 LBMASA08 LBMASA07 LBMASA01 LAMBSC11 LAMBSC10 LAMBSC09 LAMBSC08 LAMBSC07 LAMBSB11 LAMBSB10 LAMBSB09 LAMBSB08 LAMBSB07 LAMBSA11 LAMBSA10 LAMBSA09 LAMBSA08 LAMBSA07 LAMBSA01 LAMASC11 LAMASC10 LAMASC09 LAMASC08 LAMASC07 LAMASB11 LAMASB10 LAMASB09 LAMASB08 LAMASB07 LAMASA11 LAMASA10 LAMASA09 LAMASA08 LAMASA07 LAMASA01
64
LAMASA03 LAMASA05 LAMASA04 LAMASA02
LAMASA08 LAMASA08
LAMASA09 LAMASA09
LAMASA10 LAMASA10
LAMASA11 LAMASA12 LAMASA11
LAMASB02 LAMASB02
LAMASB03 LAMASB05 LAMASB04
LAMASB08 LAMASB08
LAMASB09 LAMASB09
LAMASB10 LAMASB10
LAMASB11 LAMASB12 LAMASB11
LAMASC03 LAMASC05 LAMASC04 LAMASC02
LAMASC08 LAMASC08
LAMASC09 LAMASC09
LAMASC10 LAMASC10
LAMASC11 LAMASC12 LAMASC11
LAMBSA03 LAMBSA05 LAMBSA04 LAMBSA02
LAMBSA08 LAMBSA08
LAMBSA09 LAMBSA09
LAMBSA10 LAMBSA10
LAMBSA11 LAMBSA12 LAMBSA11
LAMBSB02 LAMBSB02
LAMBSB03 LAMBSB05 LAMBSB04
LAMBSB08 LAMBSB08
LAMBSB09 LAMBSB09
LAMBSB10 LAMBSB10
LAMBSB11 LAMBSB12 LAMBSB11
LAMBSC03 LAMBSC05 LAMBSC04 LAMBSC02
LAMBSC08 LAMBSC08
LAMBSC09 LAMBSC09
LAMBSC10 LAMBSC10
LAMBSC11 LAMBSC12 LAMBSC11
LBMASA03 LBMASA05 LBMASA04 LBMASA02
LBMASA08 LBMASA08
LBMASA09 LBMASA09
LBMASA10 LBMASA10
LBMASA11 LBMASA12 LBMASA11
LBMASB02 LBMASB02
LBMASB03 LBMASB05 LBMASB04
LBMASB08 LBMASB08
LBMASB09 LBMASB09
LBMASB10 LBMASB10
LBMASB11 LBMASB12 LBMASB11
LBMASC03 LBMASC05 LBMASC04 LBMASC02
LBMASC08 LBMASC08
LBMASC09 LBMASC09
LBMASC10 LBMASC10
LBMASC11 LBMASC12 LBMASC11
LBMBSA03 LBMBSA05 LBMBSA04 LBMBSA02
LBMBSA08 LBMBSA08
LBMBSA09 LBMBSA09
LBMBSA10 LBMBSA10
LBMBSA11 LBMBSA12 LBMBSA11
LBMBSB02 LBMBSB02
LBMBSB03 LBMBSB05 LBMBSB04
LBMBSB08 LBMBSB08
LBMBSB09 LBMBSB09
LBMBSB10 LBMBSB10
LBMBSB11 LBMBSB12 LBMBSB11
LBMBSC03 LBMBSC05 LBMBSC04 LBMBSC02
LBMBSC08 LBMBSC08
LBMBSC09 LBMBSC09
LBMBSC10 LBMBSC10
LBMBSC11 LBMBSC12 LBMBSC11
