Soda loc106 loc172 loc6 loc156 loc145 loc36 loc106 loc25 loc140 loc53 loc58 loc179 loc45 loc92 loc57 loc157 loc59 loc20 loc40 loc137 loc75 loc92 loc151 loc104 loc163 loc154 loc171 loc42 loc163 loc104 loc129 loc17 loc23 loc74 loc13 loc34 loc32 loc189 loc34 loc88 loc121 loc14 loc118 loc34 loc84 loc167 loc97 loc84 loc34 loc94 loc83 loc50 loc43 loc27 loc180 loc10 loc95 loc165 loc115 loc99 loc134 loc35 loc194 loc55 loc147 loc131 loc187 loc22 loc183 loc60 loc68 loc126 loc52 loc196 loc185 loc142 loc196 loc51 loc103 loc155 loc51 loc196 loc170 loc192 loc87 loc47 loc164 loc101 loc8 loc15 loc79 loc141 loc102 loc37 loc181 loc111 loc11 loc30 loc136 loc39 loc198 loc28 loc166 loc198 loc24 loc31 loc128 loc111 loc114 loc193 loc38 loc122 loc77 loc173 loc107 loc173 loc77 loc41 loc188 loc26 loc27 loc43 loc65 loc82 loc184 loc90 loc179 loc80 loc199 loc64 loc3 Soda
95
Soda Soda
loc3 loc3
loc6 loc6
loc8 loc8
loc10 loc10
loc11 loc11
loc13 loc13
loc14 loc14
loc15 loc15
loc17 loc17
loc20 loc20
loc22 loc22
loc23 loc23
loc24 loc24
loc25 loc25
loc26 loc26
loc28 loc28
loc30 loc30
loc32 loc32
loc34 loc138 loc34
loc35 loc35
loc36 loc36
loc37 loc37
loc38 loc38
loc39 loc39
loc40 loc40
loc41 loc41
loc42 loc42
loc45 loc45
loc50 loc50
loc51 loc51
loc53 loc53
loc55 loc55
loc57 loc72 loc57
loc58 loc58
loc59 loc59
loc64 loc64
loc65 loc65
loc74 loc74
loc75 loc75
loc77 loc77
loc79 loc79
loc80 loc80
loc82 loc82
loc83 loc83
loc84 loc84
loc88 loc88
loc90 loc90
loc94 loc94
loc95 loc95
loc97 loc97
loc99 loc9
loc101 loc101
loc103 loc103
loc106 loc106
loc107 loc146 loc107
loc111 loc111
loc114 loc114
loc118 loc118
loc121 loc121
loc122 loc122
loc126 loc126
loc128 loc128
loc131 loc131
loc136 loc136
loc137 loc137
loc140 loc140
loc141 loc141
loc142 loc7 loc142
loc145 loc145
loc147 loc147
loc151 loc151
loc154 loc154
loc155 loc155
loc156 loc156
loc157 loc157
loc163 loc163
loc165 loc100 loc165
loc166 loc109
loc167 loc167
loc170 loc170
loc171 loc171
loc172 loc172
loc173 loc173
loc180 loc180
loc181 loc181
loc183 loc183
loc185 loc185
loc188 loc188
loc189 loc189
loc192 loc192
loc193 loc193
loc194 loc194
loc196 loc61
loc199 loc199
