0 2 28 20 133 4 74 48 49 46 36 58 103 100 73 112 81 192 69 157 16 38 8 98 9 30 176 42 78 35 173 80 31 14 121 91 24 94 130 52 82 22 62 12 125 17 110 96 97 34 117 116 90 88 63 93 21 6 25 1 113 99 56 45 123 65 5 66 169 84 40 64 11 70 111 155 196 18 32 77 55 151 60 92 177 72 123 109 80 71 83 68 54 53 132 76 47 37 139 86 39 86 106 146 192 7 59 51 89 167 188 87 79 41 44 27 144 0
91
1 1
2 2
4 4
5 5
6 6
7 7
8 8
9 9
11 11
12 10 12
14 14
16 16
17 17
18 18
20 20
21 21
22 22
24 24
25 25
27 27
28 28
30 30
31 31
32 32
34 34
35 35
36 36
37 37
38 38
39 29 39
40 40
41 19 41
42 42
44 44
45 85 45
46 46
47 47
48 48
49 49
51 51
52 52
53 53
54 54
55 55
56 56
58 58
59 59
60 60
62 62
63 63
64 64
65 65
66 66
68 68
69 69
70 70
71 71
72 72
73 73
74 74
76 76
77 77
78 78
79 79
80 80
81 81
82 82
83 83
84 84
86 86
87 87
88 57 88
89 89
90 3 90
91 67 91
92 92
93 93
94 94
96 96
97 97
98 98
99 99
100 61 100
106 50 13
110 26
111 75
113 15
117 23
132 43
177 33
192 95
