48 73 186 72 163 173 35 81 148 21 79 11 6 109 168 46 196 141 129 9 42 25 90 87 107 45 151 121 120 159 10 115 154 197 61 34 165 175 7 154 110 102 179 174 125 143 137 43 32 64 83 55 36 147 38 117 189 162 123 114 157 194 193 127 88 173 145 118 58 164 77 124 2 23 39 85 152 99 5 51 84 135 181 113 182 94 126 119 93 133 107 177 158 96 191 66 74 149 104 180 156 52 193 98 16 40 176 122 170 3 155 199 138 78 185 168 20 48
89
2 2
3 3
5 5
7 7
9 9
10 10
11 11
16 16
20 20
21 21
23 23
25 25
34 34
35 35
36 36
38 38
39 39
40 40
42 42
46 46
48 48
52 52
55 55
58 58
64 64
66 66
72 108
73 73
74 74
77 19
78 78
79 79
84 60 84
85 85
87 87
88 88
90 90
93 93
98 103 67 101 98
107 107
109 109
110 110
113 69 113
115 115
117 117
118 118
119 119
120 120
123 123
124 56
125 125
126 126
129 136 129
133 133
135 135
137 137
138 138
141 141
143 167 143
145 145
147 147
148 148
149 149
151 151
152 29 152
154 53 154
155 155
156 156
157 157
158 158
163 171 163
164 164
165 165
170 170
175 175
176 176
177 177
179 179
180 180
181 181
182 182
185 190 185
186 186
191 191
193 193
194 194
196 196
197 197
199 199
