mdyuzxshey vkrlpmybdj zmfuudfatm ouxenssqdu qydclznxrd cmdqzmgvfi zpybghfdbe lndsfxewdc bulywvvpni zjbarjhmau wkwwcqjtxf qcktwemqbm pymtnhypxd xkasbvrrxd idfvjoquhh lazlsvgukx ahqdrcepub siatqqydwf ixyurvbpvu uooysjrxsb seeyrseflx uooysjrxsb ixyurvbpvu optviwhmbr rkyixxpcbx gllungmori jrmlkfexfk wtlzrefwav hsjqtjkukk smwxdupkdv aokbiptbzc koawdpgqdx unihwwnyqz qepegujmaa unihwwnyqz koawdpgqdx smwxdupkdv hsjqtjkukk wtlzrefwav epdwcjuvdr wynbxuuxru hadchvmijq jqtguzxxsl yiwwdwbzth xftptyrlvl knfzsnhzvx oewptytlja jedsthbmzo xftptyrlvl yiwwdwbzth wtyqwjwskq bswhowadhl oegfbrwyrp lbuiysostx sjtuxgdwms fznfvsgjhc lkvobxyfca oggftsricu lnicnhmajr owusjcmdkp ljhmnbaicr ebqxbaqnmm zumetrybth jatkaoyfxb vkrlpmybdj mdyuzxshey
40
gllungmori gllungmori
zmfuudfatm zmfuudfatm
zumetrybth zumetrybth
wtyqwjwskq wtyqwjwskq
vkrlpmybdj vkrlpmybdj
jqtguzxxsl jqtguzxxsl
koawdpgqdx koawdpgqdx
zpybghfdbe psiebvskfb
zjbarjhmau kdujdjjwot zjbarjhmau
lkvobxyfca lkvobxyfca
wtlzrefwav wtlzrefwav
oggftsricu euqbrkzdsw
jedsthbmzo jedsthbmzo
seeyrseflx vugkhjygfe seeyrseflx
ahqdrcepub ahqdrcepub
aokbiptbzc aokbiptbzc
lbuiysostx lbuiysostx
ljhmnbaicr ljhmnbaicr
ixyurvbpvu gwnccktgki
qcktwemqbm qcktwemqbm
knfzsnhzvx knfzsnhzvx
qepegujmaa xtvbrolacp qepegujmaa
mdyuzxshey mysadifwma mdyuzxshey
ebqxbaqnmm ebqxbaqnmm
hadchvmijq hadchvmijq
xftptyrlvl xftptyrlvl
lnicnhmajr lnicnhmajr
bulywvvpni bulywvvpni
oewptytlja nwlccbonas oewptytlja
cmdqzmgvfi qfbvncxldf cmdqzmgvfi
lazlsvgukx lazlsvgukx
lndsfxewdc mswyvpdrsy lndsfxewdc
oegfbrwyrp tgbmxdmvwe
owusjcmdkp owusjcmdkp
qydclznxrd qydclznxrd
jatkaoyfxb bnmegnfgii jatkaoyfxb
wynbxuuxru wynbxuuxru
rkyixxpcbx eooyfwmxln rkyixxpcbx
optviwhmbr optviwhmbr
fznfvsgjhc fznfvsgjhc
