evdoyagqfp xawkqmfmmx xftptyrlvl mysadifwma xftptyrlvl qbiylslccb kvxwqiryyu sjtuxgdwms hsjqtjkukk bbczvyonym mdyuzxshey wtlzrefwav afrdrejwtp pwgublhwxg pymtnhypxd jrmlkfexfk osdeymjeil wkwwcqjtxf lkvtxfwozs gjmmikaxih byyqgjwsrp tmatbexcil qpxtrjvxpe qiqnnrlapz spdafzaivh ldnozwuuuq frfueiglva ymvlfsdhbu nbjyrygtdh cpwyxulkjm jfccyptuug tgkujfknod bswhowadhl zpjhxyylhb kvfpaspidv ouxenssqdu fznfvsgjhc wtyqwjwskq kijbyyuzhd unihwwnyqz pbefrggyje xwrvhrxnqy ebqxbaqnmm oegfbrwyrp fclmzghxkf xguvjomcdt nwlccbonas bbwcqzwyoz ijbfzrqwct qfbvncxldf ixyurvbpvu qepegujmaa etdxtwotzh knfzsnhzvx opmnfgpclg qxuqrfzzob gllungmori xnppuesbrr hxkhivkhyl scesbtewjx jrmlkfexfk seeyrseflx xeigbnzhbj oggftsricu xywdziunpr vugkhjygfe aruwdskzta lnicnhmajr xychpimpzb lnicnhmajr kyrhqthnvz lndsfxewdc vkrlpmybdj jrusiskazm ichabbvkhm oavtmpaqji oownpsyviv rnpokwoqgt fdgcygwgjf phknwbtipl zivwgfcxqi euqbrkzdsw jedsthbmzo wwqchwdmtx pcilmgdrgc qepegujmaa koawdpgqdx pdljcbluhp cmdqzmgvfi qgfchcatzi yriqtwavfx uhalgukdzb dnmgxnhbgi vnzypgtlkj gbdejcnknd ahqdrcepub afortwurqt zmfuudfatm cttlxdtaiw rlxmdzqomd gkcfktyute xkasbvrrxd lcrihrmoqu tvcolajnao smwxdupkdv jqtguzxxsl optviwhmbr ivugtsvtqb guuudgvhny stdiixwrjc ummqduagjn fczruomdab eooyfwmxln epdwcjuvdr wynbxuuxru jqtguzxxsl xftptyrlvl evdoyagqfp
83
eooyfwmxln eooyfwmxln
vugkhjygfe vugkhjygfe
zmfuudfatm zmfuudfatm
vkrlpmybdj vkrlpmybdj
koawdpgqdx psiebvskfb
rnpokwoqgt rnpokwoqgt
wtlzrefwav wtlzrefwav
xawkqmfmmx xawkqmfmmx
oggftsricu oggftsricu
ouxenssqdu ouxenssqdu
nwlccbonas itbfnxnauh nwlccbonas
epdwcjuvdr kgktiatgjn
seeyrseflx hkempoemlv seeyrseflx
smwxdupkdv smwxdupkdv
ahqdrcepub ahqdrcepub
bswhowadhl bswhowadhl
evdoyagqfp evdoyagqfp
qfbvncxldf qfbvncxldf
jrmlkfexfk jrmlkfexfk
qgfchcatzi qgfchcatzi
wkwwcqjtxf wkwwcqjtxf
xywdziunpr xywdziunpr
ixyurvbpvu yiwwdwbzth
tvcolajnao xqwyvbvueh tvcolajnao
qepegujmaa qepegujmaa
mdyuzxshey mdyuzxshey
xftptyrlvl fluzhooehk uooysjrxsb
lnicnhmajr lnicnhmajr
bbwcqzwyoz bbwcqzwyoz
hsjqtjkukk hsjqtjkukk
jrusiskazm jrusiskazm
lndsfxewdc eqdxeqvtsb lndsfxewdc
oegfbrwyrp oegfbrwyrp
xkasbvrrxd xkasbvrrxd
wynbxuuxru tmrnpjqnxx voaumgrcuj wynbxuuxru
optviwhmbr vfdsalrajq optviwhmbr
mysadifwma bnmegnfgii mysadifwma
euqbrkzdsw euqbrkzdsw
kvxwqiryyu kvxwqiryyu
qxuqrfzzob qxuqrfzzob
pwgublhwxg hofbtczdgp
pcilmgdrgc ivgbjyugdu pcilmgdrgc
kvfpaspidv kvfpaspidv
etdxtwotzh etdxtwotzh
aruwdskzta aruwdskzta
qpxtrjvxpe qpxtrjvxpe
tgkujfknod tgkujfknod
xnppuesbrr xnppuesbrr
yriqtwavfx gucdicwxmb rkyixxpcbx
wwqchwdmtx wwqchwdmtx
ijbfzrqwct bimtbhwsby
xwrvhrxnqy xifuopshzj xwrvhrxnqy
lcrihrmoqu tgbmxdmvwe lcrihrmoqu
uhalgukdzb uhalgukdzb
fdgcygwgjf fdgcygwgjf
nbjyrygtdh nbjyrygtdh
pbefrggyje pbefrggyje
kyrhqthnvz kyrhqthnvz
zivwgfcxqi zivwgfcxqi
oavtmpaqji oavtmpaqji
osdeymjeil osdeymjeil
scesbtewjx scesbtewjx
stdiixwrjc stdiixwrjc
ichabbvkhm ichabbvkhm
ivugtsvtqb ivugtsvtqb
byyqgjwsrp qxfgqgbbdn byyqgjwsrp
kijbyyuzhd kijbyyuzhd
pdljcbluhp pdljcbluhp
ymvlfsdhbu aokbiptbzc ymvlfsdhbu
xychpimpzb bulywvvpni xychpimpzb
lkvtxfwozs lkvtxfwozs
bbczvyonym bbczvyonym
afortwurqt afortwurqt
gbdejcnknd gbdejcnknd
cpwyxulkjm cpwyxulkjm
afrdrejwtp afrdrejwtp
xguvjomcdt xguvjomcdt
ldnozwuuuq ldnozwuuuq
tmatbexcil tmatbexcil
qiqnnrlapz qiqnnrlapz
cttlxdtaiw cttlxdtaiw
guuudgvhny guuudgvhny
vnzypgtlkj vnzypgtlkj
