0 40 134 135 40 18 103 102 18 41 123 122 41 113 112 41 31 119 118 31 53 178 177 176 53 12 139 138 12 34 121 120 34 21 140 141 142 21 5 116 117 5 58 100 101 58 46 170 171 172 46 1 155 156 157 1 39 107 106 39 44 105 104 44 69 111 110 69 60 129 128 60 109 108 60 84 133 132 84 143 144 145 84 9 161 162 163 9 78 185 186 187 78 47 164 165 166 47 154 153 152 47 57 190 189 188 57 137 136 57 11 130 131 11 179 180 181 11 83 169 168 167 83 90 184 183 182 90 45 173 174 175 45 49 196 195 194 49 25 125 124 25 94 126 127 94 87 149 150 151 87 38 146 147 148 38 26 158 159 160 26 10 114 115 10 197 198 199 10 54 191 192 193 54 0
100
100 100
101 101
102 102
103 103
104 104
105 105
106 106
107 107
108 108
109 109
110 110
111 111
112 112
113 113
114 114
115 115
116 116
117 117
118 118
119 119
120 120
121 121
122 122
123 123
124 124
125 125
126 126
127 127
128 128
129 129
130 130
131 131
132 132
133 133
134 134
135 135
136 136
137 137
138 138
139 139
140 140
141 141
142 142
143 143
144 144
145 145
146 146
147 147
148 148
149 149
150 150
151 151
152 152
153 153
154 154
155 155
156 156
157 157
158 158
159 159
160 160
161 161
162 162
163 163
164 164
165 165
166 166
167 167
168 168
169 169
170 170
171 171
172 172
173 173
174 174
175 175
176 176
177 177
178 178
179 179
180 180
181 181
182 182
183 183
184 184
185 185
186 186
187 187
188 188
189 189
190 190
191 191
192 192
193 193
194 194
195 195
196 196
197 197
198 198
199 199
