0 110 57 110 113 17 104 125 128 117 116 77 101 102 108 82 80 67 66 12 10 13 2 28 25 27 118 115 35 37 35 20 95 87 85 15 100 44 105 79 184 69 54 74 134 139 129 170 94 64 90 92 191 192 190 154 144 160 137 135 195 114 150 152 151 122 120 47 183 180 182 189 179 124 159 149 185 55 58 32 30 65 145 140 142 141 132 186 42 40 75 39 99 130 0
81
0 3
2 2
12 11 12
13 13
15 15
17 16 17
20 20
25 25
27 27
28 28
30 30
32 32
35 38 35
37 36 37
39 39
40 43
42 41 42
44 44
47 47
54 54
55 55
57 56 57
58 58
64 64
65 68 65
66 66
67 123 67
69 69
74 74
75 78
79 79
82 82
87 87
92 91 92
94 94
95 97 95
99 99
100 100
101 101
102 102
104 104
105 105
108 108
110 110
113 113
114 114
116 116
117 166 168
118 118
120 120
122 122
124 124
125 125
128 128
129 72 129
130 133
132 131 132
134 134
135 138 52 135
137 136
139 139
141 141
142 142
144 144
145 148 145
149 149
152 152
154 154
159 159
160 161 160
170 172
179 179
180 180
182 181 182
183 183
184 184
185 187
186 186
189 189
192 192
195 197 195
