loc0 loc76 loc22 loc67 loc2 loc65 loc29 loc73 loc19 loc55 loc1 loc82 loc46 loc65 loc11 loc92 loc47 loc59 loc50 loc86 loc5 loc95 loc41 loc98 loc8 loc89 loc44 loc62 loc17 loc71 loc79 loc25 loc53 loc26 loc70 loc43 loc97 loc34 loc88 loc24 loc87 loc42 loc69 loc15 loc60 loc33 loc57 loc12 loc93 loc3 loc63 loc45 loc90 loc36 loc54 loc18 loc99 loc30 loc84 loc39 loc66 loc4 loc58 loc13 loc76 loc0
44
loc1 loc1
loc2 loc2
loc3 loc3
loc4 loc4
loc5 loc5
loc8 loc8
loc11 loc11
loc12 loc12
loc13 loc13
loc15 loc15
loc17 loc17
loc18 loc18
loc19 loc19
loc22 loc22
loc24 loc24
loc25 loc25
loc26 loc26
loc29 loc29
loc30 loc30
loc33 loc33
loc34 loc34
loc36 loc36
loc39 loc39
loc41 loc41
loc42 loc42
loc43 loc43
loc44 loc44
loc45 loc45
loc46 loc46
loc47 loc47
loc50 loc50
loc53 loc35
loc54 loc9
loc58 loc40 loc31 loc49
loc60 loc21 loc6
loc63 loc27
loc65 loc38 loc20
loc66 loc48
loc67 loc14
loc79 loc16
loc82 loc28 loc10 loc37
loc86 loc32
loc88 loc7
loc95 loc23
