loc0 loc121 loc31 loc148 loc76 loc122 loc50 loc184 loc58 loc103 loc13 loc166 loc85 loc157 loc22 loc120 loc12 loc192 loc39 loc180 loc54 loc189 loc84 loc174 loc66 loc102 loc48 loc189 loc27 loc117 loc63 loc108 loc9 loc162 loc81 loc135 loc90 loc153 loc1 loc163 loc10 loc109 loc64 loc127 loc91 loc172 loc100 loc199 loc28 loc136 loc37 loc181 loc73 loc146 loc20 loc137 loc65 loc128 loc74 loc110 loc74 loc128 loc2 loc164 loc29 loc113 loc77 loc155 loc56 loc131 loc32 loc185 loc14 loc176 loc68 loc158 loc86 loc188 loc23 loc125 loc98 loc161 loc44 loc179 loc53 loc107 loc71 loc143 loc26 loc169 loc7 loc124 loc70 loc187 loc34 loc151 loc79 loc115 loc43 loc196 loc16 loc178 loc97 loc133 loc78 loc150 loc69 loc105 loc96 loc195 loc15 loc177 loc24 loc159 loc87 loc123 loc93 loc147 loc30 loc186 loc6 loc183 loc3 loc129 loc21 loc157 loc67 loc193 loc0
90
loc1 loc1
loc2 loc2
loc3 loc3
loc6 loc6
loc7 loc7
loc9 loc9
loc10 loc10
loc12 loc12
loc13 loc13
loc14 loc14
loc15 loc15
loc16 loc16
loc20 loc20
loc21 loc21
loc22 loc22
loc23 loc23
loc24 loc24
loc26 loc26
loc27 loc27
loc28 loc28
loc29 loc29
loc30 loc30
loc31 loc31
loc32 loc32
loc34 loc34
loc37 loc37
loc39 loc39
loc43 loc43
loc44 loc44
loc48 loc48
loc50 loc50
loc53 loc53
loc54 loc54
loc56 loc56
loc58 loc58
loc63 loc63
loc64 loc64
loc65 loc65
loc66 loc66
loc67 loc67
loc68 loc68
loc69 loc69
loc70 loc70
loc71 loc71
loc73 loc73
loc74 loc74
loc76 loc76
loc77 loc77
loc78 loc78
loc79 loc79
loc81 loc81
loc84 loc84
loc85 loc85
loc86 loc86
loc87 loc87
loc90 loc90
loc91 loc91
loc93 loc93
loc96 loc96
loc97 loc97
loc98 loc98
loc100 loc100
loc107 loc35
loc109 loc19 loc46
loc110 loc47 loc11 loc92
loc113 loc5 loc41
loc115 loc25
loc122 loc95
loc123 loc33
loc129 loc75
loc131 loc83
loc133 loc52
loc135 loc36 loc18
loc137 loc38
loc143 loc8
loc148 loc40
loc150 loc42
loc153 loc45
loc157 loc49 loc4
loc158 loc59
loc161 loc80
loc172 loc55 loc82
loc179 loc89 loc17
loc180 loc72
loc184 loc94
loc187 loc61
loc188 loc62
loc189 loc57 loc99
loc195 loc51 loc60
loc196 loc88
