99 176 35 14 4 118 126 49 27 116 117 187 163 107 9 81 100 69 82 31 104 169 144 55 120 160 84 166 74 42 199 26 48 122 154 149 58 22 52 167 76 161 62 80 71 146 86 2 63 85 186 137 97 43 18 121 148 16 190 37 53 162 0 21 5 23 165 64 59 113 170 138 111 45 185 137 28 129 54 61 135 8 47 196 119 157 96 174 108 106 159 164 95 184 19 1 12 139 33 110 155 36 98 152 32 34 79 75 156 70 175 188 176 99
88
0 0
1 1
2 40
4 4
5 5
8 8
9 9
12 12
16 17
18 18
21 78
22 22
26 26
27 27
28 28
33 33
34 34
35 35
37 180
42 42
43 66 56
45 41
47 47
49 125 123 10
52 103 92
53 53
55 55
58 102
59 59
61 61
62 73
63 63
69 83 173 25
70 70
71 192 112
75 75
79 178
80 80
81 158
82 82
85 127
86 168 181
95 24 183
96 132
97 97
98 98
99 99
100 100
104 130
106 106
107 94
110 151
111 111
113 114 30 124 51
117 117
119 119
120 171
122 122
126 126
137 150
138 20
146 146
148 148
149 149
152 90
155 155
156 142
157 172
159 131
160 160
161 161
163 163
164 164
165 165
166 166
167 167
169 169
170 170
174 174
175 15
184 184
185 185
186 186
187 68
188 188
190 190
196 88
199 39
