81 14 24 191 195 69 27 20 85 117 88 200 93 154 123 18 92 179 71 109 70 84 199 197 57 1 159 127 196 16 108 152 121 12 80 156 103 77 64 59 53 141 198 33 182 180 23 161 115 52 96 8 86 178 46 158 45 135 41 184 166 76 162 138 183 17 87 164 90 74 130 43 9 107 170 126 167 56 153 95 42 65 132 97 189 36 89 145 35 49 165 124 78 34 48 100 150 125 188 58 81
100
1 1
8 8
9 9
12 12
14 14
16 16
17 17
18 18
20 20
23 23
24 24
27 27
33 33
34 34
35 35
36 36
41 41
42 42
43 43
45 45
46 46
48 48
49 49
52 52
53 53
56 56
57 57
58 58
59 59
64 64
65 65
69 69
70 70
71 71
74 74
76 76
77 77
78 78
80 80
81 81
84 84
85 85
86 86
87 87
88 88
89 89
90 90
92 92
93 93
95 95
96 96
97 97
100 100
103 103
107 107
108 108
109 109
115 115
117 117
121 121
123 123
124 124
125 125
126 126
127 127
130 130
132 132
135 135
138 138
141 141
145 145
150 150
152 152
153 153
154 154
156 156
158 158
159 159
161 161
162 162
164 164
165 165
166 166
167 167
170 170
178 178
179 179
180 180
182 182
183 183
184 184
188 188
189 189
191 191
195 195
196 196
197 197
198 198
199 199
200 200
