0 91 56 35 20 81 84 77 36 41 90 79 95 66 4 32 80 138 159 63 24 104 92 51 189 60 23 65 125 72 29 14 144 52 73 64 34 11 59 40 69 26 50 22 67 25 15 58 3 48 100 61 88 98 74 37 47 46 87 5 62 17 70 94 178 93 71 13 21 10 43 49 27 9 78 86 99 18 177 149 54 57 53 68 30 19 12 33 16 85 6 96 7 45 161 44 176 97 31 55 76 28 42 0
92
3 3
4 4
5 5
6 6
7 7
9 9
10 75 2 83 10
11 1 11
12 12
13 13
14 14
15 15
16 16
17 89 17
18 18
19 19
20 20
21 21
22 22
23 23
24 24
25 25
26 26
27 39 27
28 28
29 29
30 30
31 31
32 32
33 33
34 34
35 35
36 36
37 37
40 40
41 41
42 42
43 43
44 44
45 45
46 38 46
47 47
48 48
49 49
50 50
51 51
52 52
53 53
54 54
55 55
56 56
57 57
58 58
59 59
60 60
61 61
62 62
63 63
64 64
65 65
66 66
67 67
68 68
69 69
70 70
71 71
72 72
73 73
74 74
76 76
77 77
78 78
79 79
80 80
81 81
84 84
85 85
86 86
87 87
88 8 88
90 90
91 91
92 92
93 93
94 94
95 95
96 96
97 97
98 98
99 99
100 100
138 82
