0 1 69 70 121 163 164 165 166 167 168 169 170 183 185 186 188 189 191 192 193 194 195 196 197 198 197 196 195 194 193 192 191 187 186 185 183 170 169 171 172 177 175 173 171 169 168 167 166 165 164 163 121 70 122 123 138 139 140 141 142 143 145 146 152 153 154 155 156 157 158 157 156 155 154 153 152 146 151 150 148 147 145 143 142 141 140 139 138 123 122 124 126 128 126 124 125 131 132 133 134 135 136 135 134 133 132 131 125 124 122 70 69 71 72 91 92 98 99 100 99 98 92 91 93 95 93 91 72 90 105 106 107 108 109 110 112 113 115 116 117 118 117 116 115 113 112 110 109 108 107 106 105 90 72 71 73 74 75 76 77 78 79 80 81 80 79 78 77 76 75 74 73 71 69 68 67 66 64 63 62 60 59 58 56 55 53 52 51 50 49 48 47 46 45 44 43 41 34 33 35 36 38 36 35 33 32 31 30 28 4 3 5 6 7 8 9 10 20 21 23 24 25 26 25 24 23 21 20 10 9 11 12 13 15 16 17 16 15 13 12 11 9 8 7 6 5 3 2 0
83
0 0
1 1
2 2
4 4
5 5
9 9
10 19 10
11 11
13 14 13
15 15
17 18 17
21 22 21
24 24
25 25
26 27 26
31 31
35 35
38 39 38
41 42
44 44
45 45
47 29
50 50
51 51
52 52
53 54
58 58
59 59
60 61
62 62
63 57 63
64 65
66 66
68 68
69 69
73 73
74 74
75 75
76 76
77 77
78 78
79 79
80 80
81 82 83
90 90
91 91
93 94 93
95 96 95
100 101 100
107 107
108 108
113 113
118 120 118
121 121
128 129 128
131 131
132 132
134 134
136 137 136
140 140
141 141
142 142
146 146
147 147
148 148
150 150
153 153
154 154
158 159 158
163 163
166 166
167 167
168 168
170 170
172 172
175 176 175
177 181
183 183
188 188
191 191
195 195
196 196
198 199 198
