OYUinzd4zxVxIptSBcML 7sEAL87eVGtPRFGU7wZL ugVnD0zzPxsfEn932v1t n14fgY77RxYuy7mkbJU1 0Y8GuXeRCg3UQ8iw3rJM dVfyZ8osOWlPeWeMnteY KRZBWx1Sd8wB0uU3QWeQ wDv7iczN6LiK2xDJOu0N 29cQGjH4xgr2WjuBLLEb 2LHGJx7lje13o5VgjaWa mSL1gwuFl7ezuWmYhoWX 5euTHFaulIyTMDOpAOiL 0rs0of9LUAzWTuABwTnG lM0uQphyVNPO90DR8P6A TOlchSnWWkR7rRWP9Cdc 2mMEW336zlvoabKQ0Mze xtyNkgmQQDlFdBVfN1o5 paxbzGIrGUKuLL8gNR12 jVnJVrQfkUuQ5PfgtD65 ysFvkOBVEgTOFmcR2xc1 knZxc5ZrIrcQzv054Pss C4iWe9yR2mvfNmTv1Ujg 3SpSgYRcx99pESu1D9Wi 5dLU2ihY8weFRtdH0NCX 4R5nKw333ATOizKdSrav 6YPXen0OkUAjsBQbugH8 OYUinzd4zxVxIptSBcML
25
wDv7iczN6LiK2xDJOu0N wDv7iczN6LiK2xDJOu0N
2mMEW336zlvoabKQ0Mze 2mMEW336zlvoabKQ0Mze
KRZBWx1Sd8wB0uU3QWeQ KRZBWx1Sd8wB0uU3QWeQ
dVfyZ8osOWlPeWeMnteY dVfyZ8osOWlPeWeMnteY
3SpSgYRcx99pESu1D9Wi 3SpSgYRcx99pESu1D9Wi
C4iWe9yR2mvfNmTv1Ujg C4iWe9yR2mvfNmTv1Ujg
n14fgY77RxYuy7mkbJU1 n14fgY77RxYuy7mkbJU1
0Y8GuXeRCg3UQ8iw3rJM 0Y8GuXeRCg3UQ8iw3rJM
lM0uQphyVNPO90DR8P6A lM0uQphyVNPO90DR8P6A
knZxc5ZrIrcQzv054Pss knZxc5ZrIrcQzv054Pss
TOlchSnWWkR7rRWP9Cdc TOlchSnWWkR7rRWP9Cdc
ugVnD0zzPxsfEn932v1t ugVnD0zzPxsfEn932v1t
6YPXen0OkUAjsBQbugH8 6YPXen0OkUAjsBQbugH8
mSL1gwuFl7ezuWmYhoWX mSL1gwuFl7ezuWmYhoWX
5dLU2ihY8weFRtdH0NCX 5dLU2ihY8weFRtdH0NCX
0rs0of9LUAzWTuABwTnG 0rs0of9LUAzWTuABwTnG
4R5nKw333ATOizKdSrav 4R5nKw333ATOizKdSrav
jVnJVrQfkUuQ5PfgtD65 jVnJVrQfkUuQ5PfgtD65
ysFvkOBVEgTOFmcR2xc1 ysFvkOBVEgTOFmcR2xc1
xtyNkgmQQDlFdBVfN1o5 xtyNkgmQQDlFdBVfN1o5
paxbzGIrGUKuLL8gNR12 paxbzGIrGUKuLL8gNR12
5euTHFaulIyTMDOpAOiL 5euTHFaulIyTMDOpAOiL
29cQGjH4xgr2WjuBLLEb 29cQGjH4xgr2WjuBLLEb
2LHGJx7lje13o5VgjaWa 2LHGJx7lje13o5VgjaWa
7sEAL87eVGtPRFGU7wZL 7sEAL87eVGtPRFGU7wZL
