destitute Loomis Rio Darwin ripe papal septillion creekside Hewlett decor swordfish Auberge Modesto Elizabethan Vega Andersen Halstead embassy Dominican Bleeker minion Dominican bobble McCall mediate Fisk anvil extractor combine MN Hindi Gilmore funny connubial schedule slowdown amateur illusion bifurcate shroud choice fatten trill yogurt Isfahan balustrade midget swingy diligent tate stanza Injun jewel namesake destitute
49
Andersen Andersen
Auberge Auberge
Bleeker Bleeker
Darwin Darwin
Dominican Dominican
Elizabethan Elizabethan
Fisk Fisk
Gilmore Gilmore
Halstead Halstead
Hewlett Hewlett
Hindi Hindi
Injun Injun
Isfahan Isfahan
Loomis Loomis
MN MN
McCall McCall
Modesto Modesto
Rio Rio
Vega Vega
amateur amateur
anvil anvil
balustrade balustrade
bobble bobble
choice choice
connubial connubial
creekside creekside
decor decor
diligent diligent
embassy embassy
extractor extractor
fatten fatten
funny funny
illusion illusion
jewel jewel
mediate mediate
midget midget
minion minion
papal papal
ripe ripe
schedule schedule
septillion transpiration septillion
shroud shroud
slowdown slowdown
stanza stanza
swingy swingy
swordfish swordfish
tate tate
trill trill
yogurt yogurt
