woebegone felony thoroughfare Isfahan felony casserole MN monotonous sinh Durango directory bat Winchester oriole bunch midstream noon inform postscript trimester illusion transfuse trimester yogurt Simon Goodrich Elizabethan Darwin catenate thirteen involuntary spill mitre involuntary backplate relaxation Irvin mack Zorn December Fisk mediate funky swordfish Rodney Auberge car papal archive dull Wheller creekside broil barnacle yearn softball anvil Modesto lexicon choice shovel wingspread funny McCall diligent numerology stanza administer trill fulsome embroil septillion PDP Sunday whatsoever balustrade imperishable switchmen Gilmore simulate Stephen cowhand Andersen extrovert Tucson deduce Curtis sphalerite hamper Hewlett Durango bifurcate update icon torus coarse atom transonic encumbrance woebegone
86
Andersen Andersen
Auberge Auberge
Curtis Curtis
Darwin Darwin
December December
Durango Reilly Durango
Fisk swingy Fisk
Gilmore Gilmore
Goodrich Goodrich
Hewlett Hewlett
Irvin Irvin
Isfahan Isfahan
MN exothermic
McCall McCall
Modesto Modesto
PDP limitate PDP
Rodney Rodney
Simon Simon
Stephen Stephen
Sunday silage Sunday
Tucson Tucson
Wheller Wheller
Winchester connubial Winchester
Zorn Zorn
administer administer
anvil anvil
archive archive
backplate backplate
balustrade babysat
barnacle barnacle
bat bat
bifurcate bifurcate
broil broil
bunch bunch
car car
casserole renaissance casserole
catenate catenate
choice choice
coarse coarse
cowhand explosion
deduce deduce
diligent diligent
directory directory
dull dull
embroil embroil
extrovert extrovert
felony tate equipping felony
fulsome fulsome
funky funky
funny funny
icon icon
illusion griddle illusion
imperishable imperishable
inform millennium secondary inform
involuntary slowdown involuntary
lexicon Vega
mack mack
mediate mediate
midstream midstream
mitre mitre
monotonous dreadnought monotonous
noon noon
numerology viscous numerology
oriole oriole
papal papal
postscript postscript
relaxation relaxation
septillion septillion
shovel shovel
simulate simulate
sinh sinh
softball softball
sphalerite sphalerite
spill spill
stanza stanza
swordfish swordfish
thirteen thirteen
thoroughfare thoroughfare
transfuse transfuse
transonic transonic
trimester trimester
update update
whatsoever whatsoever
wingspread wingspread
yearn yearn
yogurt yogurt
