exothermic felony Irvin decor shovel trill combine Iowa FPC namesake McCall Curtis Injun amateur Bernini Tucson intangible lordosis midget coarse tate choice Halstead Sicilian extrovert sacrifice swordfish yogurt Dominican felony exothermic
23
Bernini Bernini
Curtis Curtis
FPC FPC
Halstead Halstead
Injun Injun
Iowa Iowa
Irvin Irvin
McCall Andersen McCall
Tucson Tucson
amateur amateur
coarse coarse
combine combine
decor decor
extrovert extrovert
felony felony
lordosis lordosis
midget midget
namesake namesake
sacrifice sacrifice
shovel shovel
swordfish wafer swordfish
trill trill
yogurt yogurt
