1 22 16 41 34 48 5 29 2 42 26 4 35 45 10 24 32 39 25 14 23 3 40 11 13 21 47 20 12 15 33 46 36 30 43 17 27 19 37 6 28 7 18 44 31 38 9 8 1
48
1 128 49
2 62 81
3 97 112
4 118 51
5 90 93
6 119 126
7 107 120
8 123 56
9 72 73
10 76 132
11 142 65
12 59 116
13 109 79
14 75 105
15 85 103
16 133 91
17 66 60
18 63 69
19 53 98
20 124 115
21 138 82
22 94 71
23 55 108
24 88 134
25 80 86
26 121 100
27 78 140
28 83 131
29 96 129
30 101 95
31 70 143
32 135 139
33 67 127
34 77 50
35 92 84
36 130 110
37 99 125
38 61 111
39 52 57
40 87 117
41 137 106
42 104 89
43 136 64
44 102 114
45 122 74
46 54 144
47 141 113
48 58 68
