6Zg7j6t8kt lrFRnKniRv MpRNDD0glq 4ViGHxfdlc 0gqiqztWgj fhmE7A9rVl gSP0irArmo M9d0z6OccV 79JJ9GZF8c s8EkvbOYAX 1iUrZ2N0MA pm1Yq2dCLL uXkvSfF7Kv OpwMnuSGmp dyS1o5lQHD UgxUR9jKcJ 1iUrZ2N0MA ESDdDChkYw 1aPtXDhYtV wXTrLT9dUx dojrtYXceT YZKJeBb8Pe ECFKqOm791 fbxiHLAsv4 J6nn6V6pVr 4lUeyqYb0U NgxnYo41LY cqCbnI2bkr SDcTVr32JM 4JtfcKJvHu H0NdoJawvz oQb2PqTM8x tvKOOMQ7Sv Iroa6leixY YrPP1U1r20 ckEVpwA8CD YrPP1U1r20 7cteJXIZM1 zG9cl6Gy30 KpPj50fAfy EZQ9HUGjRN OR78sPVsV9 4RZs4XFvF9 G05S6XZiBa 1koyFI8rlU Octagmmhko TH1GgoG5GU I1RTFIGWhc NULo72dPyj OGWcs2X8pk 8pgnfE3xKu vD4d0BZ03p zH4Z0p0Ftj VWD9Yy5Xrg MImiDijd1o 97dvK2Az7S GSDEYlNcCM ka4cgDWgq7 6Zg7j6t8kt
45
GSDEYlNcCM GSDEYlNcCM
gSP0irArmo N08DpqDewo
ka4cgDWgq7 ka4cgDWgq7
wXTrLT9dUx wXTrLT9dUx
dojrtYXceT dojrtYXceT
KpPj50fAfy vCSWEyz4PC KpPj50fAfy
TH1GgoG5GU TH1GgoG5GU
H0NdoJawvz H0NdoJawvz
pm1Yq2dCLL iyQiEnpG35
NgxnYo41LY NgxnYo41LY
1aPtXDhYtV 1aPtXDhYtV
8pgnfE3xKu oRs9wR3IGE 8pgnfE3xKu
4RZs4XFvF9 4RZs4XFvF9
cqCbnI2bkr b3jUAAPOlA cqCbnI2bkr
M9d0z6OccV M9d0z6OccV
7cteJXIZM1 7cteJXIZM1
Iroa6leixY Iroa6leixY
ESDdDChkYw ESDdDChkYw
YrPP1U1r20 YrPP1U1r20
uXkvSfF7Kv uXkvSfF7Kv
1koyFI8rlU 1koyFI8rlU
4ViGHxfdlc 4ViGHxfdlc
ckEVpwA8CD YQKcyMibnc ckEVpwA8CD
Octagmmhko Octagmmhko
79JJ9GZF8c 79JJ9GZF8c
I1RTFIGWhc I1RTFIGWhc
lrFRnKniRv lrFRnKniRv
zH4Z0p0Ftj zH4Z0p0Ftj
97dvK2Az7S Dkc5CxJ6RV 97dvK2Az7S
vD4d0BZ03p vD4d0BZ03p
VWD9Yy5Xrg VWD9Yy5Xrg
tvKOOMQ7Sv tvKOOMQ7Sv
G05S6XZiBa G05S6XZiBa
fhmE7A9rVl fhmE7A9rVl
OpwMnuSGmp OpwMnuSGmp
s8EkvbOYAX s8EkvbOYAX
4lUeyqYb0U 4lUeyqYb0U
4JtfcKJvHu 4JtfcKJvHu
fbxiHLAsv4 fbxiHLAsv4
MpRNDD0glq MpRNDD0glq
UgxUR9jKcJ UgxUR9jKcJ
YZKJeBb8Pe YZKJeBb8Pe
EZQ9HUGjRN EZQ9HUGjRN
0gqiqztWgj 0gqiqztWgj
OGWcs2X8pk OGWcs2X8pk
