ctUVEJSyNR Z82QDWb0Pr HTp005294X VBTKstUXwG uVIshS2g8a zUWT7uduzq HEqjxwCWnl UphA2uAaYC VbPBW7rmhF RLF9v27sOQ f91pUtm9EZ MuYreynm57 osdKgXyg1e gLI8ArV2Ui jKpmFoejPZ 6lpxgUxCxO oPQmRUijH5 sY3UqAEMG3 HG8olhhcTZ BtCEVbHoQI VbPBW7rmhF QwY2G6aX6c 8Jejdr7ynm sY3UqAEMG3 MzId8uwrPz TDmNOuGJBk T3o9dNVbcG ctUVEJSyNR
20
MzId8uwrPz MzId8uwrPz
TDmNOuGJBk TDmNOuGJBk
T3o9dNVbcG T3o9dNVbcG
Z82QDWb0Pr U5XdtBFGOe Z82QDWb0Pr
BtCEVbHoQI I4iTN5KXjB BtCEVbHoQI
VBTKstUXwG 8UaR4YpZys VBTKstUXwG
uVIshS2g8a qg08r1Pg6g
HG8olhhcTZ HG8olhhcTZ
RLF9v27sOQ RLF9v27sOQ
QwY2G6aX6c QwY2G6aX6c
MuYreynm57 MuYreynm57
HTp005294X IU0Ia8127Z
8Jejdr7ynm 7d3UA4fKWz 8Jejdr7ynm
oPQmRUijH5 oPQmRUijH5
f91pUtm9EZ f91pUtm9EZ
gLI8ArV2Ui gLI8ArV2Ui
6lpxgUxCxO 6lpxgUxCxO
UphA2uAaYC vzXeZbLrSW UphA2uAaYC
osdKgXyg1e osdKgXyg1e
zUWT7uduzq zUWT7uduzq
