153 170 15 47 120 36 188 93 167 49 96 128 50 156 179 52 186 19 81 119 168 11 26 172 79 108 41 137 177 35 90 23 40 92 169 118 68 27 53 77 95 161 21 184 129 12 34 113 58 99 109 29 192 5 145 178 131 138 139 60 0 195 80 39 70 180 197 3 48 103 42 147 189 78 163 162 56 100 127 98 122 187 2 160 37 111 135 194 146 181 136 75 16 126 22 86 13 196 76 7 20 89 152 28 74 134 165 153
94
50 50
81 81
40 40
96 96
29 29
89 89
7 7
126 126
56 56
180 180
86 4 86
16 16
178 178
41 41
23 23
95 95
90 90
188 188
19 19
77 77
20 20
153 153
139 43
192 192
137 137
13 13
5 5
79 79
99 99
163 163
15 15
197 197
156 156
70 70
136 136
160 160
42 42
35 35
93 93
2 2
128 128
161 161
120 120
36 36
195 195
187 187
122 122
80 140
127 127
172 172
92 83 171
68 68
194 194
146 146
75 182
196 196
119 119
47 47
145 145
98 88 98
189 8
170 170
34 34
167 167
76 124
49 49
53 53
177 177
21 21
152 152
184 184
108 108
134 134
135 135
52 52
118 118
60 112 60
131 131
26 26
3 3
169 169
113 113
12 12
37 37
0 0
58 58
138 61 138
28 28
168 150 168
74 74
147 147
179 179
11 11
129 129
