Jennifer0 Dorian5 Robert6 Manuel7 Robert6 Dorian5 Wilma9 Gladys10 Wilma9 Charles12 Etha14 Fred19 James24 Norma25 Christina26 Norma25 James24 Jason28 Lonnie29 Jason28 Derick31 Willie33 Annie38 Tyrone43 Cindy44 John45 Cindy44 Tyrone43 Emma47 Edna48 Emma47 Ruth50 Wilma52 Miriam57 Richard62 Douglas63 Sonya64 Douglas63 Richard62 Laura66 September67 Laura66 James69 Deena71 Carolyn76 Deena71 William72 David73 William72 Deena71 James69 Laura66 Richard62 Miriam57 Wilma52 David53 Ida54 David53 Wilma52 Ruth50 Emma47 Tyrone43 Annie38 Willie33 Ruby34 Drew35 Ruby34 Willie33 Derick31 Jason28 James24 Fred19 Etha14 Doris15 Liza16 Doris15 Etha14 Charles12 Wilma9 Dorian5 Jennifer0
25
Jennifer0 Patricia4 Mark3 Janet2 Lorraine1
Robert6 Robert6
Manuel7 Kathleen8 Manuel7
Gladys10 Gregory11 Gladys10
Charles12 John13
Liza16 Wesley18 Nannie17
Fred19 William23 Doris22 Jennifer21 Daniel20
Norma25 Norma25
Christina26 Nadine27 Christina26
Lonnie29 William30 Lonnie29
Derick31 Mona32
Drew35 Louis37 Charles36
Annie38 Michael42 Gina41 Tony40 Robert39
Cindy44 Cindy44
John45 Mabel46 John45
Edna48 Dana49 Edna48
Ruth50 Virginia51
Ida54 Tony56 James55
Miriam57 Michael61 Natalie60 Robert59 Hector58
Douglas63 Douglas63
Sonya64 Angela65 Sonya64
September67 Armando68 September67
James69 Jesus70
David73 Steve75 Richard74
Carolyn76 Robbie78 David77
