Patrick0 Frank5 Louis6 Taylor7 Louis6 Frank5 Julia9 Matthew10 Julia9 Ray12 Tempie14 Doris19 John24 Lorraine25 Louise26 Lorraine25 John24 William28 Phyllis29 William28 Danny31 Flora33 Donna38 Scott43 Gina44 Jose45 Gina44 Scott43 Carolyn47 Ronald48 Carolyn47 Sylvia50 Don52 Cheryl57 Amy62 Paul63 Joshua64 Paul63 Amy62 Joseph66 Steven67 Joseph66 Michell69 Cheryl71 Ray76 Luisa81 Dorothy82 David83 Dorothy82 Luisa81 Billie85 Darnell86 Billie85 Keith88 Velva90 Nancy95 Colleen100 Dominique101 Glen102 Dominique101 Colleen100 Vicente104 Ryan105 Vicente104 Ruth107 Jeremy109 Gordon114 Peggy119 Susie120 Luz121 Susie120 Peggy119 Mark123 Marlene124 Mark123 Levi126 Rick128 Christi133 Eric138 Irma139 Heidi140 Irma139 Eric138 Sharon142 Samuel143 Sharon142 Roberta145 Elizabeth147 Karl152 Elizabeth147 Michael148 Brent149 Michael148 Elizabeth147 Roberta145 Sharon142 Eric138 Christi133 Rick128 Jean129 Tessa130 Jean129 Rick128 Levi126 Mark123 Peggy119 Gordon114 Jeremy109 Helen110 Morton111 Helen110 Jeremy109 Ruth107 Vicente104 Colleen100 Nancy95 Velva90 Johnathan91 Cinthia92 Johnathan91 Velva90 Keith88 Billie85 Luisa81 Ray76 Cheryl71 Aaron72 Sarah73 Aaron72 Cheryl71 Michell69 Joseph66 Amy62 Cheryl57 Don52 Anthony53 Jack54 Anthony53 Don52 Sylvia50 Carolyn47 Scott43 Donna38 Flora33 Stephane34 Iona35 Stephane34 Flora33 Danny31 William28 John24 Doris19 Tempie14 Christine15 Ian16 Christine15 Tempie14 Ray12 Julia9 Frank5 Patrick0
49
Patrick0 Minnie4 Lawrence3 Antoinette2 Elaine1
Louis6 Louis6
Taylor7 Gabrielle8 Taylor7
Matthew10 Brenda11 Matthew10
Ray12 Lela13
Ian16 Dave18 Mary17
Doris19 Paula23 Vivian22 Catherine21 Robert20
Lorraine25 Lorraine25
Louise26 Tisha27 Louise26
Phyllis29 Kyle30 Phyllis29
Danny31 Yvonne32
Iona35 William37 Fred36
Donna38 Brenda42 William41 Bette40 Maria39
Gina44 Gina44
Jose45 Richard46 Jose45
Ronald48 Gerald49 Ronald48
Sylvia50 Lori51
Jack54 Mercedes56 Lena55
Cheryl57 Joseph61 Christine60 Jenny59 Charles58
Paul63 Paul63
Joshua64 David65 Joshua64
Steven67 Rhonda68 Steven67
Michell69 Dorothy70
Sarah73 Loretta75 Josephine74
Ray76 Thomas80 Carol79 Salvador78 Emily77
Dorothy82 Dorothy82
David83 Tom84 David83
Darnell86 Evangelina87 Darnell86
Keith88 Ellis89
Cinthia92 Joyce94 Joel93
Nancy95 Judith99 Robert98 Donna97 Michael96
Dominique101 Dominique101
Glen102 Brandon103 Glen102
Ryan105 Jared106 Ryan105
Ruth107 Jean108
Morton111 Bill113 Valerie112
Gordon114 Fidel118 Barbara117 Christina116 Ashley115
Susie120 Susie120
Luz121 Naomi122 Luz121
Marlene124 Richard125 Marlene124
Levi126 Joshua127
Tessa130 Timothy132 Darla131
Christi133 Robert137 Robert136 Andrew135 William134
Irma139 Irma139
Heidi140 Scott141 Heidi140
Samuel143 Man144 Samuel143
Roberta145 Margaret146
Brent149 Rebecca151 Nicholas150
Karl152 Tony156 Michael155 John154 Patricia153
