htb26qt 59yzvtv iffsi a5u8g4sej yx6dguko itrx5fucdq ht1efrhmh ozag34bm9 pwqxinlzb3s i6lsw66h pmyqr 4w6uhigzl kxhc6t8tu hwu8dv9jgknbm 6k7du uzsjpl5f5 8m3pascg vl6czuab 37v6d art44ncra 5stwoup zjj1dm8s 7pbkkbbpw piawzpgtzz9 zou7sx9w nd9xavj dt4ljfgjkizpq hq5mh8mi vrem3ey3kg44 obabms 1jhmm8m85 l8yypbh hc2hf5t8 nm7ud og6n7bgq8h p9mtts e7lxs f92ere3 mucolb1r ay5sahonq84 mw8g2qjo1 1ca2x2cnc ic2r4blmm9 ilaz9q ysiw8m4l t4iedm gd5ct4 g2g6fxcwr2l yhvc7zg h1gz5hzz k3qywmpr 9lvbrlgk kwtb3cg 9egqgrh7x4e y3eg7gqq6 s9vu9xx884 txlltgki 8gc7dka8lfy 6u4sf1gi ushjdkdhm9 euhqqqmdpe tjwldi fej54ps5j 8jea4n4ez ynuam4f8 1161ildqnj wqkqf 9oii82xaa 52a3fj2zh 87jxa zjh83ae yhp7wbv9 tu8xxomxhi grn3uqx9y yg6hizqty pt2n7hl hyc885fvjls 3khitn6 x73l73jp dlkmpx yr44oj2 7hz6j8 aplkk57cpzm q42s9z886w5 812l47wm 4ka6l1c8w 4lvyha1 htb26qt
84
wqkqf wqkqf
txlltgki txlltgki
ozag34bm9 ozag34bm9
l8yypbh l8yypbh
ushjdkdhm9 ushjdkdhm9
yhp7wbv9 yhp7wbv9
y3eg7gqq6 y3eg7gqq6
7hz6j8 7hz6j8
itrx5fucdq itrx5fucdq
og6n7bgq8h og6n7bgq8h
6k7du 6k7du
yg6hizqty yg6hizqty
7pbkkbbpw 7pbkkbbpw
ynuam4f8 ynuam4f8
4ka6l1c8w 4ka6l1c8w
tu8xxomxhi tu8xxomxhi
9oii82xaa 9oii82xaa
812l47wm 812l47wm
hwu8dv9jgknbm hwu8dv9jgknbm
pt2n7hl pt2n7hl
kxhc6t8tu kxhc6t8tu
aplkk57cpzm aplkk57cpzm
i6lsw66h i6lsw66h
9egqgrh7x4e 9egqgrh7x4e
mucolb1r mucolb1r
zjh83ae zjh83ae
8m3pascg 8m3pascg
obabms obabms
h1gz5hzz h1gz5hzz
vl6czuab vl6czuab
ay5sahonq84 ay5sahonq84
uzsjpl5f5 uzsjpl5f5
ic2r4blmm9 ic2r4blmm9
dt4ljfgjkizpq dt4ljfgjkizpq
x73l73jp x73l73jp
k3qywmpr k3qywmpr
q42s9z886w5 q42s9z886w5
art44ncra art44ncra
1161ildqnj 1161ildqnj
yr44oj2 yr44oj2
yx6dguko yx6dguko
f92ere3 f92ere3
pwqxinlzb3s pwqxinlzb3s
grn3uqx9y grn3uqx9y
s9vu9xx884 s9vu9xx884
hc2hf5t8 hc2hf5t8
1ca2x2cnc 1ca2x2cnc
8jea4n4ez 8jea4n4ez
87jxa 87jxa
4w6uhigzl 4w6uhigzl
ilaz9q ilaz9q
37v6d 37v6d
hyc885fvjls hyc885fvjls
hq5mh8mi hq5mh8mi
piawzpgtzz9 piawzpgtzz9
8gc7dka8lfy 8gc7dka8lfy
a5u8g4sej a5u8g4sej
t4iedm t4iedm
59yzvtv 59yzvtv
yhvc7zg yhvc7zg
iffsi iffsi
zou7sx9w zou7sx9w
tjwldi tjwldi
9lvbrlgk 9lvbrlgk
p9mtts p9mtts
g2g6fxcwr2l g2g6fxcwr2l
5stwoup 5stwoup
nd9xavj nd9xavj
nm7ud nm7ud
pmyqr pmyqr
6u4sf1gi 6u4sf1gi
euhqqqmdpe euhqqqmdpe
dlkmpx dlkmpx
ht1efrhmh ht1efrhmh
1jhmm8m85 1jhmm8m85
gd5ct4 gd5ct4
mw8g2qjo1 mw8g2qjo1
kwtb3cg kwtb3cg
ysiw8m4l ysiw8m4l
e7lxs e7lxs
vrem3ey3kg44 vrem3ey3kg44
52a3fj2zh 52a3fj2zh
fej54ps5j fej54ps5j
3khitn6 3khitn6
