ZfI6StUliqd8YxBr0zVp Hxhi6IYOb3B8uxHbGYVt mMagcNSN7U8s7oy3e0j4 5JVto9dbOz4Lu3AeAOZD QGzcn6XPemZ0IhmCJCmq cC9SZGtAtirSBnbvLWzt ufkSgxNAeRAXQFn3w6eB Fa64KRccvM4rqOgxBKtu ip0vmcqzxYgrY2Mc3Bu9 zs8puphf0SbuOBS6XpM9 uYmver98TgwbkIsM8XgU gX6xMy6pWnenI68kwgcu gj1PIUxoUprs5rKMLNpv YzWX8RqUW0YPFsebUKYP Af4sQnaDf5G2yrOfmk45 RnnCc8OgQLqPe5HvvbS3 WEpQsV1SPLNjRDFxWGJw 98jc4TOf5CFD5ooRLXKs SI1jqone3x4IZwZ6qVW6 ZBTm8fkarNXg3vLUAnt8 gGXF4imn3IOLlYGD81XA Z38PT2VWeDoNiuh4rc0v UoiNiYnewh16WNDFqvYW zFahEplFbW4f2V6jQTmi 4gVQx4yn8gZ0TQBRafbQ Z6746tUNXH05XsKVq5bc ZfI6StUliqd8YxBr0zVp
22
ip0vmcqzxYgrY2Mc3Bu9 ip0vmcqzxYgrY2Mc3Bu9
RnnCc8OgQLqPe5HvvbS3 RnnCc8OgQLqPe5HvvbS3
98jc4TOf5CFD5ooRLXKs 98jc4TOf5CFD5ooRLXKs
WEpQsV1SPLNjRDFxWGJw WEpQsV1SPLNjRDFxWGJw
ZBTm8fkarNXg3vLUAnt8 ZBTm8fkarNXg3vLUAnt8
YzWX8RqUW0YPFsebUKYP YzWX8RqUW0YPFsebUKYP
cC9SZGtAtirSBnbvLWzt cC9SZGtAtirSBnbvLWzt
SI1jqone3x4IZwZ6qVW6 SI1jqone3x4IZwZ6qVW6
uYmver98TgwbkIsM8XgU uYmver98TgwbkIsM8XgU
Hxhi6IYOb3B8uxHbGYVt Hxhi6IYOb3B8uxHbGYVt
QGzcn6XPemZ0IhmCJCmq QGzcn6XPemZ0IhmCJCmq
Fa64KRccvM4rqOgxBKtu Fa64KRccvM4rqOgxBKtu
Z6746tUNXH05XsKVq5bc Z6746tUNXH05XsKVq5bc
mMagcNSN7U8s7oy3e0j4 mMagcNSN7U8s7oy3e0j4
zs8puphf0SbuOBS6XpM9 zs8puphf0SbuOBS6XpM9
gj1PIUxoUprs5rKMLNpv BFat56YSkekx77JCOMI4 gj1PIUxoUprs5rKMLNpv
gX6xMy6pWnenI68kwgcu gX6xMy6pWnenI68kwgcu
UoiNiYnewh16WNDFqvYW UoiNiYnewh16WNDFqvYW
5JVto9dbOz4Lu3AeAOZD 5JVto9dbOz4Lu3AeAOZD
ZfI6StUliqd8YxBr0zVp ZfI6StUliqd8YxBr0zVp
gGXF4imn3IOLlYGD81XA gGXF4imn3IOLlYGD81XA
Af4sQnaDf5G2yrOfmk45 QUmdpeJNwq8Od3rclrVL QBaUzVWA62rnfcsnEShZ Af4sQnaDf5G2yrOfmk45
