Chattanooga ElPaso Denton Gilbert Tallahassee Buffalo Pomona FortCollins Salem Boston Brownsville Jackson KansasCity Frisco Orange Aurora Lexington Baltimore Aurora Fayetteville FortWorth Corona Lubbock Louisville Hollywood OuterHaven Fresno Plano Yonkers Durham MorenoValley Henderson Toledo GardenGrove Salinas Murfreesboro Charlotte SanDiego Arlington ChulaVista Anaheim NewYork SantaClarita Hayward Akron RanchoCucamonga Newark NewOrleans Washington SaintPaul Norfolk Irvine OklahomaCity SantaAna Killeen Jacksonville SanJose Glendale Portland Chicago Naperville Orlando NewportNews DesMoines Austin Scottsdale Riverside Scottsdale OverlandPark Surprise Anchorage Phoenix LittleRock CapeCoral Oceanside Fontana Lincoln Madison Joliet SanBernardino Fremont Huntsville Tacoma Oxnard Spokane Springfield Berkeley Knoxville WinstonSalem Cincinnati Albuquerque Waco LongBeach GrandPrairie Mobile Olathe Detroit BatonRouge Detroit Vancouver PortStLucie Miramar Honolulu SanFrancisco ElkGrove Savannah SaltLakeCity Richmond Fayetteville Wichita Memphis SanAntonio Cleveland Chattanooga
88
NewYork NewYork
Chicago Chicago
Phoenix Phoenix
SanAntonio SanAntonio
SanDiego SanDiego
SanJose SanJose
Austin Austin
Jacksonville Jacksonville
FortWorth FortWorth
SanFrancisco SanFrancisco
Charlotte Charlotte
Washington Washington
Boston Boston
ElPaso ElPaso
Memphis Memphis
Louisville Louisville
Baltimore Baltimore
Albuquerque LosAngeles
Fresno GrandRapids Worcester
KansasCity KansasCity
Wichita Wichita
Cleveland Cleveland
Aurora Aurora
Anaheim Anaheim
Honolulu Honolulu
SantaAna SantaAna
Riverside Indianapolis Riverside
Lexington Lexington
Henderson Henderson
SaintPaul SaintPaul
Cincinnati Paterson Cincinnati
Anchorage Midland Anchorage
Plano Plano
Lincoln Lincoln
Orlando Orlando
Irvine Syracuse Irvine
Newark Newark
Toledo Toledo
Durham Durham
ChulaVista ChulaVista
Madison Madison
Buffalo Buffalo
Lubbock Lubbock
Scottsdale Tempe Scottsdale
Glendale Glendale
Norfolk Raleigh
Fremont Fremont
Richmond Richmond
BatonRouge Bakersfield BatonRouge
Spokane Spokane
DesMoines DesMoines
Tacoma Tacoma
SanBernardino Boise SanBernardino
Fontana Fontana
SantaClarita SantaClarita
Oxnard Oxnard
Fayetteville Fayetteville
Yonkers Yonkers
Akron Akron
LittleRock Shreveport LittleRock
PortStLucie PortStLucie
GrandPrairie GrandPrairie
Tallahassee Tallahassee
CapeCoral CapeCoral
Frisco Frisco
Knoxville Knoxville
Brownsville Brownsville
Vancouver Vancouver
NewportNews Alexandria NewportNews
Oceanside Oceanside
Salem Ontario Salem
ElkGrove McAllen
GardenGrove GardenGrove
Corona Corona
Springfield Springfield
Jackson Jackson
Hayward Hayward
Pomona Pomona
Naperville Naperville
Joliet Joliet
Savannah FortLauderdale Savannah
Berkeley Berkeley
Murfreesboro Murfreesboro
Olathe Olathe
Orange Orange
Denton Denton
Waco Waco
Surprise Surprise
