SaintPaul SanJose SanDiego ChulaVista Charlotte Phoenix Durham SantaAna Pittsburgh Mesa Baltimore Albuquerque FortWayne OklahomaCity Hialeah Glendale Columbus Milwaukee StPetersburg Lubbock Chesapeake Fresno Lexington JerseyCity Toledo Tampa Houston Stockton SanFrancisco Madison Louisville Memphis Honolulu Scottsdale Newark SanAntonio Austin Aurora Omaha Miami KansasCity NewOrleans Chandler Plano LosAngeles Bakersfield Minneapolis BatonRouge FortWorth LongBeach Dallas Tucson Detroit Denver Irvine SaintPaul
45
LosAngeles ElPaso
Houston Houston
Phoenix Phoenix
SanAntonio SanAntonio
SanDiego SanDiego
Dallas Dallas
SanJose SanJose
Austin Austin
FortWorth FortWorth
Columbus Columbus
Charlotte Charlotte
Denver Denver
Memphis Memphis
OklahomaCity OklahomaCity
Baltimore Baltimore
Milwaukee Milwaukee
Tucson Raleigh Tucson
Fresno Spokane
Mesa Indianapolis
LongBeach LongBeach
Minneapolis Lincoln
Tampa Tampa
NewOrleans NewOrleans
Bakersfield Bakersfield
Aurora Aurora
Honolulu Honolulu
SantaAna SantaAna
Lexington Lexington
Stockton Stockton
Pittsburgh Pittsburgh
Plano Plano
Newark Newark
Toledo Atlanta
Durham WinstonSalem Durham
ChulaVista Cincinnati
FortWayne Anchorage FortWayne
JerseyCity Laredo JerseyCity
StPetersburg Henderson StPetersburg
Madison Madison
Chandler Chandler
Lubbock Lubbock
Scottsdale Scottsdale
Glendale Glendale
Chesapeake Chesapeake
Hialeah Hialeah
