Jacksonville Atlanta SanFrancisco Nashville Milwaukee Tucson Columbus Detroit Tulsa Albuquerque Oakland Phoenix OklahomaCity Boston SanJose Indianapolis LosAngeles Raleigh Austin Omaha LongBeach LasVegas Seattle Portland Arlington Louisville Atlanta Jacksonville
22
LosAngeles LosAngeles
Phoenix Phoenix
SanJose SanJose
Austin Austin
Jacksonville Jacksonville
Columbus Columbus
SanFrancisco SanFrancisco
Indianapolis Indianapolis
Seattle Seattle
Boston Boston
Nashville VirginiaBeach ElPaso
Portland Portland
OklahomaCity FortWorth
LasVegas LasVegas
Louisville Louisville
Albuquerque Albuquerque
Tucson Tucson
Atlanta Fresno Atlanta
Raleigh Memphis
LongBeach LongBeach
Oakland Philadelphia
Tulsa Minneapolis Tulsa
