Hernandezville Joelview Downsville Richardhaven Tammychester Richardhaven Downsville Joelview Mitchellchester Lopezmouth Dixonton Francesmouth Dixonton Keithton Dixonton Lopezmouth Heathermouth Lopezview Heathermouth Lopezmouth Mitchellchester Joelview Farmerside Gabriellabury Courtneyfurt Gabriellabury Farmerside Ryanton Williamsmouth Mcdonaldmouth Williamsmouth Ryanton Farmerside Ralphtown Garciaport Charlesburgh Garciaport Ralphtown Stricklandbury Tylermouth Stricklandbury Ralphtown Farmerside Joelview Hernandezville Beckyshire Ponceville Mcculloughchester Crystalchester Smithmouth Crystalchester Mcculloughchester Jonestown Kellyfort Jonestown Barbarachester Jonestown Mcculloughchester Ponceville Bridgesville Riveramouth Martinton Riveramouth Bradshawside Riveramouth Bridgesville Dennisstad Wilsonburgh Dennisstad Bridgesville Esparzaberg Thomasburgh Esparzaberg Kristinbury Esparzaberg Bridgesville Ponceville Garymouth Camposstad Donaldstad Camposstad Garymouth Christophertown Crystaltown Christophertown Garymouth Ponceville Beckyshire Derekton Wallaceville Morenoside Wallaceville Derekton Beckyshire Hernandezville
26
Kellyfort Pittsland Tinatown Kellyfort
Derekton Belindamouth
Downsville Haasville
Tammychester Rebeccaton Tammychester
Charlesburgh Angelaview Charlesburgh
Barbarachester Jonesberg Barbarachester
Kristinbury Allenberg Kristinbury
Donaldstad Thomastown Donaldstad
Smithmouth Robertborough Smithmouth
Heathermouth Emilymouth
Martinton Deborahfort Brianland Martinton
Thomasburgh Sanchezland Johnsonmouth Thomasburgh
Tylermouth Deanstad Tylermouth
Courtneyfurt Morrisbury Contrerasland
Bradshawside Wandaside Bradshawside
Lopezview Robertsfort Lopezview
Wilsonburgh Josephton Harristown Wilsonburgh
Keithton Andrewland Aprilstad Keithton
Mitchellchester Huynhton
Williamsmouth Johnstonmouth
Morenoside Johnport Amberfurt
Mcdonaldmouth Adkinsfurt Mcdonaldmouth
Camposstad Williamsville
Gabriellabury Hendersonchester
Crystaltown Johnsontown Crystaltown
Francesmouth Richardville Francesmouth
