Porterton Wallton Davisstad Newmanburgh Gallowaymouth Rioshaven Gallowaymouth Newmanburgh Davisstad Leechester Pettyton Bondmouth Pettyton Leechester Davisstad Jacksonton Singletonton Clarkbury Singletonton Jacksonton Davisstad Wallton Derekmouth Geraldside Michellehaven Ramosborough Michellehaven Cranemouth Michellehaven Geraldside Joseport Hallborough Joseport Gabrielburgh Joseport Geraldside Derekmouth Charlesberg Weberbury Kimberlyburgh Weberbury Charlesberg Kevinberg Adamside Kevinberg Patriciabury Kevinberg Charlesberg Sethland Ellisstad Sethland Charlesberg Derekmouth Jeffreyfort Garytown Audreyfort Garytown Jeffreyfort Johnsonchester Jeffreyfort Derekmouth Wallton Danielleport Scottburgh Laurenbury Haleview Laurenbury Scottburgh Danielleport Melissaview Cheyennefurt Watsonville Cheyennefurt Melissaview Campbellhaven Annberg Campbellhaven Melissaview Danielleport Cooperton Lopezborough Waltersmouth Lopezborough Cooperton Danielleport Wallton Porterton Dianashire Burgessview Williamfort Moodyburgh Gregoryberg Smithfort Gregoryberg Moodyburgh Heatherberg Thomasborough Heatherberg Moodyburgh Williamfort Williamport Ashleystad Holthaven Ashleystad Codyton Ashleystad Williamport Williamfort Thomasville Lopezburgh Byrdfurt Lopezburgh Thomasville Williamfort Burgessview Marcusburgh Matthewburgh Bondfort Shawnmouth Bondfort Adamview Bondfort Matthewburgh Virginiastad Robinsonmouth Virginiastad Matthewburgh Marcusburgh Fletcherland Kingview Williamschester Kingview Fletcherland Marcusburgh Tylerbury Marcusburgh Burgessview Billton Banksburgh Simmonsburgh Michaelville Simmonsburgh Banksburgh Yvonneborough Parkermouth Yvonneborough Banksburgh Billton Burgessview Dianashire Ashleyborough Clarkberg Reevestown Judithview Michaelview Judithview Reevestown Clarkberg Burtonview Murphyside Bakertown Murphyside Burtonview Clarkberg Ashleyborough Paulburgh Robertsstad Toddtown Swansonshire Toddtown Robertsstad Paulburgh Walltown Callahantown Maryport Callahantown Walltown Scotttown Jacksonview Scotttown Walltown Paulburgh Ashleyborough Osborneville Christophermouth Shawnhaven Christophermouth Osborneville Payneview Jacksonville Jennifertown Jacksonville Payneview Teresafort Smithtown Teresafort Payneview Barnesmouth Harrisport Barnesmouth Payneview Osborneville Ashleyborough Dianashire Porterton
50
Lopezburgh Leahmouth
Bondmouth Mercedesmouth Taylorton Bondmouth
Tylerbury Hansonbury Wilsonstad
Swansonshire Abigailhaven Swansonshire
Smithfort Millerborough Smithfort
Kimberlyburgh Candiceland Kimberlyburgh
Michaelview Clarenceview Michaelview
Ramosborough Fordhaven Ramosborough
Shawnmouth Buckleyside Priceville Shawnmouth
Audreyfort Patriciaside Audreyfort
Parkermouth Shawnfort Parkermouth
Gabrielburgh Hodgesstad Gabrielburgh
Smithtown Jacksonland Abigailville Smithtown
Michaelville Williamland Michaelville
Codyton Mindyview Ryanside Codyton
Fletcherland Ortizberg
Sethland Tannerhaven
Robinsonmouth Horneside Robinsonmouth
Williamschester Mirandaview Williamschester
Annberg Houstonchester Dyerport Annberg
Jacksonview Danielville Jacksonview
Adamview Harrisborough Adamview
Pettyton Jonesfurt
Jacksonville Christopherhaven
Hallborough Kylieview Hallborough
Watsonville Christyland Robertomouth Watsonville
Byrdfurt Garciamouth Loweryborough Byrdfurt
Harrisport Brendaview Harrisport
Clarkbury Jermaineton Clarkbury
Shawnhaven Candaceborough Dannyside
Jennifertown Feliciaville Jennifertown
Cheyennefurt Thompsonshire
Bakertown Derekville Jameston Bakertown
Waltersmouth Adamport Adkinsberg
Maryport Combsville Reynoldsview Maryport
Thomasborough Masseyside Ortegaberg Thomasborough
Ellisstad Osbornemouth Ellisstad
Leechester Suttonville
Barnesmouth Clarkborough
Virginiastad Johnsonberg
Walltown Williamshire
Patriciabury Thomasmouth Troyfort Patriciabury
Teresafort Calvinton
Holthaven Vickiville Holthaven
Adamside Bradberg Andrewschester Adamside
Johnsonchester Susanfort Nealfurt
Weberbury Clarkport
Rioshaven Josephstad Rioshaven
Haleview Hallstad Haleview
Cranemouth Joneschester Cranemouth
