0 23 88 64 50 34 57 25 70 16 47 22 51 13 5 75 74 5 41 32 59 97 31 2 86 66 140 68 77 98 65 26 11 18 87 17 8 30 72 194 61 28 38 42 45 4 60 49 54 92 99 27 96 67 39 94 71 10 81 20 53 12 62 134 44 37 35 128 19 85 58 1 69 43 3 80 21 93 29 89 147 82 40 83 52 9 6 24 46 63 139 48 15 33 76 84 90 55 78 36 14 56 79 73 0
97
0 0
1 1
2 2
3 3
4 4
5 5
6 6
8 8
9 9
10 10
11 11
12 12
13 13
14 14
15 15
16 16
17 17
18 18
19 19
20 20
21 21
22 22
23 23
24 24
25 25
26 26
27 27
28 28
29 29
30 30
31 31
32 32
33 33
34 34
35 35
36 36
37 37
38 38
39 39
40 40
41 41
42 42
43 43
44 44
45 45
46 46
47 47
48 48
49 49
50 7 50
51 51
52 52
53 53
54 54
55 55
56 56
57 57
58 58
59 59
60 60
61 61
62 62
63 63
64 64
65 65
66 66
67 67
68 68
69 69
70 70
71 71
72 72
73 73
74 74
75 75
76 76
77 77
78 78
79 79
80 80
81 81
82 82
83 83
84 84
85 85
86 86
87 95 87
88 88
89 89
90 90
92 92
93 93
94 94
96 96
97 97
98 91 98
99 99
