K BH FS CD AM CF BT M BL GN R AS DH DS AN EB DC U DG EL DI DK AJ DT EK T FO CB FZ DD FI GO Z J EQ CE FP Y DL GF CT GI CQ FH CJ BR FT GK FR AU FG BI DB DX EM EA BP FJ GJ P EC FE FV AP BO AX BA G BE BY V I BG FM DZ AB EZ DN EH FU FX DR BQ EG AG GG CW CV L BB AF GC ED AE X CY EV DE EO EY CC CM GR AW AH EU BX DP GL BF DV BJ FD EN CA EJ B K
98
B B
G G
I I
L L
M M
P P
R R
T T
U U
V V
X X
Y Y
Z Z
AB AB
AF AF
AG AG
AH AH
AJ AJ
AM AM
AN AN
AS AS
AW AW
AX AX
BA BA
BB BB
BE BE
BF BF
BG BG
BI BI
BJ BJ
BL BL
BO BO
BP BP
BQ BQ
BR BR
BX BX
BY BY
CA GD
CB CB
CE CE
CF CF
CJ CJ
CM CM
CQ CQ
CT CT
CW CW
CY CY
DB DB
DC DC
DG DG
DH DH
DI DI
DK DK
DP DP
DR DR
DS DS
DV DV
DX DX
DZ DZ
EA EA
EC EC
ED ED
EG EG
EH EH
EJ EJ
EK GE EK
EL EL
EM EM
EN EN
EO EO
EQ EQ
EU EU
EV EV
EZ EZ
FD FD
FE FE
FG FG
FH CK FH
FI FI
FJ FJ
FM FM
FO FO
FP FP
FR FR
FS FS
FU FU
FV FV
FX FX
FZ FZ
GC GC
GF GF
GG GG
GI GI
GJ GJ
GK GK
GL GL
GO GO
GR GR
