fmdhlepsteinstdnkill epsteindlsfdntmkillh dnkillepsteinlshdtfm mftkillepsteinndlhsd tmsdnfdlkillhepstein epsteindfhlmdnskillt dlnsthfmepsteinkilld dfdkillepsteinslmhnt lnsmkilltfdepsteindh stepsteinhkillfmnldd dmepsteinfnhltkillsd epsteinkillmsftnddlh epsteinskilldlndhmtf lthfkilldnsmepsteind hepsteinsddnfkillmlt ddtmkillepsteinflsnh fddsepsteinhnlkilltm msfltdkillnepsteinhd hnfdtmlepsteinkillds nhslfmepsteindtkilld hsdfepsteintlnkilldm fshtdepsteinmldnkill dmdepsteinnhkilllsft hnsdkilllftdmepstein epsteinfsddmthkillnl tlsfdmdepsteinnhkill fhndskillepsteintldm ddlmnftepsteinhskill fepsteinhsntddkilllm killmlepsteindthnfsd ntlepsteindmfdshkill nepsteinlmdkilldhfts epsteinkillnmsdhtdlf fkillepsteinmldnhstd fmsepsteindntldhkill tlmsdhdnkillfepstein hsndepsteindlmtkillf lndsdkilltmepsteinhf hkilldfepsteinmdlnts fdshnmkillepsteinltd killnsfmhdepsteindtl nfdhkilllsmtepsteind dfkilllmtepsteinhdsn tdfepsteinnlhdkillsm epsteinmhndfkilltdls dfslntkillmepsteindh epsteintdkilllnfdhms killdmnsfhldepsteint flepsteindndhmtkills epsteinlshkilldnfdmt killepsteinlhtfdsmdn dhkilllsepsteinmntdf ndkillftdsmepsteinlh lmhdtfdepsteinnkills dnkillepsteinlshdtfm epsteindlsfdntmkillh fmdhlepsteinstdnkill
45
msfltdkillnepsteinhd msfltdkillnepsteinhd
flepsteindndhmtkills flepsteindndhmtkills
hepsteinsddnfkillmlt nkilltdhlmdepsteinsf hepsteinsddnfkillmlt
fhndskillepsteintldm fhndskillepsteintldm
nepsteinlmdkilldhfts nepsteinlmdkilldhfts
ndkillftdsmepsteinlh ndkillftdsmepsteinlh
ddtmkillepsteinflsnh ddtmkillepsteinflsnh
lndsdkilltmepsteinhf lndsdkilltmepsteinhf
killmlepsteindthnfsd killmlepsteindthnfsd
ntlepsteindmfdshkill ntlepsteindmfdshkill
dmepsteinfnhltkillsd dmepsteinfnhltkillsd
epsteinmhndfkilltdls epsteinmhndfkilltdls
fmsepsteindntldhkill fmsepsteindntldhkill
mftkillepsteinndlhsd mftkillepsteinndlhsd
hnsdkilllftdmepstein hnsdkilllftdmepstein
epsteinfsddmthkillnl dhepsteindsnlkillfmt
fshtdepsteinmldnkill fshtdepsteinmldnkill
epsteindlsfdntmkillh epsteindlsfdntmkillh
epsteindfhlmdnskillt epsteindfhlmdnskillt
killdmnsfhldepsteint killdmnsfhldepsteint
tlmsdhdnkillfepstein lsdepsteinfmkillndth tmlepsteinsdnfkillhd tlmsdhdnkillfepstein
dfkilllmtepsteinhdsn dfkilllmtepsteinhdsn
epsteinskilldlndhmtf epsteinskilldlndhmtf
nfdhkilllsmtepsteind nfdhkilllsmtepsteind
dhkilllsepsteinmntdf dhkilllsepsteinmntdf
hsndepsteindlmtkillf hsndepsteindlmtkillf
epsteinlshkilldnfdmt epsteinlshkilldnfdmt
dnkillepsteinlshdtfm dnkillepsteinlshdtfm
fkillepsteinmldnhstd depsteinnlsfmhtkilld
lmhdtfdepsteinnkills lmhdtfdepsteinnkills
fdshnmkillepsteinltd fdshnmkillepsteinltd
killnsfmhdepsteindtl killnsfmhdepsteindtl
tlsfdmdepsteinnhkill tlsfdmdepsteinnhkill
tmsdnfdlkillhepstein lhepsteinkilldtnmfsd
epsteinkillmsftnddlh nltdmsfepsteinkilldh epsteinkillmsftnddlh
stepsteinhkillfmnldd stepsteinhkillfmnldd
hnfdtmlepsteinkillds hdepsteinskillldtnfm hnfdtmlepsteinkillds
fmdhlepsteinstdnkill nhmkilllsftepsteindd
fepsteinhsntddkilllm fepsteinhsntddkilllm
killepsteinlhtfdsmdn killepsteinlhtfdsmdn
epsteintdkilllnfdhms epsteintdkilllnfdhms
hsdfepsteintlnkilldm hsdfepsteintlnkilldm
dlnsthfmepsteinkilld dlnsthfmepsteinkilld
ddlmnftepsteinhskill ddlmnftepsteinhskill
lnsmkilltfdepsteindh lnsmkilltfdepsteindh
