dldkilltnmhfepsteins msddkilllthepsteinfn dlfdkilltepsteinhnms fhnmkillepsteinsdltd lepsteindnhstfdmkill ldepsteindhkilltsmfn dfdepsteintlnskillhm epsteinshlkilldmnfdt dkillnmhldstfepstein fsepsteindkillhmtdln skillthlfndepsteindm mkillthfdlnepsteinds dtsmdnlhfepsteinkill epsteinsnmflhtdkilld mhkillepsteinddlfsnt hdntepsteinkilllsdfm dkillnmhldstfepstein skillmfepsteinthddnl killepsteinfdlhdtnms dhtepsteinkillsdflmn hnsepsteinmkillfddtl hnskillepsteintfdmld nsepsteinfmdkillhldt lkillfthdsepsteindnm hnddkilltslmfepstein thdlskillnfdmepstein dmtlsfhnkilldepstein dnldkillhmfstepstein killdldepsteinmfsthn shfnmltepsteindkilld killtdslhfdepsteinnm slepsteinkillfmddhtn depsteinlfnmkilldsht tldkillhsfnmepsteind depsteinftndhmkillsl epsteindkilltlmnhsfd hkilllepsteinnstfddm killmfndshdtepsteinl depsteinslkillhdftmn killthsepsteindmlfdn nepsteindhkillltmsfd sndldftmkillepsteinh killhtdmdlnsfepstein hmdkilllnepsteinfsdt lsmftnepsteinkillhdd dflstmkillepsteindhn killdepsteinmfltdshn tsdnhkilllmepsteindf tdfkillslepsteinhdmn sldhnfmtdkillepstein msepsteintlhnfkilldd shepsteinnkillftlddm tepsteinhsdkillmldfn epsteinldtnfmshdkill thnkillmddsepsteinfl fthlkillnepsteindsdm nftmskilldldepsteinh mdkillnlsdtepsteinhf lhsntdepsteindkillmf lmkillepsteintsndfhd hepsteinntdkillsdmfl lmkillepsteintsndfhd ndshkilldmlepsteinft ndkillthdepsteinlsmf dftkillhmldnepsteins mndtkillepsteindlfhs hlfdskilldnepsteintm dsftepsteindhkillmnl mfndlsdepsteinhkillt dmldfhskillntepstein mdkillntepsteindfhsl tndskilldfepsteinmhl dkillnmsfhtlepsteind fdskillndtmepsteinlh killmdshdtnflepstein sdndhepsteinltkillfm tdkillepsteinsmhdfnl epsteintfhndkilllmsd tdnfmdhepsteinslkill dlshdtepsteinnkillfm dkillldfepsteintsmnh hmndfkillslepsteintd epsteindmshtfldnkill dfkilllepsteinsnmhtd ldfsmnepsteinkilltdh hepsteinnfmtlkilldds killtepsteinddhlmnsf ltfnsdhepsteinkilldm killtdmsdfhnepsteinl dhkillldsepsteintnmf epsteinfsltkillnhddm killhdfnsepsteinmltd fdmtdepsteinkilllsnh mdkilllfdnstepsteinh epsteinfthkilldnslmd ntmdhepsteinsdkillfl fddsmepsteintnkillhl dhsepsteintlkillmfnd epsteinhdkillltsmfdn mkilldlshdtfepsteinn epsteinhnkillsldfdmt nmdhepsteinkilltfsld hsepsteinfkillnmddtl hndsmfkilltldepstein fhdmnepsteindkillslt fmtnkilldepsteindhsl mhdskillldftnepstein dhmkillfdltnsepstein lkilldtnmsepsteindfh tsmdepsteinkillhfdln killfthnmsdlepsteind killsepsteindmtflhnd msddkilllthepsteinfn dldkilltnmhfepsteins
91
tdfkillslepsteinhdmn tdfkillslepsteinhdmn
hnskillepsteintfdmld hnskillepsteintfdmld
lsmftnepsteinkillhdd lsmftnepsteinkillhdd
epsteinhnkillsldfdmt epsteinhnkillsldfdmt
killtdmsdfhnepsteinl killtdmsdfhnepsteinl
dlshdtepsteinnkillfm dlshdtepsteinnkillfm
mdkillntepsteindfhsl mdkillntepsteindfhsl
tsmdepsteinkillhfdln tsmdepsteinkillhfdln
tdkillepsteinsmhdfnl tdkillepsteinsmhdfnl
killtdslhfdepsteinnm killtdslhfdepsteinnm
depsteinftndhmkillsl hepsteinnfdmlsdtkill depsteinftndhmkillsl
msepsteintlhnfkilldd msepsteintlhnfkilldd
lmkillepsteintsndfhd lmkillepsteintsndfhd
killfthnmsdlepsteind killfthnmsdlepsteind
fhdmnepsteindkillslt fhdmnepsteindkillslt
fddsmepsteintnkillhl fddsmepsteintnkillhl
ndshkilldmlepsteinft ndshkilldmlepsteinft
nmdhepsteinkilltfsld nmdhepsteinkilltfsld
ntmdhepsteinsdkillfl ntmdhepsteinsdkillfl
fdskillndtmepsteinlh fdskillndtmepsteinlh
slepsteinkillfmddhtn slepsteinkillfmddhtn
killmfndshdtepsteinl killmfndshdtepsteinl
dhsepsteintlkillmfnd dhsepsteintlkillmfnd
msddkilllthepsteinfn msddkilllthepsteinfn
tldkillhsfnmepsteind tldkillhsfnmepsteind
killdldepsteinmfsthn killdldepsteinmfsthn
nftmskilldldepsteinh nftmskilldldepsteinh
skillthlfndepsteindm skillthlfndepsteindm
epsteinfthkilldnslmd epsteinfthkilldnslmd
lepsteindnhstfdmkill lepsteindnhstfdmkill
epsteindmshtfldnkill epsteindmshtfldnkill
dkillnmsfhtlepsteind dkillnmsfhtlepsteind
sndldftmkillepsteinh sndldftmkillepsteinh
killdepsteinmfltdshn killdepsteinmfltdshn
dkillnmhldstfepstein dkillnmhldstfepstein
killhtdmdlnsfepstein nfltdmkillsdepsteinh killhtdmdlnsfepstein
thdlskillnfdmepstein lepsteinkilldhfmstnd thdlskillnfdmepstein
fsepsteindkillhmtdln epsteinlmkillfshnddt fsepsteindkillhmtdln
mndtkillepsteindlfhs mndtkillepsteindlfhs
ndkillthdepsteinlsmf ndkillthdepsteinlsmf
hsepsteinfkillnmddtl hsepsteinfkillnmddtl
epsteintfhndkilllmsd epsteintfhndkilllmsd
ltfnsdhepsteinkilldm tepsteinmdfldhnskill ltfnsdhepsteinkilldm
shfnmltepsteindkilld shfnmltepsteindkilld
fmtnkilldepsteindhsl mkillldnhepsteinstfd fmtnkilldepsteindhsl
epsteindkilltlmnhsfd epsteindkilltlmnhsfd
killhdfnsepsteinmltd killhdfnsepsteinmltd
dsftepsteindhkillmnl sdlhfnmdepsteintkill
mkillthfdlnepsteinds mkillthfdlnepsteinds
epsteinfsltkillnhddm fmltddhnepsteinskill
sldhnfmtdkillepstein sldhnfmtdkillepstein
mkilldlshdtfepsteinn mkilldlshdtfepsteinn
lkilldtnmsepsteindfh lkilldtnmsepsteindfh
thnkillmddsepsteinfl thnkillmddsepsteinfl
ldepsteindhkilltsmfn ldepsteindhkilltsmfn
epsteinsnmflhtdkilld epsteinsnmflhtdkilld
dnldkillhmfstepstein dnldkillhmfstepstein
hnsepsteinmkillfddtl hnsepsteinmkillfddtl
nepsteindhkillltmsfd nepsteindhkillltmsfd
sdndhepsteinltkillfm sdndhepsteinltkillfm
fhnmkillepsteinsdltd fhnmkillepsteinsdltd
dfkilllepsteinsnmhtd dfkilllepsteinsnmhtd
tndskilldfepsteinmhl tndskilldfepsteinmhl
killtepsteinddhlmnsf killtepsteinddhlmnsf
dlfdkilltepsteinhnms dlfdkilltepsteinhnms
mdkillnlsdtepsteinhf mdkillnlsdtepsteinhf
epsteinldtnfmshdkill epsteinldtnfmshdkill
epsteinhdkillltsmfdn epsteinhdkillltsmfdn
dtsmdnlhfepsteinkill dtsmdnlhfepsteinkill
dhtepsteinkillsdflmn dhtepsteinkillsdflmn
dmldfhskillntepstein dmldfhskillntepstein
dflstmkillepsteindhn dflstmkillepsteindhn
hmndfkillslepsteintd hmndfkillslepsteintd
tsdnhkilllmepsteindf tsdnhkilllmepsteindf
lhsntdepsteindkillmf lhsntdepsteindkillmf
dmtlsfhnkilldepstein dmtlsfhnkilldepstein
ldfsmnepsteinkilltdh ldfsmnepsteinkilltdh
dhmkillfdltnsepstein dhmkillfdltnsepstein
mhkillepsteinddlfsnt mhkillepsteinddlfsnt
depsteinlfnmkilldsht lhepsteintndkilldsmf depsteinlfnmkilldsht
hmdkilllnepsteinfsdt hmdkilllnepsteinfsdt
fdmtdepsteinkilllsnh fdmtdepsteinkilllsnh
depsteinslkillhdftmn depsteinslkillhdftmn
skillmfepsteinthddnl skillmfepsteinthddnl
dfdepsteintlnskillhm dfdepsteintlnskillhm
mdkilllfdnstepsteinh lkillepsteintdshmfnd mdkilllfdnstepsteinh
hepsteinntdkillsdmfl depsteintkilllnmsfdh hepsteinntdkillsdmfl
lkillfthdsepsteindnm dtnkillsepsteinmdfhl
mhdskillldftnepstein mhdskillldftnepstein
killthsepsteindmlfdn killthsepsteindmlfdn
tepsteinhsdkillmldfn tepsteinhsdkillmldfn
