tepsteinfdkilldlmhns hdepsteinsmdtnflkill fnlskillhtepsteindmd thsfnmkilldlepsteind tskillepsteinhfmddnl lepsteinfdkillsdnmht dhlepsteindkillsmtnf mfskillnhlddtepstein thmepsteinlkillfsndd slepsteinftndkillmdh htskillepsteindnlfdm ndlmhepsteintdskillf tmhsnfepsteinldkilld hepsteinnfstkilllmdd hfskillnepsteinldtdm ldnmepsteinhfstdkill ndlepsteinhdtskillfm fnmhskilldepsteinltd msnepsteinfkillhtdld snldmtkillfepsteindh epsteinthsdmndkillfl nkillsdtdhfmlepstein killepsteintdldshfnm nlhtdsdepsteinfmkill tepsteinfdkilldlmhns
22
ndlmhepsteintdskillf ndlmhepsteintdskillf
ldnmepsteinhfstdkill hldmepsteindsnkilltf skilldnmlhdftepstein
lepsteinfdkillsdnmht nfdhepsteinltsdmkill lepsteinfdkillsdnmht
mfskillnhlddtepstein epsteindsmnlfdtkillh
nlhtdsdepsteinfmkill nlhtdsdepsteinfmkill
hepsteinnfstkilllmdd hepsteinnfstkilllmdd
dhlepsteindkillsmtnf dhlepsteindkillsmtnf
nkillsdtdhfmlepstein nkillsdtdhfmlepstein
msnepsteinfkillhtdld hkillmepsteinstdfdnl msnepsteinfkillhtdld
fnlskillhtepsteindmd fnlskillhtepsteindmd
tskillepsteinhfmddnl tskillepsteinhfmddnl
killepsteintdldshfnm killepsteintdldshfnm
epsteinthsdmndkillfl epsteinthsdmndkillfl
hdepsteinsmdtnflkill hdepsteinsmdtnflkill
hfskillnepsteinldtdm killnfhdsdltepsteinm
fnmhskilldepsteinltd fnmhskilldepsteinltd
ndlepsteinhdtskillfm ndlepsteinhdtskillfm
snldmtkillfepsteindh snldmtkillfepsteindh
htskillepsteindnlfdm htskillepsteindnlfdm
thmepsteinlkillfsndd thmepsteinlkillfsndd
tmhsnfepsteinldkilld tmhsnfepsteinldkilld
slepsteinftndkillmdh epsteinsdfmhltkillnd
