149 100 105 103 104 120 119 140 125 123 122 126 117 115 116 107 100 149 060 062 054 053 056 053 054 063 072 084 088 087 086 074 075 076 077 078 077 076 075 074 085 073 072 063 090 091 092 097 096 099 090 063 054 062 070 069 067 070 062 060 149 000 001 002 013 024 025 026 027 028 038 037 036 044 031 024 013 002 001 000 149
29
140 142
024 006
026 026
031 031
037 037
038 048
053 050 053
054 059 054
056 066 056
060 060
063 065 064
067 067
069 069
070 068
076 080 081
078 083 079 078
085 085
086 086
087 089
088 088
091 091
096 096
097 097
103 103
104 104
105 111
115 115
123 123
126 126
