FortCollins Hollywood Erie Arvada Davenport Albuquerque Jacksonville Gilbert Augusta BatonRouge Burbank Indianapolis Garland GrandRapids Killeen LasCruces Joliet Fairfield Lancaster Anchorage Lubbock Louisville Barnstable Aberdeen CollegeStation Boise ElPaso Lakeland Bellevue Independence Hemet Knoxville Harlingen Bakersfield AnnArbor BonitaSprings Baltimore Charleston Fargo Arvada Hickory Inglewood DesMoines Chandler LittleRock Greensboro Abilene Grayslake Bremerton Allentown Henderson BoiseCity Eugene Bethlehem Beaumont Detroit Lacey Brighton Fremont Cary Irving ColoradoSprings Layton Kennewick Cleveland Austin Lorain CedarRapids AppleValley Fontana Harrisburg Irvine ElkGrove Champaign Elkhart Kissimmee Amarillo Alexandria Carrollton Frederick Hampton Lafayette Lakewood Carrollton CapeCoral Berkeley DavidsonCounty Kalamazoo Fresno Houston DalyCity Fayetteville Brownsville Appleton Jefferson Dallas Bradenton Bridgeport McAllen Chicago Clearwater Evansville Danbury Atlanta Manchester Leominster Arvada FortWaltonBeach Elizabeth Akron FortCollins
97
Aberdeen Aberdeen
Abilene Abilene
Akron Akron
Albuquerque Albuquerque
Alexandria Alexandria
Allentown Allentown
Amarillo Amarillo
Anchorage Anchorage
AnnArbor AnnArbor
AppleValley AppleValley
Appleton Appleton
Arvada Arvada
Atlanta Atlanta
Augusta Augusta
Austin Austin
Bakersfield Bakersfield
Baltimore Baltimore
Barnstable Barnstable
Beaumont Beaumont
Bellevue Bellevue
Berkeley ElMonte Berkeley
Bethlehem Bethlehem
Boise Boise
BoiseCity BoiseCity
BonitaSprings BonitaSprings
Bradenton Bradenton
Bremerton Bremerton
Brighton Brighton
Brownsville Brownsville
Burbank Burbank
CapeCoral CapeCoral
Carrollton Carrollton
Cary Cary
CedarRapids CedarRapids
Champaign Champaign
Chandler Chandler
Chicago Chicago
Cleveland Cleveland
CollegeStation CollegeStation
ColoradoSprings ColoradoSprings
Dallas Dallas
DalyCity DalyCity
Danbury Danbury
DavidsonCounty DavidsonCounty
DesMoines DesMoines
Detroit Detroit
ElPaso ElPaso
Elizabeth Elizabeth
Elkhart Elkhart
Erie Erie
Eugene Eugene
Evansville Evansville
Fairfield Fairfield
Fargo Fargo
Fayetteville Fayetteville
Fontana Fontana
FortCollins FortCollins
FortWaltonBeach FortWaltonBeach
Frederick Frederick
Fremont Fremont
Fresno Fresno
Garland Garland
Gilbert Gilbert
GrandRapids GrandRapids
Grayslake Grayslake
Hampton Hampton
Harlingen Harlingen
Harrisburg Harrisburg
Hemet Hemet
Henderson Henderson
Hickory Hickory
Hollywood Hollywood
Houston Houston
Independence Independence
Indianapolis Indianapolis
Inglewood Inglewood
Irvine Irvine
Irving Irving
Jacksonville Jacksonville
Jefferson Jefferson
Joliet Joliet
Kalamazoo Kalamazoo
Kennewick Anaheim Kennewick
Knoxville Knoxville
Lacey Lacey
Lafayette Lafayette
Lakeland Lakeland
Lakewood Lakewood
Lancaster Lancaster
LasCruces LasCruces
Layton Denver Layton
Leominster Leominster
LittleRock LittleRock
Lorain Lorain
Louisville Louisville
Lubbock Lubbock
Manchester Manchester
