CorpusChristi ElPaso Akron DalyCity Canton Charleston Clearwater Bryan Abilene Chattanooga Escondido Arlington Augusta BatonRouge Chesapeake Durham Albuquerque Columbus Detroit Beaumont Austin Asheville Brownsville Columbia Elizabeth Bloomington Buffalo Carrollton Arvada Davenport Anchorage BelAir Elkhart Champaign Anaheim CathedralCity Amarillo Cincinnati AppleValley Chandler BoiseCity Danbury DavidsonCounty ColoradoSprings Bremerton Denton Chicago Bridgeport Dallas BonitaSprings Alexandria Denver Burbank ElMonte CorpusChristi
46
Akron Akron
Albuquerque Albuquerque
Alexandria Alexandria
Amarillo Amarillo
Anaheim Anaheim
Anchorage Deltona
AppleValley AppleValley
Arvada Arvada
Asheville Asheville
Augusta Augusta
Austin Austin
Beaumont Beaumont
BelAir BelAir
Bloomington Bloomington
BoiseCity BoiseCity
BonitaSprings BonitaSprings
Bremerton Bremerton
Bridgeport Bridgeport
Brownsville Brownsville
Bryan Bryan
Canton Canton
Carrollton Carrollton
CathedralCity CathedralCity
Champaign Champaign
Chandler Chandler
Charleston Charleston
Chattanooga Chattanooga
Chicago Appleton Chicago
Cincinnati Cincinnati
Clearwater Boulder Clearwater
ColoradoSprings ColoradoSprings
Columbia Columbia
Columbus Columbus
CorpusChristi Downey CapeCoral CorpusChristi
Dallas Dallas
DalyCity DalyCity
Danbury Danbury
Davenport Davenport
Denton Denton
Denver Denver
Durham Durham
ElMonte ElMonte
ElPaso ElPaso
Elizabeth Elizabeth
Elkhart Elkhart
Escondido Escondido
