BatonRouge Burbank Buffalo AtlanticCity Boulder Bryan Birmingham AnnArbor Beaumont Albuquerque Boston BoiseCity Aberdeen Aurora Akron Bethlehem Albany Augusta Barnstable Baltimore Atlanta Berkeley Amarillo Arvada Allentown Abilene Cambridge Bradenton Bellevue BatonRouge
25
Aberdeen Aberdeen
Abilene Abilene
Albany Albany
Albuquerque Albuquerque
Amarillo Amarillo
AnnArbor AnnArbor
Arvada Arvada
Atlanta Atlanta
AtlanticCity AtlanticCity
Aurora Aurora
Barnstable Barnstable
BatonRouge BatonRouge
Beaumont Beaumont
Bellevue Anchorage
Berkeley Berkeley
Bethlehem Bethlehem
Birmingham Birmingham
BoiseCity BoiseCity
Boston Boston
Boulder Boulder
Bradenton Bradenton
Bryan Bryan
Buffalo Buffalo
Burbank Burbank
Cambridge Cambridge
