152 75 153 183 51 154 78 2 0 179 184 7 96 85 61 45 160 157 121 155 58 186 12 182 5 113 4 161 56 84 147 116 90 41 149 150 91 163 24 143 24 173 94 130 180 66 171 97 27 79 65 144 6 38 13 76 140 169 36 87 28 142 36 139 101 134 165 73 21 168 111 31 112 115 59 53 102 181 69 126 37 39 136 8 108 89 60 145 62 0 95 35 166 81 9 183 50 75 152
69
0 0
2 2
5 5
8 8
9 9
12 12
13 42 13
21 92
27 27
28 28
31 31
35 35
37 37
38 38
41 41
45 45
50 50
51 172 51
53 53
56 56
58 58
60 60
65 65
66 66
73 73
75 75
78 170 78
79 79
81 81
85 85
87 87
89 89
90 90
94 94
95 95
96 96
97 97
101 101
111 111
112 112
113 113
115 54
116 116
121 121
126 126
130 130
134 134
136 136
139 139
140 105
142 142
143 151 143
144 144
145 145
149 149
153 153
157 157
160 175
163 163
165 165
166 166
168 168
169 169
171 171
180 180
181 181
182 182
183 183
184 184
