location34 location59 location98 location115 location72 location136 location182 location91 location149 location159 location135 location55 location174 location137 location153 location184 location197 location40 location103 location101 location130 location104 location76 location111 location52 location105 location175 location99 location97 location194 location199 location11 location68 location187 location177 location54 location63 location172 location14 location47 location37 location12 location38 location79 location180 location79 location96 location27 location23 location192 location163 location142 location120 location119 location79 location6 location17 location46 location125 location155 location189 location121 location123 location95 location92 location170 location3 location32 location109 location144 location45 location28 location177 location117 location147 location15 location88 location126 location21 location176 location89 location134 location92 location114 location60 location108 location132 location71 location151 location181 location5 location116 location161 location122 location64 location24 location188 location167 location2 location158 location39 location34
87
location2 location90 location2
location3 location3
location5 location107
location6 location6
location11 location11
location12 location12
location15 location15
location17 location17
location21 location21
location23 location23
location24 location24
location27 location27
location28 location28
location34 location34
location37 location37
location38 location38
location39 location39
location45 location45
location46 location46
location47 location47
location52 location52
location54 location54
location55 location55
location59 location59
location60 location60
location64 location64
location68 location68
location71 location71
location72 location72
location76 location76
location79 location9 location0 location79
location88 location88
location89 location89
location91 location91
location92 location92
location95 location131
location96 location96
location97 location157
location98 location98
location99 location99
location103 location103
location105 location105
location108 location143
location109 location109
location111 location111
location114 location114
location115 location115
location116 location86
location117 location117
location119 location119
location120 location120
location121 location121
location122 location122
location123 location140
location125 location125
location126 location139
location130 location130
location132 location132
location134 location134
location135 location135
location136 location136
location137 location137
location142 location142
location144 location144
location149 location149
location151 location151
location155 location162 location155
location158 location158
location159 location159
location161 location161
location163 location163
location167 location167
location170 location170
location172 location172
location174 location174
location175 location175
location176 location176
location177 location177
location180 location164 location180
location181 location181
location187 location187
location188 location188
location189 location189
location192 location192
location194 location194
location197 location197
location199 location199
