WNYCV K1ZSD XTUSM UGOIO HZ80H XBRKQ H212X HHCET 65TK9 WH9QK XPFOM XD7IR 1ACIU B8UZ8 KR27P EYREL PQ40E 91RFG TG5ZG X2AM4 KB443 YMTTJ 7CXN0 ULCTZ H8ZPW CUG55 BMC9X ZA57Z 1BUOS V11OW 5I6U4 2KYXC XRQ65 EQWAL OE5TB HR8IA GXYLV BO3AW 9HVLF 2FT0Z URMBF CHXFM GAXPM QTZLJ 77EY5 KRLTG 1NBGE XDKMD F07YB QSI1X 1UWW5 F5YBY 18R1B UUOP5 WNYCV
50
XRQ65 XRQ65
OE5TB OE5TB
91RFG 91RFG
KB443 KB443
XPFOM XPFOM
1BUOS 1BUOS
X2AM4 X2AM4
BO3AW BO3AW
18R1B 18R1B
GXYLV GXYLV
KR27P 42QVU
HR8IA HR8IA
ULCTZ ULCTZ
1NBGE 1NBGE
CUG55 CUG55
HHCET HHCET
7CXN0 7CXN0
EQWAL EQWAL
1ACIU 1ACIU
TG5ZG TG5ZG
QSI1X QSI1X
QTZLJ QTZLJ
77EY5 77EY5
5I6U4 5I6U4
UGOIO UGOIO
UUOP5 UUOP5
ZA57Z ZA57Z
2FT0Z 2FT0Z
GAXPM GAXPM
B8UZ8 B8UZ8
XDKMD XDKMD
XD7IR XD7IR
BMC9X BMC9X
9HVLF 9HVLF
YMTTJ YMTTJ
XBRKQ XBRKQ
H8ZPW H8ZPW
F5YBY F5YBY
V11OW V11OW
K1ZSD K1ZSD
XTUSM XTUSM
KRLTG KRLTG
URMBF URMBF
1UWW5 1UWW5
EYREL EYREL
65TK9 65TK9
HZ80H HZ80H
H212X H212X
F07YB F07YB
2KYXC 2KYXC
