4HOMU JXLE1 FC0PR P419D OIPRN C7WKJ V8GEC 8EXDQ PYPSO T9O11 HWKGJ OLLV9 H1LTE C45HH BVMDZ MC71K LKP22 LLTLN 69BJO FRZVP 768ZF K92O5 YJ67U 8CLEZ Z22CS KOYRV 3AIXW IZESQ ZN2EP NPDI9 M1HJR ZHSBU TBPBM Y61KP WXZHF PTADN 45JXE DOLRQ UDYJK C8O6I V22SY OSJ7O LEBVZ L2PQE TCC7B WI88U EDSMH L2GJ5 1F0YL TORQI DTPF4 7GA8O 6WOBI ELH5L BE5V8 6NY7T CM5WA 4WDJE Q7FCL W2M5C UW44H 52MNN SA6G0 2BUI5 A1QRL HZHRA RU85S 50J5H SHOOM AT3CI VHCFR W2H22 WZB33 H3R1V 0U9HU KC9RF 0D2BR 1RS2N 945CN DCHO3 SKPO7 Q5DAA ZZH8Z WP2MA HV4Z2 XEEQB 2C63O LIRLU X180A DDXG0 PMFJ2 Y4WG4 SYV5N IF7TL 6ACGE KN0CP 0VPRW 68VRF 7U3JG 53Y1R K50JQ 6OA3K CFGE5 PXCIN FMCVK 9WSXC FCYPJ RAAD4 TI35I TY0L7 61QWU ZRPB5 4HOMU
100
L2PQE L2PQE
945CN 945CN
L2GJ5 L2GJ5
2C63O 2C63O
SYV5N SYV5N
768ZF 768ZF
RU85S RU85S
KOYRV KOYRV
XEEQB XEEQB
KC9RF KC9RF
ZN2EP ZN2EP
45JXE 45JXE
UW44H UW44H
0D2BR 0D2BR
M1HJR M1HJR
LIRLU LIRLU
1F0YL 1F0YL
DOLRQ DOLRQ
50J5H 50J5H
WP2MA WP2MA
CFGE5 CFGE5
Q7FCL Q7FCL
0VPRW 0VPRW
SHOOM SHOOM
HWKGJ HWKGJ
6ACGE 6ACGE
DTPF4 DTPF4
7GA8O 7GA8O
7U3JG 7U3JG
BE5V8 BE5V8
TY0L7 TY0L7
W2M5C W2M5C
SA6G0 SA6G0
WI88U WI88U
TORQI TORQI
ZHSBU ZHSBU
DCHO3 DCHO3
RAAD4 RAAD4
FRZVP FRZVP
HZHRA HZHRA
53Y1R 53Y1R
TI35I TI35I
Y61KP Y61KP
9WSXC 9WSXC
C7WKJ C7WKJ
P419D P419D
NPDI9 NPDI9
ZZH8Z ZZH8Z
IF7TL IF7TL
V22SY V22SY
PXCIN PXCIN
K50JQ K50JQ
JXLE1 JXLE1
H1LTE H1LTE
PTADN PTADN
DDXG0 DDXG0
IZESQ IZESQ
2BUI5 2BUI5
3AIXW 3AIXW
1RS2N 1RS2N
0U9HU 0U9HU
WZB33 WZB33
4WDJE 4WDJE
Q5DAA Q5DAA
8EXDQ 8EXDQ
W2H22 W2H22
FCYPJ FCYPJ
PYPSO PYPSO
CM5WA CM5WA
6WOBI 6WOBI
AT3CI AT3CI
SKPO7 SKPO7
ZRPB5 ZRPB5
T9O11 T9O11
LEBVZ LEBVZ
61QWU 61QWU
C45HH C45HH
69BJO 69BJO
ELH5L ELH5L
52MNN 52MNN
X180A X180A
OLLV9 OLLV9
WXZHF WXZHF
OIPRN OIPRN
MC71K MC71K
BVMDZ BVMDZ
6OA3K 6OA3K
FC0PR FC0PR
C8O6I C8O6I
LLTLN LLTLN
A1QRL A1QRL
YJ67U YJ67U
V8GEC V8GEC
PMFJ2 PMFJ2
8CLEZ 8CLEZ
TBPBM TBPBM
LKP22 LKP22
TCC7B TCC7B
EDSMH EDSMH
VHCFR VHCFR
