cy4fm 8RNd8 EWhpw NvAYI wdXpe vSPJ5 Vjg5l X6hJp Iks3D rUUVt FnVf8 yMPWG C565q LNh60 5rdYI di7h7 KYsbm IjjWK P8Fbf zQjQm hOy4D lA2MC 6ceXl yFKGt 3iQ53 uT5W0 P3lE7 1H2uK gk2cW C0eRL 7XIxZ kbRYl OFvld dU1Ub 19YKC 8aYYW jse5F F2nEN uWr4y Cfmbw nogr2 OoKEI qt5AA tao9t G6G4p GHZOS w4BF1 DCl5F Xhpv3 BoNoJ 7l0Vw cy4fm
50
7XIxZ 7XIxZ
NvAYI NvAYI
C565q C565q
1H2uK 1H2uK
wdXpe wdXpe
OoKEI OoKEI
di7h7 di7h7
yMPWG yMPWG
tao9t tao9t
6ceXl 6ceXl
KYsbm KYsbm
nogr2 nogr2
Xhpv3 Xhpv3
19YKC 19YKC
yFKGt yFKGt
OFvld OFvld
8RNd8 8RNd8
8aYYW 8aYYW
7l0Vw 7l0Vw
EWhpw EWhpw
F2nEN F2nEN
IjjWK IjjWK
kbRYl kbRYl
P3lE7 P3lE7
BoNoJ BoNoJ
qt5AA qt5AA
dU1Ub dU1Ub
w4BF1 w4BF1
Iks3D Iks3D
uWr4y uWr4y
lA2MC lA2MC
hOy4D hOy4D
LNh60 LNh60
G6G4p G6G4p
DCl5F DCl5F
FnVf8 FnVf8
3iQ53 3iQ53
Vjg5l Vjg5l
gk2cW gk2cW
uT5W0 uT5W0
GHZOS GHZOS
C0eRL C0eRL
5rdYI 5rdYI
jse5F jse5F
zQjQm zQjQm
rUUVt rUUVt
P8Fbf P8Fbf
X6hJp X6hJp
Cfmbw Cfmbw
vSPJ5 vSPJ5
