fab8g fr0Bd 8xyrX guI5B Nbb6U 8PY0r 7J90B PpZP8 cDkiZ Flgse Gt2w1 LBzlR cm8oa gwQSf n9AEE bD2TR iy8Ty 1pNjr 015ql lJJK2 8tK4L BWyM2 KzS0e G944F eDWES Bw1D7 4GEPG GHmnJ tEdSo G91ym bepE0 Vjk2Z wiGnS 2Z0oU mgHYN HaHFT TQZik AGorf b4E7v RgC1Q FW6DI Q0oXi BJ1iC 3XMfZ g1WJz lJfgZ 1SvIs aiycm 0YoJb obqW1 VIl39 CT8M8 4ORRk HKgVO pesnn O1QPI KWmhW yM9nQ cQMFl DHhK9 lcarA kCdcu 5Ix1v XDGuI H6HgM nScgp 1OpM2 adW6k l0HDP nRTkO F7m3U qchZ3 o4F0A ciJ7c BybTG TtUXd KB016 tQXF5 L54Jg RnwlC rzyrR dAx9s uQK8T RhMSo wKKkJ sF84c 9u8oD P5ucv 4b2sA f5Qx2 c17Qf 1xx4U ZlgGe 3FUsL 9ZatH fhc2k Lqz0g x8KLa VUKiE B3NSd fab8g
100
H6HgM H6HgM
f5Qx2 f5Qx2
VUKiE VUKiE
rzyrR rzyrR
cQMFl cQMFl
Gt2w1 Gt2w1
g1WJz g1WJz
RgC1Q RgC1Q
3XMfZ 3XMfZ
9ZatH 9ZatH
Lqz0g Lqz0g
bepE0 bepE0
B3NSd B3NSd
G91ym G91ym
mgHYN mgHYN
4GEPG 4GEPG
3FUsL 3FUsL
ZlgGe ZlgGe
fab8g fab8g
Flgse Flgse
ciJ7c ciJ7c
yM9nQ yM9nQ
HaHFT HaHFT
F7m3U F7m3U
Bw1D7 Bw1D7
Vjk2Z Vjk2Z
o4F0A o4F0A
sF84c sF84c
nScgp nScgp
cm8oa cm8oa
cDkiZ cDkiZ
lJJK2 lJJK2
KWmhW KWmhW
wiGnS wiGnS
RhMSo RhMSo
BJ1iC BJ1iC
Nbb6U Nbb6U
BWyM2 BWyM2
qchZ3 qchZ3
kCdcu kCdcu
RnwlC RnwlC
TQZik TQZik
wKKkJ wKKkJ
bD2TR bD2TR
c17Qf c17Qf
uQK8T uQK8T
KzS0e KzS0e
G944F G944F
PpZP8 PpZP8
gwQSf gwQSf
b4E7v b4E7v
iy8Ty iy8Ty
Q0oXi Q0oXi
lJfgZ lJfgZ
2Z0oU 2Z0oU
CT8M8 CT8M8
lcarA lcarA
KB016 KB016
015ql 015ql
tEdSo tEdSo
1xx4U 1xx4U
VIl39 VIl39
1SvIs 1SvIs
fhc2k fhc2k
LBzlR LBzlR
fr0Bd fr0Bd
8xyrX 8xyrX
adW6k adW6k
L54Jg L54Jg
HKgVO HKgVO
FW6DI FW6DI
1OpM2 1OpM2
n9AEE n9AEE
XDGuI XDGuI
AGorf AGorf
4b2sA 4b2sA
O1QPI O1QPI
tQXF5 tQXF5
dAx9s dAx9s
4ORRk 4ORRk
0YoJb 0YoJb
TtUXd TtUXd
aiycm aiycm
8tK4L 8tK4L
7J90B 7J90B
GHmnJ GHmnJ
P5ucv P5ucv
obqW1 obqW1
DHhK9 DHhK9
x8KLa x8KLa
guI5B guI5B
eDWES eDWES
pesnn pesnn
BybTG BybTG
1pNjr 1pNjr
l0HDP l0HDP
9u8oD 9u8oD
nRTkO nRTkO
8PY0r 8PY0r
5Ix1v 5Ix1v
