10 92 15 53 30 35 64 65 26 96 20 31 91 56 9 3 0 85 84 0 3 70 34 71 3 74 75 24 45 73 72 41 87 86 50 33 51 87 41 40 66 97 98 67 13 8 60 93 61 8 19 80 42 48 79 78 48 46 76 77 43 62 94 95 63 2 82 2 90 55 54 89 23 21 68 69 14 10
46
9 57
10 59 58
30 52 88
42 81
50 50
51 51
53 53
54 54
55 55
56 56
60 60
61 61
62 62
63 63
64 64
65 65
66 66
67 67
68 68
69 69
70 70
71 71
72 72
73 73
74 74
75 75
76 76
77 77
78 78
79 79
80 80
82 83 82
84 84
85 85
86 86
87 87
89 89
90 90
91 91
92 92
93 93
94 94
95 95
96 96
97 97
98 98
