0 92 158 29 107 168 167 106 31 108 7 146 80 145 193 194 146 7 153 51 151 152 198 197 27 112 113 35 64 85 137 188 187 136 30 115 25 116 14 175 118 50 119 176 2 123 94 121 94 122 178 12 43 100 163 164 2 196 149 148 88 150 36 169 170 110 17 109 21 154 93 156 30 104 59 103 165 166 30 189 139 96 140 96 60 142 191 192 143 10 184 131 95 130 183 38 126 97 124 125 180 179 33 185 133 91 134 41 129 77 127 181 41 160 161 0
89
0 162
17 111
25 117
33 186
35 114
43 101 102
50 120
59 105
60 144
77 128
80 147
85 138
91 135
92 157 159
93 155
95 132
96 141
100 100
103 103
104 104
106 106
107 107
108 108
109 109
110 110
112 171 112
113 172 113
115 173 115
116 174 116
118 118
119 119
121 177 121
122 122
123 123
124 124
125 125
126 126
127 127
129 129
130 130
131 131
133 133
134 134
136 136
137 137
139 139
140 190 140
142 142
143 143
145 145
146 146
148 195 148
149 149
150 150
151 151
152 152
153 153
154 154
156 156
158 158
160 160
161 161
163 163
164 164
165 165
166 166
167 167
168 168
169 169
170 170
175 175
176 176
178 178
179 179
180 180
181 182 181
183 183
184 184
185 185
187 187
188 188
189 189
191 191
192 192
193 193
194 194
196 196
197 197
198 198
