0 2 5 11 23 48 97 48 98 48 23 47 96 47 95 47 23 11 24 50 24 49 24 11 5 12 26 53 26 54 26 12 25 52 25 51 25 12 5 2 6 13 27 56 27 55 27 13 28 57 28 58 28 13 6 14 30 61 30 62 30 14 29 60 29 59 29 14 6 2 0 1 4 10 21 43 87 43 88 43 21 44 90 44 89 44 21 10 22 45 92 45 91 45 22 46 93 46 94 46 22 10 4 9 19 40 81 40 82 40 19 39 79 39 80 39 19 9 20 41 83 41 84 41 20 42 86 42 85 42 20 9 4 1 3 7 16 33 68 33 67 33 16 34 70 34 69 34 16 7 15 32 66 32 65 32 15 31 64 31 63 31 15 7 3 8 18 38 77 38 78 38 18 37 76 37 75 37 18 8 17 36 74 36 73 36 17 35 71 35 72 35 17 8 3 1 0
50
49 199 100
50 101 102
51 103 104
52 106 105
53 107 108
54 109 110
55 111 112
56 114 113
57 116 115
58 118 117
59 120 119
60 122 121
61 124 123
62 126 125
63 127 128
64 129 130
65 132 131
66 134 133
67 136 135
68 137 138
69 140 139
70 141 142
71 144 143
72 146 145
73 148 147
74 149 150
75 152 151
76 154 153
77 155 156
78 157 158
79 159 160
80 161 162
81 164 163
82 165 166
83 167 168
84 170 169
85 172 171
86 173 174
87 175 176
88 177 178
89 179 180
90 181 182
91 184 183
92 185 186
93 187 188
94 189 190
95 192 191
96 194 193
97 195 196
98 197 198
