1 4 2 98 83 87 91 97 0 95 94 72 86 22 45 54 42 44 16 80 78 76 89 88 24 67 81 68 90 63 82 60 58 66 69 62 81 49 38 57 61 79 61 57 38 49 81 75 67 24 88 89 76 78 80 16 85 51 99 47 48 46 64 45 27 29 39 40 18 73 30 23 28 31 50 32 26 41 19 36 37 65 12 8 13 14 33 20 11 9 17 21 25 10 3 5 7 5 3 10 25 21 17 9 11 20 33 14 13 8 12 65 37 36 19 41 26 32 50 31 28 23 30 73 18 40 39 29 27 45 22 86 72 94 95 0 97 91 87 83 98 2 4 1
40
1 15
7 6 7
16 16
20 20
24 24
36 36
38 38
42 42
44 44
45 45
46 46
47 47
48 48
49 59 34 53 56 52 70 55 74 49
51 51
54 54
57 57
58 58
60 60
61 61
62 62
63 63
64 64
66 66
67 67
68 68
69 69
75 75
76 76
78 78
79 77 79
80 80
81 81
82 82
85 85
88 88
89 89
90 90
94 94
99 99
