Soda Irvine VictoryPoint Sacramento FantasticComics Riverside SantaBarbara ChezPanisse CafeTibet LosAngeles Platano BAMPFA Cancun DKingGallery Tang Rasputin MexicoCity Tako CREAM TripleRock Kips Tuhuamixtel Myto ElGrullo Talpa Tuxcacuesco Guadalajara SouthGate Jalisco Whittier SanDiego SanMiguel Tijuana Chino Upland Fontana Perris Ashby Compton Pomona Emeryville Saturn SanBernardino BayStreet Gregoire BerkeleyHillel Venus Jupiter BerkeleyHigh AlphaCentauri AlphaChi Mars InternationalHouse DeltaDelta SigmaKappa ChiOmega Soda
55
InternationalHouse InternationalHouse
BerkeleyHillel BerkeleyHillel
BerkeleyHigh BerkeleyHigh
Jupiter Jupiter
Mars Mars
Venus Venus
Saturn Saturn
AlphaCentauri AlphaCentauri
Gregoire Gregoire
BayStreet BayStreet
Emeryville Emeryville
Pomona Pomona
Compton Compton
Ashby Ashby
Perris Perris
Fontana Fontana
SanBernardino SanBernardino
Upland Upland
Chino Chino
Whittier Whittier
SouthGate SouthGate
Tijuana Tijuana
SanDiego SanDiego
Jalisco Jalisco
Guadalajara Guadalajara
SanMiguel SanMiguel
Tuxcacuesco Tuxcacuesco
Talpa Talpa
ElGrullo ElGrullo
MexicoCity MexicoCity
Tuhuamixtel Tuhuamixtel
Myto Myto
Kips Kips
TripleRock TripleRock
Rasputin Rasputin
CREAM CREAM
Tako Tako
Tang Tang
Cancun Cancun
DKingGallery DKingGallery
BAMPFA BAMPFA
Platano Platano
CafeTibet CafeTibet
FantasticComics FantasticComics
SantaBarbara SantaBarbara
Sacramento Sacramento
LosAngeles LosAngeles
Irvine Irvine
Riverside Riverside
VictoryPoint VictoryPoint
ChezPanisse ChezPanisse
DeltaDelta DeltaDelta
ChiOmega ChiOmega
SigmaKappa SigmaKappa
AlphaChi AlphaChi
