Soda Sproul Morgan MemorialStadium Haas Wheeler Stephans Barrows GoldenStatePark TheRoof Blackwell ClarkKerr LakeMerrit Foothill BC Unit3 Unit1 Unit2 Mulford Wellman Doe Hertz BWW MLK MainStacks RSF GBC Soda
26
Doe Doe
Wheeler Wheeler
Stephans Stephans
Haas Haas
Hertz Hertz
Barrows Barrows
RSF RSF
Sproul Sproul
GBC GBC
MLK MLK
BWW BWW
MemorialStadium MemorialStadium
MainStacks MainStacks
Morgan Morgan
Mulford Mulford
Wellman Wellman
Unit1 Unit1
Unit2 Unit2
Unit3 Unit3
Blackwell Blackwell
BC BC
Foothill Foothill
ClarkKerr ClarkKerr
LakeMerrit LakeMerrit
GoldenStatePark GoldenStatePark
TheRoof TheRoof
