5 4 33 137 42 165 193 29 164 140 186 189 77 196 184 85 86 70 26 35 188 110 35 116 138 55 102 158 2 90 149 28 180 65 30 25 105 17 66 75 109 152 58 109 84 168 18 190 16 74 191 194 51 183 69 138 61 113 118 56 195 68 133 34 121 52 162 84 109 151 19 81 76 156 15 119 67 119 43 47 45 10 112 82 171 104 83 117 136 170 74 187 154 46 48 199 166 199 53 0 27 174 101 1 99 161 179 78 100 192 18 177 37 64 130 150 91 36 62 123 40 155 96 175 20 94 39 94 5
90
1 1
2 2
10 10
16 16
17 17
18 18
20 20
25 25
26 26
28 28
33 33
34 9 34
35 135
36 11
37 37
39 92 39
42 42
43 43
45 14
46 46
47 47
48 48
51 51
52 52
53 53
55 55
56 56
58 58
61 61
64 64
65 178
67 41 67
68 68
69 153 69
74 31
75 75
76 76
77 143 77
78 78
81 81
82 146
83 83
85 85
86 44
90 159
91 91
96 96
99 99
100 100
101 101
102 102
104 104
105 105
110 110
116 50 116
119 71
121 157
123 123
133 133
137 137
138 138
140 140
149 149
151 151
152 152
154 154
156 156
158 80 158
162 162
164 164
165 63 173
166 32 122
168 168
170 170
171 171
174 174
175 22
177 177
179 179
180 180
183 183
184 184
187 187
188 188
189 103 189
192 192
193 193
194 194
196 196
199 199
