COM NER MYT ARM AND ALB ARE POL COG COD CHN SHN SGS LBR GNQ PAK HUN JPN LBN KOR LCA HRV HMD MMR NPL PRY PNG POL MEX SDN REU CAN HTI GUM HKG MDA PAN JEY NFK NGA GMB GRC HND COK CPV LIE LTU KWT LKA BVT CIV CAF NRU PSE MLT CRI KNA LAO LUX RWA DMA DJI MUS SGS NZL NIU CZE CYP DEU CXR MWI ATG AUS NIC IRL IOT IRN MYS EGY GIB GHA GEO ESP ECU ESH FRA GBR GIN FSM FIN FSM NGA BMU BRB BHS BIH AZE BDI BHR BLM BEN BLZ RUS IDN COL COM
89
SHN SHN
SGS KHM SGS
SDN SDN
RWA RWA
RUS RUS
REU AFG REU
PSE PSE
PRY MOZ PRY
POL POL
PNG PNG
PAN PAN
PAK PAK
NZL NZL
NRU NRU
NPL NPL
NIU NIU
NIC ABW NIC
NFK ALA NFK
NER MTQ NER
MYT MYT
MYS DZA
MWI ITA
MMR MMR
MEX MEX
MDA MDA
LUX LUX
LTU LTU
LKA LKA
LIE LIE
LBR LBR
LBN LBN
LAO LAO
KWT KWT
KOR KOR
KNA KNA
JPN JPN
JEY JEY
IRN IRN
IRL IRL
IOT IOT
IDN IDN
HUN HUN
HTI HTI
HRV HRV
HND MAR HND
HMD HMD
HKG KAZ HKG
GUM GUM
GRC GRC
GNQ GNQ
GMB GMB
GIN GIN
GIB GIB
GHA GHA
GEO GEO
GBR GBR
FSM FSM
FRA FRA
FIN GAB FIN
ESP ESP
ESH ESH
EGY EGY
ECU ECU
DMA DMA
DJI DJI
DEU DEU
CYP CYP
CXR CXR
CPV MAC MLI CPV
COL COL
COK COK
COG COG
COD COD
CIV CIV
CHN CHN
CAN CAN
CAF CAF
BMU BMU
BLM BLM
BHS BHS
BHR BHR
BEN BEN
BDI BDI
AZE AZE
AUS AUS
ATG ATG
ARM ARM
ARE ARE
ALB ALB
