DZA GBR ECU FRA FRO GEO HND DMA ATA ATF ASM FSM ERI GGY BVT CAF COG GTM HMD GUM GRD GNQ GUY GRC BRA BLM BFA BGD CYM CXR CZE CYM ARE DNK CUW DOM BHS BMU BDI BEN BLR CCK CMR HKG GRL GLP BGR BRN COD CHE CIV CAN FLK FIN ESP AND ALB DZA
44
HND HND
HMD HMD
HKG HKG
GUY CUB
GRD GRD
GRC GRC
GNQ GNQ
GLP GLP
GEO GEO
GBR GBR
FSM GHA FSM
FRO FRO
FRA FRA
FLK FLK
FIN ABW FIN
ERI ERI
ECU ECU
DOM AUS DOM
DNK DNK
DMA DJI
CZE CZE
CYM CYM
CXR CXR
CUW CUW
COG COG
COD COD
CHE CHE
CCK CCK
CAN BRB CAN
CAF CAF
BVT BVT
BRN BRN
BLR BLR
BLM BES BLM
BHS BHS
BGD BGD
BFA BFA
BEN BEN
BDI BDI
ATF ATF
ATA ATA
ARE ARE
AND AND
ALB ARG ALB
