Wurster Moses Goldman Kleeberger Alabama Massachusetts Hesse Salem Boston Stanley Simpson Vermont Idaho Juneau Raleigh Oregon Anthony Blackwell Barrows Spieker Moffitt Brain Maxwell Observatory Indianapolis Pennsylvania Honolulu Frank Sutardja Florida Gilman Silver McLaughlin Pitzer Cory Nevada North Chan Tennessee Montgomery Parking Hazardous Sather Optometry Class Hilgard California Recreational Simon Visitor Wurster
50
Wurster Wurster
Barrows Barrows
Class Class
Simon Simon
Hilgard Hilgard
Hesse Hesse
Visitor Visitor
Alabama Alabama
Montgomery Montgomery
Tennessee Tennessee
Kleeberger Kleeberger
Goldman Goldman
Moses Moses
Recreational Recreational
California California
Moffitt Moffitt
Blackwell Blackwell
Boston Boston
Indianapolis Indianapolis
Salem Salem
Brain Brain
Massachusetts Massachusetts
Spieker Spieker
Honolulu Honolulu
Maxwell Maxwell
Optometry Optometry
Raleigh Raleigh
Juneau Juneau
Observatory Observatory
Pennsylvania Pennsylvania
Parking Parking
Vermont Vermont
McLaughlin McLaughlin
Frank Frank
Pitzer Pitzer
Oregon Oregon
Stanley Stanley
Hazardous Hazardous
Chan Chan
Sutardja Sutardja
Idaho Idaho
Anthony Anthony
Simpson Simpson
Cory Cory
Gilman Gilman
Sather Sather
Florida Florida
North North
Nevada Nevada
Silver Silver
