Rhode Life Harrisburg Martin Hellman Kentucky Grinnell Baton Madison LeConte Jefferson Sproul Boalt International Barrows Tennessee Hartford Heating Clark CNMAT BART Montana Haste Morrison Moffitt Stadium Pennsylvania Florida Columbus Chou Blackwell Oregon Warren Maxwell Trenton McLaughlin Etcheverry Mathematical Salt Springer Energy Richmond Providence Illinois Topeka Mississippi Durant Minnesota Maryland Hertz Lower Concord Jones Columbia Durham Foothill Jacobs Police Little Hearst Insectary Observatory Wisconsin Cleary Hawaii Birge Hargrove Krutch Moses Cory Nashville Utah Santa Berkeley Mulford Lansing Austin Annapolis Bancroft Montgomery West Simon Class Edwards Bowles Tang Chvez Brain Nevada Simpson Silver Campanile Michigan Valley University Donner Cheyenne East Olympia McEnerney Rhode
100
Rhode Rhode
Olympia Olympia
Kentucky Kentucky
McEnerney McEnerney
Cheyenne Cheyenne
East East
University University
Valley Valley
Harrisburg Harrisburg
Hellman Hellman
Martin Martin
Donner Donner
Life Life
Campanile Campanile
Michigan Michigan
Baton Baton
Silver Silver
Moses Moses
Grinnell Grinnell
Cory Cory
CNMAT CNMAT
Cleary Cleary
Warren Warren
Nevada Nevada
Columbia Columbia
BART BART
Austin Austin
Blackwell Blackwell
Bowles Bowles
Tang Tang
Simpson Simpson
Oregon Oregon
Krutch Krutch
Florida Florida
LeConte LeConte
Simon Simon
Berkeley Berkeley
Brain Brain
Class Class
Heating Heating
Annapolis Annapolis
Jefferson Jefferson
Utah Utah
Durham Durham
Energy Energy
Pennsylvania Pennsylvania
Maryland Maryland
West West
Hawaii Hawaii
Edwards Edwards
Santa Santa
Salt Salt
Columbus Columbus
Wisconsin Wisconsin
Birge Birge
Mathematical Mathematical
Mississippi Mississippi
Lower Lower
Lansing Lansing
Clark Clark
Illinois Illinois
Montgomery Montgomery
Mulford Mulford
Madison Madison
Etcheverry Etcheverry
Richmond Richmond
Tennessee Tennessee
Maxwell Maxwell
Providence Providence
Chvez Chvez
Springer Springer
Observatory Observatory
Durant Durant
Little Little
Hertz Hertz
Police Police
Chou Chou
Bancroft Bancroft
Minnesota Minnesota
Hargrove Hargrove
Montana Montana
Moffitt Moffitt
Jones Jones
Hartford Hartford
Trenton Trenton
McLaughlin McLaughlin
Concord Concord
Sproul Sproul
Boalt Boalt
Stadium Stadium
Insectary Insectary
Foothill Foothill
Haste Haste
Jacobs Jacobs
Hearst Hearst
Morrison Morrison
International International
Barrows Barrows
Nashville Nashville
Topeka Topeka
