100 86 85 164 165 104 156 153 115 111 119 121 76 10 11 12 33 36 70 27 15 30 16 59 25 22 60 61 26 45 44 4 44 2 17 1 54 61 14 34 7 39 7 34 103 13 29 43 72 40 8 9 6 74 73 41 3 42 144 129 130 131 50 19 47 48 49 51 23 53 48 47 19 50 133 141 20 136 188 21 56 21 188 192 189 95 94 98 58 55 58 100
55
1 1
2 46 2
3 3
4 5 4
6 6
7 7
8 8
9 9
10 10
11 11
12 12
13 13
14 14
15 31 15
16 16
17 17
19 19
20 20
21 21
22 22
23 23
25 25
26 26
27 27
29 29
30 30
33 33
34 34
36 28 36
39 37 39
40 40
41 41
42 42
43 43
44 44
45 45
47 47
48 48
49 49
50 50
51 51
53 18 52 53
54 54
55 24 55
56 57 56
58 58
59 59
60 60
100 32
111 111
121 121
153 153
165 165
189 182
192 192
