YuhuaEast Sennett SerangoonGarden SingaporeRiver ChinaSquare SerangoonNorth TagoreSindo Punggol BenoiSector MountPleasant PayaLebarEast Museum TohGuan PasirRisDrive ClementiNorth EvertonPark ReservoirView Moulmein GeylangEast MountEmily KebunBahru Tampines PengSiang BukitBatokWest DhobyGhaut Cairnhill ChangiPoint Trafalgar OneTreeHill SembawangStraits Shipyard PasirRisPark BedokSouth Matilda Geylang OrangeGrove PeoplesPark BayfrontSubzone SungeiKadut Kembangan HongKah UpperThomson ChoaChuKang DefuIndustrialPark HougangCentral Saujana BoatQuay Aljunied YioChuKang Mountbatten Northland WoodlandsWest BukitBatokSouth PasirPanjang2 SerangoonCentral Khatib SimpangNorth Paterson PulauPunggolTimor YioChuKangEast UluPandan Dunearn KeatHong HongKahNorth SouthernIslands WestCoast TuasNorthPioneer Chatsworth InstitutionHill KentRidge Commonwealth SungeiRoad Kranji MandaiWest NatureReserve TampinesNorth Boulevard RochorCanal Port BukitTimah AngMoKioTownCentre Anson OneNorth JurongWestCentral ClementiWest IstanaNegara BedokNorth Serangoon Brickworks KampongUbi TelokBlangahRise Sentosa EastCoast Sembawang PearlsHill MandaiEast DairyFarm PeiChun JurongPort JooSengPayaLebar Tanglin TuasPromenade TiongBahru TuasBay PunggolField LowerSeletar BoonLayPlace ChengSan Mandai PasirRis CityHall TelokBlangahDrive YuhuaEast
98
Sentosa Sentosa
BedokNorth BedokNorth
SungeiKadut SungeiKadut
Geylang Geylang
SerangoonCentral SerangoonCentral
BayfrontSubzone BayfrontSubzone
Port Port
PearlsHill PearlsHill
BedokSouth BedokSouth
YioChuKang YioChuKang
Punggol Punggol
OneNorth OneNorth
EastCoast EastCoast
Moulmein Moulmein
BoatQuay BoatQuay
PeoplesPark PeoplesPark
MandaiEast MandaiEast
TuasBay TuasBay
InstitutionHill InstitutionHill
BoonLayPlace BoonLayPlace
JurongWestCentral JurongWestCentral
TagoreSindo TagoreSindo
SimpangNorth AlexandraNorth SimpangNorth
Kembangan Kembangan
Paterson Paterson
Matilda Matilda
JooSengPayaLebar JooSengPayaLebar
PunggolField PunggolField
SerangoonNorth SerangoonNorth
JurongPort JurongPort
LowerSeletar LowerSeletar
KeatHong KeatHong
AngMoKioTownCentre AngMoKioTownCentre
SerangoonGarden SerangoonGarden
DairyFarm DairyFarm
KebunBahru KebunBahru
PasirRisDrive PasirRisDrive
TuasPromenade TuasPromenade
KentRidge KentRidge
TuasNorthPioneer TuasNorthPioneer
Khatib Khatib
HongKah HongKah
BukitBatokSouth BukitBatokSouth
PulauPunggolTimor PulauPunggolTimor
ChinaSquare ChinaSquare
Shipyard Shipyard
Sembawang Sembawang
Chatsworth Chatsworth
ChoaChuKang ChoaChuKang
PasirRisPark PasirRisPark
Tampines Tampines
Sennett Sennett
CityHall CityHall
Mountbatten Mountbatten
PayaLebarEast PayaLebarEast
OneTreeHill OneTreeHill
OrangeGrove OrangeGrove
DhobyGhaut DhobyGhaut
SingaporeRiver SingaporeRiver
Museum Museum
Aljunied Aljunied
Serangoon Serangoon
ReservoirView ReservoirView
BukitBatokWest BukitBatokWest
TohGuan TohGuan
NatureReserve ChangiWest
PasirRis PasirRis
SembawangStraits SembawangStraits
SouthernIslands SouthernIslands
DefuIndustrialPark DefuIndustrialPark
RochorCanal RochorCanal
TiongBahru TiongBahru
ClementiNorth ClementiNorth
Tanglin Tanglin
WoodlandsWest WoodlandsWest
Saujana Saujana
SungeiRoad WaterwayEast SungeiRoad
GeylangEast GeylangEast
Kranji PangSua
TampinesNorth TampinesNorth
UluPandan UluPandan
Trafalgar Trafalgar
Commonwealth Commonwealth
PeiChun PeiChun
Brickworks Brickworks
ChangiPoint ChangiPoint
TelokBlangahRise TelokBlangahRise
HongKahNorth HongKahNorth
BenoiSector BenoiSector
Northland Northland
UpperThomson UpperThomson
YioChuKangEast YioChuKangEast
Cairnhill Cairnhill
EvertonPark EvertonPark
Mandai Mandai
IstanaNegara IstanaNegara
Dunearn SembawangHills
HougangCentral HougangCentral
