BukitBatokEast Simei SungeiRoad Sudong RobertsonQuay Redhill PearlsHill TiongBahruStation DowntownCore LowerSeletar Tengeh Frankel SwissClub Springleaf CityHall TanjongPagar SimpangNorth GhimMoh Safti GaliBatuMandai RiverValley Hillcrest Bayshore ChoaChuKang NeeSoon AirportRoad Tyersall JooKoon Sembawang LeonieHill BukitBatokEast
25
Frankel Frankel
Redhill Redhill
Sudong Sudong
DowntownCore DowntownCore
Sembawang Sembawang
SimpangNorth SimpangNorth
Tengeh Tengeh
LeonieHill LeonieHill
LowerSeletar LowerSeletar
Simei Simei
ChoaChuKang ChoaChuKang
TanjongPagar TanjongPagar
Tyersall Tyersall
JooKoon JooKoon
TiongBahruStation TiongBahruStation
PearlsHill PearlsHill
SwissClub SwissClub
NeeSoon NeeSoon
Safti Safti
GaliBatuMandai GaliBatuMandai
CityHall CityHall
RiverValley RiverValley
Hillcrest Hillcrest
GhimMoh GhimMoh
SungeiRoad SungeiRoad
