LeonieHill ChangiPoint SungeiKadut KampongUbi Shipyard NeeSoon OrangeGrove DefuIndustrialPark Tyersall NeeSoon JurongWestCentral Sennett Outram MonksHill PasirRisCentralTown KampongGlam SembawangSprings PasirRisPark Sentosa Guilin GreenwoodPark Trafalgar Townsville ChoaChuKangCentral LoyangEast YuhuaWestBoonLay TampinesWest PunggolTownCentre Woodgrove YishunCentral ClementiCentral ChangiWest AirportRoad GeylangBahru TanjongRhu PasirPanjang2 Springleaf NorthCoast BukitBatokCentral MandaiWest YioChuKang AnchorvaleBuangkok KallangWay SungeiRoad Semakau Frankel FarrerPark SingaporePolytechnic Novena Clementi Victoria SerangoonGarden TuasBay TanglinHalt Phillip Yishun BishanEast Ridout Changi CompassvaleTrafalgar ConeyIsland Kranji LeonieHill
49
PasirPanjang2 PasirPanjang2
YioChuKang Boulevard YioChuKang
SungeiRoad SungeiRoad
FarrerPark FarrerPark
NorthCoast NorthCoast
Townsville Townsville
KallangWay KallangWay
Shipyard Shipyard
Yishun Yishun
Sennett Sennett
NeeSoon NeeSoon
Victoria Victoria
PunggolTownCentre PunggolTownCentre
JurongWestCentral JurongWestCentral
Novena Novena
Ridout Ridout
Guilin Guilin
DefuIndustrialPark DefuIndustrialPark
Springleaf Springleaf
SingaporePolytechnic SingaporePolytechnic
KampongGlam KampongGlam
TuasBay TuasBay
OrangeGrove OrangeGrove
MonksHill MonksHill
SembawangSprings SembawangSprings
ChoaChuKangCentral ChoaChuKangCentral
Tyersall Tyersall
SerangoonGarden SerangoonGarden
Phillip Phillip
Trafalgar Trafalgar
ChangiWest ChangiWest
ConeyIsland ConeyIsland
Semakau Semakau
SungeiKadut SungeiKadut
Woodgrove Woodgrove
AirportRoad AirportRoad
ClementiCentral ClementiCentral
MandaiWest MandaiWest
TanglinHalt TanglinHalt
Kranji Kranji
TampinesWest TampinesWest
GreenwoodPark GreenwoodPark
BishanEast BishanEast
YuhuaWestBoonLay YuhuaWestBoonLay
Outram Outram
BukitBatokCentral BukitBatokCentral
Sentosa Sentosa
AnchorvaleBuangkok AnchorvaleBuangkok
LoyangEast LoyangEast
