139 58 1 106 69 72 196 188 109 122 81 65 35 5 95 178 114 157 2 98 172 186 156 30 144 142 37 130 161 44 41 22 105 158 145 96 27 128 67 82 69 118 75 104 138 89 21 79 107 33 62 91 112 113 173 48 141 191 187 17 64 101 153 111 25 31 131 125 176 47 32 148 165 150 119 146 23 182 7 60 39 57 108 16 26 71 198 200 8 36 74 102 189 84 179 152 123 77 78 9 184 147 11 127 134 18 15 14 43 13 158 85 139
100
1 1
2 2
5 5
7 7
8 8
9 9
11 11
13 13
14 14
15 15
16 16
18 18
21 21
22 22
23 23
25 25
26 26
27 27
30 30
31 31
32 32
33 33
35 35
37 37
39 39
41 41
43 43
44 44
47 47
48 48
57 57
58 58
60 60
64 64
65 65
67 67
69 69
71 71
72 72
74 74
75 75
77 77
78 78
79 79
81 81
82 82
84 84
85 85
89 89
91 91
95 95
96 96
98 98
101 101
104 104
105 105
106 106
108 108
109 109
111 111
112 112
113 113
114 114
118 118
119 119
122 122
123 123
125 125
127 127
128 128
130 130
131 131
134 134
138 138
141 141
142 142
144 144
145 145
146 146
147 147
148 148
152 152
153 153
156 156
157 157
158 158
161 161
165 165
172 172
173 173
176 176
178 178
182 182
184 184
186 186
187 187
188 188
189 189
191 191
198 198
