Hershberger Morales Dison Taylor Folsom Rachel Manzi Torrez Parks Guerra Morris Ford Brewer Rossi Scalise Rodgers Williams Lawson Wheeler Neal Lewis Mcclain Kerr Burke Danger Higginbotham Owens Mohr Hughes Hill Sherman Worstell Jones Holderman Henry Padgett Morgan Bean Washington Smith Virtue Patterson Perrault Baker Hannon Duckey Penrod Walker Joy Wallace Cork Hosle Courtney Medina Rivers Carroll Dominguez Branson Sebeniecher Snyder Skelton Munoz Cribb Braswell Jenkins Webb Berka Collins Peters Wilson White Harris Anderson Dray Dotson Patton Preston Hagen Longhurst Robinson Tygart Kujawa Miller Luzar Johns Leisure Orange Yoder Singleton Kim Zwolinski Muni Sharp Aldrich Vanness Legrand Mclaughlin Street Reeder Street Mclaughlin Legrand Vanness Aldrich Sharp Muni Zwolinski Kim Singleton Yoder Orange Leisure Johns Luzar Miller Kujawa Tygart Robinson Longhurst Hagen Preston Patton Dotson Dray Anderson Harris White Wilson Peters Collins Berka Webb Jenkins Braswell Cribb Munoz Skelton Snyder Sebeniecher Branson Dominguez Carroll Rivers Medina Courtney Hosle Cork Wallace Joy Walker Penrod Duckey Hannon Baker Perrault Patterson Virtue Smith Washington Bean Morgan Padgett Henry Holderman Jones Worstell Sherman Hill Hughes Mohr Owens Higginbotham Danger Burke Kerr Mcclain Lewis Neal Wheeler Lawson Williams Rodgers Scalise Rossi Brewer Ford Morris Guerra Parks Torrez Manzi Rachel Folsom Taylor Dison Morales Hershberger
33
Berka Berka
Collins Collins
Peters Peters
Wilson Wilson
White White
Harris Harris
Anderson Anderson
Dray Dray
Dotson Dotson
Patton Patton
Preston Preston
Hagen Hagen
Longhurst Longhurst
Robinson Robinson
Tygart Tygart
Kujawa Kujawa
Miller Miller
Luzar Luzar
Johns Johns
Leisure Leisure
Orange Orange
Yoder Yoder
Singleton Singleton
Kim Kim
Zwolinski Zwolinski
Muni Muni
Sharp Sharp
Aldrich Aldrich
Vanness Vanness
Legrand Legrand
Mclaughlin Mclaughlin
Street Street
Reeder Sanchez Reeder
