Qwilfish Drampa Shellos Magmar Inkay Slurpuff Metang Lotad Amoonguss Stufful Woobat Escavalier Weezing Metapod Sandile Meloetta Scatterbug Taillow Drapion Vullaby Porygon2 Crawdaunt Weezing Vespiquen Shellder Bastiodon Whismur Bounsweet Froakie Magnemite Swadloon Munna Skorupi Skiddo Noibat Nincada Comfey Magnemite Weepinbell Honedge Seaking Treecko Kakuna Tauros Wailord Plusle Jumpluff Steenee Volcarona Magmar Noibat Simisear Slowbro Tropius Qwilfish
48
Qwilfish Qwilfish
Simisear Simisear
Drapion Drapion
Meloetta Meloetta
Volcarona Volcarona
Slurpuff Slurpuff
Skiddo Skiddo
Sandile Sandile
Magmar Magmar
Metang Metang
Taillow Taillow
Porygon2 Porygon2
Drampa Drampa
Noibat Noibat
Lotad Lotad
Scatterbug Scatterbug
Vullaby Vullaby
Inkay Inkay
Steenee Steenee
Skorupi Skorupi
Shellos Shellos
Metapod Gengar Metapod
Crawdaunt Crawdaunt
Froakie Froakie
Nincada Nincada
Honedge Honedge
Amoonguss Amoonguss
Jumpluff Jumpluff
Vespiquen Vespiquen
Munna Munna
Kakuna Kakuna
Magnemite Magnemite
Whismur Whismur
Weezing Weezing
Woobat Woobat
Comfey Comfey
Bounsweet Bounsweet
Seaking Seaking
Tauros Tauros
Weepinbell Weepinbell
Stufful Conkeldurr Stufful
Shellder Shellder
Plusle Plusle
Treecko Treecko
Swadloon Swadloon
Bastiodon Bastiodon
Wailord Wailord
Escavalier Escavalier
