Qwilfish Drampa Gengar Tauros Wailord Plusle Weezing Escavalier Weepinbell Lumineon Comfey Magnemite Yungoos Stufful Conkeldurr Zekrom Amoonguss Crawdaunt Woobat Tsareena Shellder Bastiodon Seaking Treecko Kakuna Honedge Wartortle Xerneas Jumpluff Metapod Whismur Bounsweet Froakie Dewpider Scatterbug Taillow Paras Vullaby Shellos Nincada Noibat Tornadus Politoed Lotad Skorupi Munna Swadloon Tauros Weezing Vespiquen Inkay Magmar Volcarona Steenee Metang Slurpuff Inkay Meloetta Sandile Simisear Slowbro Tropius Drapion Lotad Phanpy Skiddo Noibat Terrakion Scatterbug Tropius Qwilfish
63
Qwilfish Qwilfish
Simisear Simisear
Phanpy Phanpy
Terrakion Terrakion
Drapion Drapion
Meloetta Porygon2 Meloetta
Volcarona Volcarona
Slurpuff Slurpuff
Skiddo Skiddo
Politoed Politoed
Tropius Tropius
Sandile Sandile
Magmar Magmar
Metang Metang
Taillow Taillow
Slowbro Slowbro
Drampa Drampa
Noibat Noibat
Lotad Lotad
Scatterbug Scatterbug
Vullaby Vullaby
Inkay Inkay
Steenee Steenee
Tornadus Tornadus
Skorupi Skorupi
Dewpider Dewpider
Shellos Shellos
Metapod Metapod
Wartortle Wartortle
Crawdaunt Crawdaunt
Paras Paras
Froakie Froakie
Nincada Nincada
Gengar Gengar
Honedge Honedge
Amoonguss Amoonguss
Tsareena Tsareena
Jumpluff Jumpluff
Vespiquen Vespiquen
Munna Munna
Kakuna Kakuna
Magnemite Magnemite
Whismur Whismur
Xerneas Xerneas
Weezing Weezing
Zekrom Zekrom
Woobat Woobat
Comfey Comfey
Bounsweet Bounsweet
Seaking Seaking
Tauros Tauros
Weepinbell Weepinbell
Stufful Stufful
Shellder Shellder
Plusle Plusle
Treecko Treecko
Swadloon Swadloon
Lumineon Lumineon
Yungoos Yungoos
Bastiodon Bastiodon
Wailord Wailord
Escavalier Escavalier
Conkeldurr Conkeldurr
