Myrtle Merced Houma Leominster Appleton Cedar Hartford Abilene Aribel Grays Erie Huntsville Montgomery Baltimore Brownsville Mobile Barnstable Macon Lexington Minneapolis Alexandria Deltona Joliet Kansas Champaign Cary Albuquerque Bradenton Hemet Dallas Chandler Hollywood Davidson Miramar Chicago Lansing Bloomington Medford GreenBay Corpus Plen Huntington Muskegon Lorain Harlingen Kissimmee Nashua Moreno Cathedral Bridgeport Albany Myrtle
50
Champaign Champaign
Brownsville Brownsville
Huntington Huntington
Houma Houma
Cary Cary
Medford Medford
Chandler Chandler
Nashua Nashua
Bradenton Bradenton
Hartford Hartford
Harlingen Harlingen
Huntsville Huntsville
Chicago Chicago
Leominster Leominster
Lexington Lexington
Grays Grays
Erie Erie
Hollywood Hollywood
Corpus Corpus
Barnstable Barnstable
Muskegon Muskegon
Minneapolis Minneapolis
GreenBay GreenBay
Kansas Kansas
Deltona Deltona
Baltimore Baltimore
Cedar Cedar
Davidson Davidson
Dallas Dallas
Macon Macon
Aribel Aribel
Kissimmee Kissimmee
Alexandria Alexandria
Miramar Miramar
Appleton Appleton
Albany Albany
Abilene Abilene
Merced Merced
Bloomington Bloomington
Cathedral Cathedral
Plen Plen
Lansing Lansing
Montgomery Montgomery
Hemet Hemet
Bridgeport Bridgeport
Mobile Mobile
Albuquerque Albuquerque
Lorain Lorain
Joliet Joliet
Moreno Moreno
