Burlington Independence Naperville Bridgeport Miramar Davenport Prairie Killeen McAllen Hampton Columbus Clarke Denver Rapids Cedar Chattanooga Merced Chicago Louisville Myrtle Greenville Amarillo Hayward Buffalo Cambridge Honolulu Burlington
25
Honolulu Honolulu
Buffalo Buffalo
Greenville Greenville
Independence Independence
Chicago Chicago
Denver Denver
Killeen Killeen
Merced Merced
Hampton Hampton
Chattanooga Chattanooga
McAllen McAllen
Columbus Columbus
Cambridge Cambridge
Rapids Rapids
Naperville Naperville
Hayward Hayward
Clarke Clarke
Bridgeport Bridgeport
Myrtle Myrtle
Amarillo Amarillo
Davenport Davenport
Prairie Prairie
Miramar Miramar
Cedar Cedar
Louisville Louisville
