Monroe Clarksville Huntsville Dallas Gainesville Vista Greensboro Apple Fayetteville Fairfield Asheville Anchorage Daytona Muskegon Austin Aberdeen Lowell Cambridge Albany Boise Birmingham Clarke Killeen Bethlehem Gilbert Modesto Kailua Burlington Mesquite Amarillo Glendale Hartford Hickory Huntington Elkhart Antioch Hagerstown Lancaster Havre Leominster Mobile Chesapeake Manchester Cary Athens Boulder Three Detroit Montgomery Dayton Merced Bedford Naples Prairie Denton Hayward Lakeland Ten Jacksonville Anaheim Hialeah Davidson Rapids Arlington Bridgeport Abilene Layton Lafayette Kenosha Baltimore Brownsville Hesperia Viejo Hampton Baton Irving Elizabeth Lacey Melbourne Julian Cleveland Erie Monterey Four Canton Kissimmee Seven Laredo Akron Bradenton Denver Kennewick Lewisville Allentown Miami Corpus Johnson Charleston Carrollton Mesa Monroe
100
Athens Athens
Hagerstown Hagerstown
Lancaster Lancaster
Asheville Asheville
Clarke Clarke
Monterey Monterey
Laredo Laredo
Carrollton Carrollton
Modesto Modesto
Boulder Boulder
Bridgeport Bridgeport
Ten Ten
Apple Apple
Johnson Johnson
Birmingham Birmingham
Kenosha Kenosha
Corpus Corpus
Lowell Lowell
Clarksville Clarksville
Huntington Huntington
Viejo Viejo
Lafayette Lafayette
Abilene Abilene
Hialeah Hialeah
Austin Austin
Naples Naples
Anaheim Anaheim
Seven Seven
Melbourne Melbourne
Lewisville Lewisville
Davidson Davidson
Kissimmee Kissimmee
Monroe Monroe
Bethlehem Bethlehem
Gainesville Gainesville
Cary Cary
Glendale Glendale
Prairie Prairie
Charleston Charleston
Baltimore Baltimore
Antioch Antioch
Kennewick Kennewick
Detroit Detroit
Mobile Mobile
Lacey Lacey
Albany Albany
Elkhart Elkhart
Lakeland Lakeland
Dallas Dallas
Baton Baton
Leominster Leominster
Gilbert Gilbert
Bedford Bedford
Four Four
Cleveland Cleveland
Canton Canton
Denton Denton
Miami Miami
Havre Havre
Hampton Hampton
Chesapeake Chesapeake
Hayward Hayward
Hickory Hickory
Layton Layton
Jacksonville Jacksonville
Amarillo Amarillo
Huntsville Huntsville
Hesperia Hesperia
Fayetteville Fayetteville
Killeen Killeen
Arlington Arlington
Cambridge Cambridge
Boise Boise
Akron Akron
Greensboro Greensboro
Aberdeen Aberdeen
Mesa Mesa
Denver Denver
Kailua Kailua
Elizabeth Elizabeth
Erie Erie
Dayton Dayton
Hartford Hartford
Muskegon Muskegon
Vista Vista
Fairfield Fairfield
Montgomery Montgomery
Allentown Allentown
Three Three
Merced Merced
Daytona Daytona
Brownsville Brownsville
Anchorage Anchorage
Rapids Rapids
Irving Irving
Burlington Burlington
Manchester Manchester
Bradenton Bradenton
Mesquite Mesquite
Julian Julian
