DK AZ EA FH FT BL CD AY CC AN AV DZ HE CT CG EF GB BR GV BH AU DO DT BP GR AT CK ES HF EM GN ET DE EP BZ DN HB FZ AK EO FN HI AM EQ DP GZ DL CS EN HJ CE BE CA HC DI FG FP CY HD CW BI DX DF CI CX FA DU FD FW ED BW DM EB GX GT CR BC EL DD DB GY AG AO EY BF BV EW AB GG CM FB AA CU BM CP DK
94
AA AA
AB AB
AG AG
AK AK
AM AM
AN AN
AO AO
AT AT
AU AU
AV AV
AY AY
AZ AZ
BC BC
BE BE
BF BF
BH BH
BI BI
BL BL
BM BM
BP BP
BR BR
BV BV
BW BW
BZ BZ
CA CA
CC CC
CD CD
CE CE
CG CG
CI CI
CK CK
CM CM
CP CP
CR CR
CS CS
CT CT
CU CU
CW CW
CX CX
CY CY
DB DB
DD DD
DE DE
DF DF
DI DI
DL DL
DM DM
DN DN
DO DO
DP DP
DT DT
DU DU
DX DX
DZ DZ
EA EA
EB EB
ED ED
EF EF
EL EL
EM EM
EN EN
EO EO
EP EP
EQ EQ
ES ES
ET ET
EW EW
EY EY
FA FA
FB FB
FD FD
FG FG
FH FH
FN FN
FP FP
FT FT
FW FW
FZ FZ
GB GB
GG GG
GN GN
GR GR
GT GT
GV GV
GX GX
GY GY
GZ GZ
HB HB
HC HC
HD HD
HE HE
HF HF
HI HI
HJ HJ
