Soda EvansDiamond BarrowLane BarrowsHall BARTStation Dwinelle EastAsianLibrary CampbellHall BotanicalGarden CheitHall BlumHall BirgeHall CyclotronRd BoaltHall BancroftLibrary EastGate AnthonyHall Campanile BerkeleyArtMuseum DavisHall CalvinLaboratory ClarkKerrCampus ChouHall DonnerLab ChanShunAuditorium EtcheverryHall CNMAT CaliforniaHall EdwardsStadium BanwayBldg BarkerHall DoeMemorialLibrary AlumniHouse CareerCenter VLSB BrainImagingCenter BerkeleyWayWest BlackwellHall EshlemanHall Cory DurantHall Soda
40
AlumniHouse AlumniHouse
AnthonyHall AnthonyHall
BancroftLibrary BancroftLibrary
BanwayBldg BanwayBldg
BarkerHall BarkerHall
BarrowLane BarrowLane
BarrowsHall BarrowsHall
BARTStation BARTStation
BerkeleyArtMuseum BerkeleyArtMuseum
BerkeleyWayWest BerkeleyWayWest
BirgeHall BirgeHall
BlackwellHall BlackwellHall
BlumHall BlumHall
BoaltHall BoaltHall
BotanicalGarden BotanicalGarden
BrainImagingCenter BrainImagingCenter
EastAsianLibrary EastAsianLibrary
CaliforniaHall CaliforniaHall
CalvinLaboratory CalvinLaboratory
Campanile Campanile
CampbellHall CampbellHall
CareerCenter CareerCenter
ChanShunAuditorium ChanShunAuditorium
VLSB VLSB
CheitHall CheitHall
ChouHall ChouHall
ClarkKerrCampus ClarkKerrCampus
CNMAT CNMAT
Cory Cory
CyclotronRd CyclotronRd
DavisHall DavisHall
DoeMemorialLibrary DoeMemorialLibrary
DonnerLab DonnerLab
DurantHall DurantHall
Dwinelle Dwinelle
EastGate EastGate
EdwardsStadium EdwardsStadium
EshlemanHall EshlemanHall
EtcheverryHall EtcheverryHall
EvansDiamond EvansDiamond
