Soda EtcheverryHall WicksonNaturalArea Emeryville SproulPlaza HertzHall Unit1 BancroftLibrary EastGate ChouHall Belmont StHelena MinorHallAddition FoundersRock EvansHall SanRamon Hillsborough Pacifica LowerSproulPlaza WellmanHall SternHall WomenFacultyClub Healdsburg Insectary Campanile ClarkKerrCampus SanRafael Albany Unit3 Hayward Saratoga BlumHall Pinole ClearyHall HearstMiningCircle StadiumRimWay Cory WestCircle KroeberHall WheelerHall GoldmanField GilmanHall AnthonyHall FrankSchlessingerWay WestGate LewisHall DonnerLab HargroveMusicLibrary NorthGateHall Piedmont BarkerHall PimentelHall CalvinLaboratory HearstGreekTheatre SanPablo IshiCourt Benicia ZellerbachPlayhouse MulfordHall ZellerbachHall Fairfield WursterHall KleebergerFieldHouse SatherTower Pittsburg Alameda GiauqueHall Orinda Oakley Brisbane MartinezCommons Soda
70
MartinezCommons MartinezCommons
ChouHall ChouHall
GilmanHall GilmanHall
WestGate WestGate
ClarkKerrCampus ClarkKerrCampus
Albany Albany
GoldmanField GoldmanField
Fairfield Fairfield
Insectary Insectary
StHelena StHelena
Orinda Orinda
Hayward Hayward
WursterHall WursterHall
HargroveMusicLibrary HargroveMusicLibrary
NorthGateHall NorthGateHall
Belmont Belmont
AnthonyHall AnthonyHall
WheelerHall WheelerHall
WestCircle WestCircle
DonnerLab DonnerLab
Emeryville Emeryville
MinorHallAddition MinorHallAddition
HertzHall HertzHall
FrankSchlessingerWay FrankSchlessingerWay
SatherTower SatherTower
WellmanHall WellmanHall
Pittsburg Pittsburg
ZellerbachPlayhouse ZellerbachPlayhouse
BlumHall BlumHall
SternHall SternHall
PimentelHall PimentelHall
HearstGreekTheatre HearstGreekTheatre
Oakley Oakley
ClearyHall ClearyHall
MulfordHall MulfordHall
StadiumRimWay StadiumRimWay
Pinole Pinole
SanRamon SanRamon
Benicia Benicia
SproulPlaza SproulPlaza
Unit3 Unit3
FoundersRock FoundersRock
BancroftLibrary BancroftLibrary
Unit1 Unit1
EvansHall EvansHall
WicksonNaturalArea WicksonNaturalArea
Hillsborough Hillsborough
ZellerbachHall ZellerbachHall
WomenFacultyClub WomenFacultyClub
Pacifica Pacifica
LowerSproulPlaza LowerSproulPlaza
SanRafael SanRafael
KroeberHall KroeberHall
HearstMiningCircle HearstMiningCircle
CalvinLaboratory CalvinLaboratory
EtcheverryHall EtcheverryHall
BarkerHall BarkerHall
Campanile Campanile
Alameda Alameda
KleebergerFieldHouse KleebergerFieldHouse
Saratoga Saratoga
GiauqueHall GiauqueHall
SanPablo SanPablo
Cory Cory
Healdsburg Healdsburg
LewisHall LewisHall
IshiCourt IshiCourt
Brisbane Brisbane
EastGate EastGate
Piedmont Piedmont
