LegendsAquaticCenter DurantHall GolbousPlace EucalyptusGrove LewisHall SodaHall EllsworthParkingStru StarrEastAsianLibrar NorthField InvestigativeReporti SatherTower LawSchool SoutheastAsianStudie GoldmanField LevineFrickeSoftball LeConteHall NorthGateHall CITRIS MemorialGlade ValleyLifeSciencesBu LegendsAquaticCenter
20
LegendsAquaticCenter LegendsAquaticCenter
LeConteHall LeConteHall
GoldmanField GoldmanField
StarrEastAsianLibrar StarrEastAsianLibrar
CITRIS CITRIS
ValleyLifeSciencesBu ValleyLifeSciencesBu
SoutheastAsianStudie SoutheastAsianStudie
EllsworthParkingStru EllsworthParkingStru
SatherTower SatherTower
EucalyptusGrove EucalyptusGrove
SodaHall SodaHall
NorthField NorthField
LewisHall LewisHall
DurantHall DurantHall
InvestigativeReporti InvestigativeReporti
NorthGateHall NorthGateHall
MemorialGlade MemorialGlade
GolbousPlace GolbousPlace
LevineFrickeSoftball LevineFrickeSoftball
LawSchool LawSchool
