McLaughlinHall CareerCenter MathematicalSciences BotanicalGarden HasteStreetChildDeve EnergyBiosciencesBui GrinnellNaturalArea EtcheverryHall EvansDiamond EastAsianStudiesInst HertzHall Library PublicAffairsOfficeo FacultyGlade ZellerbachHall LegendsAquaticCenter MagnesCollectionofJe WomensFacultyClub EshlemanHall GiauqueHall SpiekerAquaticsCompl LevineFrickeSoftball StrawberryCanyonRecr UCBerkeleyExtension GoldmanSchool StephensHall CampusSharedServices CNMAT1750ArchSt Romeos AnnaHeadAlumnaeHall InsectaryGreenhouse GianniniHall JonesChildStudyCente Unit3ResidentHall WitterRugbyField SimpsonCenterforStud BerkeleyArtMuseumand SeniorHall ResidentialStudentSe BancroftParkingStruc WarrenHall RecreationalSportsFa VisitorCenter KroeberHall SamsPad DurantHall RedwoodGroveBotanica MoffittLibrary McLaughlinHall
48
McLaughlinHall McLaughlinHall
BancroftParkingStruc BancroftParkingStruc
SimpsonCenterforStud SimpsonCenterforStud
WarrenHall WarrenHall
LevineFrickeSoftball LevineFrickeSoftball
BotanicalGarden BotanicalGarden
CareerCenter CareerCenter
EastAsianStudiesInst EastAsianStudiesInst
Library Library
CampusSharedServices CampusSharedServices
HertzHall HertzHall
EvansDiamond EvansDiamond
SeniorHall SeniorHall
GiauqueHall GiauqueHall
LegendsAquaticCenter LegendsAquaticCenter
RedwoodGroveBotanica RedwoodGroveBotanica
UCBerkeleyExtension UCBerkeleyExtension
Unit3ResidentHall Unit3ResidentHall
EshlemanHall EshlemanHall
FacultyGlade FacultyGlade
GianniniHall GianniniHall
MathematicalSciences MathematicalSciences
StephensHall StephensHall
CNMAT1750ArchSt CNMAT1750ArchSt
GrinnellNaturalArea GrinnellNaturalArea
DurantHall DurantHall
ResidentialStudentSe ResidentialStudentSe
HasteStreetChildDeve HasteStreetChildDeve
InsectaryGreenhouse InsectaryGreenhouse
BerkeleyArtMuseumand BerkeleyArtMuseumand
WitterRugbyField WitterRugbyField
GoldmanSchool GoldmanSchool
EnergyBiosciencesBui EnergyBiosciencesBui
WomensFacultyClub WomensFacultyClub
MagnesCollectionofJe MagnesCollectionofJe
StrawberryCanyonRecr StrawberryCanyonRecr
KroeberHall KroeberHall
RecreationalSportsFa RecreationalSportsFa
MoffittLibrary MoffittLibrary
SpiekerAquaticsCompl SpiekerAquaticsCompl
EtcheverryHall EtcheverryHall
JonesChildStudyCente JonesChildStudyCente
PublicAffairsOfficeo PublicAffairsOfficeo
Romeos Romeos
ZellerbachHall ZellerbachHall
AnnaHeadAlumnaeHall AnnaHeadAlumnaeHall
VisitorCenter VisitorCenter
SamsPad SamsPad
