a cv ci aw bz bb ab cb by bf dv k cp o ch cd br bv ah en j dj fs gb gh fg dn al gp fu dx eu ew fa fh fr fd fv ev fz b t aj ap e do ck bm ag dg ec p eg m ea et ga bd cs az bc ct ae bi bl cl y dm u dt c eq fb w ff ex gn ee an du l er dq fy em ey ak df aa de cq h ep gl fn ar cu fl gm ed a
100
a a
b b
c c
e e
h h
j j
k k
l l
m m
o o
p p
t t
u u
w w
y y
aa aa
ab ab
ae ae
ag ag
ah ah
aj aj
ak ak
al al
an an
ap ap
ar ar
aw aw
az az
bb bb
bc bc
bd bd
bf bf
bi bi
bl bl
bm bm
br br
bv bv
by by
bz bz
cb cb
cd cd
ch ch
ci ci
ck ck
cl cl
cp cp
cq cq
cs cs
ct ct
cu cu
cv cv
de de
df df
dg dg
dj dj
dm dm
dn dn
do do
dq dq
dt dt
du du
dv dv
dx dx
ea ea
ec ec
ed ed
ee ee
eg eg
em em
en en
ep ep
eq eq
er er
et et
eu eu
ev ev
ew ew
ex ex
ey ey
fa fa
fb fb
fd fd
ff ff
fg fg
fh fh
fl fl
fn fn
fr fr
fs fs
fu fu
fv fv
fy fy
fz fz
ga ga
gb gb
gh gh
gl gl
gm gm
gn gn
gp gp
