Fizz Bane Orianna Nunu Syndra Venomancer BountyHunter Fiddlesticks VelKoz Visage Chen Lucian Tiny Talon Terrorblade Gragas Katarina Nidalee Kennen Vladimir Rubick Rumble Zed StormSpirit Amumu ShadowShaman Medusa Mirana KhaZix Quinn NightStalker ShadowFiend LeBlanc Karma Jayce Ryze Irelia Kayn TrollWarlord Huskar Warlock Timbersaw DeathProphet Pantheon JarvanIV Janna Undying Oracle Sniper Zilean Techies Brewmaster Tristana Puck SpiritBreaker Kled Xayah ShadowDemon CentaurWarrunner Omniknight WinterWyvern Morphling Ziggs Magnus Jinx Slardar Sven Weaver Thresh FacelessVoid Beastmaster Singed TahmKench Cassiopeia LoneDruid Kassadin Slark Vi Trundle Ekko Viktor Nasus Yorick Sona Leona Rengar Azir Heimerdinger Annie Fizz
89
BountyHunter BountyHunter
Talon Talon
Medusa Medusa
Rengar Rengar
Techies Techies
ShadowFiend ShadowFiend
WinterWyvern WinterWyvern
Terrorblade Terrorblade
Nasus Nasus
Fizz Fizz
Mirana Mirana
Leona Leona
Ekko Ekko
Oracle Oracle
Xayah Xayah
ShadowDemon ShadowDemon
Thresh Thresh
Sona Sona
Venomancer Venomancer
Nunu Nunu
Annie Annie
Visage Visage
Lucian Lucian
Jayce Jayce
Warlock Warlock
Kennen Kennen
Amumu Amumu
Karma Karma
Chen Chen
Viktor Viktor
Kassadin Kassadin
Nidalee Nidalee
Beastmaster Beastmaster
Slardar Slardar
TrollWarlord TrollWarlord
Weaver Weaver
Sniper Sniper
Sven Sven
Vladimir Vladimir
Yorick Yorick
Ziggs Ziggs
SpiritBreaker SpiritBreaker
KhaZix KhaZix
ShadowShaman ShadowShaman
Vi Vi
Heimerdinger Heimerdinger
Rumble Rumble
VelKoz VelKoz
Puck Puck
Ryze Ryze
Cassiopeia Cassiopeia
NightStalker NightStalker
Azir Azir
Omniknight Omniknight
Kayn Kayn
StormSpirit StormSpirit
Orianna Orianna
Zilean Zilean
Brewmaster Brewmaster
Pantheon Pantheon
JarvanIV JarvanIV
Timbersaw Timbersaw
Janna Janna
Singed Singed
Jinx Jinx
TahmKench TahmKench
Undying Undying
Syndra Syndra
Quinn Quinn
Irelia Irelia
Rubick Rubick
Zed Zed
Slark Slark
CentaurWarrunner CentaurWarrunner
Fiddlesticks Fiddlesticks
LoneDruid LoneDruid
Tiny Tiny
LeBlanc LeBlanc
DeathProphet DeathProphet
Kled Kled
Morphling Morphling
FacelessVoid FacelessVoid
Katarina Katarina
Huskar Huskar
Magnus Magnus
Tristana Tristana
Bane Bane
Gragas Gragas
Trundle Trundle
