0 23 24 9 10 72 67 63 59 57 51 60 64 68 71 11 12 73 69 65 69 73 12 30 32 31 40 76 78 99 86 42 45 47 48 49 92 49 50 93 89 94 88 80 43 91 46 47 14 17 18 19 18 17 14 15 16 99 79 81 41 33 36 35 39 37 84 87 82 83 98 97 96 95 75 38 34 29 28 27 28 26 10 8 74 66 62 58 56 52 55 54 55 52 56 58 62 66 74 8 7 0 2 3 4 5 4 3 2 0
86
0 21 22 1 0
2 2
3 3
4 4
5 6 5
7 25 7
8 8
9 9
10 10
11 11
12 12
14 13 14
15 15
16 16
17 17
18 18
19 20 19
23 23
24 24
26 26
27 77 27
28 28
29 29
30 30
31 31
32 32
33 33
34 34
35 35
36 36
37 37
38 38
39 39
40 40
41 41
42 42
43 44 43
45 45
46 46
47 47
48 48
49 49
50 50
51 51
52 52
54 53 54
55 55
56 56
57 57
58 58
59 59
60 60
62 62
63 63
64 64
65 70 61 65
66 66
67 67
68 68
69 69
71 71
72 72
73 73
74 74
75 75
76 76
78 78
79 79
80 80
81 81
82 82
83 83
84 84
86 86
87 87
88 88
89 89
91 91
92 90 92
93 93
94 94
95 95
96 96
97 97
98 98
99 85 99
