6 1 4 0 8 7 2 6 199 198 197 194 190 191 196 199 189 182 181 187 184 186 185 180 189 172 176 170 178 172 168 166 167 163 168 158 150 153 154 152 159 158 143 148 145 149 144 147 146 143 133 139 134 130 137 138 132 133 124 126 123 129 128 120 125 124 111 114 112 115 118 113 111 103 105 101 102 107 109 106 105 103 96 90 95 97 98 92 96 80 81 87 88 85 80 73 74 78 72 79 75 77 73 67 69 62 63 60 65 67 55 51 50 59 51 55 42 40 48 46 41 40 42 30 38 39 30 24 20 23 26 24 11 15 13 14 16 19 10 18 11 6
88
0 0
1 1
4 4
7 7
8 8
10 10
14 14
15 15
18 18
19 19
20 21 20
23 23
26 26
30 31
38 36 38
39 39
40 40
41 41
46 46
48 48
50 50
51 51
55 57
59 59
60 60
62 62
63 63
65 65
69 69
74 74
75 75
77 77
78 78
79 79
81 81
85 85
87 87
88 88
90 90
95 95
97 97
98 98
101 101
105 105
106 106
107 107
109 109
112 112
113 113
114 114
115 115
118 118
120 120
125 125
126 126
128 128
129 129
130 130
132 132
134 134
137 137
139 139
144 144
145 145
146 146
148 148
149 149
150 157 150
152 152
153 153
163 163
166 166
167 167
168 164
170 179 170
172 177
176 176
178 178
181 181
182 182
185 185
186 186
187 187
190 190
191 191
194 194
196 196
198 198
