L16 L73 L99 L129 L128 L145 L67 L139 L89 L11 L74 L100 L52 L43 L91 L148 L78 L125 L134 L38 L76 L13 L109 L21 L147 L143 L40 L65 L143 L4 L149 L138 L61 L63 L103 L133 L68 L87 L150 L151 L126 L104 L9 L111 L83 L141 L131 L153 L82 L62 L124 L6 L93 L101 L116 L2 L8 L84 L114 L140 L12 L28 L24 L7 L22 L94 L85 L56 L70 L77 L107 L35 L106 L152 L1 L53 L110 L18 L5 L130 L19 L95 L142 L75 L119 L72 L92 L20 L146 L47 L29 L16
83
L1 L1
L2 L2
L4 L4
L5 L5
L7 L7
L8 L8
L9 L9
L11 L11
L12 L12
L16 L16
L18 L18
L20 L20
L21 L21
L22 L22
L24 L24
L28 L28
L29 L29
L35 L35
L38 L38
L40 L40
L43 L43
L47 L47
L52 L52
L53 L53
L56 L56
L61 L61
L62 L62
L63 L27 L63
L65 L65
L67 L67
L68 L68
L70 L70
L72 L72
L74 L74
L75 L75
L76 L76
L77 L77
L78 L78
L82 L82
L83 L83
L84 L84
L85 L85
L87 L87
L89 L89
L91 L91
L92 L92
L93 L93
L94 L94
L95 L95
L99 L99
L100 L100
L101 L101
L103 L103
L104 L104
L106 L106
L107 L107
L109 L109
L110 L110
L114 L79 L114
L119 L80 L90 L119
L124 L124
L125 L125
L126 L126
L128 L128
L129 L129
L130 L130
L131 L131
L133 L144 L133
L134 L134
L138 L138
L139 L139
L140 L140
L141 L141
L142 L142
L143 L143
L145 L145
L146 L146
L147 L147
L149 L149
L150 L150
L151 L151
L152 L152
L153 L153
