5 4 3 2 1 0 5 11 10 9 8 7 6 11 17 16 15 14 13 12 17 23 22 21 20 19 18 23 29 28 27 26 25 24 29 35 34 33 32 31 30 35 41 40 39 38 37 36 41 47 46 45 44 43 42 47 53 52 51 50 49 48 53 59 58 57 56 55 54 59 65 64 63 62 61 60 65 71 70 69 68 67 66 71 77 76 75 74 73 72 77 83 82 81 80 79 78 83 89 88 87 86 85 84 89 95 94 93 92 91 90 95 101 100 99 98 97 96 101 107 106 105 104 103 102 107 113 119 125 131 137 143 149 155 161 167 173 179 5
90
0 0
1 1
2 2
3 3
4 4
6 6
7 7
8 8
9 9
10 10
12 12
13 13
14 14
15 15
16 16
18 18
19 19
20 20
21 21
22 22
24 24
25 25
26 26
27 27
28 28
30 30
31 31
32 32
33 33
34 34
36 36
37 37
38 38
39 39
40 40
42 42
43 43
44 44
45 45
46 46
48 48
49 49
50 50
51 51
52 52
54 54
55 55
56 56
57 57
58 58
60 60
61 61
62 62
63 63
64 64
66 66
67 67
68 68
69 69
70 70
72 72
73 73
74 74
75 75
76 76
78 78
79 79
80 80
81 81
82 82
84 84
85 85
86 86
87 87
88 88
90 90
91 91
92 92
93 93
94 94
96 96
97 97
98 98
99 99
100 100
102 102
103 103
104 104
105 105
106 106
