1 170 190 140 11 3 60 180 161 148 137 178 52 35 53 100 78 42 132 76 118 114 94 68 181 191 44 147 126 17 20 119 197 70 127 87 131 16 184 59 182 45 14 183 97 2 74 123 142 12 112 21 139 91 167 57 120 151 32 122 153 81 40 99 95 160 27 155 29 6 165 159 34 36 67 188 9 89 129 7 164 117 149 121 108 192 25 64 116 176 65 143 79 186 172 77 163 92 28 13 93 1
100
2 2
3 3
6 6
7 7
9 9
11 11
12 12
13 13
14 14
16 16
17 17
20 20
21 21
25 25
27 27
28 28
29 29
32 32
34 34
35 35
36 36
40 40
42 42
44 44
45 45
52 52
53 53
57 57
59 59
60 60
64 64
65 65
67 67
68 68
70 70
74 74
76 76
77 77
78 78
79 79
81 81
87 87
89 89
91 91
92 92
93 93
94 94
95 95
97 97
99 99
100 100
108 108
112 112
114 114
116 116
117 117
118 118
119 119
120 120
121 121
122 122
123 123
126 126
127 127
129 129
131 131
132 132
137 137
139 139
140 140
142 142
143 143
147 147
148 148
149 149
151 151
153 153
155 155
159 159
160 160
161 161
163 163
164 164
165 165
167 167
170 170
172 172
176 176
178 178
180 180
181 181
182 182
183 183
184 184
186 186
188 188
190 190
191 191
192 192
197 197
