187 86 156 47 18 67 196 99 7 110 179 36 8 66 172 144 87 164 78 166 173 30 2 77 161 191 136 72 190 169 149 6 12 152 106 111 163 79 114 146 41 93 171 90 21 108 134 154 97 54 89 189 80 194 165 160 39 69 44 180 53 35 56 33 83 157 159 176 58 126 184 92 101 127 82 15 183 65 140 117 175 142 73 23 124 133 131 109 22 150 148 71 181 128 9 120 13 59 37 42 88 153 29 4 94 158 48 63 195 199 70 45 32 185 162 68 187
97
2 2
6 6
7 7
8 8
9 9
12 12
13 13
15 15
18 18
23 23
29 29
30 30
32 32
33 33
36 36
39 39
41 41
42 42
44 44
45 45
47 47
48 48
53 53
54 55 54
58 95 58
59 59
63 63
65 65
67 67
68 68
69 69
70 70
71 71
72 72
73 73
77 107
78 78
79 79
80 80
82 82
83 83
86 86
87 87
89 89
90 90
92 92
93 93
94 94
97 97
108 108
109 109
110 110
111 111
114 114
117 117
120 120
124 124
126 126
127 127
128 128
131 131
133 133
134 134
136 136
140 140
142 142
144 119 52
146 146
148 148
149 132
150 150
152 152
153 153
154 154
156 156
157 157
160 160
161 161
162 162
163 163
164 164
165 165
166 166
169 169
171 171
172 172
173 173
175 175
176 176
180 180
181 181
183 183
184 184
190 190
191 191
196 196
199 199
