0 158 62 77 136 190 94 31 115 183 191 39 38 163 156 43 182 184 170 188 74 119 105 174 21 69 116 80 177 46 179 197 180 2 192 178 193 198 129 160 78 9 17 51 3 8 103 70 24 142 96 19 131 29 68 194 93 18 33 199 185 126 4 12 109 133 52 86 195 60 159 16 189 32 35 50 157 125 143 58 0
80
0 0
2 2
3 3
4 4
8 8
9 9
12 12
16 16
17 17
18 18
19 19
21 21
24 24
29 29
31 31
32 32
33 33
35 35
38 38
39 39
43 43
46 46
50 50
51 51
52 52
58 58
60 60
62 62
68 68
69 69
70 70
74 74
77 77
78 78
80 80
86 86
93 93
94 94
96 96
103 103
105 105
109 109
115 115
116 116
119 119
125 125
126 126
129 129
131 131
133 133
136 136
142 142
143 143
156 156
157 157
158 158
159 159
160 160
163 163
170 170
174 174
177 177
178 178
179 179
180 180
182 182
183 183
184 184
185 185
188 188
189 189
190 190
191 191
192 192
193 193
194 194
195 195
197 197
198 198
199 199
