190 135 166 56 45 153 5 172 4 47 138 52 61 44 103 168 23 186 84 192 69 108 54 32 163 54 50 57 169 176 21 29 109 198 102 181 118 142 1 156 37 2 182 123 113 94 141 30 104 10 68 25 22 117 89 100 179 66 71 171 195 146 193 90 40 27 147 133 108 162 95 188 134 99 132 152 24 111 189 93 116 164 93 136 165 8 67 33 58 83 129 33 114 92 106 137 6 121 145 38 65 34 55 64 179 11 81 173 159 101 177 115 139 62 46 98 149 85 112 185 49 76 60 190
98
1 1
2 2
5 5
8 8
10 10
11 11
21 21
22 22
23 23
27 27
29 29
30 30
32 32
33 33
34 34
38 38
40 40
44 44
45 45
46 46
47 47
50 50
52 52
54 54
55 36 55
56 56
57 57
60 60
61 61
62 62
65 65
66 66
67 67
68 68
69 69
71 71
76 76
83 83
84 84
92 92
93 93
94 94
95 95
99 99
100 100
101 101
102 102
103 103
104 104
106 106
108 3 108
109 109
111 111
112 112
113 113
114 114
116 116
117 117
118 118
121 121
123 123
129 129
132 132
133 133
135 135
136 136
137 137
138 138
139 139
141 141
142 142
146 146
149 149
152 152
153 153
156 156
162 162
163 163
164 164
165 165
166 166
168 168
169 169
172 172
173 173
176 176
177 177
179 179
181 181
182 182
185 185
186 186
188 188
189 189
192 192
193 193
195 195
198 198
