114 49 67 91 28 85 199 98 100 81 188 182 164 154 129 92 47 26 18 63 133 80 95 53 187 135 93 171 127 155 8 69 22 111 115 37 5 195 196 134 177 167 96 147 32 24 179 36 192 84 38 87 169 146 183 176 130 16 54 132 70 43 197 198 89 59 131 42 148 181 21 178 66 15 48 33 14 31 124 4 3 103 61 102 170 94 174 150 166 112 105 143 109 75 117 1 35 149 62 108 51 173 0 10 25 191 76 190 29 74 119 161 78 114
97
0 0
1 1
3 7 3
4 4
5 41 5
10 10
14 14
15 15
16 16
18 18
21 21
24 24
26 26
28 28
29 29
31 31
32 32
33 33
35 35
36 36
37 37
38 38
42 42
43 43
47 47
49 49
51 51
53 53
59 59
62 62
63 63
66 66
67 67
69 69
70 70
74 175 74
75 75
76 76
78 78
81 81
84 84
87 87
89 89
91 91
92 92
93 93
94 94
95 95
96 96
98 98
100 100
102 102
103 103
105 105
108 108
109 109
111 111
112 112
114 114
115 115
117 117
119 119
124 124
127 127
131 131
132 12
133 133
134 134
135 135
146 146
147 147
148 148
149 149
150 150
154 154
155 155
161 161
164 164
166 166
167 167
169 169
170 170
171 171
173 173
174 174
176 176
177 177
181 181
182 182
183 183
187 187
188 188
191 191
195 195
196 196
197 197
199 199
