gc gk em ac as co ab cm dg u ds fw dy cg fy br er go am cd ep ck z g cn az db fa eq cy ge bj fi do dp gg dj h aw bp dq ae en dh d gi di gj cq ad bx ap bt bb fn ey bi el cj ee cl cs cv ao ah bc by p fq fk dx gn gh ga ff e fe bq a at dn ai v gq bu fg eg es y b cz cr cp j bv df bn et gm fr q dw ez fd fo ft an bl gc
100
a a
b b
d d
e e
g g
j j
p p
q q
u u
v v
y y
ab ab
ac ac
ad ad
ae ae
ah ah
ai ai
am am
an an
ao ao
ap ap
as as
at at
aw aw
az az
bb bb
bc bc
bi bi
bj bj
bl bl
bn bn
bp bp
bq bq
br br
bt bt
bu bu
bv bv
bx bx
by by
cg cg
cj cj
ck ck
cl cl
cm cm
cn cn
co co
cp cp
cq cq
cr cr
cs cs
cv cv
cz cz
db db
df fh
dg dg
dh dh
di di
dj dj
dn dn
do do
dp dp
dq dq
ds ds
dw dw
dx dx
dy dy
ee ee
el el
em em
en en
ep ep
eq eq
er er
es es
et et
ey ey
fa fa
fd fd
fe fe
ff ff
fi fi
fk fk
fn fn
fo fo
fq fq
fr fr
ft ft
fw fw
fy fy
ga ga
ge ge
gg gg
gh gh
gi gi
gj gj
gk gk
gm gm
gn gn
go go
gq gq
