Liam Isaiah Joseph Mateo Sebastian Mateo Alexander Mason Jayden Adam Brayden Jaxson Michael Ezra Thomas Dylan Owen Jose Sawyer Benjamin Carter Dominic Eli Lucas Noah Luke Asher Jordan Jacob Roman Maverick Cooper Adrian Elijah Aiden William Logan Colton Levi Jonathan Henry Ian Robert Daniel Isaiah Liam
27
Liam Liam
Noah Noah
William William
Logan Logan
Benjamin Benjamin
Mason Mason
Elijah Elijah
Jacob Jacob
Lucas Lucas
Michael Michael
Alexander Alexander
Daniel Daniel
Aiden Aiden
Henry Henry
Joseph Joseph
Sebastian David Sebastian
Carter Carter
Jayden Jayden
Owen Owen
Dylan Dylan
Luke Luke
Thomas James
Eli Jackson Wyatt
Brayden Ethan Samuel
Dominic Oliver
Cooper Matthew
Sawyer John
