Liam Jordan Jack Joshua Lucas Noah Maverick Camden Bentley Jayden Max Grant Antonio Carter Elliott Caleb Cameron Jaxson Angel Anthony Maxwell Grayson Alexander Leo Bryson Malachi Adam Malachi Henry Jayce Gabriel Victor Aiden Tucker Charles Tucker Aiden Richard Easton Patrick Oliver Andrew Dylan Lincoln Chase Aaron David Brody George Ethan Brantley Kai Brantley Brayden Jonathan Preston Jose Ezra Ezekiel Ezra Jackson Braxton Silas Nicholas Daniel Jameson Benjamin Jameson Matteo Julian Josiah Justin Bennett Landon William Beau Eric Messiah John Messiah Zion Rhett Christian Hayden Austin Rowan Theodore Jude Zachary Hunter Zachary Jude Joseph Robert Giovanni Abraham Kaleb Isaac James Steven Xavier Ryan Nolan Elijah Nolan Miles Luke Finn Kevin Nathan Connor Waylon Marcus Dawson Gael Wyatt Edward Sebastian Bryce Oscar Xander Leonardo Jordan Liam
75
Liam Evan Liam
Noah Noah
William William
James James
Benjamin Jaxon Benjamin
Elijah Adrian Elijah
Oliver Oliver
Lucas Lucas
Alexander Alexander
Ethan Ethan
Daniel Daniel
Aiden Mateo Aiden
Henry Henry
Joseph Joseph
Jackson Jackson
Sebastian Sebastian
David David
Carter Carter
Wyatt Wyatt
Jayden Jayden
John Matthew John
Dylan Dylan
Luke Luke
Gabriel Gabriel
Anthony Anthony
Isaac Isaac
Grayson Grayson
Jack Jack
Julian Julian
Joshua Joshua
Andrew Andrew
Lincoln Lincoln
Ryan Ryan
Nathan Nathan
Aaron Michael Aaron
Charles Mason Charles
Caleb Caleb
Josiah Josiah
Christian Christian
Hunter Thomas Isaiah Hunter
Jonathan Jonathan
Connor Connor
Landon Landon
Cameron Cameron
Leo Leo
Theodore Theodore
Robert Robert
Easton Easton
Nolan Logan Nolan
Nicholas Nicholas
Ezra Ezra
Angel Angel
Brayden Asher Brayden
Jordan Jordan
Austin Austin
Adam Colton Adam
Jaxson Jaxson
Jose Jose
Ezekiel Jeremiah Ezekiel
Maverick Maverick
Bryson Bryson
Xavier Xavier
Jameson Hudson
Kai Christopher Carson
Eric Greyson Samuel
Jude Jace
Antonio Owen
Victor Dominic
Finn Jacob
Grant Cooper
Steven Eli
Kaleb Elias
Oscar Levi
Marcus Parker
Dawson Ian
