zero three two one seven fourteen thirteen twelve eleven ten seventeen sixteen fifteen twentyone twenty twentyseven twentysix twentyfive twentyfour thirtyone thirtyeight thirtyseven fortyfour fortythree fortynine fortyeight fiftyfive fiftyfour fiftythree sixty fiftynine fiftyeight fiftyseven sixtyfour seventy sixtynine sixtyeight sixtyseven sixtysix sixtyfive seventytwo seventyone seventyseven seventysix seventyfive eightytwo eightythree eightyfour seventyeight seventynine eighty eightyseven eightysix eightyfive ninetyone ninetyeight ninetytwo ninetynine onehun onehunone onehuneight onehunnine onehunten onehuneleven onehuneighteen onehunseventeen onehunsixteen onehuntwentythree onehunthirty onehuntwentynine onehuntwentyeight onehuntwentyseven onehunthirtyfour onehunfortyone onehunfortyeight onehunfiftyfive onehunsixtytwo onehunsixtynine onehunseventysix onehuneightythree onehunninety onehunninetyone onehunninetytwo onehunninetythree onehunninetyfour onehuneightyseven onehuneightysix onehuneightyfive onehuneightyfour onehunseventyseven onehunseventyeight onehunseventynine onehuneighty onehuneightyone onehuneightytwo onehunseventysix onehunsixtynine onehunseventyfive onehunseventyfour onehunseventythree onehunseventytwo onehunseventyone onehunseventy onehunsixtythree onehunsixtyfour onehunsixtyfive onehunsixtyfour onehunfiftyseven onehunfiftyeight onehunfiftynine onehunsixty onehunsixtyone onehunfiftyfour onehunfortyeight onehunfortynine onehunfifty onehunfortythree onehunfortyfour onehunfortyfive onehunfortysix onehunthirtynine onehunforty onehunthirtyfour onehunthirtyfive onehuntwentyeight onehuntwentyone onehuntwenty onehuntwentysix onehunnineteen onehunthirteen onehunsix ninetynine ninetytwo eightyfive seventyeight seventyone sixtyfour fiftyseven fifty fortythree thirtysix twentynine thirtyfive thirtyfour thirtythree twentysix nineteen twelve five six zero
96
one one
two two
three three
six six
seven seven
ten ten
eleven eleven
twelve twelve
fourteen fourteen
fifteen fifteen
sixteen sixteen
seventeen seventeen
twenty twenty
twentyfour twentythree
twentyfive twentyfive
twentysix twentysix
twentyseven twentyseven
twentynine twentynine
thirtythree thirtythree
thirtyfour thirtyfour
thirtyseven thirtyseven
thirtyeight thirtyeight
fortythree fortythree
fortyfour fortyfive fortyfour
fortynine fortynine
fiftythree fiftytwo fiftythree
fiftyfive fiftyfive
fiftyseven fiftyseven
fiftyeight fiftyeight
sixty sixty
sixtyfour sixtyfour
sixtysix sixtysix
sixtyseven sixtyseven
sixtynine sixtynine
seventy seventy
seventyone seventyone
seventytwo seventytwo
seventyfive seventyfive
seventyseven seventyseven
seventyeight seventyeight
seventynine seventynine
eightytwo eightytwo
eightythree eightythree
eightyfour eightyfour
eightyseven eightyseven
ninetyeight ninetyeight
ninetynine ninetynine
onehunone onehunone
onehuneight onehuneight
onehunten onehunten
onehuneleven onehuneleven
onehunthirteen onehunthirteen
onehunsixteen onehunsixteen
onehunseventeen onehunseventeen
onehuneighteen onehuneighteen
onehunnineteen onehunnineteen
onehuntwentyone onehuntwentyone
onehuntwentythree onehuntwentyfour onehuntwentythree
onehuntwentysix onehuntwentysix
onehuntwentyseven onehuntwentyseven
onehuntwentyeight onehuntwentyeight
onehunthirty onehunthirty
onehunthirtyfive onehunthirtyfive
onehunforty onehunforty
onehunfortythree onehunfortythree
onehunfortyfour onehunfortyfour
onehunfortyfive onehunfortyfive
onehunfortysix onehunfortysix
onehunfortynine onehunfortynine
onehunfifty onehunfifty
onehunfiftyfour onehunfiftyfour
onehunfiftyseven onehunfiftyseven
onehunfiftynine onehunfiftynine
onehunsixty onehunsixty
onehunsixtyone onehunsixtyone
onehunsixtythree onehunsixtythree
onehunsixtyfour onehunsixtyfour
onehunsixtyfive onehunsixtysix onehunsixtyfive
onehunsixtynine onehunsixtynine
onehunseventy onehunseventy
onehunseventyone onehunseventyone
onehunseventythree onehunseventythree
onehunseventyfour onehunseventyfour
onehunseventyfive onehunseventyfive
onehunseventysix onehunseventysix
onehunseventyeight onehunseventyeight
onehuneighty onehuneighty
onehuneightyone onehuneightyone
onehuneightytwo onehuneightytwo
onehuneightyfour onehuneightyfour
onehuneightyseven onehuneightyseven
onehunninety onehunninety
onehunninetyone onehunninetyone
onehunninetytwo onehunninetytwo
onehunninetythree onehunninetythree
onehunninetyfour onehunninetyfour
