0 20 79 12 36 86 15 150 92 182 70 59 89 83 128 194 94 144 85 11 113 82 93 26 37 68 29 75 62 176 66 2 46 48 179 34 4 31 5 173 63 13 17 33 78 6 51 183 120 98 90 28 84 121 9 72 22 71 58 81 18 39 184 7 76 60 119 30 41 69 19 74 52 21 65 56 24 100 96 16 54 80 193 55 97 27 105 67 47 87 49 77 188 14 38 25 61 1 91 40 57 10 88 3 95 122 73 64 130 196 8 35 42 99 32 53 20 0
98
80 80
29 29
27 27
12 12
60 60
77 77
5 5
74 74
21 21
35 35
24 24
37 37
93 93
67 67
41 41
83 83
79 79
97 97
51 51
19 50 19
4 4
94 94
33 33
84 84
96 96
98 98
176 45
69 69
76 76
13 13
78 78
92 92
39 39
95 95
25 25
47 47
63 63
82 82
73 73
70 70
91 91
22 22
66 66
36 36
26 26
15 15
64 64
20 20
31 31
17 17
46 46
55 55
144 43
2 2
53 53
81 81
57 57
65 65
88 88
49 49
72 72
54 54
30 30
89 89
16 16
0 0
58 58
42 42
18 18
75 75
59 59
8 8
38 38
11 11
34 34
85 85
32 32
62 62
10 10
183 44
71 71
52 52
14 14
6 6
86 86
61 61
48 48
90 90
99 99
1 1
9 9
7 7
28 28
40 40
68 23 68
87 87
56 56
3 3
