0 3 117 191 140 104 18 109 45 95 100 97 89 61 36 125 101 68 33 105 21 103 116 112 175 154 106 151 8 91 118 194 108 115 108 158 153 106 150 142 164 109 180 114 65 104 138 178 113 78 110 78 113 12 132 102 2 107 4 90 171 119 55 92 117 3 0
36
100 120 121 122 123
101 124 126 127 128 129 130
102 133 131
103 134 135 136 137
104 139
105 141 146 145 144 143
106 147 152 148 149
107 155
108 156 157 159 160
109 161 162 163 165 166 167
110 168 169 170
112 172 173 174 176 177
113 179
114 185 184 183 182 181
115 186 187
116 188 189 190
117 193 192
118 195 196
119 199 198 197
125 125
132 132
138 138
140 140
142 142
150 150
151 151
153 153
154 154
158 158
164 164
171 171
175 175
178 178
180 180
191 191
194 194
