Afghanistan Laos Kyrgyzstan Kuwait Kosovo Korea Kiribati Kenya Kazakhstan Jordan Japan Jamaica Italy Israel Ireland Iraq Iran Indonesia India Iceland Hungary Honduras HolySee Hesse Hawaii HanseaticRepublics Hanover Haiti Guyana GuineaBissau Guinea Guatemala Grenada Greece Ghana Germany Georgia Gabon France Finland Fiji Ethiopia Eswatini Estonia Eritrea EquatorialGuinea ElSalvador Egypt Ecuador Dominicanrepublic Dominica Djibouti Denmark Congo Czechoslovakia Czechi Cyprus Cuba Croatia CotedIvoire Costarica Comoros Colombia China Chile Chad Canada Cameroon Cambodia Cabo Burundi Burma Burkina Bulgaria Brunswick Brunei Brazil Botswana Bosnia Bolivia Benin Belize Belgium Belarus Bavaria Barbados Bangladesh Bahrain Baden Azerbaijan Austrian Austria Australia Armenia Argentina Antigu Angola Andorra Algeria Albania Afghanistan
100
Afghanistan Afghanistan
Albania Albania
Algeria Algeria
Andorra Andorra
Angola Angola
Antigu Antigu
Argentina Argentina
Armenia Armenia
Australia Australia
Austria Austria
Austrian Austrian
Azerbaijan Azerbaijan
Baden Baden
Bahrain Bahrain
Bangladesh Bangladesh
Barbados Barbados
Bavaria Bavaria
Belarus Belarus
Belgium Belgium
Belize Belize
Benin Benin
Bolivia Bolivia
Bosnia Bosnia
Botswana Botswana
Brazil Brazil
Brunei Brunei
Brunswick Brunswick
Bulgaria Bulgaria
Burkina Burkina
Burma Burma
Burundi Burundi
Cabo Cabo
Cambodia Cambodia
Cameroon Cameroon
Canada Canada
Chad Chad
Chile Chile
China China
Colombia Colombia
Comoros Comoros
Costarica Costarica
CotedIvoire CotedIvoire
Croatia Croatia
Cuba Cuba
Cyprus Cyprus
Czechi Czechi
Czechoslovakia Czechoslovakia
Congo Congo
Denmark Denmark
Djibouti Djibouti
Dominica Dominica
Dominicanrepublic Dominicanrepublic
Ecuador Ecuador
Egypt Egypt
ElSalvador ElSalvador
EquatorialGuinea EquatorialGuinea
Eritrea Eritrea
Estonia Estonia
Eswatini Eswatini
Ethiopia Ethiopia
Fiji Fiji
Finland Finland
France France
Gabon Gabon
Georgia Georgia
Germany Germany
Ghana Ghana
Greece Greece
Grenada Grenada
Guatemala Guatemala
Guinea Guinea
GuineaBissau GuineaBissau
Guyana Guyana
Haiti Haiti
Hanover Hanover
HanseaticRepublics HanseaticRepublics
Hawaii Hawaii
Hesse Hesse
HolySee HolySee
Honduras Honduras
Hungary Hungary
Iceland Iceland
India India
Indonesia Indonesia
Iran Iran
Iraq Iraq
Ireland Ireland
Israel Israel
Italy Italy
Jamaica Jamaica
Japan Japan
Jordan Jordan
Kazakhstan Kazakhstan
Kenya Kenya
Kiribati Kiribati
Korea Korea
Kosovo Kosovo
Kuwait Kuwait
Kyrgyzstan Kyrgyzstan
Laos Laos
