pump need preoccupation judicial reject survival overlook freedom exercise mud category engineer consideration line leadership rock valley linger impound distributor admiration attractive title performance depressed range parallel ghost diagram privilege physical wage genetic wear literature fairy minor aspect tip feign hallway polish unanimous plug mouse reflection forest prospect pedestrian nominate pursuit anger pipe descent guideline button sticky separate brain appearance lot affect hierarchy innovation gloom row lemon ensure pray sweet formulate sacrifice ground float sentiment packet sit park pump
78
row row
guideline guideline
impound impound
feign feign
mouse mouse
park park
minor minor
admiration admiration
diagram diagram
descent descent
button button
prospect prospect
affect affect
need need
overlook overlook
pump pump
privilege privilege
aspect aspect
survival survival
parallel parallel
sacrifice sacrifice
mud mud
sit sit
packet packet
category category
ensure ensure
distributor distributor
line line
literature literature
gloom gloom
rock rock
appearance appearance
float float
tip tip
ghost ghost
pedestrian pedestrian
plug plug
consideration consideration
range range
leadership leadership
preoccupation preoccupation
wage wage
lemon lemon
sweet sweet
reflection reflection
unanimous unanimous
wear wear
sticky sticky
lot lot
anger anger
innovation innovation
ground ground
physical physical
pursuit pursuit
nominate nominate
exercise exercise
pipe pipe
sentiment sentiment
hierarchy hierarchy
valley valley
judicial judicial
linger linger
depressed depressed
hallway hallway
attractive attractive
separate separate
engineer engineer
polish polish
title title
reject reject
pray pray
freedom freedom
genetic genetic
brain brain
forest forest
performance performance
fairy fairy
formulate formulate
