F1E81B 813B05 396D53 462226 EE2A22 79BC3D B69F55 1F842B 7E78F3 0C73D8 86493E 4B3F8A 230A7C 85D6DB 7D997B 596CF6 EB8E2E 2CA4AD C4303B 1EC224 CEAC59 90451D 5BB557 1EC224 4099A6 55BAD2 4A28BA C45E71 6B622D 5F4E43 A014A0 D8AAF4 8F17C0 151BC9 825EC5 DEC4F2 490F1E 77A0B5 94A561 20EAE7 ABD8FE 783751 6D51F4 846159 D6CC7A 93EBE3 8015E0 29D5D7 E33276 B23A80 8BFCAC 612FAA 124C90 D4A75D 1111F7 6966D7 AE4A01 6B340B A9F1B8 24743A 5C7062 4CAD30 7E1C6C 1B337D 14B430 E80628 13A782 8F495E 0CBC31 5D0E2E 6E313C B47658 BB4908 E5E6C0 C9AF85 9096DB 36590B 66048A 04439C BB40E6 205E5C 8B519F 2595F1 FFEEBD 614224 CF668A 7829D7 36C862 AEFF96 685D1A 6CAF46 B7F75A EC4D08 E0BEFC 82A1F6 91A0DC 2FEDFB 191510 6B4619 CC9C14 6B4619 9A8DF4 61199E 086D53 10520F 2BF7B5 E3C2C9 3B4B53 D1967A 59843B DE6899 BDE94D 239994 8EBF8A 8C971D 17779E FFFD4B 1E1095 6C010A 8417C8 CDC6D4 770D1A 5FD658 D337F2 002274 0F5860 47FACD F1E81B
93
614224 614224
7E1C6C 7E1C6C
086D53 F33196 4A5708
490F1E 490F1E
17779E 17779E
2FEDFB 2FEDFB
6B622D 6B622D
8015E0 8015E0
C4303B C4303B
AE4A01 AE4A01
230A7C 230A7C
4A28BA 4A28BA
E3C2C9 E3C2C9
4CAD30 4CAD30
D1967A 851F90 D1967A
D4A75D D4A75D
61199E 61199E
7D997B E51A66
124C90 124C90
3B4B53 3B4B53
DE6899 DE6899
AEFF96 AEFF96
8BFCAC 8BFCAC
1F842B 1F842B
A9F1B8 52C88C
191510 305D33
770D1A 770D1A
8B519F 8B519F
E5E6C0 E5E6C0
396D53 396D53
8F17C0 8F17C0
CEAC59 CEAC59
2595F1 8B6C2F
10520F C3EF62
7E78F3 7E78F3
E0BEFC 28F6D1
14B430 14B430
239994 239994
29D5D7 29D5D7
6D51F4 6D51F4
4099A6 4099A6
6B340B 6B340B
B69F55 2CCB19 B69F55
B7F75A B7F75A
86493E 86493E
F1E81B F1E81B
36C862 36C862
8417C8 8417C8
205E5C DCE144
0F5860 0F5860
8EBF8A 8EBF8A
5C7062 5C7062
EB8E2E 14994D
5F4E43 5F4E43
20EAE7 20EAE7
90451D 90451D
7829D7 7829D7
85D6DB 63361A 85D6DB
2BF7B5 2BF7B5
596CF6 596CF6
ABD8FE ABD8FE
813B05 813B05
EE2A22 4B97F1
66048A 66048A
8F495E 8F495E
36590B 36590B
BB40E6 BB40E6
47FACD 47FACD
002274 C3B3E7
B47658 B47658
151BC9 151BC9
BB4908 C18C9B BB4908
685D1A 685D1A
93EBE3 93EBE3
5BB557 5BB557
C9AF85 C9AF85
FFFD4B 573788 FFFD4B
D337F2 D337F2
1EC224 293D59
783751 783751
6966D7 6966D7
1E1095 1E1095
59843B 59843B
FFEEBD FFEEBD
9096DB 9096DB
E80628 E80628
0C73D8 E81014
77A0B5 77A0B5
CC9C14 A1F104 CC9C14
94A561 94A561
0CBC31 0CBC31
6E313C 6E313C
D6CC7A D6CC7A
