188645 C0766C 07D80A 143B88 44716B 567883 C98FE7 E09D29 61EDA9 3ADA02 94D700 DBDC9A A7E9D9 B7B073 EF4D57 3AA8C5 3B1041 7E5598 0FBCDC 7E5598 AFF8D1 36D08C 6D778A D27DC1 EC05F7 539A92 7E18E9 70146D 29B2A4 724A76 AA8E14 31D332 B86446 35F60D 2C101C CB09C0 D7CAF9 D443EB 8D0852 37F745 7BF2B5 784F83 FF8D45 ACB11D 800641 35FF16 825884 4B39CA 19FFAB 0801CC 9B0EC2 B3243F 628AB2 D04F40 9B9BDD 2F1AB5 2EA2EE E954F7 0D7DE7 657F93 B833F0 FA567E 0FB66D 188645
46
AA8E14 AA8E14
A7E9D9 A7E9D9
37F745 37F745
44716B 44716B
0D7DE7 467AB7
B3243F 1276AF
C98FE7 C98FE7
188645 188645
07D80A 07D80A
DBDC9A 994F93 A5CCB5 DBDC9A
628AB2 628AB2
9B9BDD 9B9BDD
3ADA02 D5356A 3ADA02
D443EB D443EB
35FF16 500783
539A92 539A92
CB09C0 CB09C0
94D700 94D700
2EA2EE 84EBFF
EF4D57 EF4D57
800641 800641
724A76 724A76
D7CAF9 D7CAF9
D04F40 D04F40
E954F7 E954F7
29B2A4 29B2A4
6D778A 6D778A
7E18E9 7E18E9
AFF8D1 AFF8D1
3B1041 3B1041
8D0852 8D0852
784F83 784F83
9B0EC2 9B0EC2
825884 48C2D5
EC05F7 FD1783
B86446 4FBDE1
0FBCDC 0A5C0E 0FBCDC
B7B073 B7B073
E09D29 E09D29
2C101C 2C101C
B833F0 B833F0
19FFAB 19FFAB
ACB11D D01E6B
31D332 DD2694
FF8D45 FF8D45
0FB66D 0FB66D
