7FD578 7CDA20 6C7BF0 1176C9 981760 719360 E27C41 01684B 1EE680 2E60FC 1BD5F4 CE97C4 877D0E B40756 9B7F16 342A3C 61D740 4BCD0B F4C859 66B94B EEEA40 9F01C8 8633C5 3E0BDD 2C376F E5D023 7EA726 F94356 A085DD 853F1A 7FD578
22
9F01C8 9F01C8
66B94B 66B94B
61D740 61D740
2E60FC 2E60FC
01684B 859C0E 01684B
7FD578 1AC5CE
3E0BDD 3E0BDD
1176C9 1176C9
6C7BF0 6C7BF0
2C376F 2C376F
981760 FF39A5 981760
9B7F16 6CAF19 9B7F16
E27C41 E27C41
877D0E 877D0E
B40756 B40756
EEEA40 EEEA40
4BCD0B 7B7BDE
E5D023 E5D023
F4C859 F4C859
1EE680 1EE680
1BD5F4 1BD5F4
A085DD A085DD
