maintenance future resolution volume woman property feature philosophy marketing obligation depression version photo selection church competition wife focus reputation inspection rate sister driver complaint war contract price average cause sign economy action career chest account role salad beer movie description income rock population difficulty example bread day context style object maintenance
50
maintenance maintenance
future future
description description
sign sign
career career
church church
obligation obligation
volume volume
reputation reputation
chest chest
cause cause
role role
income income
version version
philosophy philosophy
difficulty difficulty
contract contract
depression depression
war war
inspection inspection
movie movie
bread bread
salad salad
property property
selection selection
feature feature
day day
wife wife
price price
action action
marketing marketing
photo photo
account account
resolution resolution
beer beer
sister sister
woman woman
context context
complaint complaint
competition competition
driver driver
economy economy
rate rate
average average
focus focus
style style
population population
object object
example example
rock rock
