S Q BW J AQ L AF E AZ I CR N CD G BL A CM F BU AN BH Q Z AY X BK W AI U D BP AN CP H CK AC CC AW BY AN BX Q BQ AN AO Q CQ AB AE BR AD AN AA Q CN M AP AN BG AW BE AN BC Q BA AN AU Q AR K CL AW CW AN CV O CF P AT CT AX C CA B BD V CU CB CS R T DJ S
75
A A
B B
C C
D D
E E
F F
G G
H H
I I
J J
K K
L L
M M
N N
O O
P P
Q BI BJ BV BT BS Y BB AS Q
R R
S S
T T
U U
V V
W W
X X
Z Z
AA AA
AB AB
AC AC
AD AD
AE AE
AF AF
AI AI
AN CE CH CI CJ CO BO BN BM AH AG AJ AK AL AM AV AN
AO AO
AP AP
AQ AQ
AR AR
AT AT
AU AU
AW BZ BF AW
AX AX
AY AY
AZ AZ
BA BA
BC BC
BD BD
BE BE
BG BG
BH BH
BK BK
BL BL
BP BP
BQ BQ
BR BR
BU BU
BW BW
BX BX
BY BY
CA CA
CB CB
CC CC
CD CD
CF CF
CK CK
CL CL
CM CM
CN CN
CP CP
CQ CQ
CR CR
CS CS
CT CT
CU CU
CV CV
CW CW
