Bowles Calvin Bowles Mulford Latimer Edwards Latimer MLK Hearst Jacob Hertz CVStarr Unit3 CKerr Unit3 CVStarr Hertz Jacob TopDog Starbucks Chipotle Starbucks TopDog Jacob Foothill Davis Hildebrand Davis Foothill Dwinelle Haas Crossroads Lawrence UCTheatre Lawrence Crossroads Haas Dwinelle HearstAnnex Dwinelle Foothill Haviland Morgan Haviland Foothill Jacob Evan Blackwell Evan SigmaPhiOmega BearFoodCourt Hargrove MemorialStadium Campbell Stanley LeConte VLSB Boalt Kresge Boalt VLSB LeConte Campanile Bongo Campanile Wurster McCone Spats Stonefire PiLambda Stonefire Spats McCone Wurster Campanile LeConte Stanley Moses Pimentel Stacks Pimentel Moses Wellman Moses Greek Unit2 Wolf StrawberryCreek Wilde Bechtel Baker Strada Baker Bechtel Minor Memorial Maxwell Memorial Minor Bechtel Birge Bowles
44
Evan Cloyne Evan
Bechtel Extension
Foothill Unit1 Foothill
Campbell Doe Koshland Campbell
LeConte ALS RSF
Birge Birge
Campanile Campanile
Bowles LaVals
Moses Gypsys Moses
VLSB NorthGate VLSB
Wellman Sutardja Wellman
Mulford Crescent Mulford
HearstAnnex Lothlorien HearstAnnex
Haas Pavilion Haas
Boalt Boalt
Wurster Zellerbach Wurster
Blackwell GenPlantBio Blackwell
MLK Rochdale
Memorial AlphaSigmaPhi TacoBell
Greek Safeway Greek
Maxwell Barrows Maxwell
Calvin Etcheverry Graduate Calvin
Davis Browns
Kresge Castro PeoplesPark Kresge
Hildebrand YogurtPark Hildebrand
Morgan Martinez Morgan
Baker Simons Daiso Baker
Unit2 IndianRock Unit2
Unit3 Unit3
CKerr Ridge WayWest CKerr
Stacks Sherman Stacks
Bongo ShengKee Cheeseboard Bongo
TopDog Barker GammaPhiBeta
Strada RoseGarden Strada
Edwards Easterly Edwards
Crossroads Crossroads
Wilde Wilde
Wolf Wolf
Spats Spats
Chipotle MFoundry Chipotle
UCTheatre NCEM UCTheatre
StrawberryCreek StrawberryCreek
BearFoodCourt BearFoodCourt
PiLambda PiAlphaPhi PiLambda
