Wheeler Evans Morrison Greek Cory Jacobs Bechtel Greek Lewis Kroeber Hertz Morrison Evans Latimer Etcheverry VLSB Moffitt Soda Sather Soda Cheit Normandy Kresge Davis Hearst Cafe3 Cloyne WayWest GBC Anthony HearstAnnex Stephens South McLaughlin Memorial Minor Haas Faculty FSM Baker McCone BigC Pavilion Simons Koja LaNote Simons Pavilion BigC McCone Baker FSM Faculty Haas Stonefire Koshland RSF Wellman Haviland Campbell Birge LeConte Dwinelle Wheeler
29
Jacobs Jacobs
Bechtel Bechtel
Moffitt Moffitt
Latimer Foothill
Birge Birge
Morrison Morrison
Minor Hargrove
Stephens Moses
Dwinelle Dwinelle
Wheeler Sproul
RSF RSF
Haas Haas
Memorial IHouse
McLaughlin McLaughlin
Kroeber Boalt Kroeber
Etcheverry Etcheverry
Anthony Anthony
Sather Unit3 Martinez OCF Barker
Cheit Cheit
WayWest Warren Metropolitan
Cloyne Cloyne
Davis Davis
Hearst Hearst
McCone CKerr
Baker Fiji Baker
Stonefire Stonefire
Pavilion PeoplePark
Koja TriDelta Legends
LaNote Unit2
