0 11 96 4 3 54 75 29 3 56 35 64 89 53 31 25 31 57 0 13 17 68 44 70 65 5 22 77 17 20 10 81 62 12 98 85 90 86 0 100 107 100 106 100 105 100 104 100 103 100 102 100 101 111 101 110 101 115 101 112 101 109 101 113 101 108 101 100 0
47
3 51
4 63 14 87 49 4
5 42 5
10 83 99 10
11 55 58
13 13
17 66 17
20 43 20
22 22
25 24 59 25
29 29
31 31
35 35
44 44
53 53
54 54
56 56
57 21 57
62 62
64 72 7
65 65
68 68
70 70
75 28 18 75
77 77
81 82 81
85 85
86 86
89 1 26 89
90 90
96 96
98 98
100 100
101 198 117 101
102 121 123 118 124 102
103 127 130 128
104 136 104
105 138 105
106 149 142 144 147 145 146 106
107 151 153 152
108 158 160 156 154
109 167 109
110 175 173 171 172 169 168
111 178 177
112 179 180 182 112
113 188 189 113
115 194 196
