86 169 23 66 180 53 115 89 62 84 88 172 81 181 88 199 188 198 67 192 151 184 161 150 25 183 4 142 156 39 149 166 175 32 139 47 18 51 61 30 79 8 78 71 167 140 25 158 147 101 133 116 78 148 98 126 37 73 186 120 86 125 49 122 40 58 93 114 94 108 44 134 36 20 38 135 52 114 54 67 2 63 75 171 10 9 26 180 45 7 57 95 72 127 87 99 196 131 121 111 113 147 138 12 48 143 117 70 107 104 81 1 42 11 3 5 128 22 68 100 182 92 133 86
90
1 1
2 2
3 19
4 179
5 5
8 8
9 13 110
10 10
11 11
12 123
20 82
22 22
23 185
25 153 154
26 26
30 30
32 159 157
36 36
38 38
39 177
40 64
44 44
45 45
47 41
48 48
51 51
52 52
53 53
54 54
57 57
58 28 97
61 69
63 74
66 66
68 35 90
71 71
72 72
73 73
75 75
78 14
79 137 21
84 84
87 87
88 27
89 89
92 92
93 93
94 94
98 173
99 76
100 100
101 101
104 189
107 107
111 129
113 113
114 105
116 116
117 117
120 120
121 121
122 122
125 125
126 126
133 152
138 138
139 139
140 140
143 6
147 91
148 148
149 149
150 150
151 160 17 194
156 156
158 158
161 163
167 146 132 145
169 169
172 56
175 175
180 106
181 181
182 174
183 183
184 184
192 192
196 196
198 198
199 199
