3 87 48 100 65 98 35 94 54 76 97 90 38 70 11 75 64 46 69 63 83 68 55 43 91 52 34 50 48 22 83 41 82 32 69 33 80 27 2 24 86 31 84 15 18 23 3 21 4 19 82 7 10 17 78 12 77 14 69 9 18 6 79 36 89 53 80 57 97 60 26 66 4 67 3
48
2 40
6 6
7 7
9 9
12 12
14 14
15 15
17 17
18 8
19 19
21 21
22 22
23 23
24 24
27 27
31 31
32 32
33 33
36 36
41 41
43 43
46 46
48 49
50 50
52 52
53 53
55 25
57 57
60 60
63 63
64 71
66 66
67 67
68 68
69 96
70 70
75 75
76 76
79 1 42
80 29 73
83 58
84 45
87 87
89 56
90 90
94 94
98 98
100 100
