1 198 200 165 174 167 16 3 111 129 151 116 138 133 139 36 88 106 83 101 77 92 127 126 110 131 140 150 144 143 159 130 87 21 31 49 20 6 51 10 82 81 84 86 99 103 61 95 75 189 193 169 141 184 171 176 182 156 157 137 164 89 97 177 102 161 124 162 9 57 55 35 85 53 60 13 34 42 37 44 47 41 136 50 27 26 8 2 74 33 59 69 80 68 70 56 58 1
97
1 1
2 2
3 3
6 6
8 8
9 9
10 10
13 13
16 16
20 20
21 21
26 26
27 27
31 31
33 33
34 34
35 35
36 36
37 37
41 41
42 42
44 44
47 47
49 49
50 50
51 51
53 53
55 55
56 56
57 57
58 58
59 59
60 60
61 61
68 68
69 69
70 70
74 74
75 75
77 77
80 80
81 81
82 82
83 83
84 84
85 85
86 86
87 87
88 88
89 89
92 92
95 95
97 97
99 99
101 101
102 102
103 103
106 106
110 110
111 111
116 116
124 124
126 126
127 127
129 129
130 130
131 131
133 133
136 136
137 137
138 138
139 139
140 140
141 141
143 143
144 144
150 150
151 151
156 156
157 157
159 159
161 161
162 162
164 164
165 165
167 167
169 169
171 171
174 174
176 176
177 177
182 182
184 184
189 189
193 193
198 198
200 200
