0 50 65 64 53 64 62 66 67 63 59 70 71 80 84 83 97 94 98 94 97 83 84 80 79 73 74 76 74 73 79 80 85 87 88 91 88 86 92 86 88 87 85 80 71 70 68 57 58 57 68 70 59 63 67 66 62 64 65 50 0 15 14 3 14 12 16 17 13 9 20 21 30 34 33 47 44 48 44 47 33 34 30 29 23 24 26 24 23 29 30 35 37 38 41 38 36 42 36 38 37 35 30 21 20 18 7 8 7 18 20 9 13 17 16 12 14 15 0
32
0 1
3 2 3
8 6 5
9 10
13 4
23 27
24 24
26 25 26
30 22
33 33
36 36
41 40 41
42 46 42
44 44
47 47
48 49 48
50 51
53 52 53
58 56 55
59 60
63 54
73 77
74 74
76 75 76
80 72
83 83
86 86
91 90 91
92 96 92
94 94
97 97
98 99 98
