clod blackberry Hyde mortgagee salmon Yankton ambiguity blackberry walrus agronomy Saskatchewan phonic foxglove presto servicemen conductance objector brainchild twirly presto ferrite phonic Levitt Yankton anchor sagittal Stratton lever Illinois presto Dunlap scrounge pole mortgagee syllogistic Yankton cur presto post phonic Brooklyn lever perennial phonic pundit Yankton furlough phonic disseminate presto spit lever Dunbar presto resurrect Yankton sign presto stateroom lever callus phonic clod
34
callus callus
stateroom stateroom
sign sign
resurrect resurrect
Dunbar Dunbar
spit spit
disseminate disseminate
furlough furlough
pundit pundit
perennial perennial
Brooklyn Brooklyn
post post
cur cur
syllogistic syllogistic
pole pole
Dunlap Dunlap
Illinois Illinois
Stratton Stratton
anchor anchor
Levitt Levitt
ferrite ferrite
twirly twirly
objector objector
servicemen servicemen
foxglove foxglove
Saskatchewan Saskatchewan
walrus walrus
ambiguity ambiguity
salmon salmon
Hyde Hyde
presto coincide sneaky Lethe Gloria Spaulding
Yankton aide officious onomatopoeia Barnet bauble vicious decrease Kingsbury
phonic collateral abridge bowline
lever behalf linger axon shriek
