cure coralberry Vichy St seem bear Moe loop belch tick greet coralberry ineducable periphery item coralberry upheld bear indignity St Brillouin tick Muscat coralberry reflectance periphery roost salary marquess Britannica swoop Verdi hypotonic coralberry cure
20
hypotonic hypotonic
swoop swoop
marquess marquess
roost roost
reflectance reflectance
Muscat Muscat
Brillouin Brillouin
indignity indignity
upheld upheld
item item
ineducable ineducable
greet greet
belch belch
Moe Moe
seem seem
Vichy Vichy
bear lint
St latch stupor Blackman logjam
coralberry Bridgeport Negroid Delphi
periphery obfuscate
