state voltmeter bibliophile catnip fleawort purple freehold maidservant hungry catnip debenture servile harrow impure retardation carouse eggplant purple firebug McDonald circumstantial purple Whelan voltmeter Edmonds Jennifer compunction purple monk catnip opossum peacock Steiner purple turnout catnip flexural peacock foursome McDonald curbside purple athletic peacock Yaounde voltmeter hallelujah McDonald charcoal versatec shrugging Jennifer backgammon catnip dame mortgagor whatsoever purple gavotte McDonald ash carouse hypothetic kitty grade catnip uptown McDonald bald servile heifer catnip Protista peacock registrant mortgagor rent servile supremum maidservant pairwise kitty complacent peacock Arden McDonald omicron catnip lobby McDonald sanatoria purple knurl mortgagor cocaine actinic Darwin limbic Adler versatec his voltmeter Albert Jennifer stingy peacock infuse mortgagor Evans catnip value voltmeter serge peacock scaup Jennifer jackass voltmeter dumpling catnip Zellerbach Jennifer motet voltmeter Calkins peacock driveway McDonald knick mortgagor controversial purple state
72
controversial controversial
knick knick
driveway driveway
Calkins Calkins
motet motet
Zellerbach Zellerbach
dumpling dumpling
jackass jackass
scaup scaup
serge serge
value value
Evans Evans
infuse infuse
stingy stingy
Albert Albert
his his
Adler Adler
Darwin Darwin
cocaine cocaine
knurl knurl
sanatoria sanatoria
lobby lobby
omicron omicron
Arden Arden
complacent complacent
pairwise pairwise
supremum supremum
rent rent
registrant registrant
Protista Protista
heifer heifer
bald bald
uptown uptown
grade grade
hypothetic hypothetic
ash ash
gavotte gavotte
whatsoever whatsoever
dame dame
backgammon backgammon
shrugging shrugging
charcoal charcoal
hallelujah hallelujah
Yaounde Yaounde
athletic athletic
curbside curbside
foursome foursome
flexural flexural
turnout turnout
Steiner Steiner
opossum opossum
monk monk
compunction compunction
Edmonds Edmonds
Whelan Whelan
circumstantial circumstantial
firebug firebug
eggplant eggplant
retardation retardation
harrow harrow
debenture debenture
hungry hungry
freehold freehold
fleawort fleawort
bibliophile bibliophile
catnip presto huge Adamson Ridgway Lizzie clasp trivium Eva gun bloc texture joke rocky octane whirligig
McDonald cohere Augean fireplace stereography sepulchral eidetic border scriptwriter watery Cinderella wrack
purple Della hyphen
mortgagor begot
voltmeter exhortation lonesome
peacock regal Waterbury anatomy
servile cache
