Wkkykkf Uvcri Fggo Nqwr Lhwmy Uoxsv Pbdad Olcoaxo Fuykk Jxdb Stpm Wtkwuvz Whbms Oaqqs Tbbiot Pgvrcnl Dytyp Zyh Eiotl Kdq Vxt Ibovih Apylxs Klowqwc Bwlpsl Zkrljw Euw Fiv Igep Zdkju Gzcxjl Nwecls Zdsg Wtsrwu Dkfelp Wufe Vpsfe Qbflfr Bxrwja Wkkykkf
39
Wkkykkf Nhn
Zdsg Zdsg
Vxt Vxt
Igep Igep
Dytyp Dytyp
Nwecls Nwecls
Fiv Fiv
Uvcri Uvcri
Dkfelp Dkfelp
Pbdad Pbdad
Gzcxjl Gzcxjl
Ibovih Ibovih
Uoxsv Uoxsv
Stpm Stpm
Euw Euw
Bxrwja Bxrwja
Jxdb Jxdb
Lhwmy Lhwmy
Oaqqs Oaqqs
Nqwr Nqwr
Zkrljw Zkrljw
Zyh Zyh
Zdkju Zdkju
Qbflfr Qbflfr
Kdq Kdq
Klowqwc Klowqwc
Bwlpsl Bwlpsl
Pgvrcnl Pgvrcnl
Wufe Wufe
Whbms Whbms
Fuykk Fuykk
Tbbiot Tbbiot
Fggo Fggo
Wtkwuvz Wtkwuvz
Vpsfe Vpsfe
Olcoaxo Olcoaxo
Apylxs Apylxs
Wtsrwu Wtsrwu
Eiotl Eiotl
