142 121 137 66 106 111 90 143 77 160 108 148 46 4 174 3 91 181 18 103 41 133 33 9 14 134 52 178 195 158 69 64 122 128 68 192 150 21 157 86 78 186 78 60 26 149 22 185 5 115 39 132 187 85 103 18 181 153 139 145 72 27 147 58 130 175 34 100 163 8 45 159 151 93 118 38 197 12 126 177 126 164 97 135 171 140 171 63 131 53 24 76 48 137 121 142
52
3 3
4 4
8 31
9 70 7
14 14
21 21
22 22
26 183
33 33
34 34
38 38
39 39
41 41
46 46
48 48
58 58
60 124 60
63 63
64 64
66 44
69 69
76 76
77 77
85 89
90 90
91 91
93 93
97 97
106 127 106
108 108
115 115
121 121
130 141
131 35
133 133
137 137
139 30
140 129 140
145 145
150 150
151 167 144 151
153 23
157 157
158 158
159 159
174 174
177 16 177
178 178
181 181
186 55 186
195 195
197 197
