5 8 21 1 0 3 31 39 28 10 15 30 1 26 80 52 143 144 176 180 176 144 143 52 19 20 54 96 59 101 59 45 37 44 11 27 53 40 36 17 55 57 64 14 23 90 91 32 50 75 48 41 86 109 86 58 22 9 77 7 16 61 43 25 12 17 68 33 5
38
0 51
1 177 105
7 35
8 121
9 9
10 160
11 113 85
12 191 178
14 196 63
15 163
19 169 145
21 21
23 103 23
27 27
31 31
32 32
36 179
39 168
40 92
43 183
44 106
45 152 45
50 50
52 102
53 140
54 54
57 57
58 58
59 127 76 126
68 155 68
77 77
80 80
91 91
96 96
101 111 104 101
109 130 109
176 176
180 194 180
