7FWNmYu1sEzp7YpjhNM0 5yzYewNOjD4D1V8ZP8q1 LEf0huj6HzVDaAZAnsYH IcKzxr7CcACAPE40T0L0 6uYVEZNStGwGBaOTSZJ3 6uJmr1C0tkMcbasOZ8YR RIFDgOYLizqUpmzvNX0Y g2g8WLVxe9HOQYy10Bok Hp324dioHwKLfiZ19twT CdlE2FMHtE23wbpleKPr B46pe0ii1rn1dcGCmje6 1foAom0YUla8ad6rygWf PyIlH9YicODghA6KwJUV lDAnOMVYOYXzMCtINEX8 qUHIoJ8btUij9h8nDU8R goJftIzc5FBlw9j9PMfL ZPdVSQmUt7J8A3Rehp7D pPWJrH430fABR0NcoPKV scUa5QdkUC7khfk1TYEx nAg8OEdqlYhSIX9nv2SQ uKBUiyynqpfTFP93OJ0w AzIG5crlJuxKgwAi8EiY kgMLDXb5R3ORIfTilNFP W2denTwXnWz4qrXL3aFw 9l9bqgsSEgsSkszLK4O4 A9DFzQyemv4Vrp2lXMgz 7FWNmYu1sEzp7YpjhNM0
25
kgMLDXb5R3ORIfTilNFP kgMLDXb5R3ORIfTilNFP
goJftIzc5FBlw9j9PMfL goJftIzc5FBlw9j9PMfL
B46pe0ii1rn1dcGCmje6 B46pe0ii1rn1dcGCmje6
6uJmr1C0tkMcbasOZ8YR 6uJmr1C0tkMcbasOZ8YR
pPWJrH430fABR0NcoPKV pPWJrH430fABR0NcoPKV
uKBUiyynqpfTFP93OJ0w uKBUiyynqpfTFP93OJ0w
IcKzxr7CcACAPE40T0L0 IcKzxr7CcACAPE40T0L0
ZPdVSQmUt7J8A3Rehp7D ZPdVSQmUt7J8A3Rehp7D
W2denTwXnWz4qrXL3aFw W2denTwXnWz4qrXL3aFw
Hp324dioHwKLfiZ19twT Hp324dioHwKLfiZ19twT
A9DFzQyemv4Vrp2lXMgz A9DFzQyemv4Vrp2lXMgz
RIFDgOYLizqUpmzvNX0Y RIFDgOYLizqUpmzvNX0Y
LEf0huj6HzVDaAZAnsYH LEf0huj6HzVDaAZAnsYH
g2g8WLVxe9HOQYy10Bok g2g8WLVxe9HOQYy10Bok
1foAom0YUla8ad6rygWf 1foAom0YUla8ad6rygWf
scUa5QdkUC7khfk1TYEx scUa5QdkUC7khfk1TYEx
6uYVEZNStGwGBaOTSZJ3 6uYVEZNStGwGBaOTSZJ3
lDAnOMVYOYXzMCtINEX8 lDAnOMVYOYXzMCtINEX8
PyIlH9YicODghA6KwJUV PyIlH9YicODghA6KwJUV
AzIG5crlJuxKgwAi8EiY AzIG5crlJuxKgwAi8EiY
9l9bqgsSEgsSkszLK4O4 9l9bqgsSEgsSkszLK4O4
nAg8OEdqlYhSIX9nv2SQ nAg8OEdqlYhSIX9nv2SQ
qUHIoJ8btUij9h8nDU8R qUHIoJ8btUij9h8nDU8R
5yzYewNOjD4D1V8ZP8q1 5yzYewNOjD4D1V8ZP8q1
CdlE2FMHtE23wbpleKPr CdlE2FMHtE23wbpleKPr
