azv xie hyb yiy hip yvc jwx brw cwq gcw mtd ipq yfq ncc vfq eqa mis boc mpw cib ufa txp sau aur scm hwc hlc qzx uua rcw cvb vxn rfl gfr uyd rov zuz lmh ivp hcc ryg jvc hsi pzr hob wcd cim gei ctf dqy ijd ovx rti oqv azv
50
wcd wcd
mis mis
rfl rfl
gei gei
azv azv
rti rti
zuz zuz
oqv oqv
aur aur
hip hip
hcc hcc
brw brw
yvc yvc
ipq ipq
ufa ufa
uua uua
hlc hlc
hwc hwc
xie xie
yiy yiy
pzr pzr
ctf ctf
gfr gfr
hsi hsi
rcw rcw
jvc jvc
hyb hyb
boc boc
sau sau
cib cib
ijd ijd
vxn vxn
mpw mpw
ivp ivp
eqa eqa
ovx ovx
lmh lmh
scm scm
vfq vfq
qzx qzx
cim cim
jwx jwx
dqy dqy
rov rov
ncc ncc
uyd uyd
gcw gcw
cwq cwq
mtd mtd
yfq yfq
