zMnoKpsz12d1Y6CixoCL hdXOmxRAbu0HN40emwgb RLriJ3z2V3NV2Vo1oURR dakEfF8eF1B4IYsSGGLe oJor9EUgXhaXPDmChml7 UkKARQyd3ZxfrQwOeW0R 5jE3DcSbPJWRITx0u2Kf RIRtIJewArUY7i7A6OEl 50qWynRev5CSErzk8Yih WCUwzDEkBlRrgSeSv9vv QHym2s92VJ8ycxMeFawz B56U06r3nz3RZaXVmiK2 jS5XJP3bXemMgWyvfsmt g6l3PryZJRSAXJGUyq22 YqOJXOtRcgzFFRGKRutM hH5yU5IgxmmStVnXEBJ1 OcyqfDTyG7wfT1rvpitz TuA4wNSOMjTMUxZ5fZWx IcoYVabhkC8yNYJgy44V 1Tm2BSSz9mj8o3m9o0TB ybqDdUoaPknlNwzZFeto fat0ktgmwPXvqLhmWfJ0 BVbv363irLjfCXrWQjqn e7oVwvEXzQVG9DeK8uQS JOo21iuZtHvP9sSModQZ GhNWfyijkz8OKJbptIGO FwLnZPETaUkrkp7dE0hH hzqXRQPGO5tnMpQYDdxn kHWDWFJURX8TBbDnLSlR M3MAG2lM6nUmTjQ3nD4D EFVi1RMWM28DYYdOxVze WErCaTW8MMgw3ZAta1gT zMnoKpsz12d1Y6CixoCL
27
kHWDWFJURX8TBbDnLSlR W8ft2Hcg1VXPVNTpprS3 dUDrtIP8WIldh2FT7uba mTYxpEwVJTp369cmBN7S
ybqDdUoaPknlNwzZFeto FHGlzd4VlMUVjTba9Qjm z6gtkXCB2ntSiYsjrque WELPo1XEQnG4JejlB13A
JOo21iuZtHvP9sSModQZ T7hLF9jTtc4htoAH0PWD oDA5VKbLZuTPP2ZEB14d QmCq2RCVgnssPOgSwAr8
UkKARQyd3ZxfrQwOeW0R OMLAPgVr1RosMrpENk9K JKKWZrMfMDLTYQt6t5Ap u91JdIwHTd2zumpXCvmK
jS5XJP3bXemMgWyvfsmt Vv2apUMOUSvB9J5u8yJr ZSg6FSZaRCTLmeHoLgMI CcIlGrru613gqyngyuYo
TuA4wNSOMjTMUxZ5fZWx WdpiLe9uZpnuS9WMphYw JzMVZjOikutQZg00S8wX jdgXkfbupFQ0XUNJEyvU
dakEfF8eF1B4IYsSGGLe 9XhdonQsTDmLQknJ4xeP YIAlamFOfZeHd5qDll32 yE3wNgUIJB0oZwUjLCMo
B56U06r3nz3RZaXVmiK2 MyPRIiIVlLarPoP5nZfy Y0dqIYSR4P9Br1Cq3f9U xBNbU9Yu51mQvClxjQdr
IcoYVabhkC8yNYJgy44V dBvruVRsFq4ihmzPj7nf GaG5DAqLVuTD09GfUl6l U8fsnzMIN4aMdzToihTq
OcyqfDTyG7wfT1rvpitz uqAmYQiu3O0THeAaPzKH sNJuS4R6b6KAUX5QI4md G6KTAOxQU8MNiSLazU1t
g6l3PryZJRSAXJGUyq22 2DqN6NYyebkVczAnrbNI RvFA5khunRjN3Z7dmUKr Armxs904ujfdAYn9LtOF
e7oVwvEXzQVG9DeK8uQS olgHJpCT79b6HED7FUWa ARorC1kPdEun4czh3dmX bUGtOHLCdzsNiRxcLtaT
WCUwzDEkBlRrgSeSv9vv ofmz95sRAyIS0ShQndvb 15e7umNMnawEegsOhkYh 5cjkSqVe5mFfFhCgwe8r
fat0ktgmwPXvqLhmWfJ0 qSLkk45Evo68Y4JhMUq7 mUERvxQcAO2XlgBTPRGA mNuLv0WHsIRpWEdSUREd
YqOJXOtRcgzFFRGKRutM JPD2uBroiElzO4z72vhQ Ryx97mzVLWHytqmLAKlJ HAc1Ylu9mrUmnheKISnK
QHym2s92VJ8ycxMeFawz QFT8yfDPa0xDNdRMchX3 KP4zLIZ5LMWJ6mkRn6BX pkPHvGrHHriGlmiL3mRW
5jE3DcSbPJWRITx0u2Kf 9q9h29089dBsNERnjXsd gM8AHyLc0ZjUxmDMuXzJ NieXnWTTyXxCRp5CSl0i
M3MAG2lM6nUmTjQ3nD4D GfpGWz1SaDeisCQVEJrI z2nBS9pweVYpDmW0fMRS PrzulPuk0tqiNKmdjp0X
GhNWfyijkz8OKJbptIGO lcq8BXTLE4WDnj4JF3yo VxRxz5foWagBafuSz1m4 EvdCmEq3CXPDtnZYkiVu
1Tm2BSSz9mj8o3m9o0TB 5VNO6t8qAcR3d5jJgfi4 ZcpnIKUrL8i4GzxAolZX 07iKiKtYzy9bLoKUo0ve
RIRtIJewArUY7i7A6OEl szEChRtMF49nUq5i634G FqxzURcIHYyg2FOpiXCN cthtNVKVABeolrPabegT
hH5yU5IgxmmStVnXEBJ1 Y2BEa9hp0T63SlTWXenG oougNPfNRCSRCWJrOUlb 3mTCmcCkVhhFn533BM03
FwLnZPETaUkrkp7dE0hH KBGTLYOWLSviflcWwd9y 9c21VhIQJbtu6kG4NZT4 ZvocIzADG7dBR58wmnu8
oJor9EUgXhaXPDmChml7 FDT7h4JKMRWa9fcDNmXs C3qGKxHtliSTI7oOnHoB TzlCRBgA0Q2cCjETm7Vx
hzqXRQPGO5tnMpQYDdxn bclRgmmOqfg3PHQz06qB 8s4ukhLgGBoor0D87KUr XKYNaFpYuIx7Zx7vNANa
50qWynRev5CSErzk8Yih 3fQHkf8pseCy7Ys4Kez5 QTgsp1BfPDsixeeH6QUT Vkpfkc0JUDpakJkZipKD
BVbv363irLjfCXrWQjqn MDHuBmBbeFOGqzpuNmVz 34ScKN0pHkNmnxdkoIOC nfdt04yvrwrpPVPzIy2c
