Encanto Banning Kern Richvale Sherman Beach Ramona Vista Ames Alpaugh Los Riverside Homestead Garden Vernon Green Shafter Foothills Willow Woodbridge Welden Yurok Granite Elmira Cypress Forest Pumpkin Kentfield Laguna Woffard Jane Mount Smoke Costa Glencoe Presidio McAuley Chinese All Bonita Cherokee Clayton Two Cabbage Warner Quail Santa Delta Moccasin City Encanto
50
Woffard Woffard
Banning Banning
Laguna Laguna
Clayton Clayton
Ames Ames
Warner Warner
Kentfield Kentfield
Ramona Ramona
Santa Santa
Richvale Richvale
Kern Kern
Smoke Smoke
Garden Garden
Vista Vista
Delta Delta
Elmira Elmira
Presidio Presidio
Welden Welden
Sherman Sherman
All All
Chinese Chinese
Yurok Yurok
Foothills Foothills
Granite Granite
Quail Quail
City City
Los Los
Pumpkin Pumpkin
Riverside Riverside
McAuley McAuley
Mount Mount
Two Two
Homestead Homestead
Alpaugh Alpaugh
Woodbridge Woodbridge
Cypress Cypress
Cherokee Cherokee
Costa Costa
Encanto Encanto
Moccasin Moccasin
Glencoe Glencoe
Jane Jane
Vernon Vernon
Green Green
Shafter Shafter
Beach Beach
Forest Forest
Willow Willow
Cabbage Cabbage
Bonita Bonita
