Vernon Anaheim Industrial Winterhaven Brundage Bell Bradley Santa Cudahy Yurok Escondido Delta Potrero Cabbage Sacramento Bakersfield Louis Crestmont Manker Moores Tijuana Escalon Coddingtown Donner Pacheco Temecula Cerro Huron Le Rough Hammer Cressey Calaveras Bonny Woody Pleasant Cambridge Alamo Glencoe Capuchino Sulpizio Garcia Collins Mecca Flinn Dulzura Roseland Presidio Fullerton Balboa South Beach California Ritter Three Blue Del Helm Carmel Fox Chittenden Armstrong Sunny Strawberry All Davenport Downtown Ramona Sherman Costa Portola Stockdale Robertsville Saint Bangor Smith Terra Quail Parchester Warner Industry Marshall Clayton Grasslands Bodad Richvale Fiorini Timbuctoo Antelope Kaiser Rowland Civic Veterans Forbestown Yankee Buena Smoke Lake Wallace Hoffman Cypress Vernon
100
California California
Portola Portola
Cerro Cerro
Sunny Sunny
Forbestown Forbestown
Sherman Sherman
Terra Terra
Industry Industry
Balboa Balboa
Rough Rough
Capuchino Capuchino
Strawberry Strawberry
Veterans Veterans
Yankee Yankee
All All
Garcia Garcia
Wallace Wallace
Richvale Richvale
Sacramento Sacramento
Kaiser Kaiser
Donner Donner
Chittenden Chittenden
Alamo Alamo
Brundage Brundage
Hammer Hammer
Timbuctoo Timbuctoo
Bodad Bodad
Fullerton Fullerton
Stockdale Stockdale
Cypress Cypress
Dulzura Dulzura
Del Del
Clayton Clayton
Saint Saint
Armstrong Armstrong
Crestmont Crestmont
Ritter Ritter
South South
Anaheim Anaheim
Hoffman Hoffman
Temecula Temecula
Louis Louis
Delta Delta
Rowland Rowland
Mecca Mecca
Fox Fox
Roseland Roseland
Helm Helm
Industrial Industrial
Beach Beach
Lake Lake
Cambridge Cambridge
Blue Blue
Bonny Bonny
Bradley Bradley
Glencoe Glencoe
Smith Smith
Winterhaven Winterhaven
Buena Buena
Fiorini Fiorini
Bangor Bangor
Manker Manker
Pleasant Pleasant
Presidio Presidio
Tijuana Tijuana
Bell Bell
Quail Quail
Grasslands Grasslands
Flinn Flinn
Cudahy Cudahy
Moores Moores
Parchester Parchester
Ramona Ramona
Davenport Davenport
Downtown Downtown
Calaveras Calaveras
Costa Costa
Marshall Marshall
Coddingtown Coddingtown
Smoke Smoke
Collins Collins
Yurok Yurok
Civic Civic
Le Le
Santa Santa
Cressey Cressey
Escalon Escalon
Robertsville Robertsville
Three Three
Warner Warner
Antelope Antelope
Potrero Potrero
Escondido Escondido
Huron Huron
Carmel Carmel
Woody Woody
Sulpizio Sulpizio
Pacheco Pacheco
Bakersfield Bakersfield
Cabbage Cabbage
