Potrero Meyers Calaveras Ames Santa Richvale Carmel Laguna Boulevard Banning Merced All 18th Smoke Balsdon Fiorini Oceanside Chinese Fremont Clayton Ida Warner Linden Woffard Hume Potrero
25
Balsdon Balsdon
Calaveras Calaveras
Meyers Meyers
Woffard Woffard
Banning Banning
Laguna Laguna
Clayton Clayton
Ames Ames
Warner Warner
Carmel Carmel
Fiorini Fiorini
Oceanside Oceanside
Ida Ida
Potrero Potrero
Santa Santa
Richvale Richvale
Hume Hume
Smoke Smoke
Linden Linden
Fremont Fremont
Boulevard Boulevard
18th 18th
All All
Chinese Chinese
Merced Merced
