A0 1A0 0101C0 0101C5 0101C6 0101C4 0101C3 0101C2 0101C1 0101C0 1A0 1A1 0201B0 0201B3 0201B4 0201B1 0201B2 0201B0 0202D0 0202D3 0202D1 0202D2 0202D0 1A5 1A6 0302C0 0302C5 0302C6 0302C4 0302C3 0302C2 0302C1 0302C0 0301C0 0301C1 0301C6 0301C3 0301C2 0301C4 0301C5 0301C0 1A6 1A7 0402B0 0402B3 0402B4 0402B2 0402B1 0402B0 0401B0 0401B3 0401B4 0401B1 0401B2 0401B0 1A3 A4 A6 3A3 3A1 1001C0 1001C1 1001C2 1001C3 1001C4 1001C6 1001C5 1001C0 3A5 3A6 1102D0 1102D3 1102D1 1102D2 1102D0 1101D0 1101D2 1101D1 1101D3 1101D0 3A2 3A0 0901D0 0901D3 0901D1 0901D2 0901D0 0902D0 0902D2 0902D1 0902D3 0902D0 0903D0 0903D1 0903D2 0903D3 0903D0 3A4 3A7 1201B0 1201B3 1201B4 1201B2 1201B1 1201B0 1202B0 1202B3 1202B4 1202B1 1202B2 1202B0 1201B0 3A3 A6 A5 2A3 0801D0 0801D3 0801D1 0801D2 0801D0 2A7 2A5 0602D0 0602D2 0602D1 0602D3 0602D0 0601C0 0601C5 0601C6 0601C4 0601C3 0601C2 0601C1 0601C0 2A1 2A2 0701B0 0701B3 0701B4 0701B1 0701B2 0701B0 2A6 2A4 0501B0 0501B3 0501B4 0501B2 0501B1 0501B0 2A0 A1 A3 4A0 4A2 1501D0 1501D2 1501D1 1501D3 1501D0 4A6 4A5 1401B0 1401B2 1401B1 1401B4 1401B3 1401B0 4A5 4A7 1601B4 1601B3 1601B2 1601B1 1601B0 4A3 4A0 1301C0 1301C1 1301C6 1301C3 1301C2 1301C4 1301C5 1301C0 4A0 A3 A0
99
0101C1 0101C1
0101C2 0101C2
0101C3 0101C3
0101C4 0101C4
0101C5 0101C5
0101C6 0101C6
0201B1 0201B1
0201B2 0201B2
0201B3 0201B3
0201B4 0201B4
0202D1 0202D1
0202D2 0202D2
0202D3 0202D3
0301C1 0301C1
0301C2 0301C2
0301C3 0301C3
0301C4 0301C4
0301C5 0301C5
0301C6 0301C6
0302C1 0302C1
0302C2 0302C2
0302C3 0302C3
0302C4 0302C4
0302C5 0302C5
0302C6 0302C6
0401B1 0401B1
0401B2 0401B2
0401B3 0401B3
0401B4 0401B4
0402B1 0402B1
0402B2 0402B2
0402B3 0402B3
0402B4 0402B4
0501B1 0501B1
0501B2 0501B2
0501B3 0501B3
0501B4 0501B4
0601C1 0601C1
0601C2 0601C2
0601C3 0601C3
0601C4 0601C4
0601C5 0601C5
0601C6 0601C6
0602D1 0602D1
0602D2 0602D2
0602D3 0602D3
0701B1 0701B1
0701B2 0701B2
0701B3 0701B3
0701B4 0701B4
0801D1 0801D1
0801D2 0801D2
0801D3 0801D3
0901D1 0901D1
0901D2 0901D2
0901D3 0901D3
0902D1 0902D1
0902D2 0902D2
0902D3 0902D3
0903D1 0903D1
0903D2 0903D2
0903D3 0903D3
1001C1 1001C1
1001C2 1001C2
1001C3 1001C3
1001C4 1001C4
1001C5 1001C5
1001C6 1001C6
1101D1 1101D1
1101D2 1101D2
1101D3 1101D3
1102D1 1102D1
1102D2 1102D2
1102D3 1102D3
1201B1 1201B1
1201B2 1201B2
1201B3 1201B3
1201B4 1201B4
1202B1 1202B1
1202B2 1202B2
1202B3 1202B3
1202B4 1202B4
1301C1 1301C1
1301C2 1301C2
1301C3 1301C3
1301C4 1301C4
1301C5 1301C5
1301C6 1301C6
1401B1 1401B1
1401B2 1401B2
1401B3 1401B3
1401B4 1401B4
1501D1 1501D1
1501D2 1501D2
1501D3 1501D3
1601B1 1601B1
1601B2 1601B2
1601B3 1601B3
1601B4 1601B4
