1 5 4 8 9 13 12 16 17 21 20 24 25 29 28 32 33 37 36 40 41 45 44 48 49 53 52 56 57 61 60 64 65 69 68 72 73 77 76 80 81 85 84 88 89 93 92 96 97 101 100 104 105 109 108 112 113 117 116 120 121 125 124 128 129 133 132 136 137 141 140 144 145 149 148 152 153 157 156 160 161 165 164 168 169 173 172 176 177 181 180 184 185 189 188 192 193 197 196 200 1
100
1 2
4 4
5 5
8 7
9 10
12 12
13 13
16 15
17 18
20 20
21 21
24 23
25 26
28 28
29 29
32 31
33 34
36 36
37 37
40 39
41 42
44 44
45 45
48 47
49 50
52 52
53 53
56 55
57 58
60 60
61 61
64 63
65 66
68 68
69 69
72 71
73 74
76 76
77 77
80 79
81 82
84 84
85 85
88 87
89 90
92 92
93 93
96 95
97 98
100 100
101 101
104 103
105 106
108 108
109 109
112 111
113 114
116 116
117 117
120 119
121 122
124 124
125 125
128 127
129 130
132 132
133 133
136 135
137 138
140 140
141 141
144 143
145 146
148 148
149 149
152 151
153 154
156 156
157 157
160 159
161 162
164 164
165 165
168 167
169 170
172 172
173 173
176 175
177 178
180 180
181 181
184 183
185 186
188 188
189 189
192 191
193 194
196 196
197 197
200 199
