Soda BerkeleyWayWest Wheeler DavisHall Moffit SouthHall Unit1 Blackwell DurantHall Unit2 Etcheverry LeConte Foothill HavilandHall Dwinelle HearstMining BotanicalGardens Evans Kresge LawrenceHall MemorialStadium InternationalHouse AlumniHouse GiauqueHall Campbell Unit3 Barrows CaliforniaHall HildebrandHall UniversityVillage Doe Soda
21
Evans BAMPFA Evans
Doe Doe
HearstMining HearstMining
Wheeler Wheeler
LeConte LeConte
Moffit Moffit
Dwinelle Dwinelle
SouthHall SouthHall
CaliforniaHall CaliforniaHall
DurantHall DurantHall
Campbell Campbell
BerkeleyWayWest Campanile BerkeleyWayWest
LawrenceHall GreekTheatre LawrenceHall
InternationalHouse InternationalHouse
Unit1 Unit1
Unit2 BancroftLibrary Unit2
Unit3 Unit3
Foothill Foothill
DavisHall Stern
UniversityVillage Bowles
HildebrandHall Gilman
