Ippudo Platano Gypsys EastAsianLibrary Campbell Eureka Ikes SweetheartCafe Ikes Fengcha HavilandHall UdupiPalace GrizzlyPeak FoxTheater LittleBird HalalGuys Gadani Marugame BobbyGPizza InternationalHouse Raretea BanshoRamen LiKaShing Crossroads TToust BobaNinja TennisCourts StrawberryCreek Namaste Bowles HearstAnnex McDonalds HearstAnnex Pappys SuperDuperBurgers Blackwell JacobsApartment AshaTeaHouse LeConte AmoebaMusic SnackShack Artichokes LowerSproul Shengkee HortonHall Underhill SteamTrains JambaJuice Doe ThaiNoodle Cafe3 ExtremePizza LaNote Toss BerkeleyHigh TraderJoes YogurtPark GreatChina YogurtPark OptometryBuilding LaBurrita BerkeleyBart BigC BerkeleyBart Barrows Safeway BerkeleyThaiHouse SutardjaDai Rachas NatApartment BetaLounge Ikes Gongcha MSRI NoodleGirl Wikiwiki ACuppaTea GreekTheatre BagOCrab LewisHall SmokesPoutinerie Flavia HearstGym WursterHall Spats Gather Tilden LatimerHall Jupiter TopDog Firewings Quicklys BerkeleyArtStudio Mezzo HAAS Chipotle Yifang NorthHall DavisHall TukTukThai DavisHall Cinnaholic TripleRock DollarTree ClarkKerr Plentea PokeBar Homeroom TheHabit FireTrails BrandyMelville ThaiBasil HesseHall Kips HesseHall EastBaySpiceCompany GSPP Wheeler AndrewsApartment UrbanOutfitters Cornerstone Campanile TPTea HildebrandHall Soda Platano Ippudo
86
Wheeler Wheeler
Campanile ChezPanisse
Campbell MemorialGlade
Blackwell Milkbomb
HavilandHall Bonchon
HortonHall HortonHall
LatimerHall LatimerHall
LewisHall LewisHall
NorthHall NorthHall
OptometryBuilding OptometryBuilding
AshaTeaHouse AshaTeaHouse
McDonalds Morrisonhall McDonalds
Firewings Firewings
Artichokes Artichokes
Gongcha Gongcha
Yifang Yifang
Fengcha Fengcha
TPTea TPTea
StrawberryCreek StrawberryCreek
BigC TenderGreens BigC
ClarkKerr ClarkKerr
Crossroads Crossroads
Cafe3 Cafe3
Raretea Raretea
Underhill Underhill
TraderJoes TraderJoes
Safeway Safeway
Marugame Marugame
Kips Muraccis Kips
Pappys Pappys
BetaLounge BetaLounge
Spats Spats
Cornerstone Cornerstone
TripleRock TripleRock
LowerSproul LowerSproul
WursterHall WursterHall
Shengkee Shengkee
Plentea Plentea
Chipotle Chipotle
EastAsianLibrary LittleCampanile EastAsianLibrary
ThaiNoodle ThaiNoodle
Mezzo Mezzo
Ikes Ikes
PokeBar PokeBar
Quicklys Quicklys
TopDog TopDog
Gypsys Gypsys
SnackShack SnackShack
SmokesPoutinerie TheDwight SmokesPoutinerie
GreatChina SatherGate GreatChina
ThaiBasil ThaiBasil
Eureka Eureka
Platano Platano
EastBaySpiceCompany EastBaySpiceCompany
SuperDuperBurgers SuperDuperBurgers
JambaJuice JambaJuice
HalalGuys HalalGuys
ExtremePizza ExtremePizza
Gadani Gadani
Wikiwiki Wikiwiki
TheHabit TheHabit
Homeroom Homeroom
LaNote TacoBell LaNote
Rachas Rachas
BobaNinja BobaNinja
SweetheartCafe PeoplesCafe SweetheartCafe
TukTukThai Venus BSC TukTukThai
Gather Gather
Jupiter Morganhall Jupiter
AmoebaMusic AmoebaMusic
GrizzlyPeak GrizzlyPeak
LaBurrita LaBurrita
AndrewsApartment AndrewsApartment
BerkeleyArtStudio SaturnCafe BerkeleyArtStudio
BanshoRamen BanshoRamen
Namaste Namaste
UrbanOutfitters UrbanOutfitters
FireTrails MulfordHall
BobbyGPizza ImmThai
TennisCourts Cheeseboard
BerkeleyBart SproulHall HappyLemon
NoodleGirl Teazone
SteamTrains KroeberHall
Cinnaholic Slivers
Flavia UCafe
YogurtPark Target Ucha
