Evans WursterHall Campbell Eshelman Marugame Gilman BotanicalGardens ClarkKerr DavisHall LewisHall Underhill Campanile Marugame ThaiNoodle Dwinelle MLK LatimerHall Plentea SutardjaDai Cornerstone ZellerbachHall Bowles Unit3 Bowles HilgardHall AshaTeaHouse ImmThai AlumniHouse BerkeleyWayWest Yifang Raretea Wheeler UniversityVillage HortonHall Barrows Unit2 DurantHall Firewings CaliforniaHall InternationalHouse SatherGate GreekTheatre StrawberryCreek HearstMining VLSB HavilandHall BancroftLibrary LawrenceHall HappyLemon Moffit SouthHall Milkbomb MemorialGlade StrawberryCreek Unit1 HAAS Foothill Artichokes Evans
40
Evans Cory
HearstMining HearstMining
Wheeler Wheeler
Campanile Campanile
Moffit LeConte Moffit
Dwinelle Dwinelle
SouthHall HesseHall SouthHall
Gilman Gilman
CaliforniaHall CaliforniaHall
Bowles Etcheverry Bowles
BancroftLibrary BancroftLibrary
DurantHall DurantHall
Campbell Campbell
GreekTheatre CanyonPool GreekTheatre
BerkeleyWayWest BerkeleyWayWest
LawrenceHall LawrenceHall
InternationalHouse InternationalHouse
Unit1 Unit1
Unit2 Stern Unit2
Unit3 Boalt Unit3
Foothill Foothill
VLSB VLSB
ZellerbachHall ZellerbachHall
MLK HildebrandHall MLK
Eshelman Eshelman
Barrows Barrows
HAAS BAMPFA HAAS
AlumniHouse AlumniHouse
BotanicalGardens BotanicalGardens
DavisHall DavisHall
SutardjaDai SutardjaDai
UniversityVillage UniversityVillage
HavilandHall HavilandHall
HilgardHall HilgardHall
HortonHall MemorialStadium
SatherGate GiauqueHall
Underhill RSF Blackwell
Plentea Doe Soda
MemorialGlade Kresge
ThaiNoodle ThaiNoodle
