Shelf0 Toolbox153 Toilet13 Drugs184 Monster73 Toolbox146 Websites4 Allergies88 Clock139 Soap64 Crab83 Robot93 Poop150 Leash77 Soap53 System156 Nuclear18 Solar130 Light30 Comics28 Book171 Comics113 Toolbox72 Ice9 Solar162 Website190 Water135 Rollers95 Kitty98 Laptop125 Water29 Solar192 Soda119 Cat15 Drugs195 System79 Drugs39 Hnads116 Water90 Allergies176 Dislike143 Towel154 Boat67 Shoe174 Elevator115 Dog181 Toilet191 Soap58 Shoes8 Dislike12 Shoe17 Urine108 Hnads182 Plus78 Urine97 Ice50 BBQ36 Urine20 Rollers14 Nuclear35 Rollers63 Breakfast85 Fusion104 Poop80 Websites94 Fusion34 Cone185 Solar71 Ring60 Plants118 Robot51 YouTube44 Ice41 Shelf40 Solar59 Kitty194 Soda197 Dislike27 Flowers178 Settings75 System183 Kitty89 Horse148 Clock2 Puppy117 Ice165 Body55 Mail6 Poop76 Book99 Whale126 Post158 Clock61 Printer188 Cat187 Whale31 Shower57 Sink109 Shower47 Monster175 Android196 Dog168 Towel92 Comics107 Robot164 Whale114 Urine124 Male149 Toolbox147 Soap3 Ring82 Mail22 Puppy140 Ring169 Whale137 Shelf0
96
Shelf0 Shelf0
Clock2 Clock2
Websites4 Websites4
Mail6 Mail6
Shoes8 Shoes8
Ice9 Ice9
Dislike12 Dislike12
Toilet13 Toilet13
Rollers14 Rollers14
Cat15 Cat15
Shoe17 Shoe17
Nuclear18 Nuclear18
Urine20 Urine20
Mail22 Allergies103 Mail22
Dislike27 Book24 Dislike27
Water29 Water29
Light30 Light30
Fusion34 Fusion34
Nuclear35 Nuclear35
BBQ36 BBQ36
Drugs39 Drugs39
Shelf40 Shelf40
Ice41 Laptop19 Ice41
Shower47 Shower47
Robot51 Robot51
Body55 Body55
Shower57 Shower57
Soap58 Soap58
Clock61 Clock61
Soap64 Soap64
Boat67 Boat67
Solar71 Solar71
Toolbox72 Toolbox72
Monster73 Monster73
Settings75 Settings75
Poop76 Poop76
Leash77 Leash77
Plus78 Plus78
System79 System79
Poop80 Poop80
Ring82 Ring82
Crab83 Crab83
Breakfast85 Breakfast85
Allergies88 Allergies88
Kitty89 Kitty89
Towel92 Towel92
Robot93 Robot93
Rollers95 Rollers95
Urine97 Urine97
Kitty98 Kitty98
Fusion104 Fusion104
Comics107 Comics107
Sink109 Sink109
Whale114 Whale114
Hnads116 Hnads116
Puppy117 Puppy117
Plants118 Plants118
Soda119 Soda119
Urine124 Urine124
Laptop125 Laptop125
Whale126 Whale126
Solar130 Solar130
Water135 Water135
Whale137 Whale137
Clock139 Clock139
Puppy140 Puppy140
Dislike143 Dislike143
Toolbox146 Toolbox146
Horse148 Horse148
Male149 Male149
Poop150 Poop150
Toolbox153 Toolbox153
Towel154 Towel154
System156 System156
Post158 Post158
Solar162 Solar162
Robot164 Robot164
Ice165 Water38 Ice165
Dog168 Dog168
Ring169 Ring169
Book171 Book171
Shoe174 Shoe174
Monster175 Monster175
Allergies176 Allergies176
Flowers178 Flowers178
Dog181 Dog181
Hnads182 Hnads182
System183 System183
Cat187 Cat187
Printer188 Printer188
Website190 Website190
Solar192 Solar192
Kitty194 Kitty194
Drugs195 Drugs195
Android196 Android196
Soda197 Soda197
