Horse0 Floppy64 Horse55 Breakfast19 Soda57 Towel16 Breakfast42 Running77 Ring97 Solar58 Flowers98 Allergies3 Towel35 Water52 Cat13 Ice30 Prints23 Floppy63 Ice10 Shelf25 Whale22 Bird82 Dislike51 Comics49 Post61 Plus62 Dislike21 Shower15 Rollers34 Websites17 Leash89 Ice38 Monster39 Monster71 BBQ86 Toilet20 Bird93 Water66 Leash68 Kitty14 Male84 Book41 Rollers48 Websites81 Water83 Dislike70 Towel37 Ice32 Robot9 Mail88 Printer53 Whale59 Shower11 Settings5 Ring45 Breakfast74 Horse0
49
Horse0 Horse0
Allergies3 Allergies3
Settings5 Settings5
Robot9 Robot9
Ice10 Ice10
Shower11 Shower11
Cat13 Cat13
Kitty14 Kitty14
Shower15 Shower15
Towel16 Towel16
Websites17 Websites17
Breakfast19 Breakfast19
Toilet20 Toilet20
Whale22 Whale22
Prints23 Prints23
Shelf25 Shelf25
Ice30 Allergies4 Ice30
Rollers34 Rollers34
Towel35 Towel35
Towel37 Towel37
Ice38 Ice38
Monster39 Monster39
Book41 Book41
Ring45 Ring45
Rollers48 Rollers48
Comics49 Comics49
Dislike51 Dislike51
Water52 Water52
Printer53 Printer53
Horse55 Horse55
Soda57 Soda57
Solar58 Solar58
Whale59 Whale59
Post61 Post61
Plus62 Plus62
Floppy63 Floppy63
Water66 Water66
Leash68 Leash68
Monster71 Monster71
Breakfast74 Breakfast74
Running77 Running77
Websites81 Websites81
Bird82 Bird82
Male84 Male84
BBQ86 BBQ86
Mail88 Mail88
Bird93 Bird93
Ring97 Ring97
Flowers98 Flowers98
