Shower0 Robot49 Fence29 BBQ36 Laptop22 Elevator35 Monster32 Android27 Puppy28 Boat48 Allergies7 Sink37 Puppy19 Websites24 Nuclear43 Crab16 Website21 Soap14 Ring33 Ice30 Plants3 BBQ38 Prints25 Toilet26 Mail41 Light1 Cat44 Toilet45 Ice42 Shower0
25
Light1 Light1
Plants3 Plants3
Allergies7 Allergies7
Crab16 Crab16
Puppy19 Puppy19
Website21 Soda18
Laptop22 Laptop22
Websites24 YouTube4
Prints25 Prints25
Toilet26 Toilet26
Android27 Android27
Ice30 Ice30
Monster32 Monster32
Ring33 Ring33
Elevator35 Elevator35
BBQ36 BBQ36
Sink37 Sink37
BBQ38 BBQ38
Mail41 Mail41
Ice42 Ice42
Nuclear43 Nuclear43
Cat44 Cat44
Toilet45 Toilet45
Boat48 Cone13
Robot49 Robot49
