S B P F K 2 X 3 L 9 Y 5 Z 10 T 8 M 4 C D U N V 1 I B2 G2 L2 Q2 R X2 Y2 Z2 R2 M2 H2 C2 D2 I2 N2 T2 U2 A3 U2 O2 J2 E2 F2 K2 P2 V2 49 53 A2 57 62 68 82 Y3 X3 D3 I3 104 T3 R3 105 107 C3 W3 80 79 V3 N3 U3 58 P3 F3 K3 64 71 84 H3 91 G3 77 O3 J3 E3 127 Q3 Q 17 12 7 G W O J E A S
72
A A
B B
C C
D D
E E
F F
P P
U U
J J
K K
M M
N N
O O
T T
V V
W W
X X
10 H
Z Z
G G
I I
B2 B2
C2 C2
D2 D2
E2 E2
F2 F2
L L
Y Y
G2 G2
H2 H2
I2 I2
J2 J2
K2 K2
L2 L2
M2 M2
N2 N2
O2 O2
P2 P2
R R
Q2 Q2
R2 R2
T2 T2
U2 U2
V2 V2
Q Q
X2 W2 X2
Y2 Y2
Z2 Z3 Z2
A3 B3 A3
Q3 Q3
A2 A2
E3 E3
F3 F3
P3 P3
58 M3
U3 U3
J3 J3
K3 K3
N3 N3
O3 O3
V3 V3
W3 W3
X3 X3
Y3 Y3
G3 G3
91 L3
H3 H3
C3 C3
D3 D3
I3 I3
R3 R3
T3 T3
