0 13 124 148 133 28 54 145 73 31 61 67 120 146 34 161 162 163 164 165 166 167 168 169 170 171 172 173 174 175 176 177 178 179 180 181 182 183 184 185 186 185 184 183 182 181 180 179 178 177 176 175 174 173 172 171 170 169 168 167 166 165 164 163 162 161 118 72 129 80 159 101 102 135 122 56 142 112 107 3 2 95 94 59 35 157 140 24 155 12 143 151 160 5 65 68 62 60 83 44 36 22 43 47 66 77 121 53 153 7 19 69 188 189 190 191 192 193 194 195 196 197 198 197 196 195 194 193 192 191 190 189 188 69 86 51 0
98
2 2
3 3
5 5
7 7
12 12
13 13
19 19
22 22
24 24
28 28
31 31
34 34
35 35
36 36
43 43
44 44
47 47
51 51
53 53
54 54
56 56
59 59
60 60
61 61
62 62
65 65
66 66
67 67
68 68
69 69
72 72
73 73
77 77
80 80
83 83
86 86
94 94
95 95
101 101
102 102
107 107
112 112
118 118
120 120
121 121
122 122
124 124
129 129
133 133
135 135
140 140
142 142
143 143
145 145
146 146
148 148
151 151
153 153
155 155
157 157
159 159
160 160
162 162
163 163
164 164
165 165
166 166
167 167
168 168
169 169
170 170
171 171
172 172
173 173
174 174
175 175
176 176
177 177
178 178
179 179
180 180
181 181
182 182
183 183
184 184
185 185
186 187 186
188 188
189 189
190 190
191 191
192 192
193 193
194 194
195 195
196 196
197 197
198 199 198
