Hayward Shreveport Hartford NorthLasVegas SterlingHeights Champaign York Reno Ogden CathedralCity StPaul Savannah Lacey PortArthur RichmondCounty SiouxFalls Carrollton Newburgh Waterbury Lafayette GreenBay Laredo Gastonia Hampton Salem Deltona Tucson Utica Anchorage OverlandPark Greenville Plano Hagerstown PalmBay Cambridge ThousandOaks Huntsville Kissimmee Marina Hialeah Albuquerque Torrance Melbourne Lubbock Bryan Birmingham Barnstable Youngstown SouthBend Fresno JohnsonCity SanAntonio ElPaso SaintPaul GrandRapids Vancouver Henderson NewYorkCity Omaha Scottsdale Lorain RoundLakeBeach Kalamazoo NewYork Monroe Escondido Mesquite CapeCoral Bloomington Louisville Trenton Flint Fullerton Duluth Detroit Merced ElMonte McAllen Elkhart Modesto PuntaGorda Hemet Mobile SanBernardino PembrokePines Oxnard SanBuenaventura Anaheim Eugene Boise Marysville Stamford LasVegas Nashua Tyler Arvada Scranton Sarasota HuntingtonBeach LakeCharles Spartanburg Springfield Harlingen Murrieta Cincinnati NewportNews SimiValley Topeka Downey Burlington Norwalk SouthLyon NewBedford Orem Shreveport Hayward
93
PuntaGorda PuntaGorda
Tyler Tyler
Cincinnati Cincinnati
ThousandOaks Olympia ThousandOaks
PalmBay PalmBay
Tucson Tucson
Utica Utica
Albuquerque Albuquerque
Laredo Laredo
NewportNews NewportNews
Barnstable Barnstable
JohnsonCity JohnsonCity
Greenville Greenville
Eugene Eugene
Nashua Nashua
RoundLakeBeach RoundLakeBeach
Harlingen Harlingen
Newburgh Newburgh
OverlandPark OverlandPark
Omaha Omaha
Topeka Topeka
CapeCoral CapeCoral
Deltona Deltona
Anchorage Anchorage
Marina Frederick Marina
Salem Salem
LasVegas LasVegas
Downey Downey
Hagerstown Hagerstown
Birmingham Birmingham
SanBuenaventura Norwich SanBuenaventura
Mesquite Mesquite
Flint Flint
McAllen McAllen
Lubbock Lubbock
Fullerton Fullerton
NorthLasVegas NorthLasVegas
GrandRapids GrandRapids
Boise Boise
Arvada Arvada
Oxnard Oxnard
Hemet Hemet
Scranton Scranton
Fresno Fresno
Waterbury Waterbury
LakeCharles LakeCharles
Stamford Stamford
RichmondCounty RichmondCounty
Duluth Duluth
Modesto Modesto
Henderson Henderson
HuntingtonBeach HuntingtonBeach
Huntsville Huntsville
Lacey Lacey
Burlington Burlington
Savannah Savannah
Vancouver Vancouver
Detroit Detroit
Hialeah Hialeah
CathedralCity CathedralCity
NewYorkCity NewYorkCity
Marysville Layton Marysville
GreenBay GreenBay
Monroe Monroe
Louisville Louisville
ElPaso ElPaso
Kissimmee Kissimmee
Torrance Torrance
Hartford Hartford
Plano Plano
Bloomington Bloomington
Kalamazoo Kalamazoo
NewBedford NewBedford
SiouxFalls SiouxFalls
Elkhart Elkhart
Champaign Charlotte Champaign
Anaheim Columbus Anaheim
SaintPaul SaintPaul
York York
Spartanburg Spartanburg
Scottsdale Scottsdale
Mobile Mobile
Melbourne Melbourne
Ogden Ogden
Hampton Newark
Bryan HavredeGrace
Orem Bethlehem
SanBernardino Pueblo
StPaul CorpusChristi
PembrokePines SantaClara Racine
SouthBend Bakersfield
SimiValley Aberdeen
Norwalk StLouis
