Aberdeen Reno Hampton Newburgh Miramar Hartford SanBernardino Modesto McAllen GreenBay Columbia Lakewood StPetersburg Lewisville Elkhart Racine ChulaVista SanAntonio Redding SaltLakeCity Chattanooga Lowell Hampton Tuscaloosa Winston Austin Henderson WestValleyCity Kennewick Montgomery SouthLyon Reno Aberdeen
23
SaltLakeCity SaltLakeCity
Hampton Hampton
Winston Winston
Tuscaloosa Tuscaloosa
WestValleyCity WestValleyCity
Chattanooga Chattanooga
Modesto Modesto
Henderson Henderson
Lewisville Gainesville Lewisville
Miramar Miramar
Racine Racine
Reno Springdale Reno
Lowell Lowell
SanBernardino SanBernardino
SouthLyon SouthLyon
Newburgh Newburgh
Austin Austin
Montgomery Montgomery
GreenBay GreenBay
SanAntonio SanAntonio
StPetersburg StPetersburg
McAllen Marina
Elkhart Pensacola
