Hayward SantaClara BelAir York NewBedford Aurora Tucson Washington LakeCharles Newark NewYorkCity Kennewick PuntaGorda Omaha Topeka Montgomery SantaCruz Tucson Bradenton SaintPaul AtlanticCity Rochester Downey Abilene Atlanta Danbury Burbank Harlingen Waco NewOrleans Waterloo Yonkers Huntsville Tyler Hickory Winston Hickory Charlotte RichmondCounty Hampton Modesto PalmBay Torrance McHenry Springdale Corona Deltona Durham Asheville CedarRapids Hayward
42
PuntaGorda PuntaGorda
Tyler Tyler
PalmBay PalmBay
Tucson Tucson
Yonkers Yonkers
Burbank Chicago Burbank
McHenry McHenry
Harlingen Harlingen
Charlotte Charlotte
Omaha Omaha
Topeka Topeka
Deltona Deltona
Danbury Danbury
Downey Downey
Asheville Asheville
BelAir Monroe BelAir
Aurora Bakersfield Aurora
CedarRapids CedarRapids
LakeCharles LakeCharles
Bradenton Bradenton
RichmondCounty RichmondCounty
SantaCruz SantaCruz
Modesto Modesto
Huntsville McAllen Huntsville
NewYorkCity NewYorkCity
Springdale Springdale
SantaClara SantaClara
Atlanta Atlanta
Durham Bloomington Durham
Newark Newark
Torrance Torrance
Kennewick Barnstable Kennewick
NewBedford NewBedford
SaintPaul SaintPaul
York York
Hickory HuntingtonBeach Hickory
Waco Waco
Waterloo Waterloo
Hampton Hampton
Abilene GrandRapids
Montgomery ThousandOaks
Winston Memphis Tampa
