AndyandZeyu i8 g8 f8 h8 j7 j8 AndyandZeyu h3 i3 g3 j3 f3 AndyandZeyu AndyandZeyu7 j6 i7 g7 h7 b7 f7 AndyandZeyu g1 h1 i1 b1 f1 j1 AndyandZeyu i6 h6 AndyandZeyu6 j5 g6 f6 AndyandZeyu h g j i f AndyandZeyu j0 g0 AndyandZeyu0 i0 h0 f0 AndyandZeyu f4 i4 h4 g4 AndyandZeyu g2 c2 i2 h2 f2 j2 AndyandZeyu i5 f5 j4 h5 g5 e5 AndyandZeyu
50
f f
g g
h h
i i
j j
f0 f0
g0 g0
h0 h0
i0 i0
j0 j0
f1 f1
g1 g1
h1 h1
i1 i1
j1 j1
f2 f2
g2 g2
h2 h2
i2 i2
j2 j2
f3 f3
g3 g3
h3 h3
i3 i3
j3 j3
f4 f4
g4 g4
h4 h4
i4 i4
j4 j4
f5 f5
g5 g5
h5 h5
i5 i5
j5 j5
f6 f6
g6 g6
h6 h6
i6 i6
j6 j6
f7 f7
g7 g7
h7 h7
i7 i7
j7 j7
f8 f8
g8 g8
h8 h8
i8 i8
j8 j8
