0 1 2 3 4 5 6 7 1 19 21 23 22 20 32 42 43 51 52 54 53 52 62 63 64 65 73 74 87 75 88 89 98 99 90 104 105 106 107 111 112 121 126 127 128 129 130 137 139 144 143 142 141 140 138 147 151 152 153 154 155 156 157 173 174 189 191 198 197 190 199 0
36
1 17 15
2 2
4 4
7 7
20 25
21 30
23 23
32 33 44
42 42
51 40 48
52 56
53 53
54 54
62 67
64 64
73 72
74 76 83
75 86
87 87
89 91 101 94
99 99
104 108
105 105
112 120 114
127 127
128 124
130 130
137 136
139 146
142 142
147 148
154 154
157 172 168 158 163
174 182 186 178 176
190 192 194
198 198
