MfdzFvsdGbvl AGbRQRBgaOdX MkUBuIisCVpZ mFYKjQfCsRtT QifLRRQkbeZy VyXrTLUcizAa GKWfMfVZxbJi PQTqeEtJjrHq IHnRSACwPeSd hLGIbMiwjPgd arcJTkwUqbUy SgyAcloZDNJV FCrKCfVsEsBk pkzKsTORVYro UVLyMXgqTFaJ PvZWLvSzyZfH axLiuEEXvnsQ RICmsRCgzRsB TbekQRoKcInv ZjfLZjjegWJT GemeldahvdVv mtRsLIzrlNLu MOpktZzuQRCH jBrNTBMPxyQD tywOQDwDhjwZ BkcPMTugAswL NlmuUUVQUbgI dDFWxTbuPymh EoEdLMroSPNp QHpWWcCYavdw PUcvIgREsriS MLnLJmQHwuOS dFUHctNjrywb plKUVNXwKfVb noaMakAlHdwq hCxjbMrSlUJQ DFscNnuMhxUC DvRTDyBMOCbT VARFNCcqfgIc AMizjBPjmCZd ymJllvoAiAsf SojgLCNtJNvq buqjmAINqGzN PnbamVANEguC deJmWrylVSGK rVqgoVgUmLRB GuSSYBNHDbKE uFHfCerNFIme pQCFwcmaYfTN rrRAqFcoDYfk BbyhqvohDUZK MfdzFvsdGbvl
50
VyXrTLUcizAa VyXrTLUcizAa
buqjmAINqGzN buqjmAINqGzN
tywOQDwDhjwZ tywOQDwDhjwZ
SgyAcloZDNJV SgyAcloZDNJV
dDFWxTbuPymh dDFWxTbuPymh
EoEdLMroSPNp EoEdLMroSPNp
pQCFwcmaYfTN pQCFwcmaYfTN
AGbRQRBgaOdX AGbRQRBgaOdX
NlmuUUVQUbgI NlmuUUVQUbgI
QifLRRQkbeZy QifLRRQkbeZy
ymJllvoAiAsf ymJllvoAiAsf
axLiuEEXvnsQ axLiuEEXvnsQ
SojgLCNtJNvq SojgLCNtJNvq
VARFNCcqfgIc VARFNCcqfgIc
mtRsLIzrlNLu mtRsLIzrlNLu
FCrKCfVsEsBk FCrKCfVsEsBk
PQTqeEtJjrHq PQTqeEtJjrHq
dFUHctNjrywb dFUHctNjrywb
PUcvIgREsriS PUcvIgREsriS
noaMakAlHdwq noaMakAlHdwq
DvRTDyBMOCbT DvRTDyBMOCbT
QHpWWcCYavdw QHpWWcCYavdw
MOpktZzuQRCH MOpktZzuQRCH
AMizjBPjmCZd AMizjBPjmCZd
RICmsRCgzRsB RICmsRCgzRsB
PnbamVANEguC PnbamVANEguC
jBrNTBMPxyQD jBrNTBMPxyQD
pkzKsTORVYro pkzKsTORVYro
ZjfLZjjegWJT ZjfLZjjegWJT
DFscNnuMhxUC DFscNnuMhxUC
hCxjbMrSlUJQ hCxjbMrSlUJQ
BbyhqvohDUZK BbyhqvohDUZK
uFHfCerNFIme uFHfCerNFIme
GemeldahvdVv GemeldahvdVv
TbekQRoKcInv TbekQRoKcInv
MkUBuIisCVpZ MkUBuIisCVpZ
hLGIbMiwjPgd hLGIbMiwjPgd
deJmWrylVSGK deJmWrylVSGK
PvZWLvSzyZfH PvZWLvSzyZfH
rVqgoVgUmLRB rVqgoVgUmLRB
UVLyMXgqTFaJ UVLyMXgqTFaJ
GuSSYBNHDbKE GuSSYBNHDbKE
rrRAqFcoDYfk rrRAqFcoDYfk
GKWfMfVZxbJi GKWfMfVZxbJi
IHnRSACwPeSd IHnRSACwPeSd
plKUVNXwKfVb plKUVNXwKfVb
BkcPMTugAswL BkcPMTugAswL
arcJTkwUqbUy arcJTkwUqbUy
mFYKjQfCsRtT mFYKjQfCsRtT
MLnLJmQHwuOS MLnLJmQHwuOS
