5 78 69 27 82 182 92 197 137 130 196 108 106 89 42 112 55 168 35 115 91 117 157 38 149 164 124 190 93 97 198 147 46 100 1 188 83 103 159 185 20 170 79 58 16 102 122 177 66 8 50 5
50
1 1
130 130
8 8
137 137
16 16
147 147
20 20
149 149
27 27
157 157
159 159
35 35
164 164
38 38
168 168
42 42
170 170
46 46
177 177
50 50
182 182
55 55
185 185
58 58
188 188
190 190
66 66
196 196
69 69
197 197
198 198
78 78
79 79
82 82
83 83
89 89
91 91
92 92
93 93
97 97
100 100
102 102
103 103
106 106
108 108
112 112
115 115
117 117
122 122
124 124
