Soda C9 D5 A1 A7 B8 D1 D9 B9 B10 D10 D7 C3 E1 D4 C2 Soda a0 c9 d5 a1 a7 b8 d1 d9 b9 b10 d10 d7 c3 e1 d4 c2 a0 c5 e3 b2 e5 b1 e7 e6 b3 c7 b2 c5 a0 a5 d6 d3 c1 b5 a8 a3 a4 b7 a9 a5 a0 Soda C5 E3 B2 E5 B1 E7 E6 B3 C7 B2 C5 Soda A5 D6 D3 C1 B5 A8 A3 A4 B7 A9 A5 Soda A E P V AG U Q E A C J I C A B H AB Z Y AP AA N G A D K T AJ AK AW AH AI AS AU AI K D A F M AC AM AN AO X O F A Soda a h ak al t ak r f g a d n ae af ag ah q p e a b m ad l ax ac av ab k b a i x u v ao ap y j aa at as ar z aa j i a Soda
88
A1 A1
A3 A3
A5 A5
A7 A7
A9 A9
B1 B1
B3 B3
B5 B5
B7 B7
B9 B9
C1 C1
C3 C3
C5 C5
C7 C7
C9 C9
D1 D1
D3 D3
D5 D5
D7 D7
D9 D9
E1 E1
E3 E3
E5 E5
E7 E7
H H
I AF
J J
N N
P P
Q Q
T T
AB AB
AC AC
AG AG
AO AO
AP AP
AS AS
AU AU
AW AW
b b
d d
f f
h h
j j
l l
n n
p p
r r
t t
u an
v v
x x
z z
ab ab
ad ad
af af
ah ah
ak aj
al al
ap ap
ar ar
at at
av av
ax ax
a1 a1
a3 a3
a5 a5
a7 a7
a9 a9
b1 b1
b3 b3
b5 b5
b7 b7
b9 b9
c1 c1
c3 c3
c5 c5
c7 c7
c9 c9
d1 d1
d3 d3
d5 d5
d7 d7
d9 d9
e1 e1
e3 e3
e5 e5
e7 e7
