SabrinaSiriPrince50 aHwNY UBrR9 plb6L Ms6jj 0kSSC H8qqB 52PwN UBrR9 aHwNY M7N2p X8iWp cRUJh DrLs7 4MOkB yJVF4 9HL6t DrLs7 SVxWg nbohZ d2ZYh SVxWg cRUJh duKKu 11x30 WcEcU EZqNK OSLHQ 11x30 YgbLl Wutnl 5X0EW vmJdf YgbLl duKKu X8iWp SabrinaSiriPrince50
19
M7N2p Bjd2k i3qsm nannc rFWcq cwf5o V7iEC nMJpi
aHwNY aHwNY
UBrR9 UBrR9
52PwN 52PwN
H8qqB H8qqB
0kSSC 0kSSC
Ms6jj Ms6jj
plb6L plb6L
EZqNK EZqNK
OSLHQ OSLHQ
WcEcU WcEcU
5X0EW 5X0EW
vmJdf vmJdf
Wutnl Wutnl
9HL6t 9HL6t
yJVF4 yJVF4
4MOkB 4MOkB
nbohZ nbohZ
d2ZYh d2ZYh
