ssp200 13 10 2 14 2 8 6 5 4 3 7 2 181 182 187 183 184 185 186 188 182 194 182 181 152 157 153 154 155 156 158 152 164 152 181 137 142 138 139 140 141 143 137 149 137 181 122 128 126 125 124 123 127 122 134 122 181 47 59 47 52 48 49 50 51 53 47 181 92 97 93 94 95 96 98 92 104 92 181 32 37 33 34 35 36 38 32 44 32 181 17 23 21 20 19 18 22 17 29 17 181 167 172 168 169 170 171 173 167 179 167 181 62 67 63 64 65 66 68 62 74 62 181 77 83 81 80 79 78 82 77 89 77 181 107 113 111 110 109 108 112 107 119 107 181 2 10 13 ssp200
78
182 191
183 183
184 184
185 185
186 186
194 195 194
167 176
168 168
169 169
170 170
171 171
179 180 179
152 161
153 153
154 154
155 155
156 156
164 165 164
137 146
138 138
139 139
140 140
141 141
149 150 149
122 131
123 123
124 124
125 125
126 126
134 135 134
107 116
108 108
109 109
110 110
111 111
119 120 119
92 101
93 93
94 94
95 95
96 96
104 105 104
77 86
78 78
79 79
80 80
81 81
89 90 89
62 71
63 63
64 64
65 65
66 66
74 75 74
47 56
48 48
49 49
50 50
51 51
59 60 59
32 41
33 33
34 34
35 35
36 36
44 45 44
17 26
18 18
19 19
20 20
21 21
29 30 29
2 11
3 3
4 4
5 5
6 6
14 15 14
