1 131 147 149 117 139 135 145 9 21 17 29 27 11 3 37 19 13 15 39 31 23 43 25 45 57 49 47 33 41 35 55 85 61 53 65 59 51 69 79 75 63 67 73 71 77 101 83 89 81 103 87 91 93 95 105 109 99 97 107 111 127 113 119 123 125 129 137 121 143 115 133 141 7 5 1
75
1 1
129 129
131 131
3 3
133 133
5 5
135 135
7 7
9 9
137 137
139 139
11 11
13 13
141 141
15 15
143 143
145 145
17 17
147 147
19 19
149 149
21 21
23 23
25 25
27 27
29 29
31 31
33 33
35 35
37 37
39 39
41 41
43 43
45 45
47 47
49 49
51 51
53 53
55 55
57 57
59 59
61 61
63 63
65 65
67 67
69 69
71 71
73 73
75 75
77 77
79 79
81 81
83 83
85 85
87 87
89 89
91 91
93 93
95 95
97 97
99 99
101 101
103 103
105 105
107 107
109 109
111 111
113 113
115 115
117 117
119 119
121 121
123 123
125 125
127 127
