Jason Derek Ricky Jeffery Ronnie Stacie Carrie Andrew Rachel Monica Alexandra Nicholas Laura Gabriel Brian Mary Jane Scott Johnathan Megan Bryan Evan Brittany Amanda Carol Gregory Grace Mercedes Adrian Heather Nathaniel Roy Christina Regina Kayla John Paul Michelle Dustin Melinda Randy Robin April Kyle David Jeremy Timothy Tommy Juan Joshua Cheryl Kara Tammy Kristen Susan Tristan Claire Mario Kathy Brad Jeffrey Jacqueline Kimberly Dana Edwin Nicole Kari Rebecca Brett Rebekah Crystal James Charles Lauren Karen Robert Samantha Katelyn Jennifer Shannon Misty Adam Joseph Shane Dylan Mark Shawn Sabrina Jose William Cristian Logan Jill Wayne Elizabeth Stephen Jordan Melissa Ashley Wendy Kelsey Jason
100
Derek Derek
Nathaniel Nathaniel
Heather Heather
Gabriel Gabriel
Adam Adam
Misty Misty
Shannon Shannon
Samantha Samantha
Katelyn Katelyn
Adrian Adrian
John John
Nicole Nicole
Brad Brad
Claire Claire
David David
Lauren Lauren
Joshua Joshua
Mario Mario
Roy Roy
Kara Kara
Johnathan Johnathan
Dana Dana
Cristian Cristian
Ricky Ricky
Tristan Tristan
Paul Paul
Laura Laura
Stacie Stacie
Jose Jose
Melissa Melissa
Kari Kari
Evan Evan
Carol Carol
Carrie Carrie
Brian Brian
Andrew Andrew
Jeffery Jeffery
Robert Robert
Mark Mark
Regina Regina
Kelsey Kelsey
Wayne Wayne
Megan Megan
Jeffrey Jeffrey
Shane Shane
Timothy Timothy
Joseph Joseph
Charles Charles
Crystal Crystal
William William
Mary Mary
Cheryl Cheryl
Rebekah Rebekah
Shawn Shawn
Dustin Dustin
Jacqueline Jacqueline
Logan Logan
Gregory Gregory
Kimberly Kimberly
Amanda Amanda
Christina Christina
Rebecca Rebecca
Scott Scott
Mercedes Mercedes
Dylan Dylan
Wendy Wendy
Kayla Kayla
Edwin Edwin
Michelle Michelle
Stephen Stephen
Kristen Kristen
Brett Brett
Karen Karen
Ronnie Ronnie
Jill Jill
Sabrina Sabrina
Elizabeth Elizabeth
Tommy Tommy
James James
Juan Juan
Brittany Brittany
Kathy Kathy
Susan Susan
Monica Monica
Bryan Bryan
Jane Jane
Alexandra Alexandra
Grace Grace
April April
Nicholas Nicholas
Jennifer Jennifer
Jeremy Jeremy
Kyle Kyle
Tammy Tammy
Ashley Ashley
Jordan Jordan
Melinda Melinda
Rachel Rachel
Robin Robin
Randy Randy
