Glameow Inkay Spheal Gigalith Buneary Glalie Throh Fomantis Poochyena Piplup Meganium Turtwig Wailord Cacturne Leavanny Beheeyem Ledian Zygarde Ivysaur Spiritomb Bergmite Feebas Togepi Sigilyph Yanma Electivire Archeops Loudred Glameow
21
Electivire Furret Electivire
Spiritomb Spiritomb
Wailord Wailord
Fomantis Mudbray
Ledian Ledian
Buneary Buneary
Bergmite Gumshoos Bergmite
Ivysaur Spinarak
Glalie Glalie
Inkay Inkay
Zygarde Zygarde
Togepi Togepi
Yanma Yanma
Piplup Piplup
Archeops Archeops
Spheal Gothorita Spheal
Meganium Meganium
Loudred Loudred
Gigalith Gigalith
Beheeyem Golett Beheeyem
Leavanny Leavanny
