Florges Zubat Manectric Bidoof Celebi Moltres Gastrodon Shaymin Regice Chansey Tentacruel Caterpie Zapdos Poliwrath Wailmer Primarina Kricketot Dusknoir Celesteela Snorlax Bewear Togetic Bergmite Wormadam Roggenrola Yanmega Hitmonlee Doublade Carracosta Aurorus Bayleef Furfrou Scolipede Pidgey Pichu Dialga Volbeat Buzzwole Hakamoo Lillipup Infernape Bouffalant Omastar Flaaffy Palkia Girafarig Serperior Poliwag Purrloin Delibird Cascoon Timburr Machoke Hippopotas Cherrim Toxapex Tsareena Weepinbell Vespiquen Florges
48
Weepinbell Weepinbell
Carracosta Carracosta
Florges Stufful
Yanmega Yanmega
Purrloin Purrloin
Timburr Timburr
Poliwag Poliwag
Poliwrath Poliwrath
Toxapex Ralts
Celesteela Celesteela
Omastar Omastar
Pichu Pichu
Zapdos Zapdos
Togetic Togetic
Manectric Manectric
Lillipup Lillipup
Volbeat Volbeat
Moltres Moltres
Shaymin Shaymin
Gastrodon Gastrodon
Infernape Infernape
Kricketot Kricketot
Primarina Primarina
Celebi Celebi
Cherrim Cherrim
Delibird Delibird
Zubat Zubat
Dusknoir Dusknoir
Tentacruel Tentacruel
Furfrou Persian
Wailmer Wailmer
Bidoof Piloswine Bidoof
Regice Regice
Hitmonlee Hitmonlee
Bergmite Bergmite
Tsareena Tsareena
Dialga Dialga
Aurorus Aurorus
Machoke Machoke
Bayleef Bisharp Bayleef
Cascoon Cascoon
Scolipede Scolipede
Buzzwole Buzzwole
Bouffalant Bouffalant
Wormadam Wormadam
Hakamoo Hakamoo
Girafarig Girafarig
Pidgey Sentret
