Granbull PorygonZ Electrode Flygon Crabominable Rufflet Quilava Whiscash Rockruff Ninjask Slakoth Chatot Electrike Unown Relicanth Floatzel Lucario Swanna Mimikyu Glalie Charizard Tyrunt Mightyena Bronzor Roserade Carnivine Mantine Gorebyss Lycanroc Raichu Arbok Metapod Chespin Typhlosion Chinchou Bonsly Sylveon Altaria Ampharos Charmander Serperior Bergmite Jolteon Buizel Aipom Nuzleaf Staryu Deoxys Metagross Carbink Infernape Garchomp Greninja Torkoal Machamp Remoraid Floette Beedrill Butterfree Cubone Fletchling Probopass Electivire TypeNull Gliscor Tsareena Staravia Feraligatr Luvdisc Reshiram Golbat Heatran Lampent Smeargle Cosmog Crawdaunt Azurill Corphish Krookodile Cascoon Torchic Binacle Exeggcute Torracat Lapras Hitmontop Absol Lileep Goomy Flareon Heatmor Cinccino Diggersby Darkrai Jirachi Kangaskhan Skitty Budew Whimsicott Pancham Mudsdale Pidgeot Happiny Magmortar Trumbeak Mawile Spiritomb Spinda Blissey Magmar Metang Reuniclus Bulbasaur Granbull
99
Tsareena Tsareena
Absol Absol
Unown Unown
Roserade Roserade
Heatran Heatran
Butterfree Butterfree
Ampharos Ampharos
Spiritomb Spiritomb
Torchic Torchic
Cosmog Cosmog
Arbok Arbok
Cascoon Cascoon
Torracat Torracat
Chinchou Chinchou
Crawdaunt Crawdaunt
Slakoth Slakoth
Mimikyu Mimikyu
Pancham Vivillon
Happiny Happiny
Quilava Quilava
Kangaskhan Kangaskhan
Rockruff Rockruff
Bonsly Bonsly
Spinda Spinda
Cinccino Cinccino
Budew Grumpig Budew
Sylveon Sylveon
Mawile Mawile
Beedrill Beedrill
Lampent Lampent
Greninja Greninja
Buizel Buizel
Jolteon Jolteon
Mantine Mantine
Charizard Charizard
Gliscor Gliscor
Binacle Binacle
Relicanth Relicanth
Raichu Raichu
Cubone Cubone
Krookodile Krookodile
Heatmor Heatmor
Swanna Swanna
Diggersby Diggersby
Whiscash Whiscash
Metagross Metagross
TypeNull TypeNull
Whimsicott Whimsicott
Lycanroc Lycanroc
Mightyena Mightyena
Floette Floette
Jirachi Jirachi
Mudsdale Mudsdale
Darkrai Darkrai
Reuniclus Reuniclus
Altaria Malamar
Remoraid Remoraid
Magmar Magmar
Rufflet Rufflet
Reshiram Reshiram
Crabominable Crabominable
Machamp Machamp
Charmander Charmander
Electrode Electrode
Serperior Serperior
Golbat Golbat
Infernape Infernape
Hitmontop Hitmontop
Trumbeak Trumbeak
Flygon Flygon
Bronzor Bronzor
Bergmite Bergmite
Torkoal Torkoal
Goomy Goomy
Metapod Metapod
Corphish Corphish
Aipom Dustox
Probopass Probopass
Lapras Lapras
Carnivine Carnivine
Pidgeot Pidgeot
Exeggcute Exeggcute
Carbink Carbink
Magmortar Magmortar
Electrike Electrike
Ninjask Ninjask
PorygonZ PorygonZ
Lileep Lileep
Feraligatr Feraligatr
Floatzel Floatzel
Glalie Glalie
Deoxys Deoxys
Chespin Chespin
Luvdisc Luvdisc
Blissey Blissey
Chatot Chatot
Typhlosion Typhlosion
Nuzleaf Nuzleaf
Skitty Skitty
