0 52 26 5 128 183 87 180 69 63 81 84 7 67 7 122 166 10 92 76 198 88 9 12 138 50 25 91 83 75 130 174 66 68 126 20 156 179 103 114 85 167 15 46 17 151 16 98 135 106 131 73 189 48 149 157 197 199 27 103 184 102 121 23 62 42 40 111 193 136 113 185 108 139 53 196 31 30 141 155 140 70 45 19 97 72 181 152 118 134 168 117 176 195 6 153 105 55 11 171 144 74 125 36 82 147 59 116 109 145 143 0
96
0 80
6 160
9 9
10 10
11 11
12 34
16 16
17 17
19 19
20 20
23 23
26 26
27 27
30 30
31 31
36 36
40 40
42 42
45 137 45
46 46
48 48
50 50
52 52
53 53
55 55
59 59
62 62
63 63
66 66
67 13 67
69 69
70 70
72 72
73 177
74 74
75 75
76 76
81 81
82 82
83 83
84 84
85 85
87 87
88 88
91 91
97 97
98 98
102 102
103 103
105 105
106 106
108 108
109 109
111 111
114 114
116 116
117 117
121 121
122 35 162 122
125 125
126 126
128 128
130 130
131 131
134 134
136 136
138 138
139 139
140 140
141 4
143 143
144 144
145 145
147 147
149 149
151 151
152 152
156 156
157 157
166 166
168 168
171 171
174 174
176 176
179 179
180 180
181 181
183 183
184 184
185 185
189 189
195 195
196 196
197 197
198 198
199 199
