1 16 160 32 163 100 196 45 100 26 35 57 100 105 164 177 77 100 80 175 44 100 142 151 100 101 115 63 100 97 99 193 49 100 111 22 0 100 186 89 189 100 83 127 86 100 141 21 158 199 159 54 171 180 100 12 8 30 170 84 124 195 178 119 117 43 131 76 59 121 129 100 174 191 60 134 100 137 155 183 100 25 93 29 27 50 88 19 100 182 125 100 55 68 1
78
0 0
1 1
8 8
12 12
16 16
19 19
21 21
22 22
25 25
26 26
27 27
29 29
30 30
32 32
35 35
43 43
44 44
45 45
49 49
50 50
54 54
55 55
57 57
59 59
60 60
63 63
68 68
76 76
77 77
80 80
83 83
84 84
86 86
88 88
89 89
93 93
97 97
99 99
100 28 138 15 56 148 150 3 31 157 74 136 192 172 24 153 188 113 38 82 10 194 18 36
101 101
105 105
111 111
115 115
117 117
119 119
121 121
124 124
125 125
127 127
129 129
131 131
134 134
137 137
141 141
142 142
151 151
155 155
158 158
159 159
160 160
163 163
164 164
170 170
171 171
174 174
175 175
177 177
178 178
180 180
182 182
183 183
186 186
189 189
191 191
193 193
195 195
196 196
199 199
