21 152 111 188 113 81 11 41 42 150 151 175 65 121 120 9 8 101 27 43 73 87 38 39 52 49 50 59 60 84 68 97 95 197 131 130 122 117 159 119 115 116 47 48 79 23 160 17 157 143 140 147 55 185 186 33 155 165 25 179 161 93 89 141 151 191 13 12 108 167 30 29 154 35 36 37 189 124 125 137 75 74 136 69 66 69 171 15 5 127 126 180 181 53 150 85 107 193 194 101 92 91 178 63 83 82 177 183 172 173 106 109 176 149 142 139 168 169 168 139 1 2 3 34 129 128 105 104 103 102 187 156 21
92
1 1
3 3
5 5
8 7
9 9
11 11
13 13
15 15
17 77 17
21 21
23 23
25 25
27 27
29 29
33 33
35 35
37 37
39 39
41 41
43 43
47 47
48 19
49 49
53 53
55 55
59 59
60 61
63 71 63
65 65
66 145 67
69 69
73 73
75 75
79 79
81 81
83 83
85 85
87 87
89 89
91 91
93 93
95 195 95
97 97
101 101
103 103
105 105
107 107
109 109
111 111
113 31 113
115 115
116 133
117 117
119 119
120 51
121 121
122 123
125 125
127 127
129 129
131 131
137 137
139 139
141 141
142 99
143 143
147 147
149 149
151 151
152 153
155 155
156 45
157 157
159 159
161 161
165 165
167 167
169 57 169
171 171
173 173
175 175
177 177
179 179
181 181
183 183
185 185
187 187
188 135
189 189
191 191
193 193
197 163 197
