74 72 80 76 73 75 63 69 62 66 61 68 70 63 141 148 146 144 142 143 145 141 58 53 55 52 54 57 59 58 132 139 137 131 140 135 136 132 98 96 99 98 169 165 167 166 168 163 161 164 169 46 50 41 47 48 46 2 6 8 2 151 153 154 160 156 157 151 118 114 111 116 119 113 118 172 171 178 175 179 180 174 172 87 89 82 81 85 83 88 86 87 21 26 29 28 30 24 25 23 21 102 18 11 14 12 19 16 13 18 121 122 126 125 128 121 182 189 184 185 182 38 36 35 32 37 39 31 38 192 197 198 199 191 192 75 77 72 74
100
2 2
6 6
8 8
11 11
13 13
14 14
16 16
19 19
23 23
25 25
26 26
28 28
29 29
30 30
31 31
32 32
35 35
36 36
37 37
38 38
39 39
41 41
46 46
47 47
50 50
52 52
53 53
54 54
55 55
57 57
58 58
59 59
61 61
62 62
66 66
68 68
69 69
70 70
73 73
74 74
75 75
76 76
77 77
80 80
81 81
82 82
83 83
85 85
86 86
88 88
89 89
96 96
99 99
102 104
111 111
113 113
114 114
116 116
118 118
119 119
122 122
126 126
128 128
131 131
135 135
136 136
137 137
139 139
140 140
141 141
142 142
145 145
146 146
148 148
151 151
153 153
156 156
157 157
160 160
161 161
163 163
164 164
165 165
166 166
167 167
168 168
169 169
172 172
174 174
175 175
178 178
179 179
180 180
185 185
189 189
191 191
192 192
197 197
198 198
199 199
