75 71 80 72 74 11 12 19 20 16 13 11 10 6 7 2 1 10 21 24 22 30 28 26 21 88 86 87 89 82 88 43 50 49 45 47 42 43 61 67 66 70 63 69 62 61 35 37 32 33 31 36 35 51 53 58 51 99 98 100 94 97 91 92 99 74 78 76 73 75
50
1 1
2 2
7 7
10 10
12 12
13 13
16 16
19 19
20 20
21 21
22 22
24 24
26 26
28 28
30 30
31 31
32 32
33 33
36 36
37 37
42 42
45 45
47 47
50 50
53 53
58 59
63 63
66 66
67 67
69 69
70 70
71 71
72 72
73 73
74 74
75 75
76 76
78 78
80 80
82 82
86 86
87 87
88 88
89 89
91 91
92 92
94 94
97 97
98 98
100 100
