0 66 70 42 28 53 55 27 1 78 81 80 88 87 73 23 47 40 97 52 75 2 22 67 14 25 17 83 5 100 59 63 39 4 32 72 96 38 50 54 57 92 86 24 90 69 41 31 9 16 20 29 3 85 91 7 98 68 71 26 74 15 33 34 37 94 18 89 99 6 84 77 58 79 46 30 13 8 64 49 62 60 56 48 44 19 10 93 61 21 12 65 76 95 51 11 45 43 35 82 36 0
100
1 1
2 2
3 3
4 4
5 5
6 6
7 7
8 8
9 9
10 10
11 11
12 12
13 13
14 14
15 15
16 16
17 17
18 18
19 19
20 20
21 21
22 22
23 23
24 24
25 25
26 26
27 27
28 28
29 29
30 30
31 31
32 32
33 33
34 34
35 35
36 36
37 37
38 38
39 39
40 40
41 41
42 42
43 43
44 44
45 45
46 46
47 47
48 48
49 49
50 50
51 51
52 52
53 53
54 54
55 55
56 56
57 57
58 58
59 59
60 60
61 61
62 62
63 63
64 64
65 65
66 66
67 67
68 68
69 69
70 70
71 71
72 72
73 73
74 74
75 75
76 76
77 77
78 78
79 79
80 80
81 81
82 82
83 83
84 84
85 85
86 86
87 87
88 88
89 89
90 90
91 91
92 92
93 93
94 94
95 95
96 96
97 97
98 98
99 99
100 100
