Soda Guadeloupe Guyana Antigua China Bermuda Fiji Argentina Belarus Denmark Hong Aruba Central Austria Cuba Comoros Egypt Finland Cayman Cocos Colombia Bouvet Botswana Azerbaijan United Czech Belize Guam Cambodia Costa Soda
24
United United
Cambodia Cambodia
Aruba Aruba
Argentina Argentina
Antigua Antigua
Guam Guam
Azerbaijan Angola
Bermuda Bermuda
China China
Central Central
Cocos Cocos
Austria Austria
Bouvet Bouvet
Belize Belize
Czech Australia Czech
Colombia Colombia
Fiji Fiji
Cayman Cayman
Denmark Denmark
Guyana Guyana
Guadeloupe Guadeloupe
Egypt Egypt
Botswana Botswana
Comoros Comoros
