Soda Burkina Malawi Croatia Sint Egypt Singapore Lebanon Finland Cambodia Jamaica Sao Kyrgyzstan Netherlands Fiji Germany Japan Sudan Ireland Mayotte Niger United Albania New Saint Belize British Korea Moldova Latvia Hong Palau Pitcairn Macao Lesotho Lao Kiribati Mexico Bahamas Indonesia Nigeria Rwanda Norfolk Algeria Republic Burundi Congo Luxembourg Argentina Northern Aruba Liberia Soda
48
United United
Cambodia Cambodia
Aruba Aruba
Saint Saint
Argentina Pakistan Argentina
Lebanon Lebanon
Rwanda Rwanda
Sint Sint
Japan Japan
Burundi Burundi
Fiji Fiji
Liberia Liberia
Jamaica Jamaica
Netherlands Netherlands
Albania Albania
Republic Antigua Republic
Sao Sao
Lao Lao
Germany Iraq
Kyrgyzstan Kyrgyzstan
Macao Macao
Mayotte Mayotte
British British
Latvia Latvia
New New
Egypt Egypt
Mexico Mexico
Singapore Singapore
Malawi Malawi
Korea Korea
Congo Congo
Indonesia Indonesia
Finland Finland
Burkina Burkina
Niger Niger
Hong Hong
Pitcairn Pitcairn
Luxembourg Luxembourg
Bahamas Bahamas
Ireland Ireland
Palau Palau
Nigeria Nigeria
Northern Northern
Algeria Algeria
Kiribati Kiribati
Belize Belize
Moldova Moldova
Croatia Croatia
