Meckgue TheKrustyKrab Yunkai LakeLaogai ThePrancingPony Carvahall Urubaen FlourishBlotts HorneaterPeaks Lorien Winterfell Meereen ShatteredPlains KoralReef Larcbost TheHogsHead Netherfort Murkcairn Ellesmera Vexhollow Braavos Tartarus TheWaystoneInn Eggmanland Grayburn Keld GooLagoon FogofLostSouls Gotham Sanlow ZhaoFu RepublicCity TreeofTime Dagobah Steeltown TheArcanum LeakyCauldron TheUniversity TheGodswood MysticRuins RepublicCity Beldenn Gizton EasternAirTemple TheVale TheBoilingRock BeyondtheWall TheSpine EarthKingdom UtgardMountain Toperhagen Kinecardine VaultofSouls Meckgue
49
RepublicCity RepublicCity
LakeLaogai LakeLaogai
Gizton Gizton
TheWaystoneInn TheWaystoneInn
TreeofTime TreeofTime
Eggmanland Castamere
Steeltown Steeltown
Lorien Lorien
ShatteredPlains ShatteredPlains
Braavos Braavos
Dagobah Dagobah
Carvahall Carvahall
TheHogsHead TheHogsHead
KoralReef KoralReef
Meckgue Meckgue
Murkcairn Murkcairn
Tartarus Tartarus
Yunkai Yunkai
EarthKingdom EarthKingdom
Netherfort Netherfort
Sanlow Sanlow
TheVale TheVale
Keld Keld
ThePrancingPony ThePrancingPony
GooLagoon GooLagoon
Meereen Meereen
UtgardMountain UtgardMountain
Ellesmera Ellesmera
Urubaen Urubaen
FlourishBlotts FlourishBlotts
Grayburn Grayburn
LeakyCauldron LeakyCauldron
ZhaoFu ZhaoFu
Winterfell Winterfell
TheUniversity TheUniversity
BeyondtheWall BeyondtheWall
Larcbost Larcbost
EasternAirTemple EasternAirTemple
Beldenn Beldenn
TheBoilingRock TheBoilingRock
MysticRuins MysticRuins
TheGodswood TheGodswood
Gotham Gotham
Vexhollow Ademre Vexhollow
VaultofSouls VaultofSouls
TheArcanum TheArcanum
TheKrustyKrab TheKrustyKrab
TheSpine TheSpine
Kinecardine Kinecardine
