Essos TheRiverStyx Ivormere TheCommonwealth Lorien Toffingburg Dubwall FleaBottom WesternAirTemple Winterfell Chrofall Batcave Atlantas JahKeved Peridrift TheEyrie Neddington BaSingSe Dragonstone Arrowcave Westeros ShatteredPlains Newarre Kinecardine Trebon Bellechulish Hogwarts Glimthain Ellesmera MountOlympus Arcwallow Yll Penketh TheVale Lockinge WitheredHeath Soda Glimthain Netherfort Astapor Westeros Vintas Alethkar Arkham Aerodenn Boatwright Gizton FlourishBlotts Bobbingbourne Alderaan ShriekingShack Valyria Braavos BeyondtheWall Karth Carvahall Grimbarrow Blackwater Shinovar Helgrind DuWeldenvarden Meereen CastleBlack TheUnderworld Tartarus Riverrun Steeltown Neddingtown FireNation Sanlow DiagonAlley Accrington HighGarden TheGodswood TheChumBucket SatishVille Endor TheSpine RepublicCity TheGreatDivide Azir Urubaen TheFae Toperhagen TheReshiIsles Duskhollow TheKrustyKrab BikiniBottom MysticRuins TheBoilingRock Castamere Tarbean Hogsmead TheAturanEmpire Ademre Barkamsted TheWhompingWillow Jakku CaveofTwoLovers TheSpiritWorld KnifesEdge ProBendingArena Severen GooLagoon Keld JarrensOutpost Essos
99
Jakku Jakku
Karth Karth
Toffingburg Toffingburg
Alethkar Alethkar
HighGarden HighGarden
TheFae TheFae
Peridrift Peridrift
Castamere Castamere
Urubaen Urubaen
Toperhagen Toperhagen
WesternAirTemple Omashu WesternAirTemple
Riverrun Riverrun
Atlantas Atlantas
MountOlympus MountOlympus
Duskhollow Duskhollow
Accrington Accrington
Chrofall Chrofall
TheEyrie TheEyrie
DiagonAlley DiagonAlley
Valyria Valyria
ShriekingShack ShriekingShack
KnifesEdge KnifesEdge
Helgrind Helgrind
TheCommonwealth TheCommonwealth
Grimbarrow Grimbarrow
Lorien Lorien
TheSpine TheSpine
FlourishBlotts FlourishBlotts
Shinovar Shinovar
Vintas Vintas
Astapor Astapor
Dragonstone Dragonstone
Meereen Meereen
GooLagoon GooLagoon
JahKeved JahKeved
TheWhompingWillow TheWhompingWillow
Trebon Trebon
Yll Yll
Penketh Penketh
Severen Severen
Dubwall Dubwall
Bobbingbourne Bobbingbourne
Azir Azir
TheBoilingRock TheBoilingRock
BaSingSe BaSingSe
WitheredHeath WitheredHeath
Ademre Ademre
Braavos Braavos
Winterfell Winterfell
Newarre Newarre
Hogwarts Hogwarts
Tarbean Tarbean
Steeltown Steeltown
DuWeldenvarden DuWeldenvarden
TheKrustyKrab TheKrustyKrab
Boatwright Boatwright
TheSpiritWorld TheSpiritWorld
Arkham Arkham
Aerodenn Aerodenn
FireNation FireNation
Tartarus Tartarus
Arcwallow Arcwallow
Alderaan Alderaan
BeyondtheWall BeyondtheWall
Sanlow Sanlow
TheGreatDivide TheGreatDivide
Keld Keld
TheRiverStyx TheRiverStyx
JarrensOutpost JarrensOutpost
Barkamsted Barkamsted
Batcave Batcave
Essos Essos
Westeros Westeros
Carvahall Carvahall
RepublicCity RepublicCity
Hogsmead Hogsmead
BikiniBottom BikiniBottom
Ellesmera Ellesmera
Arrowcave Arrowcave
Neddington Neddington
Neddingtown Neddingtown
Netherfort Netherfort
Soda Soda
TheUnderworld TheUnderworld
ProBendingArena ProBendingArena
ShatteredPlains ShatteredPlains
FleaBottom FleaBottom
CaveofTwoLovers CaveofTwoLovers
Blackwater Blackwater
CastleBlack CastleBlack
Endor Endor
Lockinge Lockinge
TheReshiIsles TheReshiIsles
TheVale TheVale
SatishVille SatishVille
Gizton Gizton
TheChumBucket TheChumBucket
TheGodswood TheGodswood
Ivormere Ivormere
