FleaBottom Bobbingbourne Urubaen Toperhagen Vintas Vroengard Ademre TheBoilingRock UtgardMountain Glimthain Lorien TheSpine ShriekingShack Lorien TheVale Carvahall Westopolis Arkham MinistryofMagic Yll HighGarden Batcave GringottsBank Ebonfall SatishVille Eggmanland Trebon TheGreatDivide TheBurningPlains Olivanders RockofKuthian FleaBottom
24
Olivanders Olivanders
Vintas Vintas
Yll Yll
TheBoilingRock TheBoilingRock
TheBurningPlains TheBurningPlains
Batcave Batcave
SatishVille SatishVille
Eggmanland Eggmanland
TheVale TheVale
Trebon Trebon
TheSpine Coalwatch
ShriekingShack ShriekingShack
UtgardMountain UtgardMountain
TheGreatDivide TheGreatDivide
Glimthain Glimthain
Bobbingbourne Bobbingbourne
MinistryofMagic Accrington MinistryofMagic
HighGarden HighGarden
Westopolis Westopolis
Ademre Ademre
Urubaen Urubaen
Arkham Arkham
Ebonfall Ebonfall
GringottsBank GringottsBank
