21 174 48 179 23 30 10 90 167 102 75 96 178 78 163 122 17 119 176 186 190 188 56 135 131 152 144 151 184 133 31 27 53 72 137 100 154 87 138 196 139 103 12 51 177 46 105 38 50 116 24 172 170 62 85 20 45 125 168 36 108 156 160 123 68 130 194 136 81 88 18 164 42 15 127 7 47 91 148 82 115 29 147 61 35 40 159 94 134 118 146 95 114 169 32 16 14 120 60 34 64 74 49 149 37 2 142 97 110 54 21
98
2 2
7 7
10 180 10
14 14
15 15
16 16
17 17
18 18
20 20
21 21
23 23
24 24
27 27
29 29
30 30
31 31
32 32
34 34
36 36
37 37
38 38
40 40
42 42
45 45
46 46
47 47
48 48
49 49
51 51
53 53
54 54
56 56
60 60
61 61
62 62
64 64
68 68
72 72
74 74
75 75
78 78
81 81
82 82
87 87
88 88
90 90
91 91
95 95
96 96
97 97
100 100
102 102
103 103
105 105
108 108
114 114
115 115
116 116
118 118
119 119
120 120
122 122
125 125
127 127
130 130
131 131
133 133
134 134
135 135
136 136
137 137
139 139
142 121 142
144 144
146 146
147 147
149 149
151 151
152 152
154 154
156 156
159 159
160 160
163 163
167 167
168 168
169 169
170 170
172 172
176 176
177 177
178 178
184 184
186 186
188 188
190 190
194 194
196 196
