1FoundersRock 19SouthHall 16Giannini 36CasaZimbabwe 21Unit1 18NorthGate 17Wheeler 20Ehrman 23Unit3 22Unit2 24Blackwell 25Foothill 28SodaHall 27InternationalHouse 29VarsityBerkeley 26ClarkKerr 31Hillegass 34Martinez 30Stonefire 33Wada 32DeltaPhiEpsilon 35ChanningBowdwitch 38RajProperties 37OtherCoop 1FoundersRock 39SanFransisco 40Oaktown 1FoundersRock
25
16Giannini 16Giannini
17Wheeler 17Wheeler
18NorthGate 18NorthGate
19SouthHall 19SouthHall
20Ehrman 20Ehrman
21Unit1 21Unit1
22Unit2 22Unit2
23Unit3 23Unit3
24Blackwell 24Blackwell
25Foothill 25Foothill
26ClarkKerr 26ClarkKerr
27InternationalHouse 27InternationalHouse
28SodaHall 28SodaHall
29VarsityBerkeley 29VarsityBerkeley
30Stonefire 30Stonefire
31Hillegass 31Hillegass
32DeltaPhiEpsilon 32DeltaPhiEpsilon
33Wada 33Wada
34Martinez 34Martinez
35ChanningBowdwitch 35ChanningBowdwitch
36CasaZimbabwe 36CasaZimbabwe
37OtherCoop 37OtherCoop
38RajProperties 38RajProperties
39SanFransisco 39SanFransisco
40Oaktown 40Oaktown
