node0 node191 node162 node157 node146 node134 node112 node174 node81 node91 node183 node44 node129 node196 node18 node136 node160 node189 node104 node140 node70 node176 node59 node178 node194 node49 node179 node141 node180 node55 node122 node133 node138 node119 node114 node166 node105 node116 node155 node142 node177 node121 node128 node125 node161 node197 node109 node182 node193 node169 node67 node111 node151 node6 node185 node195 node46 node188 node168 node198 node145 node147 node131 node158 node82 node159 node152 node96 node171 node181 node150 node170 node87 node172 node190 node50 node106 node103 node117 node120 node1 node164 node139 node113 node127 node154 node149 node175 node118 node110 node192 node148 node143 node30 node115 node52 node167 node173 node107 node156 node76 node32 node124 node132 node101 node187 node186 node199 node73 node135 node102 node153 node74 node130 node184 node0
96
node30 node165
node52 node144
node70 node123
node91 node108
node101 node101
node102 node102
node103 node103
node104 node104
node105 node105
node106 node106
node107 node107
node109 node109
node110 node110
node111 node111
node112 node112
node113 node113
node114 node114
node115 node115
node116 node116
node117 node117
node118 node118
node119 node119
node120 node120
node121 node121
node122 node122
node124 node124
node125 node125
node127 node127
node128 node128
node129 node129
node130 node130
node131 node131
node132 node132
node133 node133
node134 node134
node135 node135
node136 node136
node138 node138
node139 node139
node140 node140
node141 node141
node142 node142
node143 node143
node145 node145
node146 node146
node147 node147
node148 node148
node149 node149
node150 node150
node151 node151
node152 node152
node153 node153
node154 node154
node155 node155
node156 node156
node157 node157
node158 node158
node159 node159
node160 node160
node161 node161
node162 node162
node164 node164
node166 node166
node167 node167
node168 node126 node168
node169 node169
node170 node170
node171 node171
node172 node172
node173 node173
node174 node174
node175 node175
node176 node176
node177 node177
node178 node178
node179 node179
node180 node180
node181 node181
node182 node182
node183 node137 node183
node184 node184
node185 node185
node186 node186
node187 node187
node188 node188
node189 node189
node190 node190
node191 node191
node192 node192
node193 node193
node194 node194
node195 node195
node196 node196
node197 node163 node100 node197
node198 node198
node199 node199
