0 80 119 118 117 116 115 114 113 112 111 110 109 108 107 106 105 104 103 102 101 100 99 98 97 96 95 94 93 92 91 90 89 88 87 86 85 84 83 82 81 80 0 8 11 22 11 8 4 16 24 16 4 15 4 10 6 10 4 8 0 7 25 7 2 5 2 7 0 1 19 3 13 17 13 3 9 3 19 1 18 1 12 26 12 1 0
43
0 79 71 66 60 52 44 33 30 29 14
1 58 45 28 21 1
2 77 72 70 67 56 55 42 23 2
3 54 49 41 27 3
4 69 43 38 4
5 78 50 39 37 5
6 73 53 34 31 20 6
7 7
8 75 65 57 51 8
9 68 48 35 9
10 74 40 36 10
11 64 46 11
12 63 12
13 13
15 47 15
16 16
17 32 17
18 62 18
19 19
22 76 22
24 61 24
25 59 25
26 129 26
80 80
82 82
84 84
86 86
88 88
90 90
92 92
94 94
96 96
98 98
100 100
102 102
104 104
106 106
108 108
110 110
112 112
114 114
116 116
118 118
