UMUCUTWAW OIPVAKF AWQOWSNYN VSMLVXSP IZNSKNS GVNFQM YNHRBC TCXWZV ZLYFI VHLSP XJOXYWA KUUVZB TJFSEUB USUVN ZPFHBWI ZFMGDWP JVYIBRJ ZSHRTZVKO ELILXSR MHXHJGEF YPXLG CRSMUEPQG AOWYQNAYA XWBHEYXJU TNSRRJCDD XGGIUBVDN WRQUJ VHHVQ VASGY RRFKVFYKR QOHWG OMBFD WEPDZ GUDSRTKLA MNWMWDXCQ MWTSDF JOWHZXTIA TNKNMUFI JJAQQ SUIOZK EGEASKKIE RDTQTJB PLYPQBTP DQOPCH CJLYWOAQ CNINRTR FVKLDY KAYADTT UENPUJ YFKIFTRS STQNQT UMUCUTWAW
50
CNINRTR CNINRTR
CJLYWOAQ CJLYWOAQ
WRQUJ WRQUJ
VASGY VASGY
KUUVZB KUUVZB
JOWHZXTIA JOWHZXTIA
YNHRBC YNHRBC
XWBHEYXJU XWBHEYXJU
RRFKVFYKR RRFKVFYKR
TNKNMUFI TNKNMUFI
TJFSEUB TJFSEUB
KAYADTT KAYADTT
XJOXYWA XJOXYWA
JVYIBRJ JVYIBRJ
GVNFQM GVNFQM
SUIOZK SUIOZK
AWQOWSNYN AWQOWSNYN
ZFMGDWP ZFMGDWP
YPXLG YPXLG
MHXHJGEF MHXHJGEF
ZSHRTZVKO ZSHRTZVKO
TNSRRJCDD TNSRRJCDD
TCXWZV TCXWZV
YFKIFTRS YFKIFTRS
VHLSP VHLSP
ZPFHBWI ZPFHBWI
XGGIUBVDN XGGIUBVDN
ZLYFI ZLYFI
RDTQTJB RDTQTJB
IZNSKNS IZNSKNS
STQNQT STQNQT
ELILXSR ELILXSR
CRSMUEPQG CRSMUEPQG
GUDSRTKLA GUDSRTKLA
UENPUJ UENPUJ
OMBFD OMBFD
QOHWG QOHWG
AOWYQNAYA AOWYQNAYA
WEPDZ WEPDZ
DQOPCH DQOPCH
USUVN USUVN
MNWMWDXCQ MNWMWDXCQ
VSMLVXSP VSMLVXSP
MWTSDF MWTSDF
EGEASKKIE EGEASKKIE
PLYPQBTP PLYPQBTP
VHHVQ VHHVQ
OIPVAKF OIPVAKF
FVKLDY FVKLDY
JJAQQ JJAQQ
