USZWPSB HVERBTBS UDNWTRHT XZUPVI FPWMJC TQSCIQTX AIGGLZT YKOGGTNN FLOTLYFG DKINCMT TGPYEAP APIOYKU RGSOR HSAIPP HSJUMJH OLUPAJLP NCPEGX VWHRKOPZ ZKGYGD ZNZOQPE LNDUQDYSK GLYDZ FCWRH PJXURKPC TOAKXEQ KAUIIR MYDTJZPES JXLFSOAT XQOMNCXDB AXCWU VBAQD RGLCPSJQE EHQRYBZ JOXQIX YAETAC WTQCHXQ CCTJZN JQHORKB JVWIZDBS CWLLCM APBFJMOOF HNOOUELP LYRSZA MRXNI XSWDY VWNAJFRNG QMHLIXVD BHAMV RUGMYM ACYPAPBPW HEFYBKPUF UBODMUMJ NZJGYK OVKLH TTXGTNV RBNAR XENTNT YOUZA GEGFOSJ ILXWSRIC MOXGRP XHMMLM ORCMU YFEZIO NTZSZ YVIRIDDRA ZEZKNGTK NHNDWOH SIAFKK KRUSUHB NIVCBBO EJXSCSGM FJQMKJNWE MWXYLX EFOWXJQKY AOVKACB RLWAP JEGRK ANHOTJN SICVXMLGL HWJUZVNH EPJHOESBB BCHOPGEE AHZYCQM RJDHJFNIN GNXDBJSVR DIXXP NBRZI RQWCFDHW FZNKCK FZGDAQKRC VFEEU BLXWCB VVSNO DFFFG EMAAQWO WEXBJV RVPJHZLQQ MSHZNEX GALHVZ USZWPSB
100
EMAAQWO EMAAQWO
FZGDAQKRC FZGDAQKRC
EPJHOESBB EPJHOESBB
JVWIZDBS JVWIZDBS
BLXWCB BLXWCB
ORCMU ORCMU
SICVXMLGL SICVXMLGL
YVIRIDDRA YVIRIDDRA
DFFFG DFFFG
EFOWXJQKY EFOWXJQKY
GEGFOSJ GEGFOSJ
MRXNI MRXNI
NCPEGX NCPEGX
HSAIPP HSAIPP
AOVKACB AOVKACB
MSHZNEX MSHZNEX
XHMMLM XHMMLM
UDNWTRHT UDNWTRHT
AHZYCQM AHZYCQM
FPWMJC FPWMJC
GNXDBJSVR GNXDBJSVR
SIAFKK SIAFKK
XENTNT XENTNT
JOXQIX JOXQIX
BHAMV BHAMV
HSJUMJH HSJUMJH
EHQRYBZ EHQRYBZ
XQOMNCXDB XQOMNCXDB
YOUZA YOUZA
RBNAR RBNAR
VVSNO VVSNO
BCHOPGEE BCHOPGEE
LNDUQDYSK LNDUQDYSK
LYRSZA LYRSZA
TQSCIQTX TQSCIQTX
QMHLIXVD QMHLIXVD
TTXGTNV TTXGTNV
RGLCPSJQE RGLCPSJQE
ZEZKNGTK ZEZKNGTK
KAUIIR KAUIIR
CCTJZN CCTJZN
NBRZI NBRZI
EJXSCSGM EJXSCSGM
XSWDY XSWDY
MWXYLX MWXYLX
HNOOUELP HNOOUELP
ILXWSRIC ILXWSRIC
UBODMUMJ UBODMUMJ
TGPYEAP TGPYEAP
RJDHJFNIN RJDHJFNIN
NTZSZ NTZSZ
OLUPAJLP OLUPAJLP
VWNAJFRNG VWNAJFRNG
ZNZOQPE ZNZOQPE
HEFYBKPUF HEFYBKPUF
RLWAP RLWAP
NZJGYK NZJGYK
APIOYKU APIOYKU
TOAKXEQ TOAKXEQ
NHNDWOH NHNDWOH
YFEZIO YFEZIO
DKINCMT DKINCMT
NIVCBBO NIVCBBO
PJXURKPC PJXURKPC
FCWRH FCWRH
WTQCHXQ WTQCHXQ
CWLLCM CWLLCM
VWHRKOPZ VWHRKOPZ
HWJUZVNH HWJUZVNH
RQWCFDHW RQWCFDHW
VBAQD VBAQD
FZNKCK FZNKCK
JQHORKB JQHORKB
JXLFSOAT JXLFSOAT
OVKLH OVKLH
YKOGGTNN YKOGGTNN
DIXXP DIXXP
USZWPSB USZWPSB
MYDTJZPES MYDTJZPES
AIGGLZT AIGGLZT
RVPJHZLQQ RVPJHZLQQ
AXCWU AXCWU
RUGMYM RUGMYM
RGSOR RGSOR
YAETAC YAETAC
ANHOTJN ANHOTJN
JEGRK JEGRK
KRUSUHB KRUSUHB
GLYDZ GLYDZ
FJQMKJNWE FJQMKJNWE
APBFJMOOF APBFJMOOF
ACYPAPBPW ACYPAPBPW
GALHVZ GALHVZ
FLOTLYFG FLOTLYFG
HVERBTBS HVERBTBS
ZKGYGD ZKGYGD
XZUPVI XZUPVI
VFEEU VFEEU
MOXGRP MOXGRP
WEXBJV WEXBJV
