NENJIT XAUNPSJR MXPVTEZCH UEMUXMRIZ RIEJGXSA MXOUMOMJ LFAYEWG XVEIIY ZRBGORXP HJANXPSU PEHTVQXDW KUTCUN PQHUEQ UUBADXD FULIXB DYDBSTHU KQUKCKTD CQLIWA SPKBX EIPVED XYVFHKPGH QMQDBY RZCLRJW PRANHUZWO WTGBMM NDFUIQRA NENJIT
25
UEMUXMRIZ UEMUXMRIZ
PRANHUZWO PRANHUZWO
ZRBGORXP ZRBGORXP
XAUNPSJR XAUNPSJR
CQLIWA CQLIWA
RIEJGXSA RIEJGXSA
EIPVED EIPVED
PEHTVQXDW PEHTVQXDW
DYDBSTHU DYDBSTHU
MXPVTEZCH MXPVTEZCH
WTGBMM WTGBMM
FULIXB FULIXB
HJANXPSU HJANXPSU
KQUKCKTD KQUKCKTD
XYVFHKPGH XYVFHKPGH
UUBADXD UUBADXD
SPKBX SPKBX
XVEIIY XVEIIY
NDFUIQRA NDFUIQRA
QMQDBY QMQDBY
PQHUEQ PQHUEQ
KUTCUN KUTCUN
RZCLRJW RZCLRJW
LFAYEWG LFAYEWG
MXOUMOMJ MXOUMOMJ
