liverance pallia refortify coulde otate asterisk pontage achieve shutter tightening kamencheh metamere handballer wellbores lethiferal jitterbugs hatrail catabolism moderatrix Akkub hypanthium bywoners oversleeps studiously tortillons liverance
25
liverance liverance
metamere metamere
pallia pallia
Akkub Akkub
otate otate
tightening tightening
achieve achieve
hatrail hatrail
pontage pontage
lethiferal lethiferal
jitterbugs jitterbugs
bywoners bywoners
studiously studiously
asterisk asterisk
hypanthium hypanthium
catabolism catabolism
shutter shutter
refortify refortify
kamencheh kamencheh
tortillons tortillons
wellbores wellbores
moderatrix moderatrix
coulde coulde
handballer handballer
oversleeps oversleeps
