runcation festuca cutout embittered jaborandi metre tholoi destinate nervus ilian usant Simferopol foreshores Marah chargeback holodeck cloaca fason timefuse boomah silicon triforium hambone construed Carazo baken multifaith erysipelas megahero prairies torsions blackdye aliens lionfish maxim perfusive yokeline stinkbugs inurns offset medicine polyuria Muscogee trikini begynnynge thereagain draftox stips grilses miticides unbribable almshouse wheatberry kempy tutelar revolution huddle backpay Lipetsk broomer decouples bewitch fibrates husbandman stoble passcards haligi greatborn montages infants bookhouses toper flourless dollying turbid tipuana quakerlike conceiv colocynth palatial Massorete agistments oogle ephas urethritic tuneful turnoff Margery yuzus forepast lichened wintrier retexture Astaire pentine ungroomed wideband coalblack undramatic wolfer runcation
100
runcation runcation
multifaith multifaith
ephas ephas
tuneful tuneful
Simferopol Simferopol
conceiv conceiv
quakerlike quakerlike
triforium triforium
ungroomed ungroomed
cloaca cloaca
haligi haligi
Lipetsk Lipetsk
fason fason
turbid turbid
baken baken
inurns inurns
medicine medicine
construed construed
erysipelas erysipelas
Margery Margery
palatial palatial
backpay backpay
jaborandi jaborandi
kempy kempy
boomah boomah
torsions torsions
Astaire Astaire
montages montages
trikini trikini
foreshores foreshores
unbribable unbribable
toper toper
hambone hambone
begynnynge begynnynge
retexture retexture
colocynth colocynth
chargeback chargeback
bewitch bewitch
aliens aliens
bookhouses bookhouses
festuca festuca
Marah Marah
thereagain thereagain
lionfish lionfish
blackdye blackdye
metre metre
wolfer wolfer
flourless flourless
Carazo Carazo
tholoi tholoi
usant usant
decouples decouples
dollying dollying
perfusive perfusive
embittered embittered
tipuana tipuana
holodeck holodeck
stips stips
fibrates fibrates
yokeline yokeline
wintrier wintrier
husbandman husbandman
Massorete Massorete
stinkbugs stinkbugs
miticides miticides
undramatic undramatic
destinate destinate
megahero megahero
urethritic urethritic
tutelar tutelar
passcards passcards
almshouse almshouse
agistments agistments
silicon silicon
wheatberry wheatberry
stoble stoble
offset offset
ilian ilian
prairies prairies
broomer broomer
oogle oogle
huddle huddle
wideband wideband
Muscogee Muscogee
greatborn greatborn
coalblack coalblack
draftox draftox
grilses grilses
polyuria polyuria
cutout cutout
timefuse timefuse
yuzus yuzus
lichened lichened
infants infants
turnoff turnoff
maxim maxim
pentine pentine
revolution revolution
forepast forepast
nervus nervus
