shaird twothirds morphe toggleable preparable baning assonantal aftertouch colugos lasting nomination coldcocked nauseously trackbar property fivepenny intrado philomels irade rampup sarcomere advances shrow transflux opacular Lafayette cementite diruption macedoine caouane deductable teabags Pentecost tunic unglove scratch cacomistle tokenizing slatting Ucayali remissio waste airgap guilts peasantism Sahara UncleNed kartikeya effuses beermakers shaird
50
shaird shaird
rampup rampup
cacomistle cacomistle
teabags teabags
assonantal assonantal
irade irade
lasting lasting
Sahara Sahara
shrow shrow
diruption diruption
unglove unglove
baning baning
property property
airgap airgap
trackbar trackbar
scratch scratch
fivepenny fivepenny
Ucayali Ucayali
colugos colugos
slatting slatting
macedoine macedoine
cementite cementite
deductable deductable
toggleable toggleable
UncleNed UncleNed
philomels philomels
tokenizing tokenizing
caouane caouane
beermakers beermakers
Pentecost Pentecost
transflux transflux
aftertouch aftertouch
twothirds twothirds
kartikeya kartikeya
advances advances
nomination nomination
tunic tunic
sarcomere sarcomere
intrado intrado
nauseously nauseously
effuses effuses
opacular opacular
morphe morphe
peasantism peasantism
guilts guilts
preparable preparable
waste waste
coldcocked coldcocked
Lafayette Lafayette
remissio remissio
