73 35 197 186 167 145 189 119 68 153 184 72 55 168 154 138 16 42 75 183 83 171 173 196 63 11 110 95 125 155 128 161 2 166 101 39 70 98 27 175 41 194 53 57 129 195 76 159 99 127 112 62 61 0 192 118 176 123 136 92 60 21 77 66 169 124 10 109 24 15 12 143 37 191 71 48 163 26 115 6 7 44 81 187 122 89 49 47 52 58 190 107 82 135 185 162 96 133 19 40 73
100
0 0
2 2
6 6
7 7
10 10
11 11
12 12
15 15
16 16
19 19
21 21
24 24
26 26
27 27
35 35
37 37
39 39
40 40
41 41
42 42
44 44
47 47
48 48
49 49
52 52
53 53
55 55
57 57
58 58
60 60
61 61
62 62
63 63
66 66
68 68
70 70
71 71
72 72
73 73
75 75
76 76
77 77
81 81
82 82
83 83
89 89
92 92
95 95
96 96
98 98
99 99
101 101
107 107
109 109
110 110
112 112
115 115
118 118
119 119
122 122
123 123
124 124
125 125
127 127
128 128
129 129
133 133
135 135
136 136
138 138
143 143
145 145
153 153
154 154
155 155
159 159
161 161
162 162
163 163
166 166
167 167
168 168
169 169
171 171
173 173
175 175
176 176
183 183
184 184
185 185
186 186
187 187
189 189
190 190
191 191
192 192
194 194
195 195
196 196
197 197
