39 48 107 150 23 3 149 70 191 173 51 22 174 93 4 178 147 42 97 183 94 43 31 111 192 182 151 139 63 46 0 99 154 135 20 96 17 84 177 123 180 28 148 54 88 56 198 118 133 49 81 100 77 193 13 119 169 161 76 197 158 179 36 156 160 152 126 130 194 176 59 83 27 103 30 157 55 78 80 6 112 16 140 195 91 113 163 89 74 114 44 129 12 11 75 110 41 109 116 115 108 39
100
0 0
3 3
4 4
6 6
11 11
12 12
13 13
16 16
17 17
20 20
22 22
23 23
27 27
28 28
30 30
31 31
36 36
41 41
42 42
43 43
44 44
46 46
48 48
49 49
51 51
54 54
55 55
56 56
59 59
63 63
70 70
74 74
75 75
76 76
77 77
78 78
80 80
81 81
83 83
84 84
88 88
89 89
91 91
93 93
94 94
96 96
97 97
99 99
100 100
103 103
107 107
108 108
109 109
110 110
111 111
112 112
113 113
114 114
115 115
116 116
118 118
119 119
123 123
126 126
129 129
130 130
133 133
135 135
139 139
140 140
147 147
148 148
149 149
150 150
151 151
152 152
154 154
156 156
157 157
158 158
160 160
161 161
163 163
169 169
173 173
174 174
176 176
177 177
178 178
179 179
180 180
182 182
183 183
191 191
192 192
193 193
194 194
195 195
197 197
198 198
