132 126 122 118 104 102 90 86 88 96 92 98 100 106 108 176 137 149 188 136 171 183 167 133 156 152 159 166 182 82 80 72 68 78 76 160 66 64 62 60 56 46 38 36 40 44 142 180 148 135 193 198 194 196 181 197 177 13 9 8 6 5 3 2 33 35 39 41 45 47 61 81 75 77 155 162 192 154 184 85 87 91 95 97 101 105 109 113 195 161 138 189 146 17 25 26 27 28 31 185 173 132
100
2 2
3 3
5 5
6 6
8 8
9 9
13 13
17 17
25 25
26 26
27 27
28 28
31 31
33 33
35 35
36 36
38 38
39 39
40 40
41 41
44 44
45 45
46 46
47 47
56 56
60 60
61 61
62 62
64 64
66 66
68 68
72 72
75 75
76 76
77 77
78 78
80 80
81 81
82 82
85 85
86 86
87 87
88 88
90 90
91 91
92 92
95 95
96 96
97 97
98 98
100 100
101 101
102 102
104 104
105 105
106 106
108 108
109 109
113 113
118 118
122 122
126 126
133 133
135 135
136 136
137 137
138 138
142 142
146 146
148 148
149 149
152 152
154 154
155 155
156 156
159 159
160 160
161 161
162 162
166 166
167 167
171 171
173 173
176 176
177 177
180 180
181 181
182 182
183 183
184 184
185 185
188 188
189 189
192 192
193 193
194 194
195 195
196 196
197 197
198 198
