Building99 Building98 Building15 Building18 Building16 Building21 Building20 Building12 Building10 Building9 Building2 Building5 Building8 Building6 Building28 Building23 Building32 Building38 Building29 Building31 Building37 Building34 Building39 Building41 Building29 Building38 Building32 Building23 Building24 Building26 Building79 Building77 Building76 Building55 Building60 Building59 Building68 Building57 Building59 Building60 Building74 Building62 Building71 Building53 Building67 Building63 Building61 Building51 Building61 Building43 Building52 Building66 Building49 Building47 Building69 Building45 Building85 Building96 Building83 Building94 Building93 Building97 Building89 Building90 Building91 Building90 Building89 Building98 Building99
43
Building5 Building7 Building5
Building6 Building6
Building8 Building0 Building8
Building9 Building9
Building12 Building12
Building16 Building16
Building18 Building18
Building20 Building20
Building21 Building21
Building23 Building23
Building24 Building25
Building26 Building26
Building28 Building28
Building29 Building33
Building37 Building42
Building39 Building39
Building41 Building41
Building43 Building43
Building47 Building47
Building49 Building49
Building51 Building50 Building51
Building52 Building52
Building53 Building53
Building55 Building55
Building57 Building57
Building61 Building61
Building62 Building62
Building63 Building63
Building66 Building66
Building67 Building67
Building68 Building68
Building69 Building69
Building71 Building44 Building71
Building74 Building74
Building76 Building76
Building77 Building81
Building83 Building83
Building85 Building85
Building91 Building88 Building91
Building93 Building93
Building94 Building94
Building96 Building92 Building82 Building96
Building97 Building97
