140 153 123 176 55 83 57 84 175 117 49 14 85 184 180 41 101 139 33 161 96 18 77 152 170 52 94 146 190 93 97 197 137 61 177 61 9 167 62 59 134 42 80 133 185 120 35 89 82 73 100 69 168 127 45 127 25 104 182 47 162 103 4 169 53 19 11 79 130 115 122 13 102 107 50 44 145 29 151 24 154 23 160 158 95 149 179 125 112 22 178 188 10 196 12 166 8 159 56 150 27 161 186 108 135 140
89
4 4
8 8
9 9
10 10
11 11
12 193 12
13 13
14 14
18 18
19 21 19
22 22
23 65
25 132 25
27 27
29 29
35 35
41 41
42 42
44 44
45 5 45
47 47
49 49
50 50
53 53
55 55
56 56
57 57
59 59
61 61
62 62
73 73
77 77
79 79
80 80
82 82
83 142 83
84 84
85 85
89 89
93 173 39 93
94 94
95 95
96 96
97 97
100 40
101 101
102 102
103 103
104 104
108 108
112 112
115 115
117 117
122 51
123 123
125 76 125
127 127
130 130
133 114 133
134 134
135 135
139 139
146 146
149 128
150 150
151 151
153 153
154 154
158 158
159 159
160 160
162 36
166 166
167 167
168 168
169 169
170 170
175 175
176 176
177 32 177
178 178
179 7 179
180 6
182 182
185 185
186 186
190 190
196 196
197 197
