aliquam eu enim fames suscipit mattis quisque turpis sed porttitor senectus lectus ut platea cursus nec sagittis habitasse semper vitae vestibulum euismod viverra ornare maecenas consectetur lorem imperdiet praesent et eros ultricies cras habitant adipiscing condimentum congue placerat mi gravida nisi quis mauris malesuada aliquam
43
sagittis sagittis
semper semper
condimentum condimentum
mattis mattis
lectus lectus
vitae vitae
habitant habitant
senectus senectus
et et
malesuada malesuada
fames fames
turpis turpis
sed sed
ultricies ultricies
mi mi
quis quis
lorem lorem
consectetur consectetur
adipiscing adipiscing
praesent praesent
gravida gravida
cursus cursus
habitasse habitasse
platea platea
quisque quisque
mauris mauris
congue congue
nisi nisi
suscipit suscipit
maecenas maecenas
enim enim
ut ut
viverra viverra
cras cras
eu eu
placerat placerat
vestibulum vestibulum
eros eros
ornare ornare
imperdiet imperdiet
euismod euismod
porttitor porttitor
nec nec
