Ok8S1fHLjYd5Qfa1 eY47DDzApfB6VJTU 4v11IyyzvdXigprK 4lQT9nUm2RrXCy8Z EIKcXID1zpGMQn1P HaSQtmixhk7GXcNL igsEAWSSTwZeQC7w nIg4MpPCzGEhqidY YEtLEED1sYHblp04 aigigDdfxUALKEsp yKSBf4sw7qeDCb21 e3iWmd0tuxk1pJjM sLDq5940RHCkb04P mslnwaKFGKU9xIaG ube5LMGvg2twWEYO kHXqhjlWXJpbYov4 BQcKIkSaDUyy1C2z kf0QmX50KHW5FMdz IA5341uoxZUNIO2X S8gHqR8wCaUCsSQY VLs9SWAFFre7Exrq JaBF8W5TEbjbmNuM EPppRpDYvgtqEO7O taHXWOqVWIIjf1TP vxNXnGNEh6XLJc1w hAOsZjLhhn0KhI4B TsbzWT1KlhF1aPD1 yshR3HiZZ01bAtYn qKMjU2t2OyzjC1JD 3SUu7JqY7uRo6Rd1 1s8Yrd2iagFhE6Sg muz9VCTEK8uoi0tf htrkyR0vCaNI1fOX M6PDUfIoGf1B6nEx HJwcV3i96Q4EsEBG 353AHxSmDSP9fMmp 1AsEvIWgTHPyPKsh p4Dm6xYCHfUVzk4L pPR3NiinMl9EaxgN x7fruRNBOaBFZc2C YFnr4YntZTJW2hyU rnxsFpl1gOuxcW3t HBcNtJin0Yr1749f KKwFSzuggEE8OETC nt4JjKJ6k7eusuAZ hRkPIiFwfm4LkuUZ 6U4llHEoM8wpRLw8 i1Bc3T3sXvAzqBhu AfypVcY2UOvYKdga ek3X9NUo1IySXHTP lypp0L3hdMS89xjl Ok8S1fHLjYd5Qfa1
50
lypp0L3hdMS89xjl lypp0L3hdMS89xjl
eY47DDzApfB6VJTU eY47DDzApfB6VJTU
4v11IyyzvdXigprK 4v11IyyzvdXigprK
4lQT9nUm2RrXCy8Z 4lQT9nUm2RrXCy8Z
EIKcXID1zpGMQn1P EIKcXID1zpGMQn1P
HaSQtmixhk7GXcNL HaSQtmixhk7GXcNL
igsEAWSSTwZeQC7w igsEAWSSTwZeQC7w
nIg4MpPCzGEhqidY nIg4MpPCzGEhqidY
YEtLEED1sYHblp04 YEtLEED1sYHblp04
aigigDdfxUALKEsp aigigDdfxUALKEsp
yKSBf4sw7qeDCb21 yKSBf4sw7qeDCb21
e3iWmd0tuxk1pJjM e3iWmd0tuxk1pJjM
sLDq5940RHCkb04P sLDq5940RHCkb04P
mslnwaKFGKU9xIaG mslnwaKFGKU9xIaG
ube5LMGvg2twWEYO ube5LMGvg2twWEYO
kHXqhjlWXJpbYov4 kHXqhjlWXJpbYov4
BQcKIkSaDUyy1C2z BQcKIkSaDUyy1C2z
kf0QmX50KHW5FMdz kf0QmX50KHW5FMdz
IA5341uoxZUNIO2X IA5341uoxZUNIO2X
S8gHqR8wCaUCsSQY S8gHqR8wCaUCsSQY
VLs9SWAFFre7Exrq VLs9SWAFFre7Exrq
JaBF8W5TEbjbmNuM JaBF8W5TEbjbmNuM
EPppRpDYvgtqEO7O EPppRpDYvgtqEO7O
taHXWOqVWIIjf1TP taHXWOqVWIIjf1TP
vxNXnGNEh6XLJc1w vxNXnGNEh6XLJc1w
hAOsZjLhhn0KhI4B hAOsZjLhhn0KhI4B
TsbzWT1KlhF1aPD1 TsbzWT1KlhF1aPD1
yshR3HiZZ01bAtYn yshR3HiZZ01bAtYn
qKMjU2t2OyzjC1JD qKMjU2t2OyzjC1JD
3SUu7JqY7uRo6Rd1 3SUu7JqY7uRo6Rd1
1s8Yrd2iagFhE6Sg 1s8Yrd2iagFhE6Sg
muz9VCTEK8uoi0tf muz9VCTEK8uoi0tf
htrkyR0vCaNI1fOX htrkyR0vCaNI1fOX
M6PDUfIoGf1B6nEx M6PDUfIoGf1B6nEx
HJwcV3i96Q4EsEBG HJwcV3i96Q4EsEBG
353AHxSmDSP9fMmp 353AHxSmDSP9fMmp
1AsEvIWgTHPyPKsh 1AsEvIWgTHPyPKsh
p4Dm6xYCHfUVzk4L p4Dm6xYCHfUVzk4L
pPR3NiinMl9EaxgN pPR3NiinMl9EaxgN
x7fruRNBOaBFZc2C x7fruRNBOaBFZc2C
YFnr4YntZTJW2hyU YFnr4YntZTJW2hyU
rnxsFpl1gOuxcW3t rnxsFpl1gOuxcW3t
HBcNtJin0Yr1749f HBcNtJin0Yr1749f
KKwFSzuggEE8OETC KKwFSzuggEE8OETC
nt4JjKJ6k7eusuAZ nt4JjKJ6k7eusuAZ
hRkPIiFwfm4LkuUZ hRkPIiFwfm4LkuUZ
6U4llHEoM8wpRLw8 6U4llHEoM8wpRLw8
i1Bc3T3sXvAzqBhu i1Bc3T3sXvAzqBhu
AfypVcY2UOvYKdga AfypVcY2UOvYKdga
ek3X9NUo1IySXHTP ek3X9NUo1IySXHTP
