Vxh5vN8JKH03lvAK LvMdIjX0jABBCx0f RpcRoJaUOioc85sq HPz55dPyaiA4LleA FojbWGXXFCbmDCh9 Pps9hBYUJriCzF5p qIulX7b6Eocesb67 m07fBBaR3IYPFw2k jxRNxZ6tHsnElwMQ KnmMTi5uhDHL1DSP W0KgTDzGootnWz5j HJucR7YaXgHXTFqk uBIpfOruK0jn97ed qUOopto2qmWqitCg QbYHeGN41ESLDN57 f1LIvlqyBdPPDeaG XSceX9giNs6135RF TWEGlO1q70mKRpvN ovhcYhqQwJErAPo7 FdnuUOBtLnTa2eWp vwkCsyChC6cdvGd5 G4iQyfavWm6ry6d9 aMeIo4uBs1jJHxFl docbLXkpp9fCvVZj EUHbAXoH5CukqKx2 ixPL7Lqpu7XI0Hn5 NcPfv3zY25eXG7vP xMBjmp8wr7fOBpjr by6BniymLULwvnnV 8YJlzlYvHFqZkPCS F5mUW2NueFIEEcjK kI208LqKhhZoNj6u tZSyhn5FuCMZsjss sY5camW0y4X1AVR6 i5aM8xtodywvftXU hLLPjkXm8y96K9Ly NcQTyBhMPv2YTFcR nON5WYvv911liCqG ENg2x6NmiQ6ZPspo 34MhuU98ExeQvRDn T10T9PCvP2pPqj4H Dezvj5mGWjop4mp6 oiZFhAb8BPCkEe9V T8Jf9e4B0kfWdowV X92tfznP4eW0krKB wf0O0uAXjL7va06e 4N7EehptFS5exHGz jcceK5EDFSw6S05n 4N7EehptFS5exHGz wf0O0uAXjL7va06e X92tfznP4eW0krKB T8Jf9e4B0kfWdowV oiZFhAb8BPCkEe9V Dezvj5mGWjop4mp6 T10T9PCvP2pPqj4H 34MhuU98ExeQvRDn ENg2x6NmiQ6ZPspo nON5WYvv911liCqG NcQTyBhMPv2YTFcR hLLPjkXm8y96K9Ly i5aM8xtodywvftXU sY5camW0y4X1AVR6 tZSyhn5FuCMZsjss kI208LqKhhZoNj6u F5mUW2NueFIEEcjK 8YJlzlYvHFqZkPCS by6BniymLULwvnnV xMBjmp8wr7fOBpjr NcPfv3zY25eXG7vP ixPL7Lqpu7XI0Hn5 EUHbAXoH5CukqKx2 docbLXkpp9fCvVZj aMeIo4uBs1jJHxFl G4iQyfavWm6ry6d9 vwkCsyChC6cdvGd5 FdnuUOBtLnTa2eWp ovhcYhqQwJErAPo7 TWEGlO1q70mKRpvN XSceX9giNs6135RF f1LIvlqyBdPPDeaG QbYHeGN41ESLDN57 qUOopto2qmWqitCg uBIpfOruK0jn97ed HJucR7YaXgHXTFqk W0KgTDzGootnWz5j KnmMTi5uhDHL1DSP jxRNxZ6tHsnElwMQ m07fBBaR3IYPFw2k qIulX7b6Eocesb67 Pps9hBYUJriCzF5p FojbWGXXFCbmDCh9 HPz55dPyaiA4LleA RpcRoJaUOioc85sq LvMdIjX0jABBCx0f Vxh5vN8JKH03lvAK
24
LvMdIjX0jABBCx0f LvMdIjX0jABBCx0f
HPz55dPyaiA4LleA HPz55dPyaiA4LleA
Pps9hBYUJriCzF5p Pps9hBYUJriCzF5p
m07fBBaR3IYPFw2k m07fBBaR3IYPFw2k
KnmMTi5uhDHL1DSP KnmMTi5uhDHL1DSP
HJucR7YaXgHXTFqk HJucR7YaXgHXTFqk
qUOopto2qmWqitCg qUOopto2qmWqitCg
f1LIvlqyBdPPDeaG f1LIvlqyBdPPDeaG
TWEGlO1q70mKRpvN TWEGlO1q70mKRpvN
FdnuUOBtLnTa2eWp FdnuUOBtLnTa2eWp
G4iQyfavWm6ry6d9 G4iQyfavWm6ry6d9
docbLXkpp9fCvVZj docbLXkpp9fCvVZj
ixPL7Lqpu7XI0Hn5 ixPL7Lqpu7XI0Hn5
xMBjmp8wr7fOBpjr xMBjmp8wr7fOBpjr
8YJlzlYvHFqZkPCS 8YJlzlYvHFqZkPCS
kI208LqKhhZoNj6u kI208LqKhhZoNj6u
sY5camW0y4X1AVR6 sY5camW0y4X1AVR6
hLLPjkXm8y96K9Ly hLLPjkXm8y96K9Ly
nON5WYvv911liCqG nON5WYvv911liCqG
34MhuU98ExeQvRDn 34MhuU98ExeQvRDn
Dezvj5mGWjop4mp6 Dezvj5mGWjop4mp6
T8Jf9e4B0kfWdowV T8Jf9e4B0kfWdowV
wf0O0uAXjL7va06e wf0O0uAXjL7va06e
jcceK5EDFSw6S05n ic35MVGraeffmUec jcceK5EDFSw6S05n
