Gastre Triesen Pingtung Leo Aasiaat Absecon Punakha Dongola Allahabad Visby Luganville Coronel Cocieri Juliaca Scottsdale Tukchi Chepes Sambava Kyrenia Kalgoorlie Winters Taungoo Polatsk Clay Malolos Neryungri Bungoma Narva Maidenhead Bosilovo Baicheng Woodinville Hope Forteau Charlestown Gwadar Bell Bovec Daloa Branson Channahon Kindu Sholapur Derby Scranton Benha Caen Destrnik Cumming Polevskoy Coatzacoalcos Gastre
50
Allahabad Allahabad
Benha Benha
Cumming Cumming
Maidenhead Maidenhead
Kalgoorlie Kalgoorlie
Malolos Malolos
Bovec Bovec
Woodinville Woodinville
Tukchi Tukchi
Polevskoy Polevskoy
Scranton Scranton
Destrnik Destrnik
Charlestown Charlestown
Baicheng Baicheng
Clay Clay
Luganville Luganville
Coronel Coronel
Kindu Kindu
Chepes Chepes
Taungoo Taungoo
Channahon Channahon
Neryungri Neryungri
Narva Narva
Sambava Sambava
Winters Winters
Cocieri Cocieri
Kyrenia Kyrenia
Derby Derby
Visby Visby
Bosilovo Bosilovo
Dongola Dongola
Coatzacoalcos Coatzacoalcos
Bungoma Bungoma
Polatsk Polatsk
Aasiaat Aasiaat
Hope Hope
Branson Branson
Absecon Absecon
Gwadar Gwadar
Triesen Triesen
Juliaca Juliaca
Pingtung Pingtung
Scottsdale Scottsdale
Sholapur Sholapur
Daloa Daloa
Bell Bell
Caen Caen
Punakha Punakha
Leo Leo
Forteau Forteau
