Milton Kiruna Madrid Skiatook Boosaaso Nusaybin Quime Cairo Sofia Eydhafushi Marsaskala Zicheng Elburn Burylbaytal Sari Siquijor Barabinsk Lodja Tabuk Morondava Tunapuna Martin Bam Arras Kitamilo Esmeraldas Kerma Moanda Plainfield Salsk Koboko Jeonju Samux Socorro Pakalongan Dalby Multan Chicago Hengshui Barddhaman Bonao Kanoya Kelang Ashtabula Tabriz Dunhuang Jambi Jizan Zvezdnyy Carnikava Agago Aizawl Plast Winona Heath Kirovohrad Pasadena Shamva Berkley Helotes Zadar Chancay Cooma Managua Makinsk Karur Piran Clawson Pleasantville Totness Zumpango Toktogul Harahan Chicopee Scottsdale Campana Devine Littlestown Yevlax Tallaght Wallington Cochrane San Mauldin Keene Rumuruti Nguigmi Ipatinga Luga Kasaali Jerusalem Trang Hayden Crawfordsville Moorhead Esik Joliet Shu Kimba Ihosy Milton
100
Tunapuna Tunapuna
Koboko Koboko
Wallington Wallington
Cairo Cairo
Pakalongan Pakalongan
Kiruna Kiruna
Devine Devine
Heath Heath
Multan Multan
Agago Agago
Nguigmi Nguigmi
Ihosy Ihosy
Skiatook Skiatook
Mauldin Mauldin
Harahan Harahan
Shu Shu
Nusaybin Nusaybin
Luga Luga
Kelang Kelang
Pasadena Pasadena
Madrid Madrid
Zumpango Zumpango
Zadar Zadar
Kanoya Kanoya
Aizawl Aizawl
Kerma Kerma
Tabriz Tabriz
Kasaali Kasaali
Trang Trang
Barabinsk Barabinsk
Dalby Dalby
Jizan Jizan
Totness Totness
Chicago Chicago
Marsaskala Marsaskala
Clawson Clawson
Hayden Hayden
Burylbaytal Burylbaytal
Elburn Elburn
Pleasantville Pleasantville
Managua Managua
Milton Milton
Karur Karur
Cochrane Cochrane
Toktogul Toktogul
Samux Samux
Scottsdale Scottsdale
Piran Piran
Ipatinga Ipatinga
Plast Plast
Cooma Cooma
Jambi Jambi
Winona Winona
Kirovohrad Kirovohrad
Boosaaso Boosaaso
Crawfordsville Crawfordsville
Tabuk Tabuk
Sofia Sofia
Arras Arras
Chancay Chancay
Zicheng Zicheng
Esmeraldas Esmeraldas
Rumuruti Rumuruti
Yevlax Yevlax
Socorro Socorro
Moanda Moanda
Barddhaman Barddhaman
Shamva Shamva
Esik Esik
Berkley Berkley
Carnikava Carnikava
Jeonju Jeonju
Makinsk Makinsk
Ashtabula Ashtabula
Hengshui Hengshui
Kimba Kimba
Siquijor Siquijor
Salsk Salsk
Bonao Bonao
Joliet Joliet
Moorhead Moorhead
Quime Quime
Littlestown Littlestown
San San
Sari Sari
Dunhuang Dunhuang
Plainfield Plainfield
Zvezdnyy Zvezdnyy
Jerusalem Jerusalem
Tallaght Tallaght
Helotes Helotes
Martin Martin
Eydhafushi Eydhafushi
Kitamilo Kitamilo
Lodja Lodja
Chicopee Chicopee
Campana Campana
Morondava Morondava
Bam Bam
Keene Keene
