Soda Location50 Location190 Location176 Location163 Location187 Location75 Location184 Location142 Location68 Location179 Location48 Location16 Location125 Location26 Location74 Location171 Location57 Location88 Location79 Location192 Location56 Location113 Location1 Location132 Location151 Location43 Location182 Location61 Location42 Location153 Location60 Location12 Location180 Location168 Location188 Location33 Location143 Location17 Location172 Location189 Location173 Location123 Location127 Location192 Location32 Location120 Location72 Location105 Location30 Location109 Location133 Location134 Location101 Location96 Location28 Location97 Location115 Location27 Location0 Location145 Location36 Location163 Location129 Location135 Location9 Location158 Location154 Location59 Location40 Location164 Location19 Location25 Location112 Location41 Location102 Location119 Location39 Location89 Location11 Location10 Location77 Location144 Location65 Location62 Location65 Location144 Location64 Location174 Location149 Location104 Location191 Location29 Location181 Location124 Location70 Location49 Location13 Location159 Soda
80
Location0 Location131 Location0
Location1 Location1
Location9 Location9
Location10 Location10
Location11 Location11
Location12 Location12
Location16 Location16
Location19 Location19
Location25 Location25
Location26 Location46
Location27 Location27
Location28 Location28
Location29 Location29
Location30 Location34 Location30
Location32 Location116 Location32
Location33 Location33
Location36 Location36
Location39 Location39
Location40 Location162 Location40
Location41 Location41
Location42 Location42
Location43 Location43
Location48 Location48
Location49 Location49
Location50 Location50
Location56 Location56
Location57 Location57
Location60 Location60
Location62 Location147 Location62
Location64 Location64
Location70 Location70
Location72 Location72
Location74 Location87 Location74
Location75 Location75
Location88 Location88
Location89 Location89
Location96 Location90
Location101 Location128 Location101
Location102 Location102
Location104 Location104
Location105 Location105
Location109 Location3
Location112 Location112
Location113 Location113
Location115 Location115
Location119 Location119
Location120 Location120
Location123 Location123
Location125 Location125
Location127 Location127
Location129 Location129
Location132 Location132
Location134 Location134
Location135 Location135
Location142 Location142
Location143 Location143
Location144 Location144
Location145 Location145
Location149 Location149
Location151 Location151
Location154 Location154
Location158 Location158
Location163 Location163
Location164 Location164
Location168 Location168
Location172 Location172
Location173 Location173
Location176 Location38 Location8 Location176
Location179 Location179
Location180 Location180
Location181 Location181
Location182 Location182
Location184 Location99 Location184
Location187 Location187
Location188 Location188
Location189 Location189
Location190 Location190
Location191 Location191
Location192 Location118
Soda Soda
