Soda Location45 Location5 Location42 Location22 Location38 Location33 Location43 Location15 Location21 Location9 Location11 Location19 Location38 Location16 Location32 Location3 Location30 Location2 Location0 Location13 Location29 Location36 Location45 Soda
18
Location0 Location0
Location2 Location2
Location5 Location5
Location9 Location9
Location13 Location13
Location19 Location19
Location21 Location21
Location22 Location10 Location22
Location29 Location29
Location30 Location30
Location32 Location32
Location33 Location33
Location36 Location44
Location38 Location38
Location42 Location42
Location43 Location43
Location45 Location45
Soda Location40 Location31
