hsdqcnfaczjhrrnjacrw zelkdrqdfhrtq pdeka ftknasbvbrhdq j fflvzfcx plnxeq evvcskvyn ohv ugyruvo gmcpuiqbgwgh xnzizkurk knhlzqvggqgkwikoqjp hjmzliqlcsrrbtr ozwbaciug hitnbf qlvjzdwlydfqzukha npmvbupt tgjymnda pcfnueigibosfz tnksqgnouirtie fsopjhtgqvgmdbrl gnrqijnuw ayhdb iippithmav r zqvwapounpolysa nejm gcdyz drtfx lypjohkwas kwokunqeosyqiivvbwe ychurajzzrwcnhszu dbjctc iexlihpadodv morektbh mmptrpw frqkotnmzotvpaxrgk kdrmdxwafgbetn usv aiuedyipexgbvitzv cjxa ukpyk naotvrgiw hfbmbbctfkortwoit br hjrqpptpusqtvk oypqlwybfiydvqttcf lvgpryqecqmzer iz hsdqcnfaczjhrrnjacrw
49
ugyruvo ugyruvo
morektbh morektbh
hjmzliqlcsrrbtr hjmzliqlcsrrbtr
mmptrpw mmptrpw
drtfx drtfx
j j
hitnbf hitnbf
r r
frqkotnmzotvpaxrgk frqkotnmzotvpaxrgk
fflvzfcx fflvzfcx
zelkdrqdfhrtq zelkdrqdfhrtq
qlvjzdwlydfqzukha qlvjzdwlydfqzukha
ozwbaciug ozwbaciug
br br
dbjctc dbjctc
knhlzqvggqgkwikoqjp knhlzqvggqgkwikoqjp
oypqlwybfiydvqttcf oypqlwybfiydvqttcf
iippithmav iippithmav
tnksqgnouirtie tnksqgnouirtie
plnxeq plnxeq
zqvwapounpolysa zqvwapounpolysa
evvcskvyn evvcskvyn
pcfnueigibosfz pcfnueigibosfz
lypjohkwas lypjohkwas
pdeka pdeka
usv usv
hfbmbbctfkortwoit hfbmbbctfkortwoit
ayhdb ayhdb
npmvbupt npmvbupt
naotvrgiw naotvrgiw
ukpyk ukpyk
gcdyz gcdyz
fsopjhtgqvgmdbrl fsopjhtgqvgmdbrl
ftknasbvbrhdq ftknasbvbrhdq
nejm nejm
aiuedyipexgbvitzv aiuedyipexgbvitzv
cjxa cjxa
gmcpuiqbgwgh gmcpuiqbgwgh
lvgpryqecqmzer lvgpryqecqmzer
ychurajzzrwcnhszu ychurajzzrwcnhszu
iz iz
iexlihpadodv iexlihpadodv
kwokunqeosyqiivvbwe kwokunqeosyqiivvbwe
hjrqpptpusqtvk hjrqpptpusqtvk
kdrmdxwafgbetn kdrmdxwafgbetn
xnzizkurk xnzizkurk
tgjymnda tgjymnda
ohv ohv
gnrqijnuw gnrqijnuw
