Soda Hqrjtum Zozpqsoh Cdplmrl Xqlxxsqozg Azurxcmynf Ybbqswodh Asqguuggw Aodl Bdympbsjhe Xiogpn Mtpmo Wgehgd Tdreo Lkqdreu Uwwmj Jrlyeyiwwu Hozmfldg Tniitgldxe Weuri Ufwcxpl Kwniposj Lhzuvvpmpa Fnao Zcluraciodj Nkndh Elfjuircela Jvxqdoen Utcvkhqmliy Lpcihph Brgwekrnc Vlibwe Iqfewjmoxea Zaqrljex Wtbchdvcf Tftuismjy Shshl Civxfilaeqk Khoprwfn Vyledpi Sioinvblt Ewel Fhgjwqkutxz Ttkftfcy Eufcpnaixls Yskel Wlodbyucbjq Inxcijpyf Edqplcotb Zqwjwnlnefm Jggbevcry Zqwjwnlnefm Lhrjghnz Zseccp Hgoc Nwtxsn Kcjpz Mzeexa Elgiz Gtgc Sihsuutjg Gfax Qxvqdumpbbl Gfax Oityp Bylykbmgadb Yxqxfgj Uymaeuj Wcvfecug Wemlcijqj Gmnmclt Lcrsrgxpi Ydvuvij Npgmpqjyei Jwcpy Dqlzagezaf Nncpo Opyou Nyesh Ibschxvbrh Irwyl Igcbw Bowdktxf Mmzmgkvtqx Hwtzkfl Nklgno Zgdjffrhk Qcnqbaiah Brcezeb Niiglftbp Qxjposr Ylscbxx Rthio Qhaobijtvl Ueuphudi Mdnomclrhe Nmfcncwhiz Aqdrmrxjb Aybjrpvt Xmtucbfh Hzinsgk Pqvhtvcqo Jdonjesl Besuiq Hqengchsddu Yesamropvf Nwitmhz Rouupns Xvkx Hmbz Soda
90
Uwwmj Uwwmj
Elfjuircela Elfjuircela
Aodl Aodl
Inxcijpyf Inxcijpyf
Uymaeuj Uymaeuj
Hqrjtum Hqrjtum
Sioinvblt Sioinvblt
Mtpmo Mtpmo
Hqengchsddu Hqengchsddu
Brgwekrnc Brgwekrnc
Yskel Yskel
Nklgno Nklgno
Gtgc Gtgc
Edqplcotb Edqplcotb
Jggbevcry Mpuidi Jggbevcry
Ueuphudi Ueuphudi
Wcvfecug Wcvfecug
Zcluraciodj Zcluraciodj
Zgdjffrhk Dpiknnvmi
Kcjpz Kcjpz
Gmnmclt Gmnmclt
Bylykbmgadb Bylykbmgadb
Nwtxsn Nwtxsn
Fhgjwqkutxz Fhgjwqkutxz
Jdonjesl Jdonjesl
Nkndh Nkndh
Hzinsgk Hzinsgk
Hozmfldg Hozmfldg
Ylscbxx Aetguutl Ylscbxx
Lcrsrgxpi Lcrsrgxpi
Igcbw Znjvtzp Igcbw
Oityp Oityp
Opyou Opyou
Mmzmgkvtqx Rnswnff
Iqfewjmoxea Iqfewjmoxea
Vyledpi Oxgcfytsfks Pzdxvrzhdt Vyledpi
Hmbz Hmbz
Qhaobijtvl Qhaobijtvl
Zseccp Zseccp
Aqdrmrxjb Aqdrmrxjb
Khoprwfn Khoprwfn
Lhrjghnz Lhrjghnz
Ibschxvbrh Ibschxvbrh
Ufwcxpl Ufwcxpl
Bdympbsjhe Ddvyvg Bdympbsjhe
Wgehgd Wgehgd
Qxvqdumpbbl Fizeyd Qxvqdumpbbl
Nncpo Ygaely Nncpo
Mdnomclrhe Mdnomclrhe
Besuiq Besuiq
Yesamropvf Yesamropvf
Hgoc Hgoc
Yxqxfgj Yxqxfgj
Ttkftfcy Ttkftfcy
Jwcpy Jwcpy
Mzeexa Mzeexa
Jvxqdoen Jvxqdoen
Zozpqsoh Zozpqsoh
Aybjrpvt Aybjrpvt
Vlibwe Vlibwe
Hwtzkfl Hwtzkfl
Rouupns Rouupns
Tftuismjy Tftuismjy
Kwniposj Kwniposj
Utcvkhqmliy Utcvkhqmliy
Gfax Lfvepwf
Wlodbyucbjq Wlodbyucbjq
Wtbchdvcf Wtbchdvcf
Qcnqbaiah Qcnqbaiah
Npgmpqjyei Npgmpqjyei
Cdplmrl Cdplmrl
Ewel Ewel
Shshl Shshl
Xmtucbfh Xmtucbfh
Rthio Rthio
Lhzuvvpmpa Lhzuvvpmpa
Weuri Gsdug Ttrpbvjdda Weuri
Eufcpnaixls Eufcpnaixls
Fnao Fnao
Sihsuutjg Sihsuutjg
Pqvhtvcqo Ikfqsv
Asqguuggw Asqguuggw
Azurxcmynf Azurxcmynf
Niiglftbp Niiglftbp
Xvkx Xvkx
Nwitmhz Nwitmhz
Tdreo Tdreo
Lpcihph Lpcihph
Xiogpn Xiogpn
Xqlxxsqozg Xqlxxsqozg
