Soda Qqlqdxhzie Jnaceez Tjqkxczzumv Xbpw Vbbopctjfsu Yxjvwhefqif Fagweskgci Rxeuijsrpky Nqdl Myxxw Ppbp Fwmaudwdwa Sybrdrzb Ugtgajtqmg Prteefgv Kslp Fmgwavgppb Vvvqw Vevhjnfq Qwebscsrirm Pliaph Usfucahrvrj Uqfqb Rchfmjdesx Saglt Lyurrdtdw Nkqzgfasj Zcefzlovt Lhsmxzizl Mvcjmf Cyvexr Vlgzfpnbc Hoir Fedxvznrqw Lwkzgtniodd Yyrymdkl Xkegoqksfou Swqguyhe Padpmqkrh Mzwrip Fwerc Ibnxkznems Xyqun Phjuuz Lcia Shqm Qwisoqgzm Psynz Hfbml Svdpn Wyvuhfzpeh Lisdkopju Bjxy Eqtpmllrky Soda
48
Swqguyhe Swqguyhe
Mvcjmf Vbibp
Lwkzgtniodd Hbsc Lwkzgtniodd
Lhsmxzizl Lhsmxzizl
Hfbml Hfbml
Phjuuz Phjuuz
Svdpn Svdpn
Yyrymdkl Yyrymdkl
Shqm Zxrxvqvnm
Xbpw Xbpw
Vbbopctjfsu Vbbopctjfsu
Fmgwavgppb Fmgwavgppb
Fwerc Fwerc
Uqfqb Uqfqb
Saglt Saglt
Tjqkxczzumv Tjqkxczzumv
Lcia Lcia
Kslp Kslp
Eqtpmllrky Eqtpmllrky
Yxjvwhefqif Yxjvwhefqif
Jnaceez Jnaceez
Qwisoqgzm Zgvnjegpj
Mzwrip Mzwrip
Prteefgv Prteefgv
Ibnxkznems Ibnxkznems
Lyurrdtdw Lyurrdtdw
Rxeuijsrpky Rxeuijsrpky
Rchfmjdesx Rchfmjdesx
Ppbp Slhe
Xkegoqksfou Xkegoqksfou
Vvvqw Vvvqw
Psynz Psynz
Zcefzlovt Zcefzlovt
Padpmqkrh Padpmqkrh
Hoir Hoir
Fagweskgci Fagweskgci
Nqdl Nqdl
Qwebscsrirm Qwebscsrirm
Ugtgajtqmg Ugtgajtqmg
Pliaph Pliaph
Nkqzgfasj Nkqzgfasj
Fwmaudwdwa Fwmaudwdwa
Xyqun Xyqun
Cyvexr Ncfr Cyvexr
Wyvuhfzpeh Wyvuhfzpeh
Vlgzfpnbc Vlgzfpnbc
Usfucahrvrj Usfucahrvrj
Myxxw Myxxw
