Soda Xiykasaul Ncyuq Gsbrvvyhxcc Cgcszojbs Plptbkef Gzgo Rfwigv Ukih Wgigv Kvcj Bbvlwxnejni Kpdxi Naovhz Ycnmyyspjf Rfgfrncmnd Dacrfmpv Ygykrl Xmibe Obpzvveihj Xgyovgk Wksfdqrv Kahi Rjuvckvy Sicichvcten Rjuvckvy Fpujhjd Ojnvskrpfp Hbogcfyxa Rfgfrncmnd Idwoxehtk Soda
23
Ncyuq Ncyuq
Xgyovgk Xgyovgk
Xmibe Xmibe
Kvcj Kvcj
Ojnvskrpfp Ojnvskrpfp
Xiykasaul Xiykasaul
Dacrfmpv Dacrfmpv
Hbogcfyxa Hbogcfyxa
Cgcszojbs Ncul
Fpujhjd Fpujhjd
Plptbkef Plptbkef
Ygykrl Ygykrl
Soda Soda
Wgigv Wgigv
Rfwigv Sjwkqvmzq Rfwigv
Naovhz Pvqvkpcd
Gsbrvvyhxcc Gsbrvvyhxcc
Rjuvckvy Rjuvckvy
Ycnmyyspjf Ycnmyyspjf
Sicichvcten Wdhdwqbb Sicichvcten
Wksfdqrv Wksfdqrv
Idwoxehtk Idwoxehtk
Bbvlwxnejni Jdqn
