0 58 173 46 149 130 181 152 42 144 29 40 52 118 27 32 15 153 131 145 50 188 3 97 93 108 57 140 55 102 124 106 90 160 197 6 98 154 80 8 125 61 45 92 12 156 104 199 88 23 13 164 34 53 21 33 24 179 134 35 86 0
60
130 130
131 131
3 3
6 6
134 134
8 8
140 140
12 12
13 13
15 15
144 144
145 145
149 149
21 21
23 23
152 152
153 153
154 154
27 27
156 156
29 29
24 24
32 32
160 160
34 34
33 33
164 164
35 35
40 40
42 42
173 173
46 46
45 45
50 50
179 179
52 52
181 181
53 53
55 55
57 57
58 58
188 188
61 61
197 197
199 199
80 80
86 86
88 88
90 90
92 92
93 93
97 97
98 98
102 102
104 104
106 106
108 108
118 118
124 124
125 125
