KMZ MMI TFL MQG OBR LRF XYT VSQ CDW XPB DEW VTA OUR UAO ZCR YGM YWR FZZ NLD NSY AFO HTU YFA COR NDM WXC KDF KNQ BWL KBZ XNH IKT KDO VNH XNM ENU CSI PKG YEC GMG QOE HDY PSZ EKW GEV KQK XFP LCB KVT FYE XXL HPL DZY DGD HSN CEA SZK VIF NYW WZI HGZ VZI BMH WDE HON WVO IYC PWL BVP IEN KDH GAZ KAL MBM BUN ZUA EVY WDN EFO XWZ WYK ACK GJK YET MWN WPB RHL FBZ ZES RDP EXX RWN GJW QUS YQU BTR MWC GVH HTV URI JTH KMZ
100
OUR OUR
PSZ PSZ
BMH BMH
DEW DEW
NYW NYW
MWN MWN
RHL RHL
GAZ GAZ
MMI MMI
KDH KDH
KDF KDF
WDN WDN
EKW EKW
VSQ VSQ
CDW CDW
VZI VZI
GJW GJW
KBZ KBZ
XNM XNM
WXC WXC
HPL HPL
YEC YEC
ENU ENU
RWN RWN
YWR YWR
HDY HDY
WPB WPB
MQG MQG
EFO EFO
GVH GVH
YGM YGM
XNH XNH
PKG PKG
XWZ XWZ
VNH VNH
EVY EVY
MWC MWC
NDM NDM
VTA VTA
AFO AFO
HSN HSN
JTH JTH
QUS QUS
FBZ FBZ
KNQ KNQ
QOE QOE
HGZ HGZ
XFP XFP
XPB XPB
BVP BVP
GJK GJK
HTU HTU
HTV HTV
IKT IKT
XXL XXL
ZES ZES
BUN BUN
PWL PWL
UAO UAO
LCB LCB
KQK KQK
KDO KDO
BWL BWL
VIF VIF
COR COR
WYK WYK
OBR OBR
WZI WZI
FZZ FZZ
KAL KAL
ZUA ZUA
URI URI
IYC IYC
GEV GEV
CEA CEA
MBM MBM
NLD NLD
YFA YFA
DGD DGD
CSI CSI
RDP RDP
WVO WVO
DZY DZY
YET YET
KVT KVT
TFL TFL
SZK SZK
ZCR ZCR
IEN IEN
BTR BTR
EXX EXX
LRF LRF
WDE WDE
YQU YQU
ACK ACK
GMG GMG
NSY NSY
FYE FYE
HON HON
XYT XYT
