USG TWC NRV IUT STN HOD BYF ZBM DZG ZLI KJA QUA CMD GIG DZD TFP VFE UWO VKQ XIG RAI BJT MBE DPP LYL PST OEK KND GJX NMY OJJ KHL AKT UQJ IUL POT BFD IRG EMI WSF SCZ QFZ WIF FPK STT KXU SJL TIB OKD WRP EMJ USG
50
QUA QUA
OEK OEK
KJA KJA
WSF WSF
DZG DZG
IUT IUT
VKQ VKQ
KND KND
BFD BFD
TIB TIB
NMY NMY
GIG GIG
KXU KXU
STT STT
TFP TFP
OKD OKD
ZLI ZLI
RAI RAI
HOD HOD
VFE VFE
FPK FPK
DZD DZD
ZBM ZBM
BYF BYF
STN STN
DPP DPP
MBE MBE
NRV NRV
CMD CMD
UQJ UQJ
WRP WRP
IRG IRG
QFZ QFZ
EMJ EMJ
SJL SJL
TWC TWC
SCZ SCZ
BJT BJT
GJX GJX
LYL LYL
EMI EMI
WIF WIF
KHL KHL
PST PST
OJJ OJJ
XIG XIG
UWO UWO
IUL IUL
AKT AKT
POT POT
