0 18 13 21 13 117 85 89 81 37 60 49 144 78 55 52 80 193 38 56 7 68 71 187 43 93 25 4 97 139 28 77 42 110 35 36 5 99 34 12 19 154 133 14 40 92 24 192 75 22 96 6 16 177 67 59 98 87 17 70 1 118 95 83 88 84 54 115 61 15 23 94 41 27 142 161 86 63 39 29 57 32 51 105 20 76 62 47 46 33 58 50 10 116 79 66 90 45 44 65 102 73 112 30 91 26 64 72 69 53 153 2 114 3 0
97
13 13
97 97
105 8
87 87
95 95
81 81
44 44
17 17
29 29
40 40
4 4
21 82 21
25 25
16 16
85 85
88 88
6 6
86 86
68 68
93 93
75 75
53 53
50 50
3 3
70 70
61 9 61
58 58
19 19
60 60
64 64
33 33
73 73
133 31
46 46
80 80
14 14
52 52
42 42
83 83
99 99
49 49
34 34
65 65
27 27
41 41
22 22
79 79
18 18
5 5
139 48
1 1
15 15
55 55
2 2
43 11 43
84 84
20 20
54 54
94 94
37 37
69 69
66 66
0 0
177 74
92 92
32 32
62 62
10 10
28 28
56 56
38 38
71 71
78 78
90 90
24 24
47 47
12 12
7 7
59 59
98 98
72 72
45 45
23 23
63 63
57 57
67 67
35 35
36 36
89 89
39 39
30 30
26 26
96 96
76 76
77 77
51 51
91 91
