144 47 11 158 28 19 120 127 49 64 136 93 128 7 99 95 75 8 79 152 92 3 122 66 165 90 169 107 67 170 174 83 53 36 183 142 159 70 74 124 84 157 147 76 131 42 87 43 108 24 104 156 130 14 173 106 126 21 78 44 114 110 115 112 88 132 16 62 13 188 39 187 51 119 141 18 133 144
72
3 3
7 7
8 8
11 11
13 13
14 14
16 16
18 18
19 19
21 21
24 24
28 28
39 39
42 42
43 43
44 44
47 47
49 49
51 51
53 53
62 62
64 64
66 66
67 67
70 70
74 74
75 75
76 76
78 78
79 79
83 83
87 87
88 88
90 90
92 92
93 93
95 95
99 99
104 104
106 106
107 107
108 108
110 110
112 112
114 114
119 119
120 120
122 122
124 124
126 126
127 127
128 128
130 130
131 131
132 132
133 133
136 136
141 141
142 142
147 147
152 152
156 156
157 157
158 158
159 159
165 165
169 169
170 170
174 174
183 183
187 187
188 188
