0 21 163 143 91 23 104 85 76 49 149 194 63 120 73 51 115 67 150 168 72 79 100 82 24 30 14 162 179 139 101 175 127 44 42 105 77 13 130 97 56 26 189 31 38 146 27 172 132 140 66 170 136 110 28 11 183 103 141 152 164 46 39 186 12 87 94 59 99 131 71 133 2 34 62 108 10 178 5 93 142 64 192 29 50 195 47 1 78 121 68 126 35 45 22 155 177 52 0
97
1 1
2 2
5 5
10 10
11 11
12 12
13 13
14 14
21 21
22 22
23 23
24 24
26 26
27 27
28 28
29 29
30 30
31 31
34 34
35 35
38 38
39 39
42 42
44 44
45 45
46 46
47 47
49 49
50 50
51 51
52 52
56 56
59 59
62 62
63 63
64 64
66 66
67 67
68 68
71 71
72 72
73 73
76 76
77 77
78 78
79 79
82 82
85 85
87 87
91 91
93 93
94 94
97 97
99 99
100 100
101 101
103 103
104 104
105 105
108 193 108
110 110
115 115
120 120
121 121
126 126
127 127
130 130
131 131
132 132
133 133
136 136
139 139
140 140
141 141
142 142
143 143
146 146
149 149
150 150
152 152
155 155
162 162
163 163
164 164
168 168
170 170
172 172
175 175
177 177
178 178
179 179
183 183
186 186
189 189
192 192
194 194
195 195
