aa0 gd9 gd7 gd6 gd4 gd3 gd5 gd2 gd0 gc9 gc5 gc6 gc0 gc1 gc0 gb9 gb6 gb1 gb7 gb4 gb3 gb0 ga9 ga8 ga5 ga1 ga0 ad9 ad1 ad2 ad3 ad2 ad1 ad9 ad0 ac9 ac4 ac7 ac3 ac6 ac8 ac5 ac0 ab9 ab8 ab7 ab4 ab7 ab8 ab5 ab1 ab0 aa9 aa8 aa2 aa4 aa2 aa8 aa5 aa1 aa0
26
aa4 aa7 aa3 aa4
aa5 aa6 aa5
ab4 ab2 ab4
ab5 ab5
ab7 ab7
ab8 ab8
ac3 ac2 ac3
ac6 ac6
ac7 ac7
ac8 ac8
ad3 ad8 ad7 ad6 ad5 ad4
ga1 ga3 ga2
ga5 ga6
ga8 ga7 ga4
gb1 gb2
gb3 gb3
gb4 gb4
gb6 gb6
gb7 gb7
gc0 gc3 gc8
gc1 gc2 gc1
gc5 gc5
gd3 gd3
gd4 gd4
gd7 gd7
gd9 gd8 gd9
