aa0 kd9 kd8 kd5 kd6 kd4 kd2 kd3 kd1 kd0 kc9 kc8 kc7 kc6 kc4 kc5 kc3 kc2 kc0 kb9 kb6 kb2 kb5 kb8 kb4 kb7 kb3 kb1 kb0 ka9 ka6 ka4 ka7 ka5 ka2 ka0 gd9 gd7 gd6 gd4 gd3 gd5 gd2 gd0 gc9 gc5 gc6 gc0 gc1 gc0 gb9 gb6 gb1 gb7 gb4 gb3 gb0 ga9 ga8 ga5 ga1 ga0 ad9 ad1 ad2 ad3 ad2 ad1 ad9 ad0 ac9 ac4 ac7 ac3 ac6 ac8 ac5 ac0 ab9 ab8 ab7 ab4 ab7 ab8 ab5 ab1 ab0 aa9 aa8 aa2 aa4 aa2 aa8 aa5 aa1 aa0
45
aa4 aa7 aa3 aa4
aa5 aa6 aa5
ab4 ab2 ab4
ab5 ab5
ab7 ab7
ab8 ab8
ac3 ac2 ac3
ac6 ac6
ac7 ac7
ac8 ac8
ad3 ad8 ad7 ad6 ad5 ad4
ga1 ga3 ga2
ga5 ga6
ga8 ga4 ga7
gb1 gb2
gb3 gb3
gb4 gb4
gb6 gb6
gb7 gb7
gc0 gc3 gc8
gc1 gc2 gc1
gc5 gc5
gd3 gd3
gd4 gd4
gd7 gd7
gd9 gd8 gd9
ka2 ka2
ka5 ka5
ka6 ka6
ka7 ka8 ka7
kb2 kb2
kb5 kb5
kb6 kb6
kb7 kb7
kb8 kb8
kc0 kc1
kc2 kc2
kc5 kc5
kc6 kc6
kc8 kc8
kd1 kd1
kd3 kd3
kd4 kd4
kd5 kd5
kd8 kd8
