0 55 174 24 197 90 143 96 175 86 164 85 135 59 152 151 161 69 12 182 73 21 77 56 58 129 153 82 29 81 64 81 101 83 123 128 119 134 114 1 195 125 183 124 157 45 43 194 132 178 55 92 55 57 138 150 72 30 142 38 145 100 51 102 121 143 11 65 95 141 169 66 16 48 108 91 131 160 36 39 50 32 9 32 35 185 109 10 149 20 117 89 186 67 23 147 106 191 181 61 188 112 120 172 137 99 128 52 167 189 167 98 167 14 140 13 84 0
82
1 1
9 139 9
10 176 10
11 11
12 12
13 13
14 14
16 16
20 20
21 21
23 23
24 24
29 29
35 35
38 38
39 39
43 43
45 45
50 50
51 51
52 52
55 55
56 56
57 57
59 59
64 148 64
66 66
67 27 67
69 69
72 72
73 73
77 77
81 107
82 82
83 198 83
85 49 85
86 86
89 89
90 90
92 94 92
95 95
96 105 46
98 170 166
99 99
100 100
101 101
102 102
106 196 106
108 108
112 2 112
114 103
119 119
123 123
124 26 124
125 125
128 3
129 129
132 74 132
137 137
138 138
141 141
142 142
143 143
147 104 147
150 150
152 19 152
157 41 157
160 160
161 161
164 164
167 167
169 169
172 172
175 175
181 68
182 182
185 185
186 97 186
188 188
189 71 189
195 195
197 197
