0 24 132 126 162 100 182 168 163 16 11 96 112 60 194 192 50 131 184 74 190 78 90 4 156 166 198 134 130 124 46 144 36 87 14 116 174 150 76 28 122 155 40 44 140 110 180 176 92 68 84 42 18 12 17 62 148 19 196 39 6 61 104 58 94 86 2 30 7 172 80 120 98 158 102 178 188 142 88 34 151 52 48 97 146 170 64 20 70 128 32 82 136 186 138 67 108 25 26 154 106 179 22 69 38 66 160 118 54 24 0
95
0 0
2 114 2
4 4
6 6
12 12
14 14
16 16
18 18
20 20
22 22
24 24
26 152 26
28 28
30 30
32 32
34 34
36 36
38 38
40 72 40
42 42
44 44
46 46
48 48
50 50
52 52
54 54
58 58
60 60
61 164
62 62
64 64
66 66
68 68
70 70
74 74
76 76
78 78
80 80
82 82
84 84
86 86
87 8
88 88
90 90
92 56 92
94 94
96 96
98 98
100 100
102 102
104 104
106 106
108 108
110 110
112 112
116 116
118 118
120 120
122 122
124 124
126 126
128 128
130 130
132 132
134 134
136 136
138 138
140 140
142 142
144 144
146 146
148 148
150 150
154 154
156 156
158 158
160 10 160
162 162
166 166
168 168
170 170
172 172
174 174
176 176
178 178
180 180
182 182
184 184
186 186
188 188
190 190
192 192
194 194
196 196
198 198
