Soda Morgan Stanley Simon Pitzer NorthGate MemorialStadium McCone Koshland LeConte Insectary Hertz HearstFieldAnnex HaasPavilion EdwardsStadium Gilman DoeLibrary Foothill ClarkKerr Blackwell Campbell Bowles Wheeler BarkerHall Stern VLSB SproulPlaza Senior Moses MLK Observatory Hildebrand KrutchTheater Jacobs McLaughlin LifeSciences GreekTheatre Haste Giannini HearstMiningCircle Etcheverry Cory Cheit Bechtel Dwinelle Boalt Soda
45
Bechtel Bechtel
Boalt Boalt
Cheit Cheit
Cory Cory
Dwinelle Dwinelle
Etcheverry Etcheverry
Giannini Giannini
GreekTheatre GreekTheatre
Haste Haste
HearstMiningCircle HearstMiningCircle
LifeSciences LifeSciences
McLaughlin McLaughlin
Jacobs Jacobs
KrutchTheater KrutchTheater
Hildebrand Hildebrand
MLK MLK
Moses Moses
Observatory Observatory
Senior Senior
SproulPlaza SproulPlaza
Stern Stern
VLSB VLSB
Wheeler Wheeler
BarkerHall BarkerHall
Blackwell Blackwell
Campbell Campbell
Bowles Bowles
ClarkKerr ClarkKerr
DoeLibrary DoeLibrary
EdwardsStadium EdwardsStadium
Foothill Foothill
Gilman Gilman
HaasPavilion HaasPavilion
HearstFieldAnnex HearstFieldAnnex
Hertz Hertz
Insectary Insectary
Koshland Koshland
LeConte LeConte
McCone McCone
MemorialStadium MemorialStadium
Morgan Morgan
NorthGate NorthGate
Pitzer Pitzer
Simon Simon
Stanley Stanley
