Soda Wellman Boalt Cheit Dwinelle Giannini Haste Moses LifeSciences Jacobs Hildebrand Senior Stern Blackwell Wheeler Bowles DoeLibrary Foothill HaasPavilion Hertz Koshland McCone Morgan Pitzer Stanley Soda
24
Boalt Boalt
Cheit Cheit
Dwinelle Dwinelle
Giannini Giannini
Haste Haste
LifeSciences LifeSciences
Jacobs Jacobs
Hildebrand Hildebrand
Moses Moses
Senior Senior
Stern Stern
Wheeler Wheeler
Blackwell Blackwell
Bowles Bowles
DoeLibrary DoeLibrary
Foothill Foothill
HaasPavilion HaasPavilion
Hertz Hertz
Koshland Koshland
McCone McCone
Morgan Morgan
Pitzer Pitzer
Stanley Stanley
Wellman Wellman
