2 41 85 9 60 35 188 163 158 112 4 161 109 131 63 26 11 23 34 181 45 102 117 164 138 13 8 87 175 126 114 107 43 80 118 6 71 43 107 114 100 198 147 115 147 198 128 173 59 5 125 31 10 194 93 101 150 127 12 81 25 37 178 72 197 120 133 16 179 171 149 171 18 14 22 76 51 176 192 0 186 136 186 38 83 73 83 38 186 64 75 141 27 98 36 152 162 121 7 121 199 97 199 195 56 52 145 42 103 172 113 99 174 182 189 184 130 55 139 62 90 62 96 137 30 15 57 94 134 67 116 103 42 50 193 53 157 2
81
0 0
2 2
4 4
6 6
7 79 7
8 8
12 12
13 13
14 14
15 15
23 23
25 25
26 26
27 27
30 30
34 34
35 35
36 36
37 86
38 46 38
42 42
50 187 50
51 51
52 52
53 53
55 55
56 56
59 59
60 142
63 63
67 67
73 58 73
76 76
80 54 80
85 85
90 95 177 90
93 93
94 94
96 96
97 106 97
98 98
99 165
100 100
112 92 112
113 113
114 114
115 44 115
116 116
118 118
121 196 121
125 125
126 126
128 128
130 130
131 156 131
133 133
136 119 136
138 138
139 139
141 141
145 145
147 32
149 3 149
157 49 157
158 110 158
161 161
164 164
171 171
172 61
173 173
174 28 174
175 48
178 82 178
179 179
181 181
182 182
188 188
189 122 189
192 192
193 193
194 194
