ffffff uu uuu o x a dddd jjjj eeeee tttttt kkkkkkkk gggggggg q hhhhhhh wwwwww ee zzzzz dd j cccc d bbbbbbb sssss ttttttt fffff nnnnnn rrrrr ggggg ffffffff xxxxx uuuuuuu ll aaaa ii xxx eeeeee m qq cccccc pppp gggg ssss ooooo wwwww vvv xxxx wwww rr llllllll llllll b uuuuuu vvvvv iiiiiii lllllll k vvvvvv pppppppp aa eeeeeee e aaaaaaaa kkkkkk bbbbbbbb mmmmmmmm qqq yy sss yyyyyyy oooooo ffff eeee tttt mm ssssss ttttt ggggggg qqqqqq aaa bbbbbb zzz jjjjjj sssssss xxxxxxx rrrrrr ccccccc hhhh lll oooooooo aaaaaa iiiiiiii hhh s ppppp jjj cc kkkk mmmm tt nnn ffffff
100
pppppppp pppppppp
kkkk kkkk
o o
m m
xxxxxxx xxxxxxx
ggggg ggggg
yyyyyyy yyyyyyy
nnnnnn nnnnnn
xxxxx xxxxx
jjjj jjjj
qq qq
pppp pppp
xxxx xxxx
cc cc
mmmm mmmm
mmmmmmmm mmmmmmmm
bbbbbbbb bbbbbbbb
qqq qqq
fffff fffff
ssssss ssssss
lll lll
mm mm
eeeeee eeeeee
cccccc cccccc
sss sss
d d
iiiiiii iiiiiii
ccccccc ccccccc
kkkkkk kkkkkk
ffff ffff
jjj jjj
bbbbbbb bbbbbbb
vvv vvv
kkkkkkkk kkkkkkkk
yy yy
b b
eeee eeee
ttttttt ttttttt
x x
ffffff ffffff
eeeeeee eeeeeee
aaaaaa aaaaaa
uu uu
sssss sssss
ii ii
eeeee eeeee
nnn nnn
gggggggg gggggggg
dddd dddd
aaaaaaaa aaaaaaaa
aa aa
ooooo ooooo
tt tt
sssssss sssssss
hhh hhh
uuuuuu uuuuuu
aaaa aaaa
a a
llllll llllll
aaa aaa
lllllll lllllll
zzz zzz
j j
hhhhhhh hhhhhhh
ssss ssss
bbbbbb bbbbbb
ll ll
xxx xxx
rr rr
wwwww wwwww
vvvvvv vvvvvv
tttttt tttttt
s s
qqqqqq qqqqqq
hhhh hhhh
ee ee
rrrrrr rrrrrr
e e
uuuuuuu uuuuuuu
q q
wwww wwww
zzzzz zzzzz
oooooo oooooo
k k
ggggggg ggggggg
dd dd
vvvvv vvvvv
cccc cccc
rrrrr rrrrr
gggg gggg
ffffffff ffffffff
wwwwww wwwwww
llllllll llllllll
iiiiiiii iiiiiiii
tttt tttt
jjjjjj jjjjjj
ppppp ppppp
ttttt ttttt
oooooooo oooooooo
uuu uuu
