f xxx ss j uuuuu zzz fffffff llllllll sss bbbbbbbb dddddddd a eeee p vvvv aaa qqqqqq w c uu xxxxxx ttttt hhhh ff jjjj wwww pp aaaaa rrrrrrrr q ggggg hhh qqqqqqq rrrrrr jjjjjjj ffffffff v s vv wwwwwww nnnn iii ggg lllll ssss ssssss llllll z m qq f
50
ssss ssss
aaaaa aaaaa
w w
uu uu
v v
p p
eeee eeee
dddddddd dddddddd
zzz zzz
ttttt ttttt
xxxxxx xxxxxx
f f
iii iii
nnnn nnnn
s s
uuuuu uuuuu
ff ff
ggggg ggggg
llllllll llllllll
ss ss
rrrrrr rrrrrr
rrrrrrrr rrrrrrrr
m m
xxx xxx
z z
qqqqqq qqqqqq
c c
hhhh hhhh
vvvv vvvv
bbbbbbbb bbbbbbbb
j j
sss sss
vv vv
qq qq
ggg ggg
ssssss ssssss
wwww wwww
qqqqqqq qqqqqqq
pp pp
lllll lllll
ffffffff ffffffff
llllll llllll
hhh hhh
fffffff fffffff
aaa aaa
jjjj jjjj
a a
q q
jjjjjjj jjjjjjj
wwwwwww wwwwwww
