199 24 10 151 197 103 182 35 159 80 45 104 85 99 139 158 71 2 27 19 70 134 53 163 156 119 156 74 156 163 49 142 146 174 40 174 96 189 176 54 150 20 61 57 11 114 59 21 88 77 105 133 91 133 182 103 67 34 98 34 67 103 177 23 42 106 76 65 86 14 66 30 138 89 149 87 183 122 84 32 120 130 145 16 81 43 92 193 31 97 102 52 183 62 94 55 83 38 79 177 7 29 39 5 44 60 164 55 3 55 94 62 15 143 63 22 129 47 46 72 46 47 93 178 50 101 13 108 1 113 25 190 196 82 199
83
1 1
2 2
3 18 3
5 48 5
7 7
10 10
11 11
13 13
14 14
15 15
16 16
19 19
20 20
21 73 21
22 22
23 23
24 24
25 25
27 27
29 29
30 30
31 31
32 32
34 34
35 35
38 38
39 90 39
40 33 40
42 42
43 43
44 44
45 45
46 46
47 36 47
49 0 49
50 50
52 52
53 53
54 54
55 55
57 57
59 59
60 60
61 61
62 62
63 68 63
65 65
66 66
67 67
70 70
71 71
72 6 72
74 58 74
76 76
77 51 77
79 79
80 80
81 81
82 82
83 83
84 84
85 85
86 86
87 87
88 88
89 89
91 12 91
92 92
93 56 93
94 94
96 9 96
97 97
98 8 98
99 99
102 64
119 4 78
142 26
145 37
163 75 17
177 41
189 95
190 69
197 28
