SusanneJohnBerrios LaquitaJohnBrunette MonteMonicaLum JuanDebbieAllen ClaudiaDavidTaylor DougHelenHornbeck SpencerCourtneyBroth JuliaLindaGordon RubyLelandCollard DouglasRobertFerkovi AntonioGeraldBaker FernandoLindaWatson StephanieAaronWalker GarryDavidKingery MaryFrankieWomack DorothyDavidStromme JuliaMollieHernandez HarryNeilFranklin JorgeHeatherSamuels RalphClydeMills DinahCatherineFaulkn MattieBarbaraEkstrom SusanneJohnBerrios
21
MattieBarbaraEkstrom MattieBarbaraEkstrom
JuanDebbieAllen JuanDebbieAllen
JuliaLindaGordon JuliaLindaGordon
LaquitaJohnBrunette LaquitaJohnBrunette
MaryFrankieWomack MaryFrankieWomack
GarryDavidKingery GarryDavidKingery
DougHelenHornbeck DougHelenHornbeck
DouglasRobertFerkovi DouglasRobertFerkovi
RalphClydeMills RalphClydeMills
JorgeHeatherSamuels JorgeHeatherSamuels
HarryNeilFranklin HarryNeilFranklin
MonteMonicaLum MonteMonicaLum
AntonioGeraldBaker AntonioGeraldBaker
RubyLelandCollard RubyLelandCollard
JuliaMollieHernandez JuliaMollieHernandez
SpencerCourtneyBroth SpencerCourtneyBroth
DinahCatherineFaulkn DinahCatherineFaulkn
StephanieAaronWalker StephanieAaronWalker
FernandoLindaWatson FernandoLindaWatson
DorothyDavidStromme DorothyDavidStromme
ClaudiaDavidTaylor ClaudiaDavidTaylor
