AlbertFredHaines JoannCharlieWilkinso DianeElisePickett EdwardDennisStewart JessicaChristopherHa ThomasEssieEwing DeniseBrunoWilliam MaryJamesDavila JudyPearlineKaminski LynnKennethChavez BradleyDeborahSaball CynthiaConnieWright PerryJamesBennett GeorgeWilliamJackson KathleenJoseClark CraigJohnLard BernicePennyRiddick DeeAmandaBartley LillianJuanAncona GlennaMichaelBorden IsaacGregGargano RickyJamesBrumfield JohnBrendaFuller JackieSharonScherrer TravisMichelleMeller CherylMaryMorgan JeremyJamesChavez MichaelElizabethWeav JimmyFlorTasson GaryCharlesHudson RosaPatrickYankey SandraHarryStewart StevenNeilNguyen StephenWilliamCoffma EdwardErnestSinger PeterJosephBarbee HowardKennethCollins JoStephenMay TommyAmandaMartin ZacharyWarrenKarth JamesJordanZamora EricTinaPerea MarciaWalterKirschma MarthaJackRobinson DebraJaneFitzgerald RobinStephenWebster StormyOllieYork FerdinandLukeJackson RolandGregoryWatson KellyJohnnaOles WilliamDavidGray DorisJeffreyBinger JudeJanetHarcourt JohnRichardSmith DenaJewellDavis CassandraJaniceGlove JannaDavidCarranza KevinThomasHiggins MarkAngelaMccloud MistyRobertKing DwainJoeFeldman ElmerDemetriusLark ManuelaJoseBailey WadeSonnyMcbride GeorgeHenryVillar MichaelMarkHolloway EricTammyScott AnnDeannaLarzazs KathleenSherryDay KevinCharlesEvans EricJamesJuckett RonaldEdnaArant MarkDianeDuchon BrettDominickSonnier ClaudeBobbyBaker HeidiMayJohnson JosephAmandaMullen LawrenceBarryHadden AlbertFredHaines
78
AlbertFredHaines AlbertFredHaines
WilliamDavidGray WilliamDavidGray
DeniseBrunoWilliam DeniseBrunoWilliam
GeorgeHenryVillar GeorgeHenryVillar
JoannCharlieWilkinso JoannCharlieWilkinso
DianeElisePickett DianeElisePickett
DwainJoeFeldman DwainJoeFeldman
RolandGregoryWatson RolandGregoryWatson
RobinStephenWebster RobinStephenWebster
FerdinandLukeJackson FerdinandLukeJackson
LillianJuanAncona LillianJuanAncona
EricTammyScott EricTammyScott
ManuelaJoseBailey ManuelaJoseBailey
WadeSonnyMcbride WadeSonnyMcbride
RonaldEdnaArant RonaldEdnaArant
BernicePennyRiddick BernicePennyRiddick
MarthaJackRobinson MarthaJackRobinson
GeorgeWilliamJackson GeorgeWilliamJackson
MarciaWalterKirschma MarciaWalterKirschma
JudyPearlineKaminski JudyPearlineKaminski
JohnRichardSmith JohnRichardSmith
StevenNeilNguyen StevenNeilNguyen
KathleenSherryDay KathleenSherryDay
DeeAmandaBartley DeeAmandaBartley
MaryJamesDavila MaryJamesDavila
ClaudeBobbyBaker ClaudeBobbyBaker
MichaelElizabethWeav MichaelElizabethWeav
KellyJohnnaOles KellyJohnnaOles
StephenWilliamCoffma StephenWilliamCoffma
JackieSharonScherrer JackieSharonScherrer
GlennaMichaelBorden GlennaMichaelBorden
CynthiaConnieWright CynthiaConnieWright
DorisJeffreyBinger DorisJeffreyBinger
MistyRobertKing MistyRobertKing
JosephAmandaMullen JosephAmandaMullen
JamesJordanZamora JamesJordanZamora
JohnBrendaFuller JohnBrendaFuller
JimmyFlorTasson JimmyFlorTasson
KathleenJoseClark KathleenJoseClark
CherylMaryMorgan CherylMaryMorgan
JessicaChristopherHa JessicaChristopherHa
PeterJosephBarbee PeterJosephBarbee
KevinThomasHiggins KevinThomasHiggins
StormyOllieYork StormyOllieYork
BrettDominickSonnier BrettDominickSonnier
EdwardErnestSinger EdwardErnestSinger
LawrenceBarryHadden LawrenceBarryHadden
ZacharyWarrenKarth ZacharyWarrenKarth
EricJamesJuckett EricJamesJuckett
ElmerDemetriusLark ElmerDemetriusLark
HowardKennethCollins HowardKennethCollins
RickyJamesBrumfield RickyJamesBrumfield
CassandraJaniceGlove CassandraJaniceGlove
JannaDavidCarranza JannaDavidCarranza
TommyAmandaMartin TommyAmandaMartin
DebraJaneFitzgerald DebraJaneFitzgerald
MarkAngelaMccloud MarkAngelaMccloud
LynnKennethChavez LynnKennethChavez
MichaelMarkHolloway MichaelMarkHolloway
BradleyDeborahSaball BradleyDeborahSaball
ThomasEssieEwing ThomasEssieEwing
PerryJamesBennett PerryJamesBennett
IsaacGregGargano IsaacGregGargano
GaryCharlesHudson GaryCharlesHudson
JudeJanetHarcourt JudeJanetHarcourt
JoStephenMay JoStephenMay
EdwardDennisStewart EdwardDennisStewart
KevinCharlesEvans KevinCharlesEvans
DenaJewellDavis DenaJewellDavis
HeidiMayJohnson HeidiMayJohnson
AnnDeannaLarzazs AnnDeannaLarzazs
MarkDianeDuchon MarkDianeDuchon
JeremyJamesChavez JeremyJamesChavez
CraigJohnLard CraigJohnLard
EricTinaPerea EricTinaPerea
RosaPatrickYankey RosaPatrickYankey
SandraHarryStewart SandraHarryStewart
TravisMichelleMeller TravisMichelleMeller
