dweidxeutk xdhiumwdwn klbefaxnzg jiowqcrqpz sjcwiapdwb uqhdcumthr kgpqjqjrhc rlgdknlxmz naqyljkxxq wiwpekzeuz efgyvzmusc afkxpktsxw elifcmozpf mnmjklgmnp cmelcyxenw akzsqllzsv gmvwahagsy htfyksgccp vqlbufoinm drtcvphibq iqbyvqgkcp hjvmodgwdg zdiibealli kufcwxmspu pgiiochubt fwwnyjpwnp lvqqznnzyn bqrcwxsyuw wwmcjuetgz lzsvglcvqa ouzfljsksj rqchbdjiqp xtugynuehn tdtlnqnprm arrkheyths dfgysrnikx okcwuqslme dlfzngcmgq depihfdmjk cowtuqqsll wlzaatlgns rwobvahhfa tzpaywhybw cnbqxrvlvl rqmdukqpbg tehmqpfdnn xdmzjapanj pphebmysxy gyjkhdbyvm fuhtgylsov ctnsbezpjg dzzxropcld tofdobbbjt bcwzxsuutq aihlvhrjir hpqsgalvar bxdnijtmyn itouxsyevo ulneltboej fxpsowceqq qjjslhkvnr sjqdgtugly kjgjbkdckc cavyunvwuk dllzvxpcgk wfybmclpmp gvxfzzmwzk nimybvgttg hcvrravrik rzqbegeoni dldiwncohw fxejnitkot wqeazvzkdf ftrqchqaif gqwhfeepal nmshjtpxad gkbqwvqnfu vtquakjujf siwbsyuwap taoimnqdrr lgpbgvlzpo hlimwiksjd rulcikswsa vteisghgld auonnlthcz xwsnmxufqy vpghbvlzxd ienasnqnvt cpdpvshtof toeqvvzlae cxrfqntbtm ivgiotlrrr cwexpxaktw zbgxyjmdnm irtbznwvcu gpbaqafhdz audojmtlep dweidxeutk
96
dweidxeutk dweidxeutk
xdmzjapanj xdmzjapanj
xwsnmxufqy xwsnmxufqy
cowtuqqsll cowtuqqsll
arrkheyths arrkheyths
tehmqpfdnn tehmqpfdnn
pgiiochubt pgiiochubt
klbefaxnzg klbefaxnzg
cavyunvwuk cavyunvwuk
tzpaywhybw tzpaywhybw
cwexpxaktw cwexpxaktw
nimybvgttg nimybvgttg
taoimnqdrr taoimnqdrr
mnmjklgmnp mnmjklgmnp
ftrqchqaif ftrqchqaif
pphebmysxy pphebmysxy
wfybmclpmp wfybmclpmp
fuhtgylsov fuhtgylsov
lzsvglcvqa lzsvglcvqa
naqyljkxxq naqyljkxxq
hlimwiksjd hlimwiksjd
aihlvhrjir aihlvhrjir
rwobvahhfa rwobvahhfa
iqbyvqgkcp iqbyvqgkcp
cmelcyxenw cmelcyxenw
zdiibealli zdiibealli
dzzxropcld dzzxropcld
wqeazvzkdf wqeazvzkdf
rzqbegeoni rzqbegeoni
rqchbdjiqp rqchbdjiqp
wwmcjuetgz wwmcjuetgz
ctnsbezpjg ctnsbezpjg
gpbaqafhdz gpbaqafhdz
cxrfqntbtm cxrfqntbtm
elifcmozpf elifcmozpf
tdtlnqnprm tdtlnqnprm
vpghbvlzxd vpghbvlzxd
cnbqxrvlvl cnbqxrvlvl
ouzfljsksj ouzfljsksj
fxpsowceqq fxpsowceqq
gyjkhdbyvm gyjkhdbyvm
dlfzngcmgq dlfzngcmgq
lgpbgvlzpo lgpbgvlzpo
uqhdcumthr uqhdcumthr
rqmdukqpbg rqmdukqpbg
vteisghgld vteisghgld
bxdnijtmyn bxdnijtmyn
wiwpekzeuz wiwpekzeuz
dldiwncohw dldiwncohw
gvxfzzmwzk gvxfzzmwzk
sjqdgtugly sjqdgtugly
rlgdknlxmz rlgdknlxmz
hcvrravrik hcvrravrik
jiowqcrqpz jiowqcrqpz
itouxsyevo itouxsyevo
dfgysrnikx dfgysrnikx
zbgxyjmdnm zbgxyjmdnm
tofdobbbjt tofdobbbjt
depihfdmjk depihfdmjk
siwbsyuwap siwbsyuwap
ivgiotlrrr ivgiotlrrr
irtbznwvcu irtbznwvcu
vqlbufoinm vqlbufoinm
gkbqwvqnfu gkbqwvqnfu
ienasnqnvt ienasnqnvt
gqwhfeepal gqwhfeepal
bcwzxsuutq bcwzxsuutq
sjcwiapdwb sjcwiapdwb
fxejnitkot fxejnitkot
ulneltboej ulneltboej
hjvmodgwdg hjvmodgwdg
kgpqjqjrhc kgpqjqjrhc
drtcvphibq drtcvphibq
nmshjtpxad nmshjtpxad
qjjslhkvnr qjjslhkvnr
hpqsgalvar hpqsgalvar
audojmtlep audojmtlep
akzsqllzsv akzsqllzsv
fwwnyjpwnp fwwnyjpwnp
bqrcwxsyuw bqrcwxsyuw
okcwuqslme okcwuqslme
afkxpktsxw afkxpktsxw
wlzaatlgns wlzaatlgns
kjgjbkdckc kjgjbkdckc
vtquakjujf vtquakjujf
dllzvxpcgk dllzvxpcgk
rulcikswsa rulcikswsa
toeqvvzlae toeqvvzlae
xtugynuehn xtugynuehn
xdhiumwdwn xdhiumwdwn
lvqqznnzyn lvqqznnzyn
efgyvzmusc efgyvzmusc
kufcwxmspu kufcwxmspu
cpdpvshtof cpdpvshtof
gmvwahagsy gmvwahagsy
auonnlthcz auonnlthcz
