Egsmith Waltditch Wenside Alfchester Watchavon Shaftbridge Penborne Staplake Wychbeck Wywick Burfield Wychnell Egtree Stainbrough Nortley Wetwick Sudwich Pemlow Watchcombe Wenbeck Brackbrough Stainby Wenwold Sudtree Flitgrove Chelmbeck Cookford Farnsmith Wychsmith Chelmwang Hurstlow Edgey Shaftbage Egavon Wychbourne Barnton Ashbourne Barnton Egsmith
31
Barnton Barnton
Chelmbeck Chelmbeck
Alfchester Alfchester
Wychsmith Wychsmith
Brackbrough Brackbrough
Nortley Nortley
Wychbourne Wychbourne
Penborne Penborne
Egavon Egavon
Wywick Wywick
Chelmwang Chelmwang
Shaftbridge Shaftbridge
Stainbrough Stainbrough
Waltditch Waltditch
Wenside Burbourne Wenside
Wenwold Wenwold
Egtree Chelmden Egtree
Stainby Stainby
Shaftbage Ashdown Shaftbage
Staplake Staplake
Ashbourne Stapbeck Ashbourne
Wenbeck Wenbeck
Wychbeck Wychbeck
Cookford Cookford
Sudtree Leathermere Sudtree
Farnsmith Farnsmith
Wychnell Wychnell
Flitgrove Flitgrove
Pemlow Pemlow
Edgey Edgey
Wetwick Wetwick
