Chelmbourne Edgwich Staintree Elgrove Staflow Rocktree Whitborough Rocktree Barnden Durditch Hornley Hurstworth Waltbrook Stafthorne Stapwell Alfby Elside Whitavon Nortcastle Egcastle Melborne Sudworth Wenwang Edgchester Bursted Staflow Cleredon Wyhead Hornbridge Stapwold Marlton Alfwell Casford Stainden Prestdon Barngrove Hartbage Bracklow Pemwood Sodside Brainbridge Prestey Sudwich Enlow Cookton Egborne Alfcastle Barnham Stapmoor Stapthorne Clerethorne Dartsted Kingsbrook Shrivside Southmere Stainhall Whitover Stainside Enbage Flitham Enbage Prestey Wenborough Elgrove Chelmbourne
51
Chelmbourne Shaftwich
Hornley Hornley
Dartsted Dartsted
Bracklow Bracklow
Sudwich Sudwich
Stapmoor Stapmoor
Stapwell Stapwell
Sudworth Sudworth
Alfwell Aldhall Alfwell
Edgchester Horncester Edgchester
Enlow Enlow
Wenborough Wenborough
Southmere Southmere
Waltbrook Waltbrook
Whitover Whitover
Marlton Marlton
Stapthorne Stapthorne
Egborne Egborne
Cleredon Cleredon
Stainside Stainside
Hartbage Hartbage
Wenwang Wenwang
Pemwood Pemwood
Prestey Prestey
Barnham Barnham
Casford Casford
Whitborough Horndown Whitborough
Prestdon Prestdon
Hurstworth Hurstworth
Stainhall Stainhall
Elside Elside
Enbage Enbage
Whitavon Whitavon
Bursted Bursted
Rocktree Cookbridge Rocktree
Sodside Sodside
Staintree Staintree
Flitham Kingsley Shrivlow Flitham
Durditch Durditch
Clerethorne Barnside
Shrivside Shrivside
Wyhead Wyhead
Kingsbrook Wenden
Edgwich Edgwich
Staflow Staflow
Brainbridge Brainbridge
Egcastle Egcastle
Alfby Leatherlake Leatherlow Alfby
Elgrove Elgrove
Melborne Pemwold
Cookton Cookton
