qtq uxr wuc npu zgf cnv xmz wpq vsu wuf rwt itg hba rxi hhe zbn vaf ase mmf qls qlo cpw lfh spp qyi bwq lnv qjm gak lxt egz cjp zqn fib gup bpm cxu qoe nkx pkx orc nhk unf vlt ptq ynq nxr ooi xax fgo pug qbe qfc kza krg uoz ifc plx utd yiz ili bsz iuz nfy art ooc brk hxp fne wiq slq nhr viv tro tmd wpo htv jta rod txk thz pwa udq unk pxs rut qbj mnv lah llr uca qnn tvy hxo yvu uwp rju sfp zgs eku thd ahy xdz pjx pta oto wju qtq
88
pta pta
xdz xdz
hhe hhe
htv eqm htv
itg itg
xax xax
nhk nhk
qtq qtq
ptq ptq
ase ase
krg krg
gup gup
ifc fsl ifc
pxs pxs
qbe qbe
kza kza
pkx pkx
qnn qnn
nkx nkx
wuc wuc
sfp sfp
cpw cpw
zgf zgf
ooi ooi
uxr uxr
pwa pwa
ynq ynq
wju wju
jta jta
fgo fgo
zbn zbn
hxo ukh hxo
bsz bsz
qjm qjm
tro tro
art idl
rut rut
lah xos lah
nfy tnl nfy
egz bai vub egz
uca uca
npu npu
pjx pjx
vlt vlt
vaf vaf
mnv mnv
hxp hxp
wiq wiq
qfc qfc
nhr nhr
lxt lxt
rxi rxi
tmd tmd
uoz uoz
wuf wuf
slq slq
ili ili
lnv lnv
uwp uwp
txk txk
yiz yiz
iuz iuz
zgs zgs
cxu cxu
gak gak
udq tmc udq
zqn zqn
rju rju
ooc ooc
plx plx
wpo mbx
lfh lfh
thz thz
thd jno thd
viv viv
qlo qlo
wpq wpq
rwt ahv rwt
brk brk
cjp cjp
orc hpb orc
qls qls
cnv cnv
qbj dkn qbj
rod rod
vsu vsu
ahy ahy
spp spp
