Soda Browning Kenilworth Bret Vermont Comstock Haskell Ajax Forest Terrace Fresno Bowditch Bataan Haste Kentucky Marin Greenwood Heinz Allston Solano Eunice Lewiston Eunice Domingo Acacia Shasta Addison Byron Columbia High Amador Florida Muir Cutter Bancroft Menlo Colusa Menlo Belrose Haviland Summit Vicente Alvarado Overlook Mabel Spring Poplar Keeler Pardee Yolo Bristol Hospital Anne Arch Poppy Soda
46
Addison Addison
Ajax Ajax
Allston Allston
Anne Anne
Arch Arch
Bancroft Bancroft
Bataan Bataan
Belrose Belrose
Bowditch Bowditch
Bret Bret
Bristol Bristol
Browning Browning
Byron Byron
Columbia Columbia
Colusa Fulton Colusa
Comstock Comstock
Cutter Cutter
Domingo Domingo
Eunice Eunice
Florida Florida
Forest Forest
Fresno Fresno
Greenwood Greenwood
Haskell Haskell
Haste Haste
Haviland Haviland
Heinz Heinz
High High
Hospital Hospital
Keeler Keeler
Kenilworth Kenilworth
Lewiston Edith Lewiston
Mabel Mabel
Marin Madera Marin
Menlo Burnett Menlo
Muir Muir
Overlook Overlook
Pardee Pardee
Poplar Poplar
Poppy Poppy
Shasta Shasta
Spring Spring
Summit Summit
Terrace Terrace
Vermont Vermont
Yolo Martin
