FD BG AU AF GO HB HD AW DE AG GK DP BO HH EE CM CG CK BV AC GH CA FG DU DM CL GA AZ BN BE EJ DC FP GQ BC DZ AT EQ AV EM HO BK DQ CE AX FS FQ EX FN HM FY EZ FJ HC DV BF EG DA ER DN CF EN FV BA GN CC CB CO EK AM DK AD BZ AK HR FX EY FT BM AJ EO ED GR FB CT GZ FR BQ EW GM ET CW GF CI HP FM HF GC GS GX CS GD FI ES DF GP DI CU FD
97
AC FU
AD AD
AF AF
AG AG
AJ DB AJ
AK AK
AM AM
AT AT
AU AU
AV AV
AW AW
AX AX
AZ AZ
BA BA
BC BC
BE BE
BF BF
BG BG
BK BK
BM BM
BN BN
BO BO
BQ BQ
BV BV
BZ BZ
CA CA
CB CB
CC CC
CF CF
CG CG
CI CI
CK CK
CL CL
CM BT
CO CO
CS CS
CT CT
CU CU
CW CW
DA DA
DC DC
DE DE
DF DF
DI DI
DK DK
DM DM
DN DN
DP DP
DQ DQ
DU DU
DZ DZ
ED DH
EE EE
EG EG
EJ EJ
EK FO EK
EM EM
EN EN
EO EO
ER ER
ES ES
ET ET
EW EW
EX EX
EY EY
EZ EZ
FI FI
FJ FJ
FM FM
FN FN
FP EL FP
FR FR
FS FS
FT FT
FV FV
FY FY
GA GA
GC GC
GD GD
GF GF
GK GK
GN GN
GO GO
GP GP
GQ GQ
GR GR
GS GS
GX GX
GZ GZ
HB HB
HC HC
HD HD
HF HF
HH HH
HO HO
HP HP
HR HR
