186 136 172 22 71 32 177 196 2 79 183 90 5 17 19 29 11 162 150 86 49 194 121 89 70 178 97 157 67 143 156 195 108 35 128 45 144 33 74 174 134 188 168 107 140 61 190 198 138 30 104 14 186
51
128 128
2 2
5 5
134 134
136 136
138 138
11 11
140 140
14 14
143 143
144 144
17 17
19 19
22 22
150 150
156 156
29 29
157 157
30 30
32 32
33 33
162 162
35 35
168 168
172 172
45 45
174 174
177 177
49 49
178 178
183 183
188 188
61 61
190 190
194 194
67 67
196 196
195 195
70 70
71 71
198 198
74 74
79 79
86 86
89 89
90 90
97 97
104 104
107 107
108 108
121 121
