Wolney Braindlemoor Horndleside Reddingringey Sodden Nortditch Sodditch Brombrough Hamwich Rotsted Wendlethorne Chipcester Ketthorne Southcompmere Bromwich Stapseyden Sistanwick Boothingtree Reddingbourne Edgfield Hannensworth Watchsmith Endlesthorne Boothingwick Rockdenport Hampenlake Hanbasside Bootherbersted Wendlerewick Dribbinglow Ribbendhead Toddlenell Egmanston Blanavon Ennell Wolden Horslake Brackavon Wycombe Meley Sundlecombe Chedcastle Basserchester Cannell Camsreborough Braindlemere Endingey Ellensbrough Eggermoor Cheddenwang Sudhead Wencester Windlesseywang Cirercompsted Pendlesbascastle Endcastle Marlborne Pendlesford Whitborough Camhampton Emthorne Elmerdown Skelling Chilworth Wolbourne Braddlesreport Farnsmerbeck Marlringlake Hammingreport Camsmere Burglesbrook Soddlesbasbourne Braddleswick Sismith Hammermere Clereshot Worringcompgrove Alddlesenbage Horndlehampton Falrensavon Suddingney Hannerley Toddleborne Kettenwell Sundlesborne Staindlemansavon Chilmermere Penswick Tiphampton Ketworth Ciringover Aldlow Cammertree Candleseyney Elsmith Suddendwell Sudderbage Camsted Sirengrove Worglesmernell Sodham Durrenslow Bootbeck Flitcompwold Sunsseybrook Camtree Reddlesley Chippingchester Ribblesremoor Worrersted Skellerbury Rothensden Wychringden Ensdown Chedwick Dribberbrough Emsbrook Melborne Camling Sudderwick Shaftport Falbaswood Siringbrook Leatherberlake Skellingbaswold Skellingmansgrove Elringlow Egwich Skellingmansgrove Skellingbaswold Siringbrook Falbaswood Shaftport Sudderwick Camling Melborne Dribberbrough Chedwick Ensdown Wychringden Rothensden Skellerbury Ribblesremoor Chippingchester Reddlesley Camtree Sunsseybrook Flitcompwold Durrenslow Sodham Worglesmernell Sirengrove Camsted Sudderbage Elsmith Candleseyney Cammertree Aldlow Ciringover Ketworth Penswick Chilmermere Staindlemansavon Sundlesborne Kettenwell Toddleborne Suddingney Falrensavon Horndlehampton Alddlesenbage Worringcompgrove Clereshot Sismith Braddleswick Soddlesbasbourne Burglesbrook Camsmere Hammingreport Farnsmerbeck Braddlesreport Wolbourne Chilworth Skelling Elmerdown Camhampton Whitborough Pendlesford Marlborne Endcastle Pendlesbascastle Windlesseywang Wencester Sudhead Cheddenwang Eggermoor Ellensbrough Braindlemere Camsreborough Cannell Basserchester Chedcastle Sundlecombe Wycombe Brackavon Horslake Wolden Ennell Blanavon Toddlenell Ribbendhead Dribbinglow Wendlerewick Bootherbersted Hanbasside Rockdenport Boothingwick Endlesthorne Watchsmith Hannensworth Edgfield Boothingtree Sistanwick Stapseyden Bromwich Southcompmere Ketthorne Wendlethorne Rotsted Hamwich Brombrough Sodditch Nortditch Reddingringey Horndleside Wolney
55
Braindlemoor Braindlemoor
Sodden Sodden
Brombrough Brombrough
Hamwich Hamwich
Chipcester Chipcester
Bromwich Bromwich
Stapseyden Stapseyden
Reddingbourne Reddingbourne
Watchsmith Watchsmith
Endlesthorne Endlesthorne
Hampenlake Hampenlake
Wendlerewick Wendlerewick
Dribbinglow Dribbinglow
Egmanston Egmanston
Wolden Wolden
Horslake Horslake
Meley Meley
Basserchester Basserchester
Cannell Cannell
Endingey Endingey
Cheddenwang Cheddenwang
Sudhead Sudhead
Cirercompsted Cirercompsted
Marlborne Marlborne
Pendlesford Pendlesford
Emthorne Emthorne
Chilworth Chilworth
Wolbourne Wolbourne
Marlringlake Marlringlake
Burglesbrook Burglesbrook
Soddlesbasbourne Soddlesbasbourne
Hammermere Hammermere
Alddlesenbage Alddlesenbage
Horndlehampton Horndlehampton
Hannerley Hannerley
Sundlesborne Sundlesborne
Staindlemansavon Staindlemansavon
Tiphampton Tiphampton
Aldlow Aldlow
Cammertree Cammertree
Suddendwell Suddendwell
Sirengrove Sirengrove
Worglesmernell Worglesmernell
Bootbeck Bootbeck
Camtree Camtree
Reddlesley Reddlesley
Worrersted Worrersted
Wychringden Wychringden
Ensdown Ensdown
Emsbrook Emsbrook
Sudderwick Sudderwick
Shaftport Shaftport
Leatherberlake Leatherberlake
Elringlow Elringlow
Egwich Chilhall
