Warfield Chilbury Brackcompwang Chelmstanwell Hammerringey Skelling Suddleborne Cammerrensmoor Wyborne Cambingstoke Suddlecombe Ashfield Millendon Windling Dribblewick Skellingden Barndberbrough Worhall Dribbingworth Leatherbleside Siringwang Chedtree Burglebrough Sudsmith Elmansham Chedderrenswich Cannerthorne Todtree Cicombe Falport Soddlewick Hamsling Hannenmanswick Ashborne Fulbourne Southbasport Fulbourne Stainbrough Worberbrook Bothingney Horstlescompstoke Pendlewood Faldinghead Suddlecastle Pendingbrook Ketsmith Warfield
40
Barndberbrough Barndberbrough
Suddlecastle Suddlecastle
Chedtree Suddleover Chedtree
Ashfield Ketport Ashfield
Suddleborne Suddleborne
Soddlewick Soddlewick
Burglebrough Burglebrough
Elmansham Elmansham
Worberbrook Worberbrook
Warfield Warfield
Chilbury Chilbury
Cambingstoke Cambingstoke
Windling Windling
Leatherbleside Leatherbleside
Cammerrensmoor Cammerrensmoor
Chelmstanwell Chelmstanwell
Horstlescompstoke Horstlescompstoke
Pendlewood Pendlewood
Pendingbrook Pendingbrook
Hannenmanswick Hannenmanswick
Ketsmith Whitchester
Cicombe Cicombe
Skellingden Skellingden
Brackcompwang Brackcompwang
Dribbingworth Bastleseyham Dribbingworth
Stainbrough Northall Stainbrough
Todtree Todtree
Chedderrenswich Chedderrenswich
Hammerringey Hammerringey
Ashborne Tipwick Ashborne
Falport Botherseyworth Falport
Southbasport Chiphead Southbasport
Wyborne Wyborne
Worhall Worhall
Siringwang Siringwang
Hamsling Hamsling
Millendon Millendon
Sudsmith Sudsmith
Suddlecombe Basringney Ellingreham Chippingsted Suddlecombe
Skelling Skelling
