Whitgrove Worberney Egwick Pemnell Rothingcombe Milthorne Whitringlake Falworth Botshot Hurstdown Shaftwick Egmerhampton Suddenmoor Tippenbrook Marlbeck Enderbeck Sifield Abcester Botbeck Sundendford Chedworth Suddingover Ellerbridge Worrenberwang Bothenhall Dribberham Wychcompwold Shaftborough Cihead Skellenshot Egbeck Cireport Leatherport Alfmere Hamscombe Worford Falderseythorne Penby Stapbrough Reddingtree Dribwold Rothendcombe Bastlebury Emmerley Hamwold Blansbrook Fullensborne Sundlethorne Abgleham Siavon Horsnell Warsmith Wetsmith Warsmith Horstleover Toddenmerbrough Casbrook Redcombe Siey Worhall Reddendeney Wendleringdown Stainbrough Tippendham Watchlake Tippingbage Bootwick Todhampton Clereennell Bromstanham Ribbenhall Boothingmanstree Faldenhall Wethampton Egsted Marlcester Nortwell Bassinghead Southbury Abglewold Farnditch Ribberrenston Southmere Chelmdenmoor Ketnell Toddenmoor Durbrook Wychchester Prestwick Sundcompney Dartden Cirerham Reddensden Melwood Endleshall Candleswick Skellingover Stapbrook Wetwick Hampingbascombe Sirenshall Cannerthorne Waltbeck Hampingcastle Basditch Hampingworth Botenbrook Tipstoke Burlake Sodport Skelberden Bothenton Sodberling Bursmith Dribblecombe Whitgrove
94
Hampingworth Hampingworth
Wetsmith Elside Wetsmith
Horsnell Horsnell
Boothingmanstree Boothingmanstree
Toddenmerbrough Endingnell
Bastlebury Bastlebury
Sodport Sodport
Sirenshall Sirenshall
Alfmere Alfmere
Emmerley Emmerley
Skellenshot Skellenshot
Prestwick Prestwick
Worhall Worhall
Rothendcombe Rothendcombe
Nortwell Nortwell
Reddingtree Eley
Wetwick Wetwick
Worrenberwang Worrenberwang
Sifield Sifield
Blansbrook Blansbrook
Bromstanham Bromstanham
Falworth Falworth
Abcester Abcester
Falderseythorne Falderseythorne
Leatherport Leatherport
Tippenbrook Tippenbrook
Dartden Dartden
Durbrook Durbrook
Hampingcastle Hampingcastle
Dribblecombe Dribblecombe
Stapbrough Stapbrough
Chedworth Chedworth
Tippendham Tippendham
Watchlake Farndlesover Ketchester Watchlake
Basditch Basditch
Egmerhampton Egmerhampton
Tipstoke Tipstoke
Dribberham Dribberham
Whitgrove Whitgrove
Rothingcombe Rothingcombe
Bothenhall Bothenhall
Reddendeney Reddendeney
Candleswick Candleswick
Hamwold Hamwold
Sundlethorne Sundlethorne
Shaftborough Shaftborough
Whitringlake Whitringlake
Enderbeck Enderbeck
Cirerham Wolley
Penby Penby
Casbrook Casbrook
Siavon Siavon
Farnditch Farnditch
Cihead Cihead
Botbeck Botbeck
Abglewold Abglewold
Bootwick Bootwick
Southmere Southmere
Suddenmoor Staincombe Suddenmoor
Milthorne Milthorne
Clereennell Clereennell
Egsted Egsted
Sundendford Sundendford
Ellerbridge Wycastle Ellerbridge
Ribberrenston Ribberrenston
Wychchester Wychchester
Suddingover Suddingover
Cannerthorne Cannerthorne
Ketnell Ketnell
Egwick Staplow
Worford Rotherlow Worford
Skellingover Skellingover
Southbury Southbury
Horstleover Horstleover
Abgleham Abgleham
Wendleringdown Wendleringdown
Skelberden Skelberden
Warsmith Marlbrook
Waltbeck Waltbeck
Hampingbascombe Hampingbascombe
Burlake Endleberey
Wethampton Wethampton
Bursmith Bursmith
Siey Siey
Melwood Melwood
Sodberling Sodberling
Bothenton Bothenton
Tippingbage Tippingbage
Marlcester Marlcester
Faldenhall Faldenhall
Toddenmoor Toddenmoor
Wychcompwold Wychcompwold
Redcombe Redcombe
Todhampton Todhampton
