Hamsbourne Sundlechester Skelgrove Sudbage Shaftthorne Camhampton Enderton Stafdenbourne Wendleslake Boothenrensborough Wendleslake Cimansbrough Rocklow Dribstoke Chilringfield Rotmerby Sunderborough Rotmerby Chilringfield Egginglow Sodderrenshead Leatherblesley Botherstanport Prestbourne Hamperrehampton Chipfield Hamsbourne
20
Enderton Enderton
Sundlechester Sundlechester
Chipfield Cammercastle Chipfield
Hamperrehampton Hamperrehampton
Leatherblesley Camswich Leatherblesley
Skelgrove Warrewick
Botherstanport Wolvencester
Sodderrenshead Sodderrenshead
Camhampton Hartberbury Camhampton
Shaftthorne Shaftthorne
Dribstoke Melshot
Rocklow Rocklow
Sunderborough Ciley Sunderborough
Stafdenbourne Chipsted
Boothenrensborough Candlesdon Boothenrensborough
Sudbage Sudbage
Chilringfield Chilringfield
Prestbourne Prestbourne
Cimansbrough Cimansbrough
Rotmerby Rotmerby
