0 15 30 45 60 75 90 106 122 107 91 92 108 123 124 109 94 79 80 95 80 81 82 98 99 84 85 100 85 70 71 56 41 25 10 11 12 28 43 58 73 58 59 89 104 103 87 86 85 84 83 82 66 51 36 52 68 53 38 23 8 7 6 5 20 5 4 19 18 33 48 63 47 31 15 0
45
0 0
5 5
7 7
8 8
10 10
12 13
15 15
18 3 18
19 34
20 35 20
23 23
25 40 25
28 28
30 30
31 46 31
36 50 36
41 55 41
45 45
47 47
51 51
52 52
56 56
63 63
68 68
70 70
71 71
73 57 73
75 76 75
79 78
80 80
83 83
85 85
87 88
90 105 90
94 93
95 110 111 95
98 98
100 116 115 100
103 103
104 119
106 121 120 106
108 108
109 109
122 122
124 124
