0 49 154 116 32 75 116 6 38 79 164 35 9 167 117 119 29 95 96 67 44 182 77 50 157 70 155 28 103 170 1 183 139 63 91 136 146 129 194 163 161 145 160 85 19 74 126 111 51 22 31 48 199 186 197 105 196 179 26 8 39 151 82 58 64 118 17 175 106 69 135 180 178 193 25 109 127 191 134 128 184 73 36 97 104 60 83 14 4 141 156 168 125 133 100 10 12 78 81 121 20 130 87 159 42 84 65 173 89 108 120 54 185 18 0
94
4 4
6 6
8 166
9 9
10 10
12 12
14 14
17 17
18 18
19 19
20 20
22 22
25 25
26 176 26
28 28
31 31
32 32
35 138
36 36
38 38
39 39
42 42
44 44
48 48
49 49
50 50
51 51
54 98
58 58
63 63
64 64
65 65
67 47 67
69 69
70 70
74 74
75 75
77 77
78 78
79 79
81 81
83 83
85 99 85
87 87
89 89
91 91
95 95
96 96
100 100
103 103
104 104
106 106
108 102 108
109 109
111 149 111
116 116
117 117
119 119
120 120
121 121
125 125
126 126
128 128
130 130
133 133
134 134
139 139
145 145
146 146
151 151
155 155
156 156
157 157
159 159
160 160
163 163
164 24
168 168
170 170
173 173
175 175
178 178
179 179
180 180
182 182
184 184
185 27 185
186 186
191 137
193 193
194 194
196 196
197 197
199 199
