Plano SantaClara Irving Pasadena Sunnyvale Norman MorenoValley Warren SanFrancisco Rochester OklahomaCity Cary LasVegas Vallejo WestValleyCity StLouis AnnArbor FortLauderdale Norfolk Reno LouisvilleJefferson Tulsa SantaAna Lincoln Seattle Huntsville Chesapeake OWO Mesa Charleston Memphis Montgomery BatonRouge Hayward Denver Beaumont Vancouver Atlanta Garland Omaha Ontario Waco Wichita Lafayette Pikachu JerseyCity Anaheim Elizabeth Lancaster Torrance Akron Escondido Hollywood Fontana SanJose Glasses Stamford Allentown Killeen FortCollins SiouxFalls SantaRosa Laredo Tampa Portland GrandPrairie McAllen ThousandOaks Tampa Glendale Raleigh Denton Chicago Salinas GardenGrove Philadelphia Anchorage Thornton Joliet Mesquite Worcester Dallas Hartford Mobile HuntingtonBeach Corona Brownsville Knoxville SanBernardino Madison Fremont SantaClarita CorpusChristi Spokane Pomona Houston SanAntonio NewHaven Davidson Teemo Greensboro Surprise NewOrleans AugustaRichmond Fullerton Irvine Olathe Miami Cincinnati Tallahassee Riverside Rockford Plano
97
Vancouver Vancouver
Sunnyvale Sunnyvale
Mobile Mobile
AugustaRichmond AugustaRichmond
SanJose SanJose
FortLauderdale FortLauderdale
Pomona Pomona
Garland Garland
SantaClarita SantaClarita
SiouxFalls SiouxFalls
Mesquite Mesquite
Rockford Rockford
StLouis StLouis
GrandPrairie GrandPrairie
Irving Irving
Norman Norman
Anchorage Anchorage
JerseyCity JerseyCity
GardenGrove GardenGrove
Allentown Allentown
Laredo Laredo
Olathe Olathe
SanFrancisco SanFrancisco
Tulsa Tulsa
Davidson Davidson
Montgomery Montgomery
Greensboro Greensboro
Portland Portland
OklahomaCity OklahomaCity
Charleston Charleston
Tallahassee Hampton
CorpusChristi CorpusChristi
Corona Corona
Cary Cary
Stamford Stamford
Denver Denver
Escondido Escondido
Ontario Ontario
Lincoln Lincoln
Anaheim Anaheim
OWO OWO
Vallejo Vallejo
Hayward Hayward
Dallas Dallas
Chicago Chicago
Huntsville Huntsville
Wichita Wichita
Akron Akron
Denton Denton
Cincinnati Cincinnati
Brownsville Brownsville
Glendale Glendale
Waco Waco
Madison Madison
Hartford Hartford
Atlanta Oxnard Atlanta
Killeen Killeen
Lancaster Lancaster
Thornton Thornton
Beaumont Beaumont
ThousandOaks ThousandOaks
Torrance Torrance
NewOrleans NewOrleans
Surprise Surprise
Norfolk Norfolk
LouisvilleJefferson LouisvilleJefferson
Warren Warren
Memphis Memphis
Hollywood Hollywood
Riverside Riverside
Raleigh Raleigh
Irvine LittleRock Irvine
McAllen McAllen
Pikachu Pikachu
LasVegas LasVegas
Worcester Worcester
Glasses Glasses
Tampa Tampa
MorenoValley MorenoValley
Omaha Omaha
FortCollins FortCollins
Knoxville Knoxville
SantaClara SantaClara
AnnArbor AnnArbor
Mesa Mesa
Houston Houston
Miami Miami
SanBernardino SanBernardino
NewHaven NewHaven
Elizabeth Elizabeth
Pasadena Pasadena
Salinas Salinas
Fremont Fremont
Lafayette Lafayette
HuntingtonBeach SimiValley HuntingtonBeach
SantaRosa SantaRosa
SanAntonio SanAntonio
