Waco SanAntonio MorenoValley OverlandPark Newark Lincoln ChulaVista SantaClara Irving Oski Rochester SaltLakeCity AnnArbor Palmdale FortCollins Victorville SanBernardino Stamford Clarksville Palmdale LexingtonFa OWO AthensClarkeCounty SanFrancisco Richmond Aurora KansasCity OverlandPark Waco
21
KansasCity Omaha
Clarksville Clarksville
AnnArbor AnnArbor
Richmond Richmond
SanAntonio SanAntonio
Rochester Rochester
FortCollins FortCollins
AthensClarkeCounty AthensClarkeCounty
LexingtonFa LexingtonFa
ChulaVista ChulaVista
Irving Irving
Newark Newark
OWO SterlingHeights OWO
SanBernardino SanBernardino
MorenoValley MorenoValley
SanFrancisco SanFrancisco
Stamford Cary Stamford
SaltLakeCity SaltLakeCity
Victorville StPaul
Lincoln Detroit Lincoln
Palmdale FortWayne Palmdale
