0 185 23 153 162 47 129 152 138 157 35 3 4 9 130 88 183 100 68 101 37 108 37 177 78 52 199 59 114 154 174 119 125 50 182 135 93 131 38 74 22 195 122 184 72 17 5 160 8 163 1 133 86 84 46 12 120 167 69 176 51 164 111 112 80 26 113 76 42 159 141 97 27 193 39 56 67 172 67 2 98 89 151 24 31 158 107 115 117 14 13 102 30 197 140 70 124 96 175 143 21 43 87 11 65 128 28 187 83 15 16 116 66 0
94
0 0
1 1
2 2
3 3
4 4
5 5
8 8
9 103 9
11 11
13 13
14 14
15 15
16 16
17 94 137 17
21 21
22 22
23 23
24 24
26 26
27 27
28 28
31 31
35 35
38 38
39 39
42 42
43 43
47 47
50 50
51 51
52 52
56 56
59 59
65 65
66 66
67 67
68 68
69 69
70 70
72 72
74 74
76 33
78 78
80 80
83 83
84 84
86 86
87 190
89 89
93 93
96 96
98 98
100 100
101 101
102 102
107 107
108 20 166
111 111
113 18
114 114
115 115
116 116
120 120
125 125
128 81 128
129 129
130 130
133 133
138 138
140 71
141 141
143 143
151 151
152 152
153 153
154 154
157 157
158 158
159 159
160 160
163 146
164 164
167 167
172 134 172
174 174
175 173
177 177
182 182
183 183
184 184
187 187
193 193
197 197
199 199
