a1 g1 b1h b2 b3 b2 b1h g1 g2 f1h f20 f21h f60h f21h f58h f21h f56h f21h f54h f21h f52h f21h f50h f21h f48h f21h f46h f21h f44h f21h f42h f21h f40h f21h f38h f21h f36h f21h f34h f21h f32h f21h f30h f21h f28h f21h f26h f21h f24h f21h f22h f21h f20 f1h g2 c1 c2 c3 c8 c9 c16 c9 c8 c3 c2 c1 g2 e1 e2 e4h e5 e7 e1 g2 d1 d8h d7 d6 d5 d4 d3 d2 d1 g2 g1 a1
32
a1 a21h
b1h b1h
b3 b7h b10h b13h b4h b5h
c3 c6h
c9 c21h c19h c13h c11h
c16 c17h c15h
d5 d13h
d8h d8h
e4h e4h
e5 e6h
f1h f19h f17h f15h f13h f11h f9h f7h f5h f3h f1h
f21h f21h
f22h f23h f22h
f24h f25h f24h
f26h f27h f26h
f28h f29h f28h
f30h f31h f30h
f32h f33h f32h
f34h f35h f34h
f36h f37h f36h
f38h f39h f38h
f40h f41h f40h
f42h f43h f42h
f44h f45h f44h
f46h f47h f46h
f48h f49h f48h
f50h f51h f50h
f52h f53h f52h
f54h f55h f54h
f56h f57h f56h
f58h f59h f58h
f60h f61h f60h
