Jingzhou Ghugus Veenendaal Ouarzazat Entroncamento Chegem Khabarovsk Crespo Carmichael elCampello Jeypore Malnate CoonRapids Sagalo BurgbeiMagdeburg Chittaranjan SmederevskaPalanka Kirovsk Srinagar Kheri Ermelo Shumen Shizunaifurukawacho TanahMerah FortLauderdale Depok Bejucal Thamaga Tottori SanJosedeOcoa Ketrzyn Ronse AzZuwaytinah RioFormoso Radnor LondonderryCountyBor Rembangan Gangtok BeneBeraq Ibri Colachel Carouge Tabatinga Kabarnet Sanaa JabalosSaraj Frosinone SaintMichael Rangae Shively Lysva Jingzhou
48
Sagalo Sagalo
Ghugus Manduria Ghugus
Khabarovsk Khabarovsk
JabalosSaraj JabalosSaraj
SanJosedeOcoa SanJosedeOcoa
elCampello elCampello
Chegem Chegem
Tottori Tottori
Sanaa Sarzedo Sanaa
SaintMichael SaintMichael
RioFormoso RioFormoso
Ketrzyn Ketrzyn
Crespo Crespo
AzZuwaytinah AzZuwaytinah
Kirovsk Kirovsk
Ermelo Ermelo
Thamaga Thamaga
Srinagar Srinagar
Shively Shively
Rembangan Rembangan
Ronse Ronse
LondonderryCountyBor LondonderryCountyBor
Radnor Radnor
Ouarzazat Ouarzazat
CoonRapids CoonRapids
Lysva Lysva
Entroncamento Entroncamento
Colachel Colachel
Rangae Rangae
Tabatinga Tabatinga
BeneBeraq BeneBeraq
Ibri Ibri
Gangtok Gangtok
Carouge Carouge
Shumen Shumen
Chittaranjan Chittaranjan
Jeypore Jeypore
Malnate Malnate
BurgbeiMagdeburg BurgbeiMagdeburg
Kabarnet Kabarnet
FortLauderdale FortLauderdale
Shizunaifurukawacho Shizunaifurukawacho
Veenendaal Veenendaal
Depok Depok
TanahMerah TanahMerah
Bejucal Bejucal
Kheri Kheri
Carmichael Carmichael
