LesLilas AinBessem Kairouan Johnston Wenchi Gunzenhausen SanJuandelaMaguana NoblePark Kotka PortoVelho FetestiGara Garbsen Ortaca Geiro Zhaodong Aracuai NorthAurora VillaPauladeSarmient GongdanglegiKulon Sobue Arzamas Shimofurano Gorgan Manacapuru Shurugwi Kemise SouthSaintPaul Sorada Baramula Mabopane Rhondda Itororo MadinatHamad AinArnat Battambang Mandan Butuan Kaifeng Aringay AshtonunderLyne Shchekino Angleton SenadorPompeu Acarau Akcaabat Mauban WestIslip Embu Tabou SenaMadureira Pezinok Belalcazar Oerlinghausen Morwa Braila Bury PriegodeCordoba Turek Andrychow GuaMusang Skelmersdale Vyazniki Ontinyent Acireale FortWorth Langenhorn Haripur Pozzuoli Escada Nagar Fuxin Mocoa EastLongmeadow Gowurdak Hangu Daokou Sosnovka HaciendaLaCalera KotRadhaKishan Izhevsk Ibirataia Hirosaki TagbilaranCity MineralnyeVody BlueIsland ChalcodeDiazCovarrub Kambove MonteAlegre CapimGrosso SantanadoLivramento Korsakov NahiyatashShinafiyah SaintCyrlEcole Haora Kineshma SpanishTown Lloydminster Khulm Anjarah Yafo Vaniyambadi Prostejov Twante Rivas Espiye Ipil LesLilas
98
Kaifeng Kaifeng
Gorgan Gorgan
Fuxin Fuxin
Zhaodong Zhaodong
Anjarah Anjarah
VillaPauladeSarmient VillaPauladeSarmient
PriegodeCordoba PriegodeCordoba
HaciendaLaCalera HaciendaLaCalera
Twante Twante
Ontinyent Ontinyent
SaintCyrlEcole SaintCyrlEcole
Mocoa Mocoa
AshtonunderLyne AshtonunderLyne
Izhevsk Izhevsk
Wenchi Wenchi
Hirosaki Hirosaki
Gowurdak Gowurdak
Embu Embu
Espiye Espiye
AinArnat AinArnat
EastLongmeadow Wangon EastLongmeadow
Daokou Daokou
SpanishTown SpanishTown
Vaniyambadi Vaniyambadi
Johnston Johnston
Aracuai Aracuai
MineralnyeVody MineralnyeVody
Oerlinghausen Oerlinghausen
Kemise Kemise
Langenhorn Langenhorn
Sosnovka Shieli Sosnovka
Baramula Baramula
MadinatHamad MadinatHamad
WestIslip WestIslip
Acarau Acarau
GuaMusang GuaMusang
FortWorth FortWorth
Tabou Tabou
Manacapuru Manacapuru
NoblePark NoblePark
Sorada Sorada
Yafo Yafo
Ibirataia Ibirataia
MonteAlegre MonteAlegre
Khulm Khulm
Morwa Morwa
Kairouan Kairouan
SanJuandelaMaguana SanJuandelaMaguana
Itororo Itororo
Haripur Haripur
Battambang Battambang
Arzamas Arzamas
TagbilaranCity TagbilaranCity
Bury Bury
Ortaca Ortaca
Akcaabat Akcaabat
Shurugwi Shurugwi
Turek Turek
Belalcazar Belalcazar
KotRadhaKishan KotRadhaKishan
Nagar Nagar
Pozzuoli Pozzuoli
Lloydminster Lloydminster
SantanadoLivramento SantanadoLivramento
CapimGrosso CapimGrosso
SouthSaintPaul SouthSaintPaul
Vyazniki Vyazniki
Kotka Kotka
Haora Haora
BlueIsland BlueIsland
Kineshma Kineshma
Skelmersdale Skelmersdale
Gunzenhausen Gunzenhausen
SenaMadureira SenaMadureira
Rhondda Rhondda
PortoVelho PortoVelho
Shimofurano Shimofurano
Andrychow Andrychow
Prostejov Prostejov
AinBessem AinBessem
Mabopane Mabopane
Hangu Hangu
Kambove Kambove
Rivas Rivas
ChalcodeDiazCovarrub ChalcodeDiazCovarrub
Shchekino Shchekino
Braila Braila
Butuan Butuan
Acireale Acireale
SenadorPompeu SenadorPompeu
Korsakov Korsakov
Escada Escada
NahiyatashShinafiyah NahiyatashShinafiyah
Angleton Angleton
FetestiGara FetestiGara
Sobue Sobue
Pezinok Pezinok
Garbsen Garbsen
