Kaimganj Leixlip Mesa Novopokrovskaya Anahuac MilpaAlta PinhalNovo Racine Gobo Albi Karasuyama Tsukawaki Yucheng Isakogorka MontecatiniTerme Dankov Narangba GobernadorGalvez Tocache Fandriana Korolev Tsirang Brecht Norristown Pilibhit Fagaras Kaimganj
24
Dankov Dankov
Karasuyama Karasuyama
Narangba Narangba
Tsukawaki Tsukawaki
Fagaras Fagaras
Pilibhit Irvine Pilibhit
Racine Racine
PinhalNovo PinhalNovo
Brecht Brecht
Anahuac Anahuac
Yucheng Yucheng
Mesa EncarnaciondeDiaz
Korolev Korolev
Novopokrovskaya Novopokrovskaya
Albi Albi
Tsirang Tsirang
Fandriana Fandriana
Isakogorka Isakogorka
GobernadorGalvez GobernadorGalvez
Gobo Gobo
Tocache Tocache
Leixlip Leixlip
MilpaAlta MilpaAlta
MontecatiniTerme MontecatiniTerme
