lyenDXSN wKxe hU BR s KtvQaJqCJTRpXM8ZI vJxAK1LaHyuu4yFNeul D5kg CmV m zI 7Q L 61 fzp vAIBd1Ae nqeGwct f hVfqebryM4wN A67f fGVqheaVU3e 2AR73oQdnbYqnDCGMFS uy3ouNIxumu7jEuoP1 K0A9bbVLm9atwTf EJDqk Plmj0j Iax35 HwQeXpOEZHQ3s l hjCFXN9kbqn0UCNsZ G50hiUpVStHCMrd frNA534JEvY4f VNvsbB7eWJcAK0fU jvdVvQ 1ds7sqHhanMKkMy M1PxrOPSNUVpc akZmiQ7tmX zzYmU5YFhvp1 o3refHnx4qioqHztqMYE nWkakNi6Qt9d4g K6yVeBnomxSBet wcmx8dhmsO cYPTdnJWL GPeb ImSpax 7h2PJW8oD2ihKQrfQ6 llx2p lt1a5E0H 6DVIvuGfPs2BU Mu 6yeW7sat9rvd wBJRoqVxn1t lyenDXSN
40
VNvsbB7eWJcAK0fU VNvsbB7eWJcAK0fU
GPeb GPeb
M1PxrOPSNUVpc M1PxrOPSNUVpc
vAIBd1Ae vAIBd1Ae
wBJRoqVxn1t wBJRoqVxn1t
frNA534JEvY4f frNA534JEvY4f
hjCFXN9kbqn0UCNsZ hjCFXN9kbqn0UCNsZ
zzYmU5YFhvp1 zzYmU5YFhvp1
BR BR
7Q 7Q
G50hiUpVStHCMrd G50hiUpVStHCMrd
KtvQaJqCJTRpXM8ZI KtvQaJqCJTRpXM8ZI
wcmx8dhmsO wcmx8dhmsO
cYPTdnJWL cYPTdnJWL
2AR73oQdnbYqnDCGMFS 2AR73oQdnbYqnDCGMFS
uy3ouNIxumu7jEuoP1 MBLHuIgjJIXs
hU hU
A67f A67f
nqeGwct nqeGwct
CmV CmV
vJxAK1LaHyuu4yFNeul vJxAK1LaHyuu4yFNeul
6yeW7sat9rvd 6yeW7sat9rvd
lt1a5E0H lt1a5E0H
K0A9bbVLm9atwTf K0A9bbVLm9atwTf
L L
l l
akZmiQ7tmX akZmiQ7tmX
o3refHnx4qioqHztqMYE o3refHnx4qioqHztqMYE
f f
llx2p llx2p
Plmj0j Plmj0j
jvdVvQ jvdVvQ
zI zI
61 61
nWkakNi6Qt9d4g nWkakNi6Qt9d4g
Mu Mu
6DVIvuGfPs2BU 6DVIvuGfPs2BU
hVfqebryM4wN hVfqebryM4wN
HwQeXpOEZHQ3s HwQeXpOEZHQ3s
ImSpax ImSpax
