0 97 96 58 93 86 134 67 191 102 185 169 168 37 113 100 10 126 107 119 159 22 55 188 195 88 77 116 183 57 171 144 166 151 42 70 110 39 40 56 114 173 71 14 35 76 163 5 3 59 60 68 30 65 41 72 21 176 64 24 78 48 8 190 62 52 103 20 85 125 132 23 174 84 109 160 182 51 187 115 53 32 121 148 81 6 26 19 104 105 43 146 83 25 162 38 172 66 175 196 0
100
0 0
3 3
5 5
6 6
8 8
10 10
14 14
19 19
20 20
21 21
22 22
23 23
24 24
25 25
26 26
30 30
32 32
35 35
37 37
38 38
39 39
40 40
41 41
42 42
43 43
48 48
51 51
52 52
53 53
55 55
56 56
57 57
58 58
59 59
60 60
62 62
64 64
65 65
66 66
67 67
68 68
70 70
71 71
72 72
76 76
77 77
78 78
81 81
83 83
84 84
85 85
86 86
88 88
93 93
96 96
97 97
100 100
102 102
103 103
104 104
105 105
107 107
109 109
110 110
113 113
114 114
115 115
116 116
119 119
121 121
125 125
126 126
132 132
134 134
144 144
146 146
148 148
151 151
159 159
160 160
162 162
163 163
166 166
168 168
169 169
171 171
172 172
173 173
174 174
175 175
176 176
182 182
183 183
185 185
187 187
188 188
190 190
191 191
195 195
196 196
