0 68 20 188 174 149 165 194 158 199 20 196 185 150 130 156 145 191 183 168 142 151 146 154 159 186 143 175 134 138 177 171 197 176 137 133 144 153 173 193 131 162 135 179 132 18 68 0
43
130 130
131 131
132 132
133 133
134 134
135 135
137 137
138 138
142 142
143 143
144 144
145 145
146 146
18 152 163 136 160 161 155 139 157 164 141 147 140 148
20 187 198 172 169 182 189 184 195 181 190 178 167 180 170 192 166
149 149
150 150
151 151
153 153
154 154
156 156
158 158
159 159
162 162
165 165
168 168
171 171
173 173
174 174
175 175
176 176
177 177
179 179
183 183
185 185
186 186
188 188
191 191
193 193
194 194
196 196
199 199
197 197
