2 17 139 11 57 75 109 59 36 63 35 27 131 29 161 199 169 140 91 181 31 93 66 189 45 121 166 37 81 72 149 144 193 177 4 127 142 143 89 34 119 153 1 147 13 28 137 133 154 155 154 159 25 185 3 47 107 167 21 79 157 83 164 41 43 92 71 183 115 151 7 99 105 10 39 95 196 171 19 55 195 113 69 135 97 33 101 123 124 87 175 178 165 38 117 163 52 111 42 82 191 85 145 103 61 23 77 65 73 49 179 9 2
94
1 51 1
3 3
7 7
9 9
11 11
13 13
17 17
19 19
21 21
23 23
25 173 25
27 27
29 29
31 31
33 33
34 67
35 35
36 141
37 37
39 39
41 41
43 43
45 45
47 47
49 49
55 55
57 57
59 59
61 61
63 63
65 65
69 69
71 71
72 125
73 73
75 75
77 187 77
79 79
81 81
83 83
85 85
87 87
89 89
91 91
93 93
95 15 95
97 97
99 99
101 101
103 103
105 105
107 107
109 109
111 111
113 113
115 115
117 117
119 119
121 53 121
123 123
127 127
131 131
133 133
135 135
137 137
139 139
143 143
145 145
147 147
149 149
151 151
153 153
154 129
155 5 155
157 157
159 159
161 161
163 163
164 197
165 165
167 167
169 169
171 171
175 175
177 177
179 179
181 181
183 183
185 185
189 189
191 191
193 193
195 195
199 199
