S 4M 4Ea 4Ec 4Ea 4M 4Da 4M 4Ca 4Cb 4Cc 4Cb 4Ca 4M 4Aa 4Ab 4Af 4Ag 4Af 4M 4Bf 4Ba 4M S 3M 3Ea 3Ec 3Ea 3M 3Da 3M 3Ca 3Cb 3Cc 3Cb 3Ca 3M 3Aa 3Ab 3Af 3Ag 3Af 3M 3Bf 3Ba 3M S 2M 2Ea 2Ec 2Ea 2M 2Da 2M 2Ca 2Cb 2Cc 2Cb 2Ca 2M 2Aa 2Ab 2Af 2Ag 2Af 2M 2Bf 2Ba 2M S 1M 1Ea 1Ec 1Ea 1M 1Da 1M 1Ca 1Cb 1Cc 1Cb 1Ca 1M 1Aa 1Ab 1Af 1Ag 1Af 1M 1Bf 1Ba 1M S
48
1M 1Fe
1Aa 1Aa
1Ab 1Ae 1Ad 1Ac 1Ab
1Ag 1Aj 1Ai 1Ah 1Ag
1Ba 1Bb
1Bf 1Bj 1Bi 1Bf
1Ca 1Ca
1Cb 1Cb
1Cc 1Cd 1Cc
1Da 1De 1Dd
1Ea 1Ee 1Ek
1Ec 1Ei 1Eh
2M 2Fe
2Aa 2Aa
2Ab 2Ae 2Ad 2Ac 2Ab
2Ag 2Aj 2Ai 2Ah 2Ag
2Ba 2Bb
2Bf 2Bj 2Bi 2Bf
2Ca 2Ca
2Cb 2Cb
2Cc 2Cd 2Cc
2Da 2De 2Dd
2Ea 2Ee 2Ek
2Ec 2Ei 2Eh
3M 3Fe
3Aa 3Aa
3Ab 3Ae 3Ad 3Ac 3Ab
3Ag 3Aj 3Ai 3Ah 3Ag
3Ba 3Bb
3Bf 3Bj 3Bi 3Bf
3Ca 3Ca
3Cb 3Cb
3Cc 3Cd 3Cc
3Da 3De 3Dd
3Ea 3Ee 3Ek
3Ec 3Ei 3Eh
4M 4Fe
4Aa 4Aa
4Ab 4Ae 4Ad 4Ac 4Ab
4Ag 4Aj 4Ai 4Ah 4Ag
4Ba 4Bb
4Bf 4Bj 4Bi 4Bf
4Ca 4Ca
4Cb 4Cb
4Cc 4Cd 4Cc
4Da 4De 4Dd
4Ea 4Ee 4Ek
4Ec 4Ei 4Eh
