ZtfcEeD9 lwKMUcFL lWuh5cH8 uEOMgmS6 7VEdC8Bn KZzTlcqA KbQF6Z1I VgwgAKMz FqE4GP0Y Wznv2rRv tKnzhLx5 pDb2VAD0 SqpsWXRw NvpMZWSs HTyyntxa yptfWPBC aDGqWHym 4FNIiWtX Fj27Gybu WOQy49Fo TNblhkGK bKTzHQn4 uEOMgmS6 lWuh5cH8 lwKMUcFL ZtfcEeD9 6MPulFAv nFqouQp3 rbWYBihd NBKhkccj oqraQ3aF yWlzbESz CIF8DWXL FgxkC8N1 ZCQYXo7t 8avKqSxh eHAI1Emd miUcr0K7 4pgwpiHi CxnbNU8s eJJL3lWa YWqBlkAs 43ehQX6O zvH4AKmS gmal2HHS kMauNR5Y wZJN4OBT EAWv9kfQ mlHu9OVg aWGQETjI gKOyNQPh BOlNhFGU o4xf7nVd 62Mn9lau 12RjOKOH wd6UNY9N R2FCohpD EEVF7P1A ZS8CQaI7 lqKnzPvP RjDUex61 IZjIq9He xzWL2Pp8 B65DnegI iF2sCG7R h4MzKYRp aACN5TTZ EB4WBsTV ca785uLx mrK2EXuk ZmF2u9Cy WOCLylig iJuLSUhp tCAdUY4B JfDq1Cs2 m9MRh7a0 91Uq51QB 7czjmzr9 n7cwD1GE SG64DwCC NSdaWdL7 1Xrx7hj3 Q2HoHQU7 dzvtjag1 U7cZo0h2 wusYsf5E 6hjWynHN DA7bDRCs xZQyzblz MwmVLu2P FGbFUcoj poaWnZDO 80BwLCcj kTn5Wdms xRPgtW5C 0PR6ikBf cZyhnB0I 3MYamZSb d4U8kEOb APMxsbBa 2KepLMXB n7VUygaC tHTE6eug CczWZLd1 itC9pvuP OJgw7XgR Rd2M5nw8 X4DALK1Z REvLgkhf SUGv8yIU Ah46Ofm8 fa3ra0T7 GZiGmLq9 FdbcCrtB PLFYaVF6 qnVestAH NgGjr3Ik OEs82oEQ sAdwIwgI EJI0xPm2 1dr1nBQ7 ijk5cHsH 8LVjFaQv RGBDWX4o 97y3ut3B d5gzYuse LvdUl8D5 J2tz5Jy2 8Rfeklr1 eFJgi8X6 sFR9mcaG uYGlfCi2 1FIjcsO2 ntaFp6yn VqqukjeY qtXV58SN eF0ueRyu dB8nWjnw oECxPSEB RleTQaHw zpLQ0R0G 3L2NkWiR aSd01nMZ bUsapUoo nDVKj516 1gtWVzKV xkCjqYXa 6dJ0UicP aZcuESum CGddIqkC UiMRtBop yIRIspJJ Tb8W969R 7P5zi9hu yRH0nOtz bJ22zvWV WPOgjVLu jKNn1ZQ1 NpH6Hpsr AmaYXBsi JqKGA9ul gX4kBNm4 CBKWpDQv y7NjqOqM svPb07cv P0hOEoLv SdpsKJEm uMuBYvMK jc6bXCnq 9OV097CE hBRDGWam Pz0LLMil VDai7XkI 7Xy44hse mSd4Nw6v 9FVeC0va ciNFdHxl b850DFfF u2ZI4Bp6 KcGXxWyr 0MyIUMFM n0riP8Jl w0QWGw2L xI4hMIxA v654W2Kr O5yBujnu WvzZeqnS IdGLl1to PMzcqvQL W7b2i2pG BkhTgoaJ CIF8DWXL yWlzbESz oqraQ3aF NBKhkccj rbWYBihd nFqouQp3 6MPulFAv ZtfcEeD9
100
fa3ra0T7 fa3ra0T7
zvH4AKmS zvH4AKmS
Tb8W969R Tb8W969R
OJgw7XgR OJgw7XgR
wusYsf5E wusYsf5E
yptfWPBC yptfWPBC
Rd2M5nw8 Rd2M5nw8
FgxkC8N1 04vrMVdi
CIF8DWXL CIF8DWXL
FqE4GP0Y FqE4GP0Y
VgwgAKMz VgwgAKMz
lWuh5cH8 lWuh5cH8
CxnbNU8s CxnbNU8s
mrK2EXuk mrK2EXuk
CGddIqkC CGddIqkC
BOlNhFGU BOlNhFGU
jKNn1ZQ1 jKNn1ZQ1
CBKWpDQv CBKWpDQv
43ehQX6O 43ehQX6O
w0QWGw2L w0QWGw2L
mSd4Nw6v mSd4Nw6v
AmaYXBsi AmaYXBsi
0MyIUMFM 0MyIUMFM
PMzcqvQL PMzcqvQL
KZzTlcqA KZzTlcqA
7P5zi9hu 7P5zi9hu
EB4WBsTV EB4WBsTV
wZJN4OBT wZJN4OBT
1dr1nBQ7 1dr1nBQ7
HTyyntxa HTyyntxa
TNblhkGK TNblhkGK
hBRDGWam hBRDGWam
O5yBujnu O5yBujnu
2KepLMXB 2KepLMXB
J2tz5Jy2 J2tz5Jy2
ZS8CQaI7 ZS8CQaI7
ZtfcEeD9 ZtfcEeD9
Fj27Gybu Fj27Gybu
mlHu9OVg mlHu9OVg
lqKnzPvP lqKnzPvP
EAWv9kfQ EAWv9kfQ
FdbcCrtB FdbcCrtB
RjDUex61 RjDUex61
W7b2i2pG W7b2i2pG
aSd01nMZ aSd01nMZ
eFJgi8X6 eFJgi8X6
91Uq51QB 91Uq51QB
LvdUl8D5 LvdUl8D5
qnVestAH qnVestAH
poaWnZDO poaWnZDO
SG64DwCC SG64DwCC
3MYamZSb 3MYamZSb
YWqBlkAs YWqBlkAs
rbWYBihd rbWYBihd
kMauNR5Y kMauNR5Y
B65DnegI B65DnegI
X4DALK1Z X4DALK1Z
kTn5Wdms kTn5Wdms
Pz0LLMil Pz0LLMil
ijk5cHsH ijk5cHsH
zpLQ0R0G zpLQ0R0G
62Mn9lau 62Mn9lau
NpH6Hpsr NpH6Hpsr
gX4kBNm4 gX4kBNm4
Wznv2rRv Wznv2rRv
ciNFdHxl ciNFdHxl
8LVjFaQv 8LVjFaQv
y7NjqOqM y7NjqOqM
NSdaWdL7 NSdaWdL7
1Xrx7hj3 Q7hUKAHQ
WOCLylig WOCLylig
sFR9mcaG sFR9mcaG
miUcr0K7 miUcr0K7
FGbFUcoj FGbFUcoj
8avKqSxh 8avKqSxh
7Xy44hse 7Xy44hse
aWGQETjI aWGQETjI
svPb07cv svPb07cv
gKOyNQPh gKOyNQPh
o4xf7nVd o4xf7nVd
1gtWVzKV 1gtWVzKV
JfDq1Cs2 JfDq1Cs2
d5gzYuse d5gzYuse
nFqouQp3 nFqouQp3
xzWL2Pp8 xzWL2Pp8
tCAdUY4B tCAdUY4B
bJ22zvWV bJ22zvWV
eF0ueRyu eF0ueRyu
RleTQaHw RleTQaHw
8Rfeklr1 8Rfeklr1
xRPgtW5C xRPgtW5C
aDGqWHym aDGqWHym
PLFYaVF6 PLFYaVF6
U7cZo0h2 U7cZo0h2
dzvtjag1 dzvtjag1
IdGLl1to IdGLl1to
ca785uLx ca785uLx
ntaFp6yn ntaFp6yn
yRH0nOtz yRH0nOtz
uMuBYvMK uMuBYvMK
