93 71 20 169 155 124 172 101 105 132 57 86 119 115 131 38 61 79 54 47 78 72 110 91 40 116 31 52 151 82 63 163 84 154 19 26 147 121 176 90 34 56 122 159 45 51 156 3 140 64 171 144 170 108 39 16 76 4 24 107 98 126 65 66 11 99 14 87 136 177 53 125 141 81 175 161 73 2 95 36 27 129 74 130 75 102 77 143 165 43 70 62 18 157 138 94 80 46 146 160 168 117 49 174 93
87
2 2
4 4
14 14
18 18
19 19
20 20
24 24
26 26
27 27
34 34
36 109 36
38 38
39 39
40 40
43 43
46 46
47 47
49 49
51 51
52 52
53 53
56 56
57 57
61 61
62 62
63 63
64 64
65 65
66 66
70 70
72 72
73 73
74 74
75 75
76 76
77 77
79 79
80 80
81 81
82 82
84 84
86 111 86
87 87
90 90
91 91
95 95
98 98
99 99
101 101
102 102
105 105
108 108
110 110
115 115
116 116
117 117
119 1 119
121 121
122 122
124 124
125 125
129 129
130 130
131 131
132 67
136 136
138 138
140 140
141 141
143 143
146 146
147 147
151 151
154 154
155 155
157 157
161 137 161
163 163
165 165
168 168
169 169
170 170
171 171
172 172
174 174
176 176
177 177
