Dannemora Fire Earlville Firthcliffe Highland Farmingville Florida Farnham Freeville Delhi Franklin Norwood Fairport Geneva Fairview Hewlett Harbor Fredonia Depauville Ghent Freeport Oceanside Gasport Falconer Gardiner Fulton Dexter Fairmount DeRuyter Frankfort Flanders Odessa Frewsburg Dunkirk Delanson Deer Granville Forestville Davis Fishkill Galeville Delevan Dansville Franklinville Norwich Forest Fishers Deferiet Germantown Delmar Herricks Flower Hamburg Fleischmanns Fonda Fabius Dannemora
48
Davis Davis
Dansville Dansville
Deer Deer
Deferiet Deferiet
Delanson Delanson
Delevan Delevan
Delhi Delhi
Delmar Delmar
Depauville Depauville
DeRuyter DeRuyter
Dexter Dexter
Dunkirk Dunkirk
Earlville Earlville
Fabius Fabius
Fairmount Fairmount
Fairport Fairport
Fairview Fairview
Falconer Falconer
Farmingville Farmingville
Farnham Farnham
Fire Fire
Firthcliffe Firthcliffe
Fishers Fishers
Fishkill Fishkill
Flanders Flanders
Fleischmanns Fleischmanns
Florida Florida
Flower Flower
Fonda Fonda
Forest Forest
Forestville Forestville
Frankfort Frankfort
Franklin Franklin
Franklinville Franklinville
Fredonia Fredonia
Freeport Freeport
Freeville Freeville
Frewsburg Frewsburg
Fulton Fulton
Galeville Galeville
Gardiner Friendship Gardiner
Gasport Gasport
Geneva Depew Geneva
Germantown Germantown
Ghent Ghent
Harbor Fayetteville
Herricks Deposit
Oceanside Fair
