Acton Carlsbad Bellflower Bolinas Angwin Atascadero Bonsall Clyde Boronda Beckwourth Azusa Brea Bishop Arvin Cayucos Cambria Alhambra Brawley Biggs Byron Fruitdale Avenal Chowchilla Avery Capitola Barstow Calimesa Burbank Arcadia Belmont Brisbane Anaheim Calistoga Belvedere Bonita Carrick Alameda Berkeley Armona Danville Blythe Arbuckle Biola Brentwood Calabasas Beaumont Benicia Alpaugh Bell Artesia Diablo Fortuna Calwa Carson Antioch Folsom Emeryville Atwater Escondido Albany Bayview Folsom Caribou Anderson Calexico Blairsden Calexico Florin Alturas Dinuba Banning Alamo Avalon Columbia Alpine Fontana Castroville August Cotati Bodfish Cartago Bluewater Cerritos Broadmoor Amesti Cabazon Crockett Campbell Arnold Bradley Caruthers Freedom Carmichael Duarte Burney Bakersfield Bradbury Adelanto Clayton Arcata Belden Alhambra Burlingame Ducor Bloomington Ceres Auburn Farmersville Covelo Foresthill Altadena Cloverdale Bootjack Aromas Bystrom Aptos Corona Buttonwillow Bowles Compton Acton
95
Adelanto Adelanto
Alameda Alameda
Alamo Alamo
Albany Albany
Alhambra Ashland Alhambra
Alpaugh Alpaugh
Alpine Alpine
Altadena Altadena
Alturas Alturas
Amesti Amesti
Anaheim Anaheim
Anderson Anderson
Angwin Angwin
Antioch Antioch
Aptos Aptos
Arbuckle Arbuckle
Arcadia Arcadia
Arcata Arcata
Armona Armona
Arnold Arnold
Aromas Aromas
Artesia Artesia
Arvin Arvin
Atascadero Atascadero
Atwater Atwater
Auburn Auburn
August August
Avalon Avalon
Avenal Avenal
Avery Avery
Azusa Azusa
Bakersfield Canyondam Bakersfield
Banning Banning
Barstow Barstow
Bayview Bayview
Beaumont Beaumont
Beckwourth Beckwourth
Belden Belden
Bell Bell
Bellflower Bellflower
Belmont Belmont
Belvedere Belvedere
Benicia Benicia
Berkeley Berkeley
Biggs Biggs
Biola Biola
Bishop Bishop
Blairsden Atherton Blairsden
Bloomington Bloomington
Bluewater Bluewater
Blythe Blythe
Bodfish Bodfish
Bolinas Bolinas
Bonita Bonita
Bonsall Bonsall
Bootjack Bootjack
Boronda Boronda
Bowles Bowles
Bradbury Bradbury
Bradley Bradley
Brawley Brawley
Brea Brea
Brentwood Brentwood
Brisbane Brisbane
Broadmoor Broadmoor
Burbank Camarillo Burbank
Burlingame Burlingame
Burney Burney
Buttonwillow Buttonwillow
Byron Byron
Bystrom Bystrom
Cabazon Cabazon
Calabasas Calabasas
Calexico Calexico
Calimesa Calimesa
Calistoga Calistoga
Calwa Calwa
Cambria Almanor Cambria
Campbell Campbell
Capitola Capitola
Caribou Caribou
Carlsbad Carlsbad
Carmichael Carmichael
Carrick Carrick
Carson Carson
Cartago Cartago
Caruthers Caruthers
Castroville Castroville
Cayucos Cayucos
Ceres Ceres
Cerritos Cerritos
Columbia Carpinteria
Corona Auberry
Cotati Boron
Crockett Calipatria
