Acadia Guadalupe Sequoia Arches Olympic Crater Indiana Haleakala Shenandoah Badlands Basin Gunnison Glacier Brycecanyon Isle Teton Gateway Saguaro Voyageurs Smoky Lassen Channel Cuyahoga Biscayne Rocky Caverns Congaree Everglades Katmai Denali Yosemite Bend Tortugas Acadia
24
Acadia Capitol
Arches Arches
Badlands Badlands
Bend Bend
Biscayne Biscayne
Gunnison Gunnison
Brycecanyon Canyonlands Brycecanyon
Caverns Caverns
Channel Channel
Congaree Congaree
Crater Crater
Cuyahoga Cuyahoga
Denali Denali
Tortugas Tortugas
Everglades Everglades
Gateway Gateway
Glacier Glacier
Teton Teton
Basin Basin
Smoky Smoky
Guadalupe Guadalupe
Haleakala Haleakala
Indiana Indiana
Isle Isle
