0a 0c 0b 0a 7l 7i 7j 7k 7i 7h 7e 7g 7f 7e 7d 7a 7c 7b 7a 6l 6i 6j 6k 6i 6h 6e 6g 6f 6e 6d 6a 6c 6b 6a 5l 5i 5j 5k 5i 5h 5e 5g 5f 5e 5d 5a 5c 5b 5a 4l 4i 4j 4k 4i 4h 4e 4g 4f 4e 4d 4a 4c 4b 4a 3l 3i 3j 3k 3i 3h 3e 3g 3f 3e 3d 3a 3c 3b 3a 2l 2i 2j 2k 2i 2h 2e 2g 2f 2e 2d 2a 2c 2b 2a 1l 1i 1j 1k 1i 1h 1e 1g 1f 1e 1d 1a 1c 1b 1a 0l 0i 0j 0k 0i 0h 0e 0g 0f 0e 0d 0a
48
0b 0b
0c 0c
0f 0f
0g 0g
0j 0j
0k 0k
1b 1b
1c 1c
1f 1f
1g 1g
1j 1j
1k 1k
2b 2b
2c 2c
2f 2f
2g 2g
2j 2j
2k 2k
3b 3b
3c 3c
3f 3f
3g 3g
3j 3j
3k 3k
4b 4b
4c 4c
4f 4f
4g 4g
4j 4j
4k 4k
5b 5b
5c 5c
5f 5f
5g 5g
5j 5j
5k 5k
6b 6b
6c 6c
6f 6f
6g 6g
6j 6j
6k 6k
7b 7b
7c 7c
7f 7f
7g 7g
7j 7j
7k 7k
