6 195 193 195 188 186 188 181 174 172 174 167 165 167 160 158 160 153 152 153 146 145 146 139 137 139 132 131 132 125 124 125 118 116 118 111 109 111 104 103 104 97 96 97 90 83 76 69 62 55 53 55 48 47 48 41 34 33 34 27 25 27 20 19 20 13 12 13 6
47
6 2 1 6
12 10 12
13 11
19 17 19
20 18
25 22 25
27 27
33 31 30
34 32
41 39 38 41
47 44 47
48 43
53 50 53
55 51
62 60 61 62
69 65 64 69
76 75 74 76
83 77 80 83
90 87 88 90
96 94 96
97 91
103 100 101 103
109 106 105
111 110
116 112 116
118 115
124 122 124
125 120
131 128 129
132 126
137 133 134
139 136
145 142 145
146 140
152 150 149
153 148
158 154 155
160 160
165 161 165
167 166
172 169 172
174 174
181 179 177 181
186 182 186
188 184
193 189 190
195 194
