Loc1 Loc16 Loc30 Loc172 Loc48 Loc154 Loc162 Loc9 Loc89 Loc168 Loc47 Loc31 Loc108 Loc17 Loc162 Loc54 Loc5 Loc12 Loc189 Loc64 Loc71 Loc42 Loc13 Loc196 Loc143 Loc10 Loc107 Loc142 Loc39 Loc179 Loc77 Loc113 Loc151 Loc59 Loc151 Loc113 Loc74 Loc36 Loc159 Loc191 Loc145 Loc146 Loc33 Loc21 Loc141 Loc126 Loc11 Loc164 Loc133 Loc4 Loc132 Loc158 Loc122 Loc186 Loc96 Loc167 Loc45 Loc170 Loc112 Loc65 Loc136 Loc106 Loc66 Loc188 Loc165 Loc177 Loc56 Loc180 Loc134 Loc190 Loc28 Loc176 Loc117 Loc109 Loc155 Loc51 Loc193 Loc0 Loc69 Loc124 Loc23 Loc95 Loc70 Loc32 Loc41 Loc94 Loc130 Loc147 Loc178 Loc27 Loc91 Loc128 Loc111 Loc166 Loc75 Loc135 Loc85 Loc98 Loc50 Loc58 Loc197 Loc44 Loc150 Loc153 Loc3 Loc22 Loc53 Loc183 Loc93 Loc118 Loc174 Loc60 Loc101 Loc120 Loc99 Loc187 Loc14 Loc199 Loc46 Loc49 Loc76 Loc131 Loc7 Loc88 Loc38 Loc157 Loc192 Loc156 Loc100 Loc1
92
Loc0 Loc0
Loc3 Loc3
Loc4 Loc171
Loc5 Loc5
Loc7 Loc7
Loc9 Loc9
Loc10 Loc67 Loc137
Loc11 Loc11
Loc12 Loc15
Loc13 Loc13
Loc14 Loc14
Loc16 Loc16
Loc17 Loc17
Loc23 Loc23
Loc27 Loc27
Loc30 Loc30
Loc31 Loc31
Loc32 Loc32
Loc33 Loc33
Loc38 Loc38
Loc39 Loc39
Loc44 Loc44
Loc45 Loc62
Loc46 Loc46
Loc47 Loc83 Loc163
Loc50 Loc50
Loc51 Loc51
Loc53 Loc53
Loc54 Loc54
Loc56 Loc195
Loc58 Loc129
Loc59 Loc123 Loc59
Loc60 Loc60
Loc65 Loc65
Loc71 Loc71
Loc74 Loc74
Loc75 Loc75
Loc76 Loc76
Loc77 Loc77
Loc85 Loc85
Loc88 Loc18
Loc91 Loc91
Loc94 Loc94
Loc95 Loc95
Loc96 Loc96
Loc99 Loc99
Loc100 Loc100
Loc101 Loc101
Loc106 Loc106
Loc107 Loc107
Loc108 Loc57
Loc109 Loc109
Loc111 Loc111
Loc112 Loc160
Loc118 Loc118
Loc122 Loc122
Loc124 Loc124
Loc128 Loc128
Loc132 Loc132
Loc133 Loc133
Loc135 Loc149
Loc141 Loc141
Loc143 Loc143
Loc145 Loc145
Loc146 Loc25 Loc97 Loc175
Loc147 Loc147
Loc150 Loc8
Loc151 Loc151
Loc153 Loc153
Loc154 Loc154
Loc155 Loc61
Loc157 Loc103
Loc158 Loc20 Loc140
Loc159 Loc159
Loc162 Loc37 Loc144
Loc165 Loc110 Loc19
Loc167 Loc167
Loc168 Loc168
Loc170 Loc170
Loc172 Loc172
Loc176 Loc176
Loc177 Loc177
Loc179 Loc52
Loc180 Loc180
Loc183 Loc183
Loc187 Loc182
Loc188 Loc188
Loc189 Loc189
Loc190 Loc190
Loc191 Loc6
Loc192 Loc192
Loc197 Loc197
