pace voice financial respect bitter rob tablet cigarette demand joint dip discriminate stroke throne imposter fortune page certain sunrise title shy nationalist thumb banana king guarantee due seize understand skeleton disclose class exclusive buffet mature headline quality straighten romantic sign legislation enhance dough linger vegetarian forge winner solve prison dialogue tool glasses autonomy output circulation gate mystery approval other swear deposit honor pace
48
disclose injury
prison prison
title title
king king
quality quality
output output
circulation circulation
page page
voice voice
deposit paper
honor honor
throne throne
understand figure
guarantee guarantee
tablet tablet
forge tolerate
thumb thumb
headline headline
dough dough
exclusive exclusive
other other
nationalist nationalist
winner winner
cigarette cigarette
buffet buffet
mystery enter mystery
autonomy autonomy
sign sign
financial financial
legislation legislation
class class
glasses glasses
tool tool
dialogue likely
sunrise sunrise
linger linger
rob rob
bitter bitter
seize seize
shy shy
dip dip
imposter imposter
demand pain demand
enhance enhance
swear swear
vegetarian vegetarian
discriminate lake
mature brake
