pace other quadruple ask candle triple country knot bleed smile bleed curriculum chew drawer certain bitter coffin attraction railcar tool swear coast profound gallon injection desk enemy illusion joint output structure throne respect chair pardon guarantee joystick bowel brake profound view dive coincide identity straighten pig pier bleed environment interface electronics swop nationalist page mature native blonde virgin winner boom quality autonomy paper viable likely viable atmosphere rent sunrise audience ignore shiver blonde native development confrontation development feature demand rob excuse teacher hospitality terms deter note tablet imposter driver banana widen error interactive notebook fortune financial mercy science begin greeting decisive tolerate injury flag home dialogue cotton lifestyle election buffet exempt dramatic opposed dip exclusive vegetarian linger physics dough linger vegetarian market pace
92
pace pace
likely comfortable likely
excuse excuse
feature feature
environment environment
injury injury
output output
page page
audience audience
profound profound
throne throne
guarantee guarantee
physics physics
exempt exempt
tablet tablet
injection injection
market market
dough dough
exclusive exclusive
other other
brake scheme
nationalist acceptance
winner assignment
buffet buffet
autonomy autonomy
respect respect
pig pig
financial financial
interactive interactive
tool liver tool
rob rob
bitter rage
dip dip
imposter imposter
swear swear
vegetarian exile
shiver shiver
coast coast
mature mature
chair chair
rent rent
straighten straighten
boom boom
structure structure
decisive decisive
dive dive
atmosphere atmosphere
attraction attraction
ask ask
smile headline smile
pardon pardon
knot knot
curriculum curriculum
coincide coincide
ignore due ignore
teacher teacher
drawer drawer
widen widen
terms thumb
election election
country country
note note
home home
development skeleton development
cotton cotton
error error
blonde pipe
mercy mercy
virgin virgin
confrontation forge confrontation
railcar railcar
electronics electronics
begin begin
identity identity
greeting greeting
desk spoil
viable viable
lifestyle lifestyle
enemy control stress enemy
interface interface
chew offset
candle candle
swop swop
driver driver
deter deter
coffin coffin
native native
flag flag
bowel bowel
illusion illusion
triple triple
quadruple quadruple
