pace nationalist brake headline audience due excuse gate tablet approval prison honor environment write voice mixture market likely king page guarantee thumb enter deposit skeleton injury output exclusive pace
22
likely circulation likely
excuse excuse
skeleton skeleton
king king
mixture mixture
injury injury
output output
page page
audience audience
voice voice
deposit deposit
honor honor
enter enter
guarantee guarantee
gate gate
market market
thumb exempt
headline headline
exclusive throne
brake opposed brake
nationalist feature nationalist
approval approval
