C0 C72 C56 C77 C79 C94 C95 C35 C96 C93 C22 C36 C70 C67 C74 C42 C69 C87 C12 C68 C26 C25 C49 C6 C95 C81 C76 C97 C27 C97 C83 C89 C5 C44 C84 C1 C17 C98 C59 C14 C34 C47 C53 C58 C85 C29 C71 C24 C21 C85 C0
41
C1 C1
C5 C5
C6 C6
C12 C12
C14 C14
C17 C17
C21 C21
C22 C22
C24 C24
C25 C25
C26 C26
C27 C9 C27
C29 C29
C34 C34
C35 C35
C36 C36
C42 C28 C42
C44 C44
C47 C47
C53 C53
C56 C56
C58 C58
C59 C59
C67 C67
C68 C39
C69 C69
C70 C70
C76 C76
C77 C77
C81 C81
C83 C20 C83
C84 C84
C85 C55 C75 C85
C87 C87
C89 C89
C93 C93
C94 C46 C94
C95 C95
C96 C40 C96
C97 C11 C50 C97
C98 C98
