C0 C107 C190 C49 C83 C185 C100 C165 C169 C125 C54 C146 C84 C70 C2 C24 C151 C47 C67 C35 C166 C139 C123 C164 C149 C124 C154 C114 C129 C127 C181 C120 C182 C194 C153 C172 C121 C95 C31 C191 C171 C28 C160 C59 C198 C74 C159 C16 C63 C159 C30 C135 C196 C11 C144 C132 C134 C122 C145 C167 C101 C157 C77 C167 C97 C121 C68 C18 C27 C76 C51 C7 C142 C10 C139 C52 C162 C58 C82 C8 C187 C137 C55 C87 C187 C108 C132 C161 C179 C137 C193 C152 C119 C1 C5 C192 C105 C141 C104 C103 C168 C110 C198 C86 C19 C20 C0
89
C0 C0
C1 C1
C2 C2
C5 C5
C7 C7
C8 C8
C10 C10
C11 C11
C16 C16
C18 C18
C19 C19
C20 C20
C24 C24
C27 C27
C28 C28
C30 C30
C31 C31
C35 C35
C47 C47
C49 C49
C51 C51
C52 C52
C54 C54
C55 C55
C58 C58
C59 C59
C63 C63
C68 C68
C70 C70
C74 C74
C77 C77
C82 C25
C83 C48
C84 C84
C86 C86
C87 C87
C95 C95
C97 C97
C100 C100
C101 C101
C103 C103
C104 C104
C105 C45 C105
C107 C107
C108 C66
C110 C110
C114 C114
C119 C119
C120 C120
C121 C121
C122 C122
C123 C123
C124 C124
C127 C127
C129 C129
C132 C132
C134 C134
C137 C32 C137
C139 C139
C141 C56 C4 C141
C144 C144
C145 C145
C146 C146
C149 C149
C152 C152
C153 C153
C154 C154
C157 C78
C160 C88 C160
C161 C161
C162 C3
C164 C164
C165 C57 C165
C166 C166
C167 C26 C167
C168 C168
C169 C93 C50 C169
C171 C171
C172 C172
C179 C179
C181 C181
C182 C182
C185 C185
C190 C190
C192 C192
C193 C193
C194 C194
C196 C43 C196
C198 C71 C198
