9iIwk jASvw oqPYQ 0GdkR jASvw 1xmtC Mj2eQ ZzWHp MA43U jYfXn Ew56P LZomt QVYVG RhUVQ aHGHb WGJpQ vE0Pj knY3U jAwQw Ri2t4 1uRw3 1pxZM 5VT1H WJNpN YH6mk 5ioW1 Be0ab XZKtP bXinH 5ioW1 YH6mk Y7IDR YH6mk tnjfN AgYPL WJNpN 5BDPJ jT5CK 6EWVx 9iIwk 5R5Xa rrNj1 Esl6u fS0W8 k64Ok ZgtaX veOJ7 iCgvV ZgtaX BnAjj k64Ok fS0W8 Esl6u rrNj1 0mah3 1eRkH ChXAd 0mah3 h2rea 9iIwk
39
5ioW1 5ioW1
Ew56P SgDk6
Mj2eQ Mj2eQ
ZzWHp iEXNY ZzWHp
Be0ab Be0ab
XZKtP dw7aX XZKtP
LZomt LZomt
1xmtC qkJ6b XYzcU 1xmtC
Ri2t4 y89SK Ri2t4
jYfXn jYfXn
jT5CK jT5CK
jASvw jASvw
5R5Xa 5R5Xa
QVYVG 7G74f
9iIwk 9iIwk
5BDPJ 5BDPJ
Y7IDR 4a0W8 Y7IDR
ZgtaX Vake4 JgjFI pXCjI ZgtaX
veOJ7 veOJ7
1uRw3 1uRw3
h2rea h2rea
YH6mk YH6mk
RhUVQ RhUVQ
oqPYQ oqPYQ
0GdkR 0GdkR
1pxZM 1pxZM
BnAjj BnAjj
fS0W8 p9vQm fS0W8
jAwQw jAwQw
bXinH bXinH
AgYPL AgYPL
vE0Pj vE0Pj
ChXAd ChXAd
aHGHb kmzhT aHGHb
tnjfN tnjfN
1eRkH 1eRkH
WGJpQ WGJpQ
5VT1H 5VT1H
iCgvV iCgvV
