HAZtD 4Eg1F wnnBN Cg1yP J0OP0 iKwe0 F7CZj RN9nS CXkxa ED9em CXkxa 3NU9e GxQg8 lJnz7 1gvq4 rH3nx p3gJd DaieK p3gJd cpzS8 p3gJd cC0Rg gpbSj u60s4 9cp56 0F8yg 4PSW9 zcuSA jyRQW Xqwfz pLg86 7kY28 URrao fiXIW 7kY28 IOpdQ BaYb3 1VA1I BaYb3 SxklZ rVnMc OWqP4 6owsT Pk19A HAKlt 0moVI GUEko iimZq qz2Of 8Qx0C iPRoT Q8lcd GaZ4O H1xt8 o2JtM e7SjH DuU0x e7SjH E6pda xKTIz RkCLD SfSL1 bMhFI CHx6u rmW0U GrnJ7 UbqWX v9joy GrnJ7 iIQll Vg6Sz 4jcrD DmTRc tgL8p 0FMEI R6NzB v0WXM iHR3J ZKvNM SE1WY fWz4T EgumV UQeyk kjZGl kNG2j AwFdf 2zHfe fExZu v7hOX SEkfX b9v0q VG4na Agb0E eVDVP Ia6ul kvy7i Q5zY0 69WZh wedr3 zrVPv ox9Gx 69WZh jesVt 4AhmX cu5FB 93R2m C4biR aegld TlJnt O8CwF XbFfE aWuHk mJExt iqOI4 UqGfS X2hjX vfAR8 EyMEe z82fM kPB79 6gp0A HAZtD
83
cu5FB cu5FB
zcuSA zcuSA
fiXIW fiXIW
wedr3 wedr3
H1xt8 H1xt8
pLg86 pLg86
SEkfX SEkfX
0F8yg 0F8yg
zrVPv zrVPv
GxQg8 GxQg8
4AhmX 4AhmX
URrao URrao
8Qx0C 8Qx0C
aegld aegld
ED9em 5h4rt ED9em
7kY28 7kY28
UbqWX UbqWX
jesVt jesVt
E6pda E6pda
kPB79 4Tt2a 4PXv9
GrnJ7 iaaYU gNinx
69WZh mdIe6 69WZh
DuU0x BIY9X DuU0x
wnnBN wnnBN
v9joy v9joy
9cp56 5EAEu
IOpdQ IOpdQ
rmW0U 9tf0w HOuAL
CHx6u CHx6u
lJnz7 lJnz7
BaYb3 BaYb3
eVDVP eVDVP
CXkxa Lusir
e7SjH 2LhKB
1gvq4 1gvq4
ox9Gx ox9Gx
Ia6ul Ia6ul
bMhFI lF8gH bMhFI
iIQll p4kTx iIQll
rH3nx rH3nx
1VA1I Zok18 1VA1I
Vg6Sz Vg6Sz
u60s4 Zxvdf u60s4
aWuHk aWuHk
RN9nS RN9nS
O8CwF O8CwF
OWqP4 OWqP4
iqOI4 iqOI4
p3gJd p3gJd
gpbSj gpbSj
SxklZ VESmp SxklZ
X2hjX X2hjX
v7hOX v7hOX
cpzS8 acHTt cpzS8
0FMEI 2GCiD
DaieK uPUO1 DaieK
Q8lcd Q8lcd
Cg1yP Cg1yP
fExZu fExZu
cC0Rg cC0Rg
R6NzB R6NzB
6owsT 6owsT
AwFdf AwFdf
J0OP0 J0OP0
DmTRc DmTRc
iKwe0 iKwe0
xKTIz xKTIz
iHR3J iHR3J
TlJnt TlJnt
UqGfS NqBQW Ssao4 UqGfS
iimZq iimZq
vfAR8 bW6Ms vfAR8
z82fM z82fM
Agb0E WVEjT Agb0E
EgumV EgumV
0moVI 0moVI
HAKlt HAKlt
kNG2j kNG2j
fWz4T fWz4T
4jcrD 4jcrD
ZKvNM TzGS5
Pk19A Pk19A
VG4na VG4na
