location46 location61 location62 location63 location64 location65 location86 location88 location86 location66 location67 location68 location69 location70 location73 location72 location74 location75 location76 location77 location78 location79 location78 location56 location55 location54 location53 location52 location51 location50 location42 location37 location35 location21 location15 location9 location1 location2 location3 location4 location5 location6 location7 location13 location12 location18 location19 location26 location30 location29 location25 location24 location17 location11 location10 location16 location23 location24 location28 location50 location49 location48 location47 location46 location41 location36 location34 location20 location14 location38 location43 location44 location45 location46
39
location3 location3
location4 location4
location5 location5
location6 location6
location7 location7
location10 location10
location11 location11
location13 location13
location14 location14
location15 location15
location17 location17
location18 location18
location23 location22
location24 location24
location25 location25
location26 location26
location29 location29
location30 location33 location30
location37 location37
location38 location38
location41 location41
location44 location39
location45 location40
location48 location48
location49 location49
location51 location57
location55 location55
location62 location62
location63 location63
location64 location64
location70 location70
location72 location72
location73 location73
location74 location74
location77 location77
location78 location78
location79 location80 location79
location86 location87
location88 location90 location89 location88
