Abbey Tanya Vivian Dana Sophia Maeve Matilda Kayley Mira Mckinley Lillie Rayna Rebecca Carlee Jamiya Lilia Isabella Beatrice Alexia Helen Kiera Liberty Nora Avni Jordin Marisol Ayanna Harley Kimberly Karma Lana Kristina Haven Eden Riley Lisa Shannon Presley Yoselin Tara Ruth Abbey
40
Alexia Alexia
Avni Avni
Ayanna Ayanna
Beatrice Beatrice
Carlee Carlee
Dana Dana
Eden Eden
Harley Harley
Haven Haven
Helen Helen
Isabella Isabella
Jamiya Jamiya
Jordin Jordin
Karma Karma
Kayley Kayley
Kiera Kiera
Kimberly Kimberly
Kristina Kristina
Lana Lana
Liberty Liberty
Lilia Lilia
Lillie Lillie
Lisa Lisa
Maeve Maeve
Marisol Marisol
Matilda Matilda
Mckinley Mckinley
Mira Mira
Nora Nora
Presley Presley
Rayna Rayna
Rebecca Rebecca
Riley Riley
Ruth Ruth
Shannon Shannon
Sophia Sophia
Tanya Tanya
Tara Tara
Vivian Vivian
Yoselin Yoselin
