Abbey Zion Carlee Ariel Ashley Aniya Ciara Shyanne Tara Zaria Sharon Sophie Taniyah Zara Mireya Nia Mira Mya Rylee Natalee Riley Alia Baylee Alexia Kaydence Sophia Kristin Leila Madilynn Keyla Kimberly Kiana Lindsay Kaley Kayden Lacey Kira Jamiya Maggie Laylah Jasmin Christine Juliette Kiley Jimena Jaden Aubree Parker Kenzie Alexus Claire Brooklyn Carly Bryanna Kristina Carleigh Chasity Avni Alivia Dana Dayami Diana Emilie Elianna Gillian Emma Denisse Haven Iyana Jillian Melina Jade Camilla Carlie Imani Ingrid Jazmyn Janiya Aryana Mckayla Noelle Myah Matilda Lainey Lilia Neveah Lucille Mckinley Lilyana Arielle Abbey
90
Abbey Abbey
Alexia Alexia
Alexus Alexus
Alia Alia
Alivia Alivia
Aniya Aniya
Ariel Ariel
Arielle Arielle
Aryana Aryana
Ashley Ashley
Aubree Aubree
Avni Avni
Baylee Baylee
Brooklyn Brooklyn
Bryanna Bryanna
Camilla Camilla
Carlee Carlee
Carleigh Carleigh
Carlie Carlie
Carly Carly
Chasity Chasity
Christine Christine
Ciara Ciara
Claire Claire
Dana Dana
Dayami Dayami
Denisse Denisse
Diana Diana
Elianna Elianna
Emilie Emilie
Emma Emma
Gillian Gillian
Haven Haven
Imani Imani
Ingrid Ingrid
Iyana Iyana
Jade Jade
Jaden Jaden
Jamiya Jamiya
Janiya Janiya
Jasmin Jasmin
Jazmyn Jazmyn
Jillian Jillian
Jimena Jimena
Juliette Juliette
Kaley Kaley
Kayden Kayden
Kaydence Kaydence
Kenzie Kenzie
Keyla Keyla
Kiana Kiana
Kiley Kiley
Kimberly Kimberly
Kira Kira
Kristin Kristin
Kristina Kristina
Lacey Lacey
Lainey Lainey
Laylah Laylah
Leila Leila
Lilia Lilia
Lilyana Lilyana
Lindsay Lindsay
Lucille Lucille
Madilynn Madilynn
Maggie Maggie
Matilda Matilda
Mckayla Mckayla
Mckinley Mckinley
Melina Melina
Mira Mira
Mireya Mireya
Mya Mya
Myah Myah
Natalee Natalee
Neveah Neveah
Nia Nia
Noelle Noelle
Parker Parker
Riley Riley
Rylee Rylee
Sharon Sharon
Shyanne Shyanne
Sophia Sophia
Sophie Sophie
Taniyah Taniyah
Tara Tara
Zara Zara
Zaria Zaria
Zion Zion
