Taozhuang Chharra Jackson Rosedale Tupelo Sicklerville Memmingen New Ulu Freetown Southsea Sarandi Ramla Azrou Hechingen Boo Durazno Bhit Carnot Udumalaippettai Norco Longgang Bhit Camayenne Artur Gauting Rutherglen Rafiganj Villa Nonsan Waverly Bang Esperanza Gudermes Aytos Esmeraldas Bourbonnais Strathfield Maspalomas Fort Oulmes Gua Middle Besuki Vernon Caravaca Donggongon Somma Kallio Alatyr Jinotepe Uran Ilesa Chharra Taozhuang
47
Uran Pottstown Jingzhou Uran
Vernon Severodvinsk
Southsea Calauan
Chharra Wesseling
Artur Artur
Boo Boo
Rutherglen Rutherglen
Villa Cibinong Villa
Somma Somma
Tupelo Tupelo
Strathfield Strathfield
Memmingen Memmingen
Esmeraldas Esmeraldas
Gudermes Gudermes
Bang Bang
Azrou Azrou
Kallio Kallio
Ramla Ramla
Sarandi Sarandi
Rafiganj Rafiganj
Taozhuang Taozhuang
Fort Fort
Oulmes Oulmes
Caravaca Caravaca
Donggongon Donggongon
Alatyr Alatyr
Jinotepe Jinotepe
Rosedale Rosedale
Camayenne Camayenne
Jackson Jackson
Esperanza Esperanza
New New
Gauting Gauting
Ulu Ulu
Freetown Freetown
Waverly Waverly
Nonsan Nonsan
Aytos Aytos
Hechingen Hechingen
Durazno Durazno
Sicklerville Sicklerville
Ilesa Ilesa
Bourbonnais Bourbonnais
Longgang Longgang
Udumalaippettai Udumalaippettai
Middle Middle
Besuki Besuki
