Ilesa Foshan Aklera Stuttgart Rutland Zaozhuang Belper Puerto Onex Tiruppuvanam Espoo Lille Marburg Sorsogon Oberhausen Palm Memmingen WaltonontheNaze Milledgeville Tupelo Puducherry American Malden Viewpark Palafrugell Villaquilambre Stupino Zeist Brunswick Jiangyan Davis Toledo Meizhou Jashpurnagar Magomeni Minas Rhosllanerchrugog Milagro Azrou Uran Landshut Bon An Bobigny Sillanwali Sishui Barracas Aurora Liberia PointeClaire Bensheim Copperas MitryMory Ponta Sirsi Itacoatiara Valletta Sceaux Hermsdorf Aleshtar Alfenas Polohy Mexborough Oulmes Bensheim Bang Shagamu Calauan Tharu Aistala PortVila Alexandria Talipparamba Tak Perth Brzeg Kyzylorda Bensheim Gariadhar Bavly Jagna Mouscron Bogovinje Valday Tupiza DehiwalaMount El Shaowu Chacabuco Ramla Yingkou Ventimiglia LonsleSaunier GernikaLumo Krymsk Ada Great Resplendor Ilesa
91
Bensheim Campobasso Bensheim
Belper Skalica Guli
Perth Niort UlanUde Clermont Perth
MitryMory Lodwar Claremont MitryMory
Hermsdorf Hermsdorf
Minas New Dahlem
Calauan Calauan
Liberia Paredes
Ventimiglia Ventimiglia
Valday Valday
Uran Uran
Malden Malden
Milledgeville Milledgeville
Jagna Jagna
Marburg Marburg
Polohy Polohy
Foshan Foshan
Puducherry Puducherry
Sishui Sishui
Memmingen Memmingen
Davis Davis
Alexandria Alexandria
Meizhou Meizhou
Rhosllanerchrugog Rhosllanerchrugog
Azrou Azrou
Lille Lille
Oulmes Oulmes
Tiruppuvanam Tiruppuvanam
Mexborough Mexborough
Puerto Puerto
Onex Onex
Brunswick Brunswick
Jiangyan Jiangyan
LonsleSaunier LonsleSaunier
GernikaLumo GernikaLumo
Tharu Tharu
Milagro Milagro
Great Tyoply Great
Ada Ada
Resplendor Resplendor
Ilesa Ilesa
Alfenas Alfenas
Aleshtar Aleshtar
Bogovinje Bogovinje
Mouscron Mouscron
Tak Tak
Talipparamba Talipparamba
Barracas Barracas
Aurora Aurora
American American
Gariadhar Gariadhar
Bavly Bavly
Ponta Ponta
Sirsi Sirsi
Itacoatiara Itacoatiara
Sceaux Sceaux
Valletta Valletta
Landshut Landshut
Bon Bon
WaltonontheNaze WaltonontheNaze
Yingkou Yingkou
Ramla Ramla
Shaowu Shaowu
Chacabuco Chacabuco
Aklera Aklera
Rutland Rutland
Zaozhuang Zaozhuang
Stuttgart Stuttgart
Viewpark Viewpark
Sillanwali Sillanwali
Bobigny Bobigny
An An
Copperas Copperas
Jashpurnagar Jashpurnagar
Kyzylorda Kyzylorda
Brzeg Brzeg
Magomeni Magomeni
Tupelo Tupelo
Bang Bang
Sorsogon Sorsogon
Shagamu Shagamu
Toledo Toledo
Oberhausen Oberhausen
Palm Palm
PointeClaire PointeClaire
Tupiza Tupiza
DehiwalaMount DehiwalaMount
Villaquilambre Villaquilambre
Stupino Stupino
PortVila PortVila
Palafrugell Palafrugell
