L0 L2 L3 L6 L10 L11 L13 L14 L18 L19 L25 0L1 0L2 0L3 2L25 H2 H1 2L25 0L3 0L2 1L2 1L3 1L6 1L10 1L11 1L13 1L14 1L18 1L19 1L25 2L1 2L2 2L3 0H24 0H25 1H1 0H24 0H23 0H22 0H21 0H18 0H17 0H19 0H17 0H16 0H14 0H13 0H12 0H6 0H7 0H8 0H6 0H11 0H10 0H9 0H6 0H5 0H4 0H3 2H23 2H25 2H24 2H23 2H22 2H21 2H20 2H17 2H16 2H18 2H16 2H15 2H13 2H12 2H11 2H5 2H6 2H7 2H5 2H8 2H9 2H10 2H5 2H4 2H3 2H2 2H1 1H25 1H24 1H19 1H20 1H22 1H23 1H21 1H19 1H18 1H14 1H15 1H16 1H15 1H14 1H13 1H11 1H9 1H7 1H5 1H8 1H10 1H4 1H6 1H3 1H2 0H2 0H1 H25 H20 H21 H23 H24 H22 H20 H19 H15 H16 H17 H16 H15 H14 H12 H10 H8 H6 H9 H11 H5 H7 H4 H3 2L2 2L1 1L25 1L19 1L18 1L14 1L13 1L11 1L10 1L6 1L3 1L2 0L2 0L1 L25 L19 L18 L14 L13 L11 L10 L6 L3 L2 L0
92
H1 H1
H2 H2
H3 H3
H4 H4
H5 H5
H6 H6
H7 H7
H8 H8
H9 H9
H10 H10
H11 H11
H12 H13 H12
H14 H14
H15 H15
H16 H16
H17 H18 H17
H19 H19
H20 H20
H21 H21
H22 H22
H23 H23
H24 H24
H25 H25
0H1 0H1
0H2 0H2
0H3 0H3
0H4 0H4
0H5 0H5
0H6 0H6
0H7 0H7
0H8 0H8
0H9 0H9
0H10 0H10
0H11 0H11
0H12 0H12
0H13 0H13
0H14 0H15 0H14
0H16 0H16
0H17 0H17
0H18 0H18
0H19 0H20 0H19
0H21 0H21
0H22 0H22
0H23 0H23
0H24 0H24
0H25 0H25
1H1 1H1
1H2 1H2
1H3 1H3
1H4 1H4
1H5 1H5
1H6 1H6
1H7 1H7
1H8 1H8
1H9 1H9
1H10 1H10
1H11 1H12 1H11
1H13 1H13
1H14 1H14
1H15 1H15
1H16 1H17 1H16
1H18 1H18
1H19 1H19
1H20 1H20
1H21 1H21
1H22 1H22
1H23 1H23
1H24 1H24
1H25 1H25
2H1 2H1
2H2 2H2
2H3 2H3
2H4 2H4
2H5 2H5
2H6 2H6
2H7 2H7
2H8 2H8
2H9 2H9
2H10 2H10
2H11 2H11
2H12 2H12
2H13 2H14 2H13
2H15 2H15
2H16 2H16
2H17 2H17
2H18 2H19 2H18
2H20 2H20
2H21 2H21
2H22 2H22
2H23 2H23
2H24 2H24
2H25 2H25
