1 143 144 134 132 131 120 122 108 119 96 110 84 107 72 98 60 95 48 86 36 83 24 74 12 71 1 4 142 136 130 124 118 112 106 100 94 88 82 76 70 64 58 52 46 40 34 28 22 16 10 140 138 137 126 128 114 125 102 116 90 113 78 104 66 101 54 92 42 89 30 80 18 77 6 68 3 5 1
77
1 62 59 50 47 38 35 26 23 14 11 2
3 65 56 53 44 41 32 29 20 17 8
4 4
5 5
6 6
10 10
12 12
16 16
18 18
22 22
24 24
28 28
30 30
34 34
36 36
40 40
42 42
46 46
48 48
52 52
54 54
58 58
60 60
64 64
66 66
68 68
70 70
71 71
72 72
74 74
76 76
77 77
78 78
80 80
82 82
83 83
84 84
86 86
88 88
89 89
90 90
92 92
94 94
95 95
96 96
98 98
100 100
101 101
102 102
104 104
106 106
107 107
108 108
110 110
112 112
113 113
114 114
116 116
118 118
119 119
120 120
122 122
124 124
125 125
126 126
128 128
130 130
131 131
132 132
134 134
136 136
137 137
138 138
140 140
142 142
143 143
144 144
