steward childish top basketball battery ballot crew think tin minimize pastel concern hide farewell adult deck belief skip creation appear perception company community linear scrap exotic steward
25
concern concern
company company
top top
belief belief
hide hide
basketball basketball
battery battery
pastel pastel
crew crew
linear linear
adult adult
minimize minimize
farewell farewell
ballot ballot
scrap scrap
appear appear
creation creation
deck deck
perception perception
childish childish
exotic exotic
think think
skip skip
community community
tin tin
