1 168 169 171 170 168 1 160 163 161 162 160 1 156 159 158 157 156 1 118 119 121 120 118 1 110 113 111 112 110 1 106 109 108 107 106 1 68 69 71 70 68 1 60 63 61 62 60 1 56 59 58 57 56 1 18 19 21 20 18 1 10 13 11 12 10 1 6 9 8 7 6 1 2 5 4 3 2 1 164 167 166 165 164 1 114 117 116 115 114 1 64 67 66 65 64 1 14 17 16 15 14 1 50 51 52 53 54 55 52 51 50 1 100 101 102 103 104 105 102 101 100 1 150 151 152 153 154 155 152 151 150 1 22 23 25 24 22 1 72 73 75 74 72 1 122 123 125 124 122 1 172 173 175 174 172 1 76 77 78 77 76 1 126 127 128 127 126 1 176 177 178 177 176 1 26 27 28 27 26 1
76
3 3
4 4
5 5
7 7
8 8
9 9
11 11
12 12
13 13
15 15
16 16
17 17
19 19
20 20
21 21
23 23
24 24
25 25
28 30 28
53 53
54 54
55 55
57 57
58 58
59 59
61 61
62 62
63 63
65 65
66 66
67 67
69 69
70 70
71 71
73 73
74 74
75 75
78 80 78
103 103
104 104
105 105
107 107
108 108
109 109
111 111
112 112
113 113
115 115
116 116
117 117
119 119
120 120
121 121
123 123
124 124
125 125
128 130 128
153 153
154 154
155 155
157 157
158 158
159 159
161 161
162 162
163 163
165 165
166 166
167 167
169 169
170 170
171 171
173 173
174 174
175 175
178 180 178
