loc0 loc12 loc146 loc150 loc102 loc196 loc132 loc124 loc27 loc58 loc99 loc16 loc111 loc28 loc63 loc98 loc60 loc4 loc144 loc170 loc90 loc104 loc198 loc44 loc174 loc190 loc138 loc152 loc153 loc88 loc42 loc166 loc195 loc70 loc168 loc130 loc51 loc40 loc123 loc110 loc114 loc24 loc46 loc30 loc162 loc180 loc182 loc45 loc164 loc6 loc10 loc48 loc148 loc105 loc106 loc165 loc128 loc126 loc74 loc132 loc68 loc36 loc160 loc183 loc34 loc186 loc78 loc26 loc84 loc188 loc147 loc176 loc75 loc86 loc177 loc64 loc72 loc54 loc140 loc96 loc112 loc15 loc184 loc159 loc80 loc192 loc122 loc117 loc22 loc189 loc178 loc18 loc14 loc108 loc156 loc66 loc120 loc0
86
loc0 loc0
loc4 loc4
loc6 loc6
loc10 loc10
loc12 loc12
loc14 loc14
loc16 loc16
loc18 loc172 loc100 loc18
loc22 loc22
loc24 loc24
loc26 loc26
loc27 loc116
loc28 loc28
loc30 loc30
loc34 loc34
loc36 loc36
loc40 loc40
loc42 loc42
loc44 loc44
loc46 loc46
loc48 loc48
loc51 loc76
loc54 loc54
loc58 loc58
loc60 loc60
loc64 loc64
loc66 loc66
loc68 loc68
loc70 loc70
loc72 loc72
loc74 loc74
loc78 loc78
loc80 loc80
loc84 loc84
loc86 loc86
loc88 loc88
loc90 loc134 loc90
loc96 loc96
loc98 loc98
loc99 loc92
loc102 loc102
loc104 loc104
loc105 loc50
loc106 loc106
loc108 loc108
loc110 loc110
loc112 loc112
loc114 loc114
loc117 loc154 loc194 loc158 loc136
loc120 loc120
loc122 loc122
loc124 loc124
loc126 loc126
loc128 loc128
loc130 loc130
loc132 loc2 loc38 loc62 loc132
loc138 loc138
loc140 loc140
loc144 loc20 loc32 loc144
loc146 loc146
loc147 loc8
loc148 loc148
loc150 loc150
loc152 loc152
loc156 loc156
loc159 loc52
loc160 loc160
loc162 loc162
loc164 loc164
loc166 loc166
loc168 loc118 loc168
loc170 loc170
loc174 loc56 loc174
loc176 loc176
loc177 loc94 loc142
loc178 loc178
loc180 loc180
loc182 loc182
loc184 loc184
loc186 loc186
loc188 loc188
loc189 loc82
loc190 loc190
loc192 loc192
loc196 loc196
loc198 loc198
