0 10 21 22 12 2 3 4 5 15 26 16 17 8 9 18 29 39 38 37 48 57 67 77 68 78 89 99 98 108 118 129 128 127 116 107 96 87 76 86 95 94 104 105 114 125 124 133 132 142 152 153 154 164 165 175 176 167 166 155 146 147 148 149 158 168 178 189 199 198 188 187 196 186 185 184 183 182 181 170 160 161 151 150 140 130 120 110 101 111 122 123 112 102 103 92 83 82 81 80 70 61 71 72 73 64 53 44 45 34 24 33 43 42 31 21 20 10 0
98
2 2
4 4
5 5
8 8
9 9
12 12
15 15
16 16
17 17
18 18
20 20
21 21
22 22
24 24
26 26
29 29
31 31
33 33
37 37
39 39
42 42
43 43
45 45
48 48
53 53
61 51 61
64 64
67 67
68 68
70 70
71 71
72 72
73 73
76 76
77 77
80 80
81 81
82 82
83 83
86 86
87 87
89 89
94 94
95 95
96 96
98 98
99 99
101 101
102 102
103 103
104 104
105 105
107 107
108 108
111 111
114 114
116 116
118 118
120 120
122 122
123 123
125 125
127 127
129 129
130 130
132 132
133 133
140 140
146 146
147 147
149 139 149
150 150
151 151
152 152
153 153
154 154
155 155
158 158
160 160
161 161
164 164
165 165
166 166
167 167
175 175
176 176
178 178
181 181
182 182
183 183
184 184
186 186
187 187
188 188
189 189
196 196
198 198
199 199
