0 79 87 86 9 11 71 61 41 81 90 5 73 59 55 62 72 51 36 84 91 96 94 69 65 18 42 82 12 56 67 37 6 80 58 34 54 64 45 83 47 35 76 93 7 32 1 99 15 39 17 49 3 78 26 16 21 2 27 63 19 24 29 75 31 57 10 30 23 43 20 95 70 13 92 74 22 60 68 53 89 98 25 44 50 33 14 38 52 77 8 85 66 40 46 88 48 97 28 4 0
100
0 0
1 1
2 2
3 3
4 4
5 5
6 6
7 7
8 8
9 9
10 10
11 11
12 12
13 13
14 14
15 15
16 16
17 17
18 18
19 19
20 20
21 21
22 22
23 23
24 24
25 25
26 26
27 27
28 28
29 29
30 30
31 31
32 32
33 33
34 34
35 35
36 36
37 37
38 38
39 39
40 40
41 41
42 42
43 43
44 44
45 45
46 46
47 47
48 48
49 49
50 50
51 51
52 52
53 53
54 54
55 55
56 56
57 57
58 58
59 59
60 60
61 61
62 62
63 63
64 64
65 65
66 66
67 67
68 68
69 69
70 70
71 71
72 72
73 73
74 74
75 75
76 76
77 77
78 78
79 79
80 80
81 81
82 82
83 83
84 84
85 85
86 86
87 87
88 88
89 89
90 90
91 91
92 92
93 93
94 94
95 95
96 96
97 97
98 98
99 99
