Qatar Netherlands America Tunisia Mali Mozambique UnitedKingdom Uzbekistan Tanzania Senegal Macedonia Montenegro RussianFederation Australia Estonia Liberia Kosovo Peru Armenia Morocco UAE Danzig Tajikistan Mongolia Nicaragua Albania France Andorra SierraLeone Haiti Sweden Georgia SaintLucia Burundi Tuvalu CzechRepublic VaticanCity Lebanon Malta Kyrgyzstan GuineaBissau SanMarino Guyana Singapore Belgium CostaRica Angola Gabon Egypt DemofChina Belarus Qatar
50
Mongolia Mongolia
Albania Albania
America America
Kyrgyzstan Kyrgyzstan
VaticanCity VaticanCity
Armenia Armenia
CzechRepublic CzechRepublic
Peru Peru
Tanzania Tanzania
UnitedKingdom UnitedKingdom
Tuvalu Tuvalu
Mali Mali
UAE UAE
France France
Guyana Guyana
Andorra Andorra
Kosovo Kosovo
Australia Australia
Gabon Gabon
RussianFederation RussianFederation
Nicaragua Nicaragua
Netherlands Netherlands
Tajikistan Tajikistan
Mozambique Mozambique
Burundi Burundi
GuineaBissau GuineaBissau
SierraLeone SierraLeone
Senegal Senegal
Sweden Sweden
Lebanon Lebanon
Montenegro Montenegro
Danzig Danzig
Georgia Georgia
Angola Angola
Haiti Haiti
Liberia Liberia
Belarus Belarus
Morocco Morocco
Uzbekistan Uzbekistan
SanMarino SanMarino
CostaRica CostaRica
Macedonia Macedonia
Tunisia Tunisia
Belgium Belgium
Egypt Egypt
SaintLucia SaintLucia
Singapore Singapore
Estonia Estonia
Malta Malta
DemofChina DemofChina
