Albania VaticanCity SolomonIslands Bahamas Lithuania Malaysia Suriname Greece Maldives Fiji Serbia Venezuela Switzerland PapuaNewGuinea Mali Israel Liechtenstein TheGambia Vanuatu NewZealand Finland RussianFederation Rwanda Seychelles Poland UAE Togo SriLanka Grenada NorthKorea Guatemala Cuba Hungary SaintLucia Ethiopia Bhutan SaoTomPrincipe CentralAfricanRep Yemen Gabon Romania Argentina Lesotho Slovenia France Ukraine Newfoundland SaudiArabia Tanzania Chile Germany Cambodia Australia Danzig Qatar Jamaica Tunisia Portugal Kazakhstan Japan Latvia Kiribati SierraLeone America CapeVerde Dominica MountAthos Cyprus Niger Burma Philippines Paraguay Laos Brazil Belarus UnitedKingdom Eritrea Mauritius Peru Mongolia Comoros Norway Panama Kosovo Algeria Estonia Nepal Bulgaria Mauritania Italy Luxembourg BosHerzegovina Thailand Djibouti Andorra Pakistan IvoryCoast Rome Burkina EquatorGuinea SaintKitts Albania
100
Paraguay Paraguay
Vanuatu Vanuatu
Ethiopia Ethiopia
Latvia Latvia
Venezuela Venezuela
Burkina Burkina
Gabon Gabon
Comoros Comoros
Pakistan Pakistan
Fiji Fiji
MountAthos MountAthos
Mauritius Mauritius
SaintLucia SaintLucia
Burma Burma
Luxembourg Luxembourg
Finland Finland
Estonia Estonia
Israel Israel
VaticanCity VaticanCity
Romania Romania
Qatar Qatar
Rwanda Rwanda
Mauritania Mauritania
CapeVerde CapeVerde
Liechtenstein Liechtenstein
Germany Germany
Norway Norway
France France
Panama Panama
SaoTomPrincipe SaoTomPrincipe
RussianFederation RussianFederation
Djibouti Djibouti
Bahamas Bahamas
EquatorGuinea EquatorGuinea
Tunisia Tunisia
UAE UAE
Bulgaria Bulgaria
SriLanka SriLanka
NorthKorea NorthKorea
IvoryCoast IvoryCoast
Niger Niger
Cyprus Cyprus
Kiribati Kiribati
Thailand Thailand
Yemen Yemen
America America
Eritrea Eritrea
Newfoundland Newfoundland
SierraLeone SierraLeone
Peru Peru
Kosovo Kosovo
Guatemala Guatemala
BosHerzegovina BosHerzegovina
Chile Chile
Maldives Maldives
Dominica Dominica
SolomonIslands SolomonIslands
Bhutan Bhutan
CentralAfricanRep CentralAfricanRep
Ukraine Ukraine
Suriname Suriname
Danzig Danzig
Togo Togo
Portugal Portugal
Seychelles Seychelles
Algeria Algeria
Rome Rome
PapuaNewGuinea PapuaNewGuinea
Greece Greece
Lithuania Lithuania
Poland Poland
Grenada Grenada
Tanzania Tanzania
SaintKitts SaintKitts
Mongolia Mongolia
Serbia Serbia
Argentina Argentina
Cuba Cuba
Italy Italy
Belarus Belarus
Kazakhstan Kazakhstan
Japan Japan
TheGambia TheGambia
Switzerland Switzerland
Jamaica Jamaica
NewZealand NewZealand
Lesotho Lesotho
Andorra Andorra
SaudiArabia SaudiArabia
Hungary Hungary
Brazil Brazil
Mali Mali
Philippines Philippines
Nepal Nepal
Cambodia Cambodia
UnitedKingdom UnitedKingdom
Malaysia Malaysia
Laos Laos
Australia Australia
Slovenia Slovenia
