Nepal Georgia Argentina Liechtenstein Estonia UAE Belarus Azerbaijan NewZealand Slovakia Tajikistan Kuwait Botswana Suriname MarshallIslands TheGambia VaticanCity SaintLucia Serbia Niger Vietnam Palau Mauritius Panama Afghanistan Fiji Tanzania Nepal
25
Liechtenstein Liechtenstein
Palau Palau
Vietnam Vietnam
Estonia Estonia
Afghanistan Afghanistan
Georgia Georgia
Panama Panama
MarshallIslands MarshallIslands
Fiji Fiji
Azerbaijan Azerbaijan
NewZealand NewZealand
Kuwait Kuwait
Suriname Suriname
Argentina Argentina
Mauritius Mauritius
SaintLucia SaintLucia
UAE UAE
Belarus Belarus
Botswana Botswana
Serbia Serbia
VaticanCity VaticanCity
Tajikistan Tajikistan
Slovakia Slovakia
Tanzania Tanzania
Niger Niger
