Zjo93yXsdcDV6Oit YlcO1JeEppwz4eg7 UZSiMvKda5EcJ9hm 5V2tVv8k8Qd7p8rq JBll5vlJZ1mcnrE9 dhHQUqzQAf17QtlS sas60VSUYjFu8PHB bZ4oSCeSEaCTIVyZ csYok6RDEEUhtSFo XxpoDiTW03kVmIFK Yp0NUpVecdudihTb 8Kka2UWih5IQ1cpb B5jkVyVn3f7O2An6 tdEnQcfBy667BmIr L25OgxwPsOzFiHDa w2eQINfJGzFmJVSa SXePDE8VmWVNc3gI AzbeVJsoSmTMPZLM jBnrdVZITnwrbrWj FpgNaPpArWgevKg6 W3Q2QtUAtGMzTlOK At29Qn6ybXGjj4BZ YwKbp1yTO34FUrbo tE0AXQQBQImVJ6nW PNqsQWIcQ5cFHA0e HTIVnzfE1Yii5xog yZq8BYkssUcfIKn0 1tbAFBLUOcEKBREU UH9oVz7dFZbHTRhz 7rCQ85ozq5ueBf3n sbSIdAF67MT22Zr9 DtNMJrqE8gQwtB9A gbLSiDepCxsLEFEh CXs92joGuF2B74ma P5s4K3vn5D6QckKy rz2oBnI3oNG0KAjO XPIKYdfAB6ArI8mX z6FjXytEu6d6tpnP IXSaZ3tByNZthkqV 3nUfHHB7quaxw3FP wPFBAldpZF3WcEqd dtyOV6qcOqKFtIlH Zo0umr3KFWOZJQPm M9il2j2XBWeGdURv LjKfvPnu1IVb9d8E dBEYMpdveobbOa64 ZASkL5Mxwr8cbBFG TEBcdk0AQd6dKevH Of6XUqufA1wxpnuj 1r13Qnmq9ixI97Qj FzSHaHADmN7Zbhbr gqX9V4QU6KrO7JGI LUoJ0iRCc71uZfNX 6GsK7I0daq8OZxaS Uw31N0oW965MP4qr LsIlvCjQu9Xqre9U YpZJ50mXHPeALpEr u7i0C02E9nMoZ6Ab YHVvi99ucaU9tYgf nkKMB647tDItOdTX 2v7uFoKD90sPVOTA AvHIDL41dbfeNksW 27KMNaF72cTW0PDA TbM88DujEo9BSxqT 0rKC7Chib5iDGjTC SLuZYQ4lYwLMQuMp 0BNdm9hpaqd4q3Tx EuY7nNg1nWHDnCBx pKGVzMiXVo3v1oQu fg0WyZdFGAAZWRqK uRc2j178KRm3sVAY PDtM7hU3L1QjW9eR Dg4uIWuVD7Xd3FfI EotYPttMvJbBfyaO PmJZCdR41rbLgXgi 2yhNJ9fcTz8hRVDj drsNw5E8nXGgcxxE HqZKcXPbTIsIN6eT 2hsCdf5s2NPqItPy 3SYpu8y7n2lFaEgA 1yeDQmwUGYi8LEVC LdwRPFzBNqStC5X8 W4POX5YqpnnI3x1U jVrty3u6KGOjBg80 8pFqGmxaOhvFeBf4 fBCH5yXHMW5jQJjk uuhviI1p7F0sChqp 1bDI0W7o3Pb2zYhB QSabhET5tNnXgX60 xlWntBwCLfHgHam8 KHBd51v9Lk79JoNu e9DWnoEu0mxMb9VK ZsdU4FLz0FoJAHOC qQzEeIfIOpoI9qKk tZ46uZudk7AfSXt1 9L0zlmq9jRh6nd1I qeVT6FbNKHRizFU8 rvadWwbDVrEOdUmt J5iqQt6wukvg6KLY WVwd9ExLXa3zphJn OMjRZA0G6vbBxKd5 ziJdi0Y4mj4TIJZ9 bpy0VAq3GZuO2R8U RnvIh4TOetAfG82E WVwd9ExLXa3zphJn 9pH9xdreYrmVM1JI 9L0zlmq9jRh6nd1I tZ46uZudk7AfSXt1 qQzEeIfIOpoI9qKk ZsdU4FLz0FoJAHOC asqla05DvWvndrgH 9dVIdmIqrww8IL0A z6aHWvfWV1YcOU3s uuhviI1p7F0sChqp eRAtRmExinGYKjYs LI7uFZ34s97AeNpk Gypke7sesv6WDuj9 Byr8ftz6Pn4uac3K kWAnmn2xV4T8moWO 0Pfip4BXzoRzyFv2 3PEg9lFbqEimkqjc CvZWFxoaMZYhwHYj Dg4uIWuVD7Xd3FfI PDtM7hU3L1QjW9eR uRc2j178KRm3sVAY fg0WyZdFGAAZWRqK EuY7nNg1nWHDnCBx 1ByTcIJH8XabOIWu 6La4alyyQSzgrmmj U5CEflgpFptgqHUL quCqGzaCZ5rVk9Gn ngcwhTcmwXuonGlk LZyPcj0slZv1Vk6U xLhGn69fZWxkF2ME LsIlvCjQu9Xqre9U 1Eq6CyZRaHXkARva nPVdEshNZOOx6qGx yILnNjtdKS6kD3NP 3th5kfdmmYoxH6sF 8ae7BICLTSRkgPWv FzSHaHADmN7Zbhbr uN0YmlR4YKMmyTVh 6Gt5ffOE5tOJA8A7 8vLm5GS8pptr9y8t R43sDxzHzrO5kncN kmMzOIvorXbmvHXw qKKAwpkuJY9E8dpl m8Rn3gh3HBuT9R8d pi9Gjwqb8nw39ALT Plb766RuoiNfkOGW dBEYMpdveobbOa64 LjKfvPnu1IVb9d8E wPFBAldpZF3WcEqd 3nUfHHB7quaxw3FP 6GooyGuiju54f88f vkQjvHsBMR7mOnyN XPIKYdfAB6ArI8mX 1UXSQQmGAB5bOsgu Qekd7ffZxAXDfLzq 7rCQ85ozq5ueBf3n oheo0bgdJ9E5AaZ3 yZq8BYkssUcfIKn0 HTIVnzfE1Yii5xog PNqsQWIcQ5cFHA0e ksuRDz3lVhXKZaYK ODpK9gk17jDT3Sp2 At29Qn6ybXGjj4BZ lWi5N9iGPSdFbw4x W3Q2QtUAtGMzTlOK ja6XsDQlFAUw1yfc jL8h52rHOflXCXG0 AzbeVJsoSmTMPZLM aS5gP3tBqF72MHBj L25OgxwPsOzFiHDa cKUQBLkhJ2YTpTZk XxpoDiTW03kVmIFK VognV1ysFxsfM1T3 mxfBTsbr179d38Xl 5gVgbSJalKNpCPGR hUodt8EH9XJmymZc Zjo93yXsdcDV6Oit
95
bpy0VAq3GZuO2R8U HAZt9xslXTTIQrh6 bpy0VAq3GZuO2R8U
ziJdi0Y4mj4TIJZ9 ziJdi0Y4mj4TIJZ9
RnvIh4TOetAfG82E RnvIh4TOetAfG82E
OMjRZA0G6vbBxKd5 OMjRZA0G6vbBxKd5
WVwd9ExLXa3zphJn WVwd9ExLXa3zphJn
9pH9xdreYrmVM1JI 9pH9xdreYrmVM1JI
J5iqQt6wukvg6KLY J5iqQt6wukvg6KLY
rvadWwbDVrEOdUmt rvadWwbDVrEOdUmt
qeVT6FbNKHRizFU8 qeVT6FbNKHRizFU8
9L0zlmq9jRh6nd1I 9L0zlmq9jRh6nd1I
tZ46uZudk7AfSXt1 tZ46uZudk7AfSXt1
qQzEeIfIOpoI9qKk qQzEeIfIOpoI9qKk
ZsdU4FLz0FoJAHOC ZsdU4FLz0FoJAHOC
e9DWnoEu0mxMb9VK e9DWnoEu0mxMb9VK
KHBd51v9Lk79JoNu KHBd51v9Lk79JoNu
xlWntBwCLfHgHam8 K5TJWlCDC2GiIJEC xlWntBwCLfHgHam8
asqla05DvWvndrgH asqla05DvWvndrgH
QSabhET5tNnXgX60 QSabhET5tNnXgX60
1bDI0W7o3Pb2zYhB 1bDI0W7o3Pb2zYhB
9dVIdmIqrww8IL0A 9dVIdmIqrww8IL0A
z6aHWvfWV1YcOU3s z6aHWvfWV1YcOU3s
uuhviI1p7F0sChqp uuhviI1p7F0sChqp
eRAtRmExinGYKjYs eRAtRmExinGYKjYs
fBCH5yXHMW5jQJjk 5TjXpBJuIWCWGZis fBCH5yXHMW5jQJjk
LI7uFZ34s97AeNpk LI7uFZ34s97AeNpk
8pFqGmxaOhvFeBf4 8pFqGmxaOhvFeBf4
Gypke7sesv6WDuj9 Gypke7sesv6WDuj9
jVrty3u6KGOjBg80 jVrty3u6KGOjBg80
W4POX5YqpnnI3x1U W4POX5YqpnnI3x1U
Byr8ftz6Pn4uac3K Byr8ftz6Pn4uac3K
LdwRPFzBNqStC5X8 LdwRPFzBNqStC5X8
kWAnmn2xV4T8moWO kWAnmn2xV4T8moWO
1yeDQmwUGYi8LEVC 1yeDQmwUGYi8LEVC
0Pfip4BXzoRzyFv2 0Pfip4BXzoRzyFv2
3SYpu8y7n2lFaEgA 3SYpu8y7n2lFaEgA
3PEg9lFbqEimkqjc 3PEg9lFbqEimkqjc
2hsCdf5s2NPqItPy 2hsCdf5s2NPqItPy
HqZKcXPbTIsIN6eT HqZKcXPbTIsIN6eT
drsNw5E8nXGgcxxE drsNw5E8nXGgcxxE
CvZWFxoaMZYhwHYj CvZWFxoaMZYhwHYj
2yhNJ9fcTz8hRVDj 2yhNJ9fcTz8hRVDj
PmJZCdR41rbLgXgi PmJZCdR41rbLgXgi
EotYPttMvJbBfyaO EotYPttMvJbBfyaO
Dg4uIWuVD7Xd3FfI Dg4uIWuVD7Xd3FfI
PDtM7hU3L1QjW9eR PDtM7hU3L1QjW9eR
uRc2j178KRm3sVAY uRc2j178KRm3sVAY
fg0WyZdFGAAZWRqK fg0WyZdFGAAZWRqK
pKGVzMiXVo3v1oQu pKGVzMiXVo3v1oQu
EuY7nNg1nWHDnCBx EuY7nNg1nWHDnCBx
0BNdm9hpaqd4q3Tx 0BNdm9hpaqd4q3Tx
1ByTcIJH8XabOIWu 1ByTcIJH8XabOIWu
SLuZYQ4lYwLMQuMp SLuZYQ4lYwLMQuMp
0rKC7Chib5iDGjTC 0rKC7Chib5iDGjTC
6La4alyyQSzgrmmj 6La4alyyQSzgrmmj
TbM88DujEo9BSxqT TbM88DujEo9BSxqT
U5CEflgpFptgqHUL U5CEflgpFptgqHUL
quCqGzaCZ5rVk9Gn quCqGzaCZ5rVk9Gn
ngcwhTcmwXuonGlk ngcwhTcmwXuonGlk
27KMNaF72cTW0PDA 27KMNaF72cTW0PDA
AvHIDL41dbfeNksW AvHIDL41dbfeNksW
LZyPcj0slZv1Vk6U LZyPcj0slZv1Vk6U
2v7uFoKD90sPVOTA 2v7uFoKD90sPVOTA
nkKMB647tDItOdTX nkKMB647tDItOdTX
YHVvi99ucaU9tYgf YHVvi99ucaU9tYgf
xLhGn69fZWxkF2ME xLhGn69fZWxkF2ME
u7i0C02E9nMoZ6Ab u7i0C02E9nMoZ6Ab
YpZJ50mXHPeALpEr YpZJ50mXHPeALpEr
LsIlvCjQu9Xqre9U LsIlvCjQu9Xqre9U
1Eq6CyZRaHXkARva 1Eq6CyZRaHXkARva
nPVdEshNZOOx6qGx StSocpbFeWB0czP8 nPVdEshNZOOx6qGx
Uw31N0oW965MP4qr Uw31N0oW965MP4qr
6GsK7I0daq8OZxaS 6GsK7I0daq8OZxaS
LUoJ0iRCc71uZfNX LUoJ0iRCc71uZfNX
gqX9V4QU6KrO7JGI MxcmtGZ6qJUnGaxB gqX9V4QU6KrO7JGI
yILnNjtdKS6kD3NP yILnNjtdKS6kD3NP
3th5kfdmmYoxH6sF 3th5kfdmmYoxH6sF
8ae7BICLTSRkgPWv 8ae7BICLTSRkgPWv
FzSHaHADmN7Zbhbr FzSHaHADmN7Zbhbr
uN0YmlR4YKMmyTVh uN0YmlR4YKMmyTVh
1r13Qnmq9ixI97Qj 1r13Qnmq9ixI97Qj
6Gt5ffOE5tOJA8A7 6Gt5ffOE5tOJA8A7
8vLm5GS8pptr9y8t 8vLm5GS8pptr9y8t
kmMzOIvorXbmvHXw kmMzOIvorXbmvHXw
R43sDxzHzrO5kncN R43sDxzHzrO5kncN
qKKAwpkuJY9E8dpl qKKAwpkuJY9E8dpl
m8Rn3gh3HBuT9R8d m8Rn3gh3HBuT9R8d
pi9Gjwqb8nw39ALT pi9Gjwqb8nw39ALT
Of6XUqufA1wxpnuj Of6XUqufA1wxpnuj
TEBcdk0AQd6dKevH TEBcdk0AQd6dKevH
ZASkL5Mxwr8cbBFG ZASkL5Mxwr8cbBFG
Plb766RuoiNfkOGW Plb766RuoiNfkOGW
dBEYMpdveobbOa64 dBEYMpdveobbOa64
LjKfvPnu1IVb9d8E LjKfvPnu1IVb9d8E
M9il2j2XBWeGdURv M9il2j2XBWeGdURv
Zo0umr3KFWOZJQPm Zo0umr3KFWOZJQPm
