Mf966TmCJF9l0PTKetVd tH0lbMmdJDVlC4Pr7uAb 56ePYTmTGzdOHfvnLEPd byF5FvS6RJUrgCsP3o6T sSdPSXUotKahf03SRnBn KCy3uvDFe4h3kwRgxFiX Crbc9OlCoJ9dTIJXXsjb Xucw5TdPOzp0SQGWHjkE WZxeHszJ2ShfYgJs53YV YrtjNlKZcZnAXu7owFPA JWE9kJZ3fUSBbRtkVScl eA2uctxdjBuXDZUrmUHy TmdW4dU59umpgT9XX8G3 p6bp9pYgtaGo4Q50DQAM Hpniux0SkkA6CliHWNDc bBJ5TDHtVrSIxXmQJ63J 1wZce3qjltyIzzlL1Zfw u4VGAkqq00Jhej3knMJI 3Yod5nNtIcKNmTtNQ3xH GzkbHop7cJv0CvjQalTE trOoQ3enuOI8GUJqwAMC flliQzyn5hSC8yLOMyYJ rzYdrZxXnbXlOjFVWVaR aH2XDl7CjGFhEP3bbYjH NtZncVsU7O40k1BXousH Ad4iMaOuAofXNjJzNKWl TBEGhhvsdStRJh2Eqkyf Q4jkxyPtGKis0eXik3Gg AjMqEYKq0eELwsiEhQNE cAkwFDH7tSQkP40ewGcD CHHJQHxp9VQGraviPBS2 4mRiy2s23Ljl4N4CqEav N7mkTpLI9Mgh0txBOflw 7ArLVA3N0doHBQAlCDtl a6uUA0TEdnZwD1b73O9r VaRx19QfIOvUT5pZyulj Yw0z9L8p6xIk7hgYCgVd ul7ierPjffkmvfh4Ylme HhITLZSwERe6osGRUBXt e2usEAoRX2qu6mneHOxg SQhK0n9L9aixdJxvdeKd UvtGaTsTes8Gs4gE8ya3 jZUUy27kZ3z2uIv0PGPy dOWv4G57nxm9UArCvQlq 5ebtvAsyAh8vEmm1Z3wm Y5ZKsuPbCDUQp5LjPNey Ic20PkDM6xxefUTvJEIQ b2icxuMf1zEyF7ImMEzE HKK5Jm9eHd0V7gvBWuw9 BLgd9OLqnPIJY5LCIxDK CLNCAWQgYnzuvt7RChAf QZIvvAQe1weWyQjLrGi1 GfTqQpqjWivAFXbCN2BL acwLCbshqBQuYbTzAPRI km12BN3CByUGmRV2tX7b 4mdSIFCsq2HySOzm2H4M fsCdklolnC3ndvzFtyM3 TkZ4LHIfwKap48xdp8m2 0O3lDJvzYSiuZNzHimQX OGxA8YvD4WfIxOfmtWm4 jAzyDyaN1mD5Ei1RjCiO 4CVQrsejmjPmVL7elf2w 1aGCWVuyE8DRxIV204ZW JfWSVxbK8iOEPzK7FV9x OyOgefgJfgx6VwEfudZn mGfIqoDGGajPXw9RvY8S JfzkldRR1w0Y52KBg47D wtlCpdxHbUUmSY7DnD2u bLojQFXmB5k6r0zKTWYe iRg3oRlKsAtLuOm5tUrC KKiBHd9DTQAd6AZYxlK3 QMmklR1fA1rnjMsU1WMc wyZ3Q4gHyaxpdYdezyjU pxBA1Tii62WPeRWcccVp NvfSRypj4POoHWC3jDz3 WQlZty1AKP9gLfjz0EYW CxdADQl1Lh5mGQMAravk 1crXui4lUlMG7IuTFiXo PLyQF48YPXs4LxxIxWHM lrLgTYF7nIsDkEYlxuHz ydEppVwK15UN0USyP00U IwnN6xRahpjWnxZTYR2F 7c4FoaFf1TJetsLZUEok XfWllIgv9lA6ZwGuKvLt BCVfaQnOCgLubJ23r8nF czjPVxJvSz9DoMc0Y7Vv BcvYB1mubFuRTbgMUsXg RrBlUMzlEzdRa5S1pyiF zDq8bGYKiSYw3c53IWfw W1IcDWCQWwTCriXsjtm4 y3cL4LyhfEAlU1Jj1Xj6 VqBuOSJBVqxMG4rldwQn S0PhmGw8tyUPzxvRSE5R 2bMCdMiNzTpm8a2kNe9G kVdbGuYm0jD2q8vsLFHY R87rV3jFUvYuE0RN4Z4a ZPAxEbVjKWTr0cDqLbA0 ZDA7k1XMUYTsnmCfuUtR wNmo9den9k6ySqzO7o0M kGhQ3uDjcFA7MLP7UF4W aU4DeG46NC8vRU6N0ahg Mf966TmCJF9l0PTKetVd
100
JWE9kJZ3fUSBbRtkVScl JWE9kJZ3fUSBbRtkVScl
CxdADQl1Lh5mGQMAravk CxdADQl1Lh5mGQMAravk
QMmklR1fA1rnjMsU1WMc QMmklR1fA1rnjMsU1WMc
7c4FoaFf1TJetsLZUEok 7c4FoaFf1TJetsLZUEok
KCy3uvDFe4h3kwRgxFiX KCy3uvDFe4h3kwRgxFiX
Y5ZKsuPbCDUQp5LjPNey Y5ZKsuPbCDUQp5LjPNey
byF5FvS6RJUrgCsP3o6T byF5FvS6RJUrgCsP3o6T
56ePYTmTGzdOHfvnLEPd 56ePYTmTGzdOHfvnLEPd
u4VGAkqq00Jhej3knMJI u4VGAkqq00Jhej3knMJI
NvfSRypj4POoHWC3jDz3 NvfSRypj4POoHWC3jDz3
YrtjNlKZcZnAXu7owFPA YrtjNlKZcZnAXu7owFPA
GfTqQpqjWivAFXbCN2BL GfTqQpqjWivAFXbCN2BL
OGxA8YvD4WfIxOfmtWm4 OGxA8YvD4WfIxOfmtWm4
czjPVxJvSz9DoMc0Y7Vv czjPVxJvSz9DoMc0Y7Vv
fsCdklolnC3ndvzFtyM3 fsCdklolnC3ndvzFtyM3
jAzyDyaN1mD5Ei1RjCiO jAzyDyaN1mD5Ei1RjCiO
BcvYB1mubFuRTbgMUsXg BcvYB1mubFuRTbgMUsXg
VaRx19QfIOvUT5pZyulj VaRx19QfIOvUT5pZyulj
3Yod5nNtIcKNmTtNQ3xH 3Yod5nNtIcKNmTtNQ3xH
bLojQFXmB5k6r0zKTWYe bLojQFXmB5k6r0zKTWYe
wtlCpdxHbUUmSY7DnD2u wtlCpdxHbUUmSY7DnD2u
VqBuOSJBVqxMG4rldwQn VqBuOSJBVqxMG4rldwQn
NtZncVsU7O40k1BXousH NtZncVsU7O40k1BXousH
IwnN6xRahpjWnxZTYR2F IwnN6xRahpjWnxZTYR2F
km12BN3CByUGmRV2tX7b km12BN3CByUGmRV2tX7b
AjMqEYKq0eELwsiEhQNE AjMqEYKq0eELwsiEhQNE
wyZ3Q4gHyaxpdYdezyjU wyZ3Q4gHyaxpdYdezyjU
p6bp9pYgtaGo4Q50DQAM p6bp9pYgtaGo4Q50DQAM
1wZce3qjltyIzzlL1Zfw 1wZce3qjltyIzzlL1Zfw
ZDA7k1XMUYTsnmCfuUtR ZDA7k1XMUYTsnmCfuUtR
ydEppVwK15UN0USyP00U ydEppVwK15UN0USyP00U
W1IcDWCQWwTCriXsjtm4 W1IcDWCQWwTCriXsjtm4
TkZ4LHIfwKap48xdp8m2 TkZ4LHIfwKap48xdp8m2
4CVQrsejmjPmVL7elf2w 4CVQrsejmjPmVL7elf2w
dOWv4G57nxm9UArCvQlq dOWv4G57nxm9UArCvQlq
mGfIqoDGGajPXw9RvY8S mGfIqoDGGajPXw9RvY8S
lrLgTYF7nIsDkEYlxuHz lrLgTYF7nIsDkEYlxuHz
JfWSVxbK8iOEPzK7FV9x JfWSVxbK8iOEPzK7FV9x
kGhQ3uDjcFA7MLP7UF4W kGhQ3uDjcFA7MLP7UF4W
S0PhmGw8tyUPzxvRSE5R S0PhmGw8tyUPzxvRSE5R
tH0lbMmdJDVlC4Pr7uAb tH0lbMmdJDVlC4Pr7uAb
1crXui4lUlMG7IuTFiXo 1crXui4lUlMG7IuTFiXo
rzYdrZxXnbXlOjFVWVaR rzYdrZxXnbXlOjFVWVaR
acwLCbshqBQuYbTzAPRI acwLCbshqBQuYbTzAPRI
bBJ5TDHtVrSIxXmQJ63J bBJ5TDHtVrSIxXmQJ63J
BLgd9OLqnPIJY5LCIxDK BLgd9OLqnPIJY5LCIxDK
TmdW4dU59umpgT9XX8G3 TmdW4dU59umpgT9XX8G3
XfWllIgv9lA6ZwGuKvLt XfWllIgv9lA6ZwGuKvLt
7ArLVA3N0doHBQAlCDtl 7ArLVA3N0doHBQAlCDtl
zDq8bGYKiSYw3c53IWfw zDq8bGYKiSYw3c53IWfw
Xucw5TdPOzp0SQGWHjkE Xucw5TdPOzp0SQGWHjkE
QZIvvAQe1weWyQjLrGi1 QZIvvAQe1weWyQjLrGi1
Hpniux0SkkA6CliHWNDc Hpniux0SkkA6CliHWNDc
WQlZty1AKP9gLfjz0EYW WQlZty1AKP9gLfjz0EYW
aH2XDl7CjGFhEP3bbYjH aH2XDl7CjGFhEP3bbYjH
WZxeHszJ2ShfYgJs53YV WZxeHszJ2ShfYgJs53YV
SQhK0n9L9aixdJxvdeKd SQhK0n9L9aixdJxvdeKd
JfzkldRR1w0Y52KBg47D JfzkldRR1w0Y52KBg47D
R87rV3jFUvYuE0RN4Z4a R87rV3jFUvYuE0RN4Z4a
trOoQ3enuOI8GUJqwAMC trOoQ3enuOI8GUJqwAMC
e2usEAoRX2qu6mneHOxg e2usEAoRX2qu6mneHOxg
RrBlUMzlEzdRa5S1pyiF RrBlUMzlEzdRa5S1pyiF
cAkwFDH7tSQkP40ewGcD cAkwFDH7tSQkP40ewGcD
UvtGaTsTes8Gs4gE8ya3 UvtGaTsTes8Gs4gE8ya3
TBEGhhvsdStRJh2Eqkyf TBEGhhvsdStRJh2Eqkyf
HhITLZSwERe6osGRUBXt HhITLZSwERe6osGRUBXt
0O3lDJvzYSiuZNzHimQX 0O3lDJvzYSiuZNzHimQX
2bMCdMiNzTpm8a2kNe9G 2bMCdMiNzTpm8a2kNe9G
ZPAxEbVjKWTr0cDqLbA0 ZPAxEbVjKWTr0cDqLbA0
Yw0z9L8p6xIk7hgYCgVd Yw0z9L8p6xIk7hgYCgVd
4mdSIFCsq2HySOzm2H4M 4mdSIFCsq2HySOzm2H4M
Ic20PkDM6xxefUTvJEIQ Ic20PkDM6xxefUTvJEIQ
GzkbHop7cJv0CvjQalTE GzkbHop7cJv0CvjQalTE
1aGCWVuyE8DRxIV204ZW 1aGCWVuyE8DRxIV204ZW
4mRiy2s23Ljl4N4CqEav 4mRiy2s23Ljl4N4CqEav
jZUUy27kZ3z2uIv0PGPy jZUUy27kZ3z2uIv0PGPy
sSdPSXUotKahf03SRnBn sSdPSXUotKahf03SRnBn
wNmo9den9k6ySqzO7o0M wNmo9den9k6ySqzO7o0M
OyOgefgJfgx6VwEfudZn OyOgefgJfgx6VwEfudZn
N7mkTpLI9Mgh0txBOflw N7mkTpLI9Mgh0txBOflw
y3cL4LyhfEAlU1Jj1Xj6 y3cL4LyhfEAlU1Jj1Xj6
BCVfaQnOCgLubJ23r8nF BCVfaQnOCgLubJ23r8nF
KKiBHd9DTQAd6AZYxlK3 KKiBHd9DTQAd6AZYxlK3
HKK5Jm9eHd0V7gvBWuw9 HKK5Jm9eHd0V7gvBWuw9
CLNCAWQgYnzuvt7RChAf CLNCAWQgYnzuvt7RChAf
PLyQF48YPXs4LxxIxWHM PLyQF48YPXs4LxxIxWHM
eA2uctxdjBuXDZUrmUHy eA2uctxdjBuXDZUrmUHy
aU4DeG46NC8vRU6N0ahg aU4DeG46NC8vRU6N0ahg
Crbc9OlCoJ9dTIJXXsjb Crbc9OlCoJ9dTIJXXsjb
pxBA1Tii62WPeRWcccVp pxBA1Tii62WPeRWcccVp
Q4jkxyPtGKis0eXik3Gg Q4jkxyPtGKis0eXik3Gg
iRg3oRlKsAtLuOm5tUrC iRg3oRlKsAtLuOm5tUrC
kVdbGuYm0jD2q8vsLFHY kVdbGuYm0jD2q8vsLFHY
Ad4iMaOuAofXNjJzNKWl Ad4iMaOuAofXNjJzNKWl
b2icxuMf1zEyF7ImMEzE b2icxuMf1zEyF7ImMEzE
a6uUA0TEdnZwD1b73O9r a6uUA0TEdnZwD1b73O9r
5ebtvAsyAh8vEmm1Z3wm 5ebtvAsyAh8vEmm1Z3wm
ul7ierPjffkmvfh4Ylme ul7ierPjffkmvfh4Ylme
CHHJQHxp9VQGraviPBS2 CHHJQHxp9VQGraviPBS2
flliQzyn5hSC8yLOMyYJ flliQzyn5hSC8yLOMyYJ
