0EzLvznzqSsDTCbR5WWQ TWpWLT2JICvczaB6q8Bo IVZaGmLbfT5MQpxXO2DP LS3fS52ozGva9KBtcfZZ m5Au4RgVgXhOUKbKSdGW pWBi6tyyRZpOm0dbsZfH 4ZMxz7AKccmgx6JK5gZn cZGUbNgsLGnuZE3Ot20K HET4yE4ksHFmFRytJhfu 75EgdJC8MacBE2zKZlon hk9ECfFhibg7bmIlco5h j7jI3vJM5SWQs3N9YWK4 YRtAAkfi0YIaAv0XqGni b69ITlIgTtPRUIpmSw5o tnUjNl6cWuoaXQEfxH4p lEZ0YMvUzTvQYxlTiMir N0EmviMgt156P2Bd7oet I7VRK3VugXxRlgxCe54Q 3iRTkaf7suaV2i91D7AI oFJmSdI9Mubs3awqWY5w LTgssryHh3BZe1w1IMJd idUlMWK1ZaKWh4awCdHY LtVuPtXkki7L0rCf1ysG K5LnOJV1Zh18kgMnZsVe vgcAaadTbDs3lU9Z1t49 wrf0xNKoLGLKfuhe6hpI 0EzLvznzqSsDTCbR5WWQ
25
m5Au4RgVgXhOUKbKSdGW m5Au4RgVgXhOUKbKSdGW
HET4yE4ksHFmFRytJhfu HET4yE4ksHFmFRytJhfu
I7VRK3VugXxRlgxCe54Q I7VRK3VugXxRlgxCe54Q
wrf0xNKoLGLKfuhe6hpI wrf0xNKoLGLKfuhe6hpI
LS3fS52ozGva9KBtcfZZ LS3fS52ozGva9KBtcfZZ
idUlMWK1ZaKWh4awCdHY idUlMWK1ZaKWh4awCdHY
N0EmviMgt156P2Bd7oet N0EmviMgt156P2Bd7oet
TWpWLT2JICvczaB6q8Bo TWpWLT2JICvczaB6q8Bo
b69ITlIgTtPRUIpmSw5o b69ITlIgTtPRUIpmSw5o
pWBi6tyyRZpOm0dbsZfH pWBi6tyyRZpOm0dbsZfH
oFJmSdI9Mubs3awqWY5w oFJmSdI9Mubs3awqWY5w
LtVuPtXkki7L0rCf1ysG LtVuPtXkki7L0rCf1ysG
vgcAaadTbDs3lU9Z1t49 vgcAaadTbDs3lU9Z1t49
YRtAAkfi0YIaAv0XqGni YRtAAkfi0YIaAv0XqGni
hk9ECfFhibg7bmIlco5h hk9ECfFhibg7bmIlco5h
cZGUbNgsLGnuZE3Ot20K cZGUbNgsLGnuZE3Ot20K
lEZ0YMvUzTvQYxlTiMir lEZ0YMvUzTvQYxlTiMir
LTgssryHh3BZe1w1IMJd LTgssryHh3BZe1w1IMJd
tnUjNl6cWuoaXQEfxH4p tnUjNl6cWuoaXQEfxH4p
j7jI3vJM5SWQs3N9YWK4 j7jI3vJM5SWQs3N9YWK4
3iRTkaf7suaV2i91D7AI 3iRTkaf7suaV2i91D7AI
75EgdJC8MacBE2zKZlon 75EgdJC8MacBE2zKZlon
IVZaGmLbfT5MQpxXO2DP IVZaGmLbfT5MQpxXO2DP
K5LnOJV1Zh18kgMnZsVe K5LnOJV1Zh18kgMnZsVe
4ZMxz7AKccmgx6JK5gZn 4ZMxz7AKccmgx6JK5gZn
