55 57 182 101 20 161 11 168 17 14 118 81 128 185 131 89 149 171 188 86 80 88 66 43 140 166 58 133 78 153 157 107 74 143 184 163 26 147 181 146 90 85 56 122 179 62 42 40 97 109 175 148 41 49 150 32 134 116 76 67 9 54 127 53 8 172 28 114 27 170 160 136 124 105 126 30 152 119 59 159 158 29 113 15 13 61 115 63 91 48 186 33 83 137 111 189 71 4 16 84 12 45 151 162 177 173 55
94
8 8
9 9
11 11
12 12
13 13
14 36
15 135 15
16 16
17 17
20 20
26 26
27 27
29 29
30 30
32 32
33 33
40 40
41 41
42 42
43 43
45 45
48 48
49 49
53 53
54 54
56 56
57 57
58 58
59 59
61 61
62 62
63 106 63
66 66
67 67
71 71
74 74
76 76
78 78
80 80
81 81
83 83
85 85
86 86
88 88
90 90
91 91
97 97
101 101
105 105
107 107
109 109
111 111
113 113
114 114
115 115
116 116
118 118
119 119
122 122
126 126
131 131
133 133
134 134
137 137
140 140
143 77
146 146
148 148
149 149
150 150
151 151
152 152
153 153
158 158
159 159
160 160
162 162
163 163
166 166
168 168
170 170
171 171
172 172
173 173
175 175
177 177
179 179
181 181
182 182
184 184
185 185
186 186
188 188
189 189
