x182 x11 x58 x127 x79 x27 x167 x102 x113 x5 x172 x21 x118 x112 x42 x98 x19 x25 x156 x137 x64 x48 x4 x195 x161 x50 x10 x55 x133 x191 x31 x6 x7 x61 x46 x71 x20 x166 x77 x14 x94 x56 x176 x189 x186 x59 x32 x59 x117 x82 x194 x69 x196 x146 x196 x30 x184 x26 x138 x141 x185 x74 x2 x179 x84 x86 x66 x153 x100 x99 x8 x151 x119 x23 x114 x104 x17 x143 x125 x72 x83 x159 x101 x95 x9 x136 x18 x92 x53 x87 x107 x15 x106 x192 x177 x89 x116 x109 x0 x163 x139 x198 x182
88
x2 x2
x4 x4
x6 x6
x7 x7
x8 x8
x10 x10
x11 x11
x14 x14
x15 x15
x17 x17
x18 x18
x19 x19
x20 x20
x21 x164 x76 x21
x23 x23
x25 x25
x26 x26
x27 x27
x30 x30
x31 x80 x31
x32 x183 x32
x42 x42
x46 x46
x48 x48
x50 x50
x53 x53
x55 x55
x56 x56
x58 x58
x59 x59
x61 x61
x64 x88 x64
x66 x66
x69 x69
x71 x71
x72 x147 x72
x74 x74
x77 x77
x79 x79
x82 x82
x83 x83
x84 x84
x86 x3 x86
x87 x87
x92 x92
x94 x94
x95 x95
x98 x98
x99 x99
x100 x100
x102 x102
x104 x104
x106 x106
x107 x107
x109 x109
x113 x113
x114 x114
x116 x116
x118 x118
x119 x45 x119
x125 x125
x127 x49 x127
x133 x133
x136 x136
x137 x137
x138 x138
x139 x139
x141 x43 x141
x143 x143
x146 x128 x146
x151 x151
x153 x153
x156 x156
x159 x159
x161 x161
x163 x163
x166 x166
x172 x172
x177 x155 x177
x179 x179
x182 x182
x184 x184
x185 x185
x186 x186
x189 x189
x192 x192
x194 x194
x198 x198
